2026-04-09 02:43:14 [INFO] ============================================================
2026-04-09 02:43:14 [INFO] generate_lite.py 開始  dry_run=False
2026-04-09 02:43:14 [INFO] ============================================================
2026-04-09 02:43:14 [INFO] 対象ブログ: ['workup-ai']
2026-04-09 02:43:14 [INFO] 
════════════════════════════════════════════════════════════
2026-04-09 02:43:14 [INFO] ブログ: workup-ai
2026-04-09 02:43:14 [INFO] ════════════════════════════════════════════════════════════
2026-04-09 02:43:14 [INFO]   genre      : AI・副業・転職・キャリア
2026-04-09 02:43:14 [INFO]   fact_check : True
2026-04-09 02:43:14 [INFO]   article_count: 1  dry_run: False
2026-04-09 02:43:17 [DEBUG] [fetch] シート「絞り込みKW」: 34164行 / ヘッダー: ['キーワード', '月間検索数', 'SEO難易度', '競合性']
2026-04-09 02:43:17 [INFO] [fetch] [絞り込みKW] 候補: 7151件（月間検索数 ≥ 100）
2026-04-09 02:43:19 [INFO] [wp] 公開済み記事取得: 325件
2026-04-09 02:43:19 [DEBUG] [dup_check] OK: 「派遣社員」
2026-04-09 02:43:19 [INFO] [dup_check] 完了: 選定=1件 / 除外=0件 (pool=50件, 要求=1件)
2026-04-09 02:43:19 [INFO] [select] 1件選定 (要求=1件)
2026-04-09 02:43:19 [INFO] [select]   1. 「派遣社員」 vol=22,200 seo=44 comp=45
2026-04-09 02:43:19 [INFO] [workup-ai] 候補: 7151件 / 選定: 1件 / 生成予定: 1件
2026-04-09 02:43:19 [INFO] 
────────────────────────────────────────────────────────────
2026-04-09 02:43:19 [INFO] [workup-ai] [1/1] 「派遣社員」 vol=22,200
2026-04-09 02:43:19 [INFO] ────────────────────────────────────────────────────────────
2026-04-09 02:43:19 [INFO] [generate] 生成開始: 「派遣社員」(vol:22,200) fact_check=True
2026-04-09 02:46:28 [INFO] [generate] 完了: 「派遣社員のメリット・デメリット完全ガイド｜給料・社会保険・正社員との違いまで解説」
2026-04-09 02:46:38 [INFO] [post] 画像生成完了: 129,515 bytes
2026-04-09 02:46:48 [INFO] [post] WP投稿完了: ID=9454 → https://workup-ai.com/wp-admin/post.php?post=9454&action=edit
2026-04-09 02:46:48 [INFO] [workup-ai] [1/1] ✅ 完了: 「派遣社員のメリット・デメリット完全ガイド｜給料・社会保険・正社員との違いまで解説」
2026-04-09 02:46:48 [INFO] [workup-ai] 完了: 成功=1件 / 失敗=0件 / 合計=1件
2026-04-09 02:46:48 [INFO] 
============================================================
2026-04-09 02:46:48 [INFO] 【全体サマリー】
2026-04-09 02:46:48 [INFO]   ブログ数  : 1件
2026-04-09 02:46:48 [INFO]   生成件数  : 1件成功 / 0件失敗 / 計1件
2026-04-09 02:46:48 [INFO]   所要時間  : 214.0秒
2026-04-09 02:46:48 [INFO]   ✅ [workup-ai] 派遣社員 → 派遣社員のメリット・デメリット完全ガイド｜給料・社会保険・正社員との違いまで解説
2026-04-09 02:46:48 [INFO]        https://workup-ai.com/wp-admin/post.php?post=9454&action=edit
2026-04-09 02:46:48 [INFO] ============================================================
2026-04-09 02:55:00 [INFO] ============================================================
2026-04-09 02:55:00 [INFO] generate_lite.py 開始  dry_run=False
2026-04-09 02:55:00 [INFO] ============================================================
2026-04-09 02:55:00 [INFO] 対象ブログ: ['workup-ai']
2026-04-09 02:55:00 [INFO] 
════════════════════════════════════════════════════════════
2026-04-09 02:55:00 [INFO] ブログ: workup-ai
2026-04-09 02:55:00 [INFO] ════════════════════════════════════════════════════════════
2026-04-09 02:55:00 [INFO]   genre      : AI・副業・転職・キャリア
2026-04-09 02:55:00 [INFO]   fact_check : True
2026-04-09 02:55:00 [INFO]   article_count: 1  dry_run: False
2026-04-09 02:55:02 [DEBUG] [fetch] シート「絞り込みKW」: 485行 / ヘッダー: ['キーワード', 'SEO難易度', '月間検索数', 'CPC（$）', '競合性', 'キーワード', 'allintitle', 'intitle', 'Q&Aサイト', '', '無料ブログ', '', 'TikTok', '', 'Instagram', '', 'エックス', '', 'Facebook', '', 'aim', '投稿ステータス', '投稿日', '記事URL', '投稿ID', '使用サブKW', 'メモ']
2026-04-09 02:55:02 [INFO] [fetch] [キーワード] 候補: 485件（月間検索数 ≥ 0）
2026-04-09 02:55:05 [INFO] [wp] 公開済み記事取得: 325件
2026-04-09 02:55:05 [DEBUG] [dup_check] OK: 「aiボイスレコーダー 無料」
2026-04-09 02:55:05 [INFO] [dup_check] 完了: 選定=1件 / 除外=0件 (pool=50件, 要求=1件)
2026-04-09 02:55:05 [INFO] [select] 1件選定 (要求=1件)
2026-04-09 02:55:05 [INFO] [select]   1. 「aiボイスレコーダー 無料」 vol=40 seo=55 comp=45
2026-04-09 02:55:05 [INFO] [workup-ai] 候補: 485件 / 選定: 1件 / 生成予定: 1件
2026-04-09 02:55:05 [INFO] 
────────────────────────────────────────────────────────────
2026-04-09 02:55:05 [INFO] [workup-ai] [1/1] 「aiボイスレコーダー 無料」 vol=40
2026-04-09 02:55:05 [INFO] ────────────────────────────────────────────────────────────
2026-04-09 02:55:05 [INFO] [generate] 生成開始: 「aiボイスレコーダー 無料」(vol:40) fact_check=True
2026-04-09 02:58:10 [INFO] [generate] 完了: 「AIボイスレコーダー無料おすすめ7選！文字起こし・クラウド保存まで徹底比較」
2026-04-09 02:58:20 [INFO] [post] 画像生成完了: 105,686 bytes
2026-04-09 02:58:31 [INFO] [post] WP投稿完了: ID=9457 → https://workup-ai.com/wp-admin/post.php?post=9457&action=edit
2026-04-09 02:58:31 [INFO] [workup-ai] [1/1] ✅ 完了: 「AIボイスレコーダー無料おすすめ7選！文字起こし・クラウド保存まで徹底比較」
2026-04-09 02:58:31 [INFO] [workup-ai] 完了: 成功=1件 / 失敗=0件 / 合計=1件
2026-04-09 02:58:31 [INFO] 
============================================================
2026-04-09 02:58:31 [INFO] 【全体サマリー】
2026-04-09 02:58:31 [INFO]   ブログ数  : 1件
2026-04-09 02:58:31 [INFO]   生成件数  : 1件成功 / 0件失敗 / 計1件
2026-04-09 02:58:31 [INFO]   所要時間  : 210.8秒
2026-04-09 02:58:31 [INFO]   ✅ [workup-ai] aiボイスレコーダー 無料 → AIボイスレコーダー無料おすすめ7選！文字起こし・クラウド保存まで徹底比較
2026-04-09 02:58:31 [INFO]        https://workup-ai.com/wp-admin/post.php?post=9457&action=edit
2026-04-09 02:58:31 [INFO] ============================================================
2026-04-09 03:28:15 [INFO] ============================================================
2026-04-09 03:28:15 [INFO] generate_lite.py 開始  dry_run=True
2026-04-09 03:28:15 [INFO] ============================================================
2026-04-09 03:28:15 [INFO] 対象ブログ: ['workup-ai']
2026-04-09 03:28:15 [INFO] 
════════════════════════════════════════════════════════════
2026-04-09 03:28:15 [INFO] ブログ: workup-ai
2026-04-09 03:28:15 [INFO] ════════════════════════════════════════════════════════════
2026-04-09 03:28:15 [INFO]   genre            : AI・副業・転職・キャリア
2026-04-09 03:28:15 [INFO]   fact_check       : True
2026-04-09 03:28:15 [INFO]   article_type_mix : True
2026-04-09 03:28:15 [INFO]   article_count    : 3  dry_run: True
2026-04-09 03:28:17 [INFO] [wp] 公開済み記事取得: 326件
2026-04-09 03:28:17 [INFO] [workup-ai] 記事タイプ配分: {'longtail': 1, 'trend': 1, 'monetize': 1}  (weights={'longtail': 0.5, 'trend': 0.3, 'monetize': 0.2})
2026-04-09 03:28:21 [DEBUG] [fetch] シート「絞り込みKW」: 34164行 / ヘッダー: ['キーワード', '月間検索数', 'SEO難易度', '競合性']
2026-04-09 03:28:21 [INFO] [fetch] [絞り込みKW] 候補: 7151件（月間検索数 ≥ 100）
2026-04-09 03:28:21 [DEBUG] [dup_check] OK: 「ハケンの品格」
2026-04-09 03:28:21 [INFO] [dup_check] 完了: 選定=1件 / 除外=0件 (pool=50件, 要求=1件)
2026-04-09 03:28:21 [INFO] [select] 1件選定 (要求=1件)
2026-04-09 03:28:21 [INFO] [select]   1. 「ハケンの品格」 vol=18,100 seo=35 comp=1
2026-04-09 03:28:21 [INFO] [workup-ai] LONGTAIL選定: 1件
2026-04-09 03:28:21 [INFO] [trend] Google Trends JP: 10件
2026-04-09 03:28:22 [INFO] [trend] はてなブックマーク IT: 30件
2026-04-09 03:28:22 [INFO] [trend] トレンドKW 計: 40件（重複除去後）
2026-04-09 03:28:22 [DEBUG] [dup_check] OK: 「SUUMO, CHINTAI, At Home, HOME'S Suffer D」
2026-04-09 03:28:22 [INFO] [dup_check] 完了: 選定=1件 / 除外=0件 (pool=40件, 要求=1件)
2026-04-09 03:28:22 [INFO] [select] 1件選定 (要求=1件)
2026-04-09 03:28:22 [INFO] [select]   1. 「SUUMO, CHINTAI, At Home, HOME'S Suffer D」 vol=0 seo=N/A comp=N/A
2026-04-09 03:28:22 [INFO] [workup-ai] TREND選定: 1件
2026-04-09 03:28:22 [DEBUG] [dup_check] OK: 「転職タイミング」
2026-04-09 03:28:22 [INFO] [dup_check] 完了: 選定=1件 / 除外=0件 (pool=50件, 要求=1件)
2026-04-09 03:28:22 [INFO] [select] 1件選定 (要求=1件)
2026-04-09 03:28:22 [INFO] [select]   1. 「転職タイミング」 vol=3,600 seo=49 comp=58
2026-04-09 03:28:22 [INFO] [workup-ai] MONETIZE選定: 1件
2026-04-09 03:28:22 [INFO] [workup-ai] 候補: 7151件 / 選定: 3件 / 生成予定: 3件
2026-04-09 03:28:22 [INFO] ────────────────────────────────────────────────────────────
2026-04-09 03:28:22 [INFO] [workup-ai] [1/3] [LONGTAIL] 「ハケンの品格」 vol=18,100
2026-04-09 03:28:22 [INFO] ────────────────────────────────────────────────────────────
2026-04-09 03:28:22 [INFO] [generate] 生成開始: 「ハケンの品格」(vol:18,100) fact_check=True
2026-04-09 03:31:38 [INFO] [generate] 完了: 「ハケンの品格 完全ガイド｜あらすじ・キャスト・名台詞・動画配信まとめ」
2026-04-09 03:31:38 [INFO] [post] DRY-RUN スキップ: 「ハケンの品格 完全ガイド｜あらすじ・キャスト・名台詞・動画配信まとめ」
2026-04-09 03:31:38 [INFO] [workup-ai] [1/3] ✅ 完了: 「ハケンの品格 完全ガイド｜あらすじ・キャスト・名台詞・動画配信まとめ」
2026-04-09 03:31:38 [INFO] [workup-ai] 3秒待機...
2026-04-09 03:31:41 [INFO] ────────────────────────────────────────────────────────────
2026-04-09 03:31:41 [INFO] [workup-ai] [2/3] [TREND] 「SUUMO, CHINTAI, At Home, HOME'S Suffer D」 vol=0
2026-04-09 03:31:41 [INFO] ────────────────────────────────────────────────────────────
2026-04-09 03:31:41 [INFO] [generate] 生成開始: 「SUUMO, CHINTAI, At Home, HOME'S Suffer D」(vol:0) fact_check=True
2026-04-09 03:34:54 [INFO] [generate] 完了: 「SUUMO・CHINTAI・At Home・HOME'S徹底比較！賃貸サイト選びで失敗しない4つのポイント」
2026-04-09 03:34:54 [INFO] [post] DRY-RUN スキップ: 「SUUMO・CHINTAI・At Home・HOME'S徹底比較！賃貸サイト選びで失敗しない4つのポイント」
2026-04-09 03:34:54 [INFO] [workup-ai] [2/3] ✅ 完了: 「SUUMO・CHINTAI・At Home・HOME'S徹底比較！賃貸サイト選びで失敗しない4つのポイント」
2026-04-09 03:34:54 [INFO] [workup-ai] 3秒待機...
2026-04-09 03:34:57 [INFO] ────────────────────────────────────────────────────────────
2026-04-09 03:34:57 [INFO] [workup-ai] [3/3] [MONETIZE] 「転職タイミング」 vol=3,600
2026-04-09 03:34:57 [INFO] ────────────────────────────────────────────────────────────
2026-04-09 03:34:57 [INFO] [generate] 生成開始: 「転職タイミング」(vol:3,600) fact_check=True
2026-04-09 03:38:25 [INFO] [generate] 完了: 「転職タイミングはいつが正解？年齢・ボーナス・退職時期の見極め方を完全解説」
2026-04-09 03:38:25 [INFO] [post] DRY-RUN スキップ: 「転職タイミングはいつが正解？年齢・ボーナス・退職時期の見極め方を完全解説」
2026-04-09 03:38:25 [INFO] [workup-ai] [3/3] ✅ 完了: 「転職タイミングはいつが正解？年齢・ボーナス・退職時期の見極め方を完全解説」
2026-04-09 03:38:25 [INFO] [workup-ai] 完了: 成功=3件 / 失敗=0件 / 合計=3件
2026-04-09 03:38:25 [INFO] 
============================================================
2026-04-09 03:38:25 [INFO] 【全体サマリー】
2026-04-09 03:38:25 [INFO]   ブログ数  : 1件
2026-04-09 03:38:25 [INFO]   生成件数  : 3件成功 / 0件失敗 / 計3件
2026-04-09 03:38:25 [INFO]   所要時間  : 609.6秒
2026-04-09 03:38:25 [INFO]   ✅ [workup-ai] ハケンの品格 → ハケンの品格 完全ガイド｜あらすじ・キャスト・名台詞・動画配信まとめ
2026-04-09 03:38:25 [INFO]   ✅ [workup-ai] SUUMO, CHINTAI, At Home, HOME'S Suffer D → SUUMO・CHINTAI・At Home・HOME'S徹底比較！賃貸サイト選びで失敗しない4つのポイント
2026-04-09 03:38:25 [INFO]   ✅ [workup-ai] 転職タイミング → 転職タイミングはいつが正解？年齢・ボーナス・退職時期の見極め方を完全解説
2026-04-09 03:38:25 [INFO] ============================================================
2026-04-09 03:41:59 [INFO] ============================================================
2026-04-09 03:41:59 [INFO] generate_lite.py 開始  dry_run=True
2026-04-09 03:41:59 [INFO] ============================================================
2026-04-09 03:41:59 [INFO] 対象ブログ: ['workup-ai']
2026-04-09 03:41:59 [INFO] 
════════════════════════════════════════════════════════════
2026-04-09 03:41:59 [INFO] ブログ: workup-ai
2026-04-09 03:41:59 [INFO] ════════════════════════════════════════════════════════════
2026-04-09 03:41:59 [INFO]   genre            : AI・副業・転職・キャリア
2026-04-09 03:41:59 [INFO]   fact_check       : True
2026-04-09 03:41:59 [INFO]   article_type_mix : True
2026-04-09 03:41:59 [INFO]   article_count    : 3  dry_run: True
2026-04-09 03:42:01 [INFO] [wp] 公開済み記事取得: 326件
2026-04-09 03:42:01 [INFO] [workup-ai] 記事タイプ配分: {'longtail': 1, 'trend': 1, 'monetize': 1}  (weights={'longtail': 0.5, 'trend': 0.3, 'monetize': 0.2})
2026-04-09 03:42:03 [DEBUG] [fetch] シート「絞り込みKW」: 485行 / ヘッダー: ['キーワード', 'SEO難易度', '月間検索数', 'CPC（$）', '競合性', 'キーワード', 'allintitle', 'intitle', 'Q&Aサイト', '', '無料ブログ', '', 'TikTok', '', 'Instagram', '', 'エックス', '', 'Facebook', '', 'aim', '投稿ステータス', '投稿日', '記事URL', '投稿ID', '使用サブKW', 'メモ']
2026-04-09 03:42:03 [INFO] [fetch] [キーワード] 候補: 485件（月間検索数 ≥ 0）
2026-04-09 03:42:03 [DEBUG] [dup_check] OK: 「aiボイスレコーダー アプリ iphone」
2026-04-09 03:42:03 [INFO] [dup_check] 完了: 選定=1件 / 除外=0件 (pool=50件, 要求=1件)
2026-04-09 03:42:03 [INFO] [select] 1件選定 (要求=1件)
2026-04-09 03:42:03 [INFO] [select]   1. 「aiボイスレコーダー アプリ iphone」 vol=0 seo=N/A comp=N/A
2026-04-09 03:42:03 [INFO] [workup-ai] LONGTAIL選定: 1件
2026-04-09 03:42:03 [INFO] [trend] Google Trends JP: 10件
2026-04-09 03:42:03 [INFO] [trend] はてなブックマーク IT: 30件
2026-04-09 03:42:03 [INFO] [trend] トレンドKW 計: 40件（重複除去後）
2026-04-09 03:42:03 [DEBUG] [dup_check] OK: 「「あれほど怒る人がいるとは思わなかった」――Wikipedia編集AIボット「T」
2026-04-09 03:42:03 [INFO] [dup_check] 完了: 選定=1件 / 除外=0件 (pool=40件, 要求=1件)
2026-04-09 03:42:03 [INFO] [select] 1件選定 (要求=1件)
2026-04-09 03:42:03 [INFO] [select]   1. 「「あれほど怒る人がいるとは思わなかった」――Wikipedia編集AIボット「T」 vol=0 seo=N/A comp=N/A
2026-04-09 03:42:03 [INFO] [workup-ai] TREND選定: 1件
2026-04-09 03:42:03 [DEBUG] [dup_check] OK: 「chime note pro aiボイスレコーダー」
2026-04-09 03:42:03 [INFO] [dup_check] 完了: 選定=1件 / 除外=0件 (pool=42件, 要求=1件)
2026-04-09 03:42:03 [INFO] [select] 1件選定 (要求=1件)
2026-04-09 03:42:03 [INFO] [select]   1. 「chime note pro aiボイスレコーダー」 vol=110 seo=N/A comp=96
2026-04-09 03:42:03 [INFO] [workup-ai] MONETIZE選定: 1件
2026-04-09 03:42:03 [INFO] [workup-ai] 候補: 485件 / 選定: 3件 / 生成予定: 3件
2026-04-09 03:42:03 [INFO] ────────────────────────────────────────────────────────────
2026-04-09 03:42:03 [INFO] [workup-ai] [1/3] [LONGTAIL] 「aiボイスレコーダー アプリ iphone」 vol=0
2026-04-09 03:42:03 [INFO] ────────────────────────────────────────────────────────────
2026-04-09 03:42:03 [INFO] [generate] 生成開始: 「aiボイスレコーダー アプリ iphone」(vol:0) fact_check=True
2026-04-09 03:45:35 [INFO] [generate] 完了: 「AIボイスレコーダーアプリiPhoneおすすめ7選！文字起こし・議事録まで自動化」
2026-04-09 03:45:35 [INFO] [post] DRY-RUN スキップ: 「AIボイスレコーダーアプリiPhoneおすすめ7選！文字起こし・議事録まで自動化」
2026-04-09 03:45:35 [INFO] [workup-ai] [1/3] ✅ 完了: 「AIボイスレコーダーアプリiPhoneおすすめ7選！文字起こし・議事録まで自動化」
2026-04-09 03:45:35 [INFO] [workup-ai] 3秒待機...
2026-04-09 03:45:38 [INFO] ────────────────────────────────────────────────────────────
2026-04-09 03:45:38 [INFO] [workup-ai] [2/3] [TREND] 「「あれほど怒る人がいるとは思わなかった」――Wikipedia編集AIボット「T」 vol=0
2026-04-09 03:45:38 [INFO] ────────────────────────────────────────────────────────────
2026-04-09 03:45:38 [INFO] [generate] 生成開始: 「「あれほど怒る人がいるとは思わなかった」――Wikipedia編集AIボット「T」(vol:0) fact_check=True
2026-04-09 03:48:46 [INFO] [generate] 完了: 「「あれほど怒る人がいるとは思わなかった」Wikipedia編集AIボット騒動の真相と怒りの心理を徹底解説」
2026-04-09 03:48:46 [INFO] [post] DRY-RUN スキップ: 「「あれほど怒る人がいるとは思わなかった」Wikipedia編集AIボット騒動の真相と怒りの心理を徹底解説」
2026-04-09 03:48:46 [INFO] [workup-ai] [2/3] ✅ 完了: 「「あれほど怒る人がいるとは思わなかった」Wikipedia編集AIボット騒動の真相と怒りの心理を徹底解説」
2026-04-09 03:48:46 [INFO] [workup-ai] 3秒待機...
2026-04-09 03:48:49 [INFO] ────────────────────────────────────────────────────────────
2026-04-09 03:48:49 [INFO] [workup-ai] [3/3] [MONETIZE] 「chime note pro aiボイスレコーダー」 vol=110
2026-04-09 03:48:49 [INFO] ────────────────────────────────────────────────────────────
2026-04-09 03:48:49 [INFO] [generate] 生成開始: 「chime note pro aiボイスレコーダー」(vol:110) fact_check=True
2026-04-09 03:51:40 [INFO] [generate] 完了: 「Chime Note Pro AIボイスレコーダーの使い方・機能・評判を徹底解説！」
2026-04-09 03:51:40 [INFO] [post] DRY-RUN スキップ: 「Chime Note Pro AIボイスレコーダーの使い方・機能・評判を徹底解説！」
2026-04-09 03:51:40 [INFO] [workup-ai] [3/3] ✅ 完了: 「Chime Note Pro AIボイスレコーダーの使い方・機能・評判を徹底解説！」
2026-04-09 03:51:40 [INFO] [workup-ai] 完了: 成功=3件 / 失敗=0件 / 合計=3件
2026-04-09 03:51:40 [INFO] 
============================================================
2026-04-09 03:51:40 [INFO] 【全体サマリー】
2026-04-09 03:51:40 [INFO]   ブログ数  : 1件
2026-04-09 03:51:40 [INFO]   生成件数  : 3件成功 / 0件失敗 / 計3件
2026-04-09 03:51:40 [INFO]   所要時間  : 580.6秒
2026-04-09 03:51:40 [INFO]   ✅ [workup-ai] aiボイスレコーダー アプリ iphone → AIボイスレコーダーアプリiPhoneおすすめ7選！文字起こし・議事録まで自動化
2026-04-09 03:51:40 [INFO]   ✅ [workup-ai] 「あれほど怒る人がいるとは思わなかった」――Wikipedia編集AIボット「T → 「あれほど怒る人がいるとは思わなかった」Wikipedia編集AIボット騒動の真相と怒りの心理を徹底解説
2026-04-09 03:51:40 [INFO]   ✅ [workup-ai] chime note pro aiボイスレコーダー → Chime Note Pro AIボイスレコーダーの使い方・機能・評判を徹底解説！
2026-04-09 03:51:40 [INFO] ============================================================
2026-04-09 03:59:21 [INFO] ============================================================
2026-04-09 03:59:21 [INFO] generate_lite.py 開始  dry_run=True
2026-04-09 03:59:21 [INFO] ============================================================
2026-04-09 03:59:21 [INFO] 対象ブログ: ['workup-ai']
2026-04-09 03:59:21 [INFO] 
════════════════════════════════════════════════════════════
2026-04-09 03:59:21 [INFO] ブログ: workup-ai
2026-04-09 03:59:21 [INFO] ════════════════════════════════════════════════════════════
2026-04-09 03:59:21 [INFO]   genre            : AI・副業・転職・キャリア
2026-04-09 03:59:21 [INFO]   fact_check       : True
2026-04-09 03:59:21 [INFO]   article_type_mix : True
2026-04-09 03:59:21 [INFO]   stop_words       : ['おすすめ', '比較', '2026', 'iphone', 'アプリ']
2026-04-09 03:59:21 [INFO]   article_count    : 3  dry_run: True
2026-04-09 03:59:23 [INFO] [wp] 公開済み記事取得: 326件
2026-04-09 03:59:23 [INFO] [workup-ai] 記事タイプ配分: {'longtail': 1, 'trend': 1, 'monetize': 1}  (weights={'longtail': 0.5, 'trend': 0.3, 'monetize': 0.2})
2026-04-09 03:59:26 [DEBUG] [fetch] シート「絞り込みKW」: 485行 / ヘッダー: ['キーワード', 'SEO難易度', '月間検索数', 'CPC（$）', '競合性', 'キーワード', 'allintitle', 'intitle', 'Q&Aサイト', '', '無料ブログ', '', 'TikTok', '', 'Instagram', '', 'エックス', '', 'Facebook', '', 'aim', '投稿ステータス', '投稿日', '記事URL', '投稿ID', '使用サブKW', 'メモ']
2026-04-09 03:59:26 [INFO] [fetch] [キーワード] 候補: 485件（月間検索数 ≥ 0）
2026-04-09 03:59:26 [DEBUG] [dup_check] OK: 「kamikuno aiボイスレコーダー」
2026-04-09 03:59:26 [INFO] [dup_check] 完了: 選定=1件 / 除外=0件 (pool=50件, 要求=1件)
2026-04-09 03:59:26 [INFO] [select] 1件選定 (要求=1件)
2026-04-09 03:59:26 [INFO] [select]   1. 「kamikuno aiボイスレコーダー」 vol=10 seo=N/A comp=100
2026-04-09 03:59:26 [INFO] [workup-ai] LONGTAIL選定: 1件
2026-04-09 03:59:26 [INFO] [trend] Google Trends JP: 10件
2026-04-09 03:59:26 [INFO] [trend] はてなブックマーク IT: 30件
2026-04-09 03:59:26 [INFO] [trend] トレンドKW 計: 40件（重複除去後）
2026-04-09 03:59:26 [DEBUG] [dup_check] OK: 「まさかのくずし字AI解読技術つながり 読み取り困難な「中世ギリシャ語」の文字起こ」
2026-04-09 03:59:26 [INFO] [dup_check] 完了: 選定=1件 / 除外=0件 (pool=40件, 要求=1件)
2026-04-09 03:59:26 [INFO] [select] 1件選定 (要求=1件)
2026-04-09 03:59:26 [INFO] [select]   1. 「まさかのくずし字AI解読技術つながり 読み取り困難な「中世ギリシャ語」の文字起こ」 vol=0 seo=N/A comp=N/A
2026-04-09 03:59:26 [INFO] [workup-ai] TREND選定: 1件
2026-04-09 03:59:26 [DEBUG] [dup_check] OK: 「chime note pro aiボイスレコーダー」
2026-04-09 03:59:26 [INFO] [dup_check] 完了: 選定=1件 / 除外=0件 (pool=41件, 要求=1件)
2026-04-09 03:59:26 [INFO] [select] 1件選定 (要求=1件)
2026-04-09 03:59:26 [INFO] [select]   1. 「chime note pro aiボイスレコーダー」 vol=110 seo=N/A comp=96
2026-04-09 03:59:26 [INFO] [workup-ai] MONETIZE選定: 1件
2026-04-09 03:59:26 [INFO] [workup-ai] 候補: 485件 / 選定: 3件 / 生成予定: 3件
2026-04-09 03:59:26 [INFO] ────────────────────────────────────────────────────────────
2026-04-09 03:59:26 [INFO] [workup-ai] [1/3] [LONGTAIL] 「kamikuno aiボイスレコーダー」 vol=10
2026-04-09 03:59:26 [INFO] ────────────────────────────────────────────────────────────
2026-04-09 03:59:26 [INFO] [generate] 生成開始: 「kamikuno aiボイスレコーダー」(vol:10) fact_check=True
2026-04-09 04:02:29 [INFO] [generate] 完了: 「kamikuno AIボイスレコーダーの機能・使い方・評判を徹底解説！文字起こし精度や価格も比較」
2026-04-09 04:02:29 [INFO] [post] DRY-RUN スキップ: 「kamikuno AIボイスレコーダーの機能・使い方・評判を徹底解説！文字起こし精度や価格も比較」
2026-04-09 04:02:29 [INFO] [workup-ai] [1/3] ✅ 完了: 「kamikuno AIボイスレコーダーの機能・使い方・評判を徹底解説！文字起こし精度や価格も比較」
2026-04-09 04:02:29 [INFO] [workup-ai] 3秒待機...
2026-04-09 04:02:32 [INFO] ────────────────────────────────────────────────────────────
2026-04-09 04:02:32 [INFO] [workup-ai] [2/3] [TREND] 「まさかのくずし字AI解読技術つながり 読み取り困難な「中世ギリシャ語」の文字起こ」 vol=0
2026-04-09 04:02:32 [INFO] ────────────────────────────────────────────────────────────
2026-04-09 04:02:32 [INFO] [generate] 生成開始: 「まさかのくずし字AI解読技術つながり 読み取り困難な「中世ギリシャ語」の文字起こ」(vol:0) fact_check=True
2026-04-09 04:05:53 [INFO] [generate] 完了: 「くずし字AI解読技術が中世ギリシャ語文字起こしに使える！精度・仕組みを解説」
2026-04-09 04:05:53 [INFO] [post] DRY-RUN スキップ: 「くずし字AI解読技術が中世ギリシャ語文字起こしに使える！精度・仕組みを解説」
2026-04-09 04:05:53 [INFO] [workup-ai] [2/3] ✅ 完了: 「くずし字AI解読技術が中世ギリシャ語文字起こしに使える！精度・仕組みを解説」
2026-04-09 04:05:53 [INFO] [workup-ai] 3秒待機...
2026-04-09 04:05:56 [INFO] ────────────────────────────────────────────────────────────
2026-04-09 04:05:56 [INFO] [workup-ai] [3/3] [MONETIZE] 「chime note pro aiボイスレコーダー」 vol=110
2026-04-09 04:05:56 [INFO] ────────────────────────────────────────────────────────────
2026-04-09 04:05:56 [INFO] [generate] 生成開始: 「chime note pro aiボイスレコーダー」(vol:110) fact_check=True
2026-04-09 04:08:59 [INFO] [generate] 完了: 「Chime Note Pro AIボイスレコーダーの使い方・評判・機能を徹底レビュー！文字起こし精度も比較」
2026-04-09 04:08:59 [INFO] [post] DRY-RUN スキップ: 「Chime Note Pro AIボイスレコーダーの使い方・評判・機能を徹底レビュー！文字起こし精度も比較」
2026-04-09 04:08:59 [INFO] [workup-ai] [3/3] ✅ 完了: 「Chime Note Pro AIボイスレコーダーの使い方・評判・機能を徹底レビュー！文字起こし精度も比較」
2026-04-09 04:08:59 [INFO] [workup-ai] 完了: 成功=3件 / 失敗=0件 / 合計=3件
2026-04-09 04:08:59 [INFO] 
============================================================
2026-04-09 04:08:59 [INFO] 【全体サマリー】
2026-04-09 04:08:59 [INFO]   ブログ数  : 1件
2026-04-09 04:08:59 [INFO]   生成件数  : 3件成功 / 0件失敗 / 計3件
2026-04-09 04:08:59 [INFO]   所要時間  : 577.9秒
2026-04-09 04:08:59 [INFO]   ✅ [workup-ai] kamikuno aiボイスレコーダー → kamikuno AIボイスレコーダーの機能・使い方・評判を徹底解説！文字起こし精度や価格も比較
2026-04-09 04:08:59 [INFO]   ✅ [workup-ai] まさかのくずし字AI解読技術つながり 読み取り困難な「中世ギリシャ語」の文字起こ → くずし字AI解読技術が中世ギリシャ語文字起こしに使える！精度・仕組みを解説
2026-04-09 04:08:59 [INFO]   ✅ [workup-ai] chime note pro aiボイスレコーダー → Chime Note Pro AIボイスレコーダーの使い方・評判・機能を徹底レビュー！文字起こし精度も比較
2026-04-09 04:08:59 [INFO] ============================================================
2026-04-09 04:15:37 [INFO] [wp] 公開済み記事取得: 326件
2026-04-09 05:00:04 [INFO] ============================================================
2026-04-09 05:00:04 [INFO] generate_lite.py 開始  dry_run=False
2026-04-09 05:00:04 [INFO] ============================================================
2026-04-09 05:00:04 [INFO] 対象ブログ: ['workup-ai']
2026-04-09 05:00:04 [INFO] 
════════════════════════════════════════════════════════════
2026-04-09 05:00:04 [INFO] ブログ: workup-ai
2026-04-09 05:00:04 [INFO] ════════════════════════════════════════════════════════════
2026-04-09 05:00:04 [INFO]   genre            : AI・副業・転職・キャリア
2026-04-09 05:00:04 [INFO]   fact_check       : True
2026-04-09 05:00:04 [INFO]   article_type_mix : True
2026-04-09 05:00:04 [INFO]   stop_words       : ['おすすめ', '比較', '2026', 'iphone', 'アプリ']
2026-04-09 05:00:04 [INFO]   article_count    : 3  dry_run: False
2026-04-09 05:00:06 [INFO] [wp] 公開済み記事取得: 326件
2026-04-09 05:00:06 [INFO] [workup-ai] 記事タイプ配分: {'longtail': 1, 'trend': 1, 'monetize': 1}  (weights={'longtail': 0.5, 'trend': 0.3, 'monetize': 0.2})
2026-04-09 05:00:09 [DEBUG] [fetch] シート「絞り込みKW」: 485行 / ヘッダー: ['キーワード', 'SEO難易度', '月間検索数', 'CPC（$）', '競合性', 'キーワード', 'allintitle', 'intitle', 'Q&Aサイト', '', '無料ブログ', '', 'TikTok', '', 'Instagram', '', 'エックス', '', 'Facebook', '', 'aim', '投稿ステータス', '投稿日', '記事URL', '投稿ID', '使用サブKW', 'メモ']
2026-04-09 05:00:09 [INFO] [fetch] [キーワード] 候補: 485件（月間検索数 ≥ 0）
2026-04-09 05:00:09 [INFO] [dup_check] 除外: 「aiボイスレコーダー plaud note」 → 直近7日重複: 「PLAUD NOTE AIボイスレコーダーの精度を徹底検証！距離・マイク・英語対」
2026-04-09 05:00:09 [DEBUG] [dup_check] OK: 「aiボイスレコーダーplaud note」
2026-04-09 05:00:09 [INFO] [dup_check] 完了: 選定=1件 / 除外=1件 (pool=50件, 要求=1件)
2026-04-09 05:00:09 [INFO] [select] 1件選定 (要求=1件)
2026-04-09 05:00:09 [INFO] [select]   1. 「aiボイスレコーダーplaud note」 vol=170 seo=34 comp=100
2026-04-09 05:00:09 [INFO] [workup-ai] LONGTAIL選定: 1件
2026-04-09 05:00:10 [INFO] [trend] Google Trends JP: 10件
2026-04-09 05:00:10 [INFO] [trend] はてなブックマーク IT: 30件
2026-04-09 05:00:10 [INFO] [trend] トレンドKW 計: 40件（重複除去後）
2026-04-09 05:00:10 [DEBUG] [dup_check] OK: 「AIによる支援は「問題に取り組む粘り強さ」を低下させて成績を悪化させるという研究」
2026-04-09 05:00:10 [INFO] [dup_check] 完了: 選定=1件 / 除外=0件 (pool=40件, 要求=1件)
2026-04-09 05:00:10 [INFO] [select] 1件選定 (要求=1件)
2026-04-09 05:00:10 [INFO] [select]   1. 「AIによる支援は「問題に取り組む粘り強さ」を低下させて成績を悪化させるという研究」 vol=0 seo=N/A comp=N/A
2026-04-09 05:00:10 [INFO] [workup-ai] TREND選定: 1件
2026-04-09 05:00:10 [INFO] [dup_check] 除外: 「aiボイスレコーダー」 → コアKW重複: 「AIボイスレコーダー無料おすすめ7選！文字起こし・クラウド保存まで徹底比較」(core: 'aiボイスレコーダー')
2026-04-09 05:00:10 [INFO] [dup_check] 除外: 「plaud note aiボイスレコーダー 口コミ」 → 直近7日重複: 「PLAUD NOTE AIボイスレコーダーの精度を徹底検証！距離・マイク・英語対」
2026-04-09 05:00:10 [DEBUG] [dup_check] OK: 「mumeomu m5 aiボイスレコーダー」
2026-04-09 05:00:10 [INFO] [dup_check] 完了: 選定=1件 / 除外=2件 (pool=41件, 要求=1件)
2026-04-09 05:00:10 [INFO] [select] 1件選定 (要求=1件)
2026-04-09 05:00:10 [INFO] [select]   1. 「mumeomu m5 aiボイスレコーダー」 vol=70 seo=18 comp=93
2026-04-09 05:00:10 [INFO] [workup-ai] MONETIZE選定: 1件
2026-04-09 05:00:10 [INFO] [workup-ai] 候補: 485件 / 選定: 3件 / 生成予定: 3件
2026-04-09 05:00:10 [INFO] ────────────────────────────────────────────────────────────
2026-04-09 05:00:10 [INFO] [workup-ai] [1/3] [LONGTAIL] 「aiボイスレコーダーplaud note」 vol=170
2026-04-09 05:00:10 [INFO] ────────────────────────────────────────────────────────────
2026-04-09 05:00:10 [INFO] [generate] 生成開始: 「aiボイスレコーダーplaud note」(vol:170) fact_check=True
2026-04-09 05:03:02 [INFO] [generate] 完了: 「PLAUD NOTEレビュー｜AIボイスレコーダーの使い方・価格・機能を徹底解説」
2026-04-09 05:03:12 [INFO] [post] 画像生成完了: 185,386 bytes
2026-04-09 05:03:28 [INFO] [post] WP投稿完了: ID=9460 → https://workup-ai.com/wp-admin/post.php?post=9460&action=edit
2026-04-09 05:03:28 [INFO] [workup-ai] [1/3] ✅ 完了: 「PLAUD NOTEレビュー｜AIボイスレコーダーの使い方・価格・機能を徹底解説」
2026-04-09 05:03:28 [INFO] [workup-ai] 3秒待機...
2026-04-09 05:03:31 [INFO] ────────────────────────────────────────────────────────────
2026-04-09 05:03:31 [INFO] [workup-ai] [2/3] [TREND] 「AIによる支援は「問題に取り組む粘り強さ」を低下させて成績を悪化させるという研究」 vol=0
2026-04-09 05:03:31 [INFO] ────────────────────────────────────────────────────────────
2026-04-09 05:03:31 [INFO] [generate] 生成開始: 「AIによる支援は「問題に取り組む粘り強さ」を低下させて成績を悪化させるという研究」(vol:0) fact_check=True
2026-04-09 05:06:50 [INFO] [generate] 完了: 「AIによる支援は粘り強さを低下させ成績を悪化させる？研究結果と対策まとめ」
2026-04-09 05:07:00 [INFO] [post] 画像生成完了: 61,140 bytes
2026-04-09 05:07:04 [ERROR] [workup-ai] [2/3] ❌ エラー（続行）: 400 Client Error: Bad Request for url: https://workup-ai.com/wp-json/wp/v2/tags
2026-04-09 05:07:04 [INFO] [workup-ai] 3秒待機...
2026-04-09 05:07:07 [INFO] ────────────────────────────────────────────────────────────
2026-04-09 05:07:07 [INFO] [workup-ai] [3/3] [MONETIZE] 「mumeomu m5 aiボイスレコーダー」 vol=70
2026-04-09 05:07:07 [INFO] ────────────────────────────────────────────────────────────
2026-04-09 05:07:07 [INFO] [generate] 生成開始: 「mumeomu m5 aiボイスレコーダー」(vol:70) fact_check=True
2026-04-09 05:10:00 [INFO] [generate] 完了: 「mumeomu M5 AIボイスレコーダーの評判・使い方を徹底レビュー！会議録音・文字起こし精度まで解説」
2026-04-09 05:10:10 [INFO] [post] 画像生成完了: 91,748 bytes
2026-04-09 05:10:18 [INFO] [post] WP投稿完了: ID=9463 → https://workup-ai.com/wp-admin/post.php?post=9463&action=edit
2026-04-09 05:10:18 [INFO] [workup-ai] [3/3] ✅ 完了: 「mumeomu M5 AIボイスレコーダーの評判・使い方を徹底レビュー！会議録音・文字起こし精度まで解説」
2026-04-09 05:10:18 [INFO] [workup-ai] 完了: 成功=2件 / 失敗=1件 / 合計=3件
2026-04-09 05:10:18 [INFO] 
============================================================
2026-04-09 05:10:18 [INFO] 【全体サマリー】
2026-04-09 05:10:18 [INFO]   ブログ数  : 1件
2026-04-09 05:10:18 [INFO]   生成件数  : 2件成功 / 1件失敗 / 計3件
2026-04-09 05:10:18 [INFO]   所要時間  : 613.4秒
2026-04-09 05:10:18 [INFO]   ✅ [workup-ai] aiボイスレコーダーplaud note → PLAUD NOTEレビュー｜AIボイスレコーダーの使い方・価格・機能を徹底解説
2026-04-09 05:10:18 [INFO]        https://workup-ai.com/wp-admin/post.php?post=9460&action=edit
2026-04-09 05:10:18 [INFO]   ❌ [workup-ai] AIによる支援は「問題に取り組む粘り強さ」を低下させて成績を悪化させるという研究 → (生成失敗)
2026-04-09 05:10:18 [INFO]   ✅ [workup-ai] mumeomu m5 aiボイスレコーダー → mumeomu M5 AIボイスレコーダーの評判・使い方を徹底レビュー！会議録音・文字起こし精度まで解説
2026-04-09 05:10:18 [INFO]        https://workup-ai.com/wp-admin/post.php?post=9463&action=edit
2026-04-09 05:10:18 [INFO] ============================================================
2026-04-09 10:07:25 [INFO] ============================================================
2026-04-09 10:07:25 [INFO] generate_lite.py 開始  dry_run=True
2026-04-09 10:07:25 [INFO] ============================================================
2026-04-09 10:07:25 [INFO] 対象ブログ: ['workup-ai']
2026-04-09 10:07:25 [INFO] 
════════════════════════════════════════════════════════════
2026-04-09 10:07:25 [INFO] ブログ: workup-ai
2026-04-09 10:07:25 [INFO] ════════════════════════════════════════════════════════════
2026-04-09 10:07:25 [INFO]   genre            : AI・副業・転職・キャリア
2026-04-09 10:07:25 [INFO]   fact_check       : True
2026-04-09 10:07:25 [INFO]   article_type_mix : True
2026-04-09 10:07:25 [INFO]   stop_words       : ['おすすめ', '比較', '2026', 'iphone', 'アプリ']
2026-04-09 10:07:25 [INFO]   article_count    : 3  dry_run: True
2026-04-09 10:07:26 [INFO] [wp] 公開済み記事取得: 328件
2026-04-09 10:07:26 [INFO] [workup-ai] 記事タイプ配分: {'longtail': 1, 'trend': 1, 'monetize': 1}  (weights={'longtail': 0.5, 'trend': 0.3, 'monetize': 0.2})
2026-04-09 10:07:28 [DEBUG] [fetch] シート「絞り込みKW」: 485行 / ヘッダー: ['キーワード', 'SEO難易度', '月間検索数', 'CPC（$）', '競合性', 'キーワード', 'allintitle', 'intitle', 'Q&Aサイト', '', '無料ブログ', '', 'TikTok', '', 'Instagram', '', 'エックス', '', 'Facebook', '', 'aim', '投稿ステータス', '投稿日', '記事URL', '投稿ID', '使用サブKW', 'メモ']
2026-04-09 10:07:28 [INFO] [fetch] [キーワード] 候補: 485件（月間検索数 ≥ 0）
2026-04-09 10:07:28 [DEBUG] [dup_check] OK: 「aiボイスレコーダー 要約」
2026-04-09 10:07:28 [INFO] [dup_check] 完了: 選定=1件 / 除外=0件 (pool=50件, 要求=1件)
2026-04-09 10:07:28 [INFO] [select] 1件選定 (要求=1件)
2026-04-09 10:07:28 [INFO] [select]   1. 「aiボイスレコーダー 要約」 vol=20 seo=36 comp=100
2026-04-09 10:07:28 [INFO] [workup-ai] LONGTAIL選定: 1件
2026-04-09 10:07:29 [INFO] [trend] Google Trends JP: 10件
2026-04-09 10:07:29 [INFO] [trend] はてなブックマーク IT: 30件
2026-04-09 10:07:29 [INFO] [trend] トレンドKW 計: 40件（重複除去後）
2026-04-09 10:07:29 [DEBUG] [dup_check] OK: 「AIがバラバラなUIを作る問題、これで解決？　Google提唱の新標準DESI」
2026-04-09 10:07:29 [INFO] [dup_check] 完了: 選定=1件 / 除外=0件 (pool=40件, 要求=1件)
2026-04-09 10:07:29 [INFO] [select] 1件選定 (要求=1件)
2026-04-09 10:07:29 [INFO] [select]   1. 「AIがバラバラなUIを作る問題、これで解決？　Google提唱の新標準DESI」 vol=0 seo=N/A comp=N/A
2026-04-09 10:07:29 [INFO] [workup-ai] TREND選定: 1件
2026-04-09 10:07:29 [INFO] [dup_check] 除外: 「plaud note aiボイスレコーダー 評判」 → 直近7日重複: 「PLAUD NOTEレビュー｜AIボイスレコーダーの使い方・価格・機能を徹底解説」
2026-04-09 10:07:29 [INFO] [dup_check] 除外: 「aiボイスレコーダー アプリ」 → コアKW重複: 「mumeomu M5 AIボイスレコーダーの評判・使い方を徹底レビュー！会議録音」(core: 'aiボイスレコーダー')
2026-04-09 10:07:29 [INFO] [dup_check] 除外: 「aiボイスレコーダー 比較」 → コアKW重複: 「mumeomu M5 AIボイスレコーダーの評判・使い方を徹底レビュー！会議録音」(core: 'aiボイスレコーダー')
2026-04-09 10:07:29 [INFO] [dup_check] 除外: 「plaud note aiボイスレコーダー 月額」 → 直近7日重複: 「PLAUD NOTEレビュー｜AIボイスレコーダーの使い方・価格・機能を徹底解説」
2026-04-09 10:07:29 [DEBUG] [dup_check] OK: 「aiボイスレコーダー オートメモs」
2026-04-09 10:07:29 [INFO] [dup_check] 完了: 選定=1件 / 除外=4件 (pool=41件, 要求=1件)
2026-04-09 10:07:29 [INFO] [select] 1件選定 (要求=1件)
2026-04-09 10:07:29 [INFO] [select]   1. 「aiボイスレコーダー オートメモs」 vol=10 seo=N/A comp=100
2026-04-09 10:07:29 [INFO] [workup-ai] MONETIZE選定: 1件
2026-04-09 10:07:29 [INFO] [workup-ai] 候補: 485件 / 選定: 3件 / 生成予定: 3件
2026-04-09 10:07:29 [INFO] ────────────────────────────────────────────────────────────
2026-04-09 10:07:29 [INFO] [workup-ai] [1/3] [LONGTAIL] 「aiボイスレコーダー 要約」 vol=20
2026-04-09 10:07:29 [INFO] ────────────────────────────────────────────────────────────
2026-04-09 10:07:29 [INFO] [generate] 生成開始: 「aiボイスレコーダー 要約」(vol:20) fact_check=True
2026-04-09 10:10:57 [INFO] [generate] 完了: 「AIボイスレコーダー要約おすすめ7選！自動文字起こし・議事録作成を徹底比較」
2026-04-09 10:10:57 [INFO] [post] DRY-RUN スキップ: 「AIボイスレコーダー要約おすすめ7選！自動文字起こし・議事録作成を徹底比較」
2026-04-09 10:10:57 [INFO] [workup-ai] [1/3] ✅ 完了: 「AIボイスレコーダー要約おすすめ7選！自動文字起こし・議事録作成を徹底比較」
2026-04-09 10:10:57 [INFO] [workup-ai] 3秒待機...
2026-04-09 10:11:00 [INFO] ────────────────────────────────────────────────────────────
2026-04-09 10:11:00 [INFO] [workup-ai] [2/3] [TREND] 「AIがバラバラなUIを作る問題、これで解決？　Google提唱の新標準DESI」 vol=0
2026-04-09 10:11:00 [INFO] ────────────────────────────────────────────────────────────
2026-04-09 10:11:00 [INFO] [generate] 生成開始: 「AIがバラバラなUIを作る問題、これで解決？　Google提唱の新標準DESI」(vol:0) fact_check=True
2026-04-09 10:14:25 [INFO] [generate] 完了: 「AIがバラバラなUIを作る問題はDESIで解決！Google提唱の新標準を徹底解説」
2026-04-09 10:14:25 [INFO] [post] DRY-RUN スキップ: 「AIがバラバラなUIを作る問題はDESIで解決！Google提唱の新標準を徹底解説」
2026-04-09 10:14:25 [INFO] [workup-ai] [2/3] ✅ 完了: 「AIがバラバラなUIを作る問題はDESIで解決！Google提唱の新標準を徹底解説」
2026-04-09 10:14:25 [INFO] [workup-ai] 3秒待機...
2026-04-09 10:14:28 [INFO] ────────────────────────────────────────────────────────────
2026-04-09 10:14:28 [INFO] [workup-ai] [3/3] [MONETIZE] 「aiボイスレコーダー オートメモs」 vol=10
2026-04-09 10:14:28 [INFO] ────────────────────────────────────────────────────────────
2026-04-09 10:14:28 [INFO] [generate] 生成開始: 「aiボイスレコーダー オートメモs」(vol:10) fact_check=True
2026-04-09 10:17:15 [INFO] [generate] 完了: 「AIボイスレコーダー オートメモSの使い方・料金・評判を徹底解説！文字起こし精度も比較」
2026-04-09 10:17:15 [INFO] [post] DRY-RUN スキップ: 「AIボイスレコーダー オートメモSの使い方・料金・評判を徹底解説！文字起こし精度も比較」
2026-04-09 10:17:15 [INFO] [workup-ai] [3/3] ✅ 完了: 「AIボイスレコーダー オートメモSの使い方・料金・評判を徹底解説！文字起こし精度も比較」
2026-04-09 10:17:15 [INFO] [workup-ai] 完了: 成功=3件 / 失敗=0件 / 合計=3件
2026-04-09 10:17:15 [INFO] 
============================================================
2026-04-09 10:17:15 [INFO] 【全体サマリー】
2026-04-09 10:17:15 [INFO]   ブログ数  : 1件
2026-04-09 10:17:15 [INFO]   生成件数  : 3件成功 / 0件失敗 / 計3件
2026-04-09 10:17:15 [INFO]   所要時間  : 589.6秒
2026-04-09 10:17:15 [INFO]   ✅ [workup-ai] aiボイスレコーダー 要約 → AIボイスレコーダー要約おすすめ7選！自動文字起こし・議事録作成を徹底比較
2026-04-09 10:17:15 [INFO]   ✅ [workup-ai] AIがバラバラなUIを作る問題、これで解決？　Google提唱の新標準DESI → AIがバラバラなUIを作る問題はDESIで解決！Google提唱の新標準を徹底解説
2026-04-09 10:17:15 [INFO]   ✅ [workup-ai] aiボイスレコーダー オートメモs → AIボイスレコーダー オートメモSの使い方・料金・評判を徹底解説！文字起こし精度も比較
2026-04-09 10:17:15 [INFO] ============================================================
2026-04-09 10:27:05 [INFO] ============================================================
2026-04-09 10:27:05 [INFO] generate_lite.py 開始  dry_run=True
2026-04-09 10:27:05 [INFO] ============================================================
2026-04-09 10:27:05 [INFO] 対象ブログ: ['workup-ai']
2026-04-09 10:27:05 [INFO] 
════════════════════════════════════════════════════════════
2026-04-09 10:27:05 [INFO] ブログ: workup-ai
2026-04-09 10:27:05 [INFO] ════════════════════════════════════════════════════════════
2026-04-09 10:27:05 [INFO]   genre            : AI・副業・転職・キャリア
2026-04-09 10:27:05 [INFO]   fact_check       : True
2026-04-09 10:27:05 [INFO]   article_type_mix : True
2026-04-09 10:27:05 [INFO]   stop_words       : ['おすすめ', '比較', '2026', 'iphone', 'アプリ']
2026-04-09 10:27:05 [INFO]   article_count    : 1  dry_run: True
2026-04-09 10:27:07 [INFO] [wp] 公開済み記事取得: 328件
2026-04-09 10:27:07 [INFO] [workup-ai] 記事タイプ配分: {'longtail': 1, 'trend': 0, 'monetize': 0}  (weights={'longtail': 0.5, 'trend': 0.3, 'monetize': 0.2})
2026-04-09 10:27:09 [DEBUG] [fetch] シート「絞り込みKW」: 485行 / ヘッダー: ['キーワード', 'SEO難易度', '月間検索数', 'CPC（$）', '競合性', 'キーワード', 'allintitle', 'intitle', 'Q&Aサイト', '', '無料ブログ', '', 'TikTok', '', 'Instagram', '', 'エックス', '', 'Facebook', '', 'aim', '投稿ステータス', '投稿日', '記事URL', '投稿ID', '使用サブKW', 'メモ']
2026-04-09 10:27:09 [INFO] [fetch] [キーワード] 候補: 485件（月間検索数 ≥ 0）
2026-04-09 10:27:09 [DEBUG] [dup_check] OK: 「aiボイスレコーダー 文字起こし」
2026-04-09 10:27:09 [INFO] [dup_check] 完了: 選定=1件 / 除外=0件 (pool=50件, 要求=1件)
2026-04-09 10:27:09 [INFO] [select] 1件選定 (要求=1件)
2026-04-09 10:27:09 [INFO] [select]   1. 「aiボイスレコーダー 文字起こし」 vol=480 seo=43 comp=100
2026-04-09 10:27:09 [INFO] [workup-ai] LONGTAIL選定: 1件
2026-04-09 10:27:09 [INFO] [workup-ai] 候補: 485件 / 選定: 1件 / 生成予定: 1件
2026-04-09 10:27:09 [INFO] ────────────────────────────────────────────────────────────
2026-04-09 10:27:09 [INFO] [workup-ai] [1/1] [LONGTAIL] 「aiボイスレコーダー 文字起こし」 vol=480
2026-04-09 10:27:09 [INFO] ────────────────────────────────────────────────────────────
2026-04-09 10:27:09 [INFO] [generate] 生成開始: 「aiボイスレコーダー 文字起こし」(vol:480) fact_check=True
2026-04-09 10:28:53 [INFO] ============================================================
2026-04-09 10:28:53 [INFO] generate_lite.py 開始  dry_run=True
2026-04-09 10:28:53 [INFO] ============================================================
2026-04-09 10:28:54 [INFO] ============================================================
2026-04-09 10:28:54 [INFO] generate_lite.py 開始  dry_run=True
2026-04-09 10:28:54 [INFO] ============================================================
2026-04-09 10:28:54 [INFO] ============================================================
2026-04-09 10:28:54 [INFO] generate_lite.py 開始  dry_run=True
2026-04-09 10:28:54 [INFO] ============================================================
2026-04-09 10:28:54 [INFO] 対象ブログ: ['workup-ai']
2026-04-09 10:28:54 [INFO] 
════════════════════════════════════════════════════════════
2026-04-09 10:28:54 [INFO] ブログ: workup-ai
2026-04-09 10:28:54 [INFO] ════════════════════════════════════════════════════════════
2026-04-09 10:28:54 [INFO]   genre            : AI・副業・転職・キャリア
2026-04-09 10:28:54 [INFO]   fact_check       : True
2026-04-09 10:28:54 [INFO]   article_type_mix : True
2026-04-09 10:28:54 [INFO]   stop_words       : ['おすすめ', '比較', '2026', 'iphone', 'アプリ']
2026-04-09 10:28:54 [INFO]   article_count    : 0  dry_run: True
2026-04-09 10:28:56 [INFO] [wp] 公開済み記事取得: 328件
2026-04-09 10:28:56 [INFO] [workup-ai] 記事タイプ配分: {'longtail': 0, 'trend': 0, 'monetize': 0}  (weights={'longtail': 0.5, 'trend': 0.3, 'monetize': 0.2})
2026-04-09 10:28:57 [DEBUG] [fetch] シート「絞り込みKW」: 485行 / ヘッダー: ['キーワード', 'SEO難易度', '月間検索数', 'CPC（$）', '競合性', 'キーワード', 'allintitle', 'intitle', 'Q&Aサイト', '', '無料ブログ', '', 'TikTok', '', 'Instagram', '', 'エックス', '', 'Facebook', '', 'aim', '投稿ステータス', '投稿日', '記事URL', '投稿ID', '使用サブKW', 'メモ']
2026-04-09 10:28:57 [INFO] [fetch] [キーワード] 候補: 485件（月間検索数 ≥ 0）
2026-04-09 10:28:57 [INFO] [workup-ai] 候補: 485件 / 選定: 0件 / 生成予定: 0件
2026-04-09 10:28:57 [INFO] [workup-ai] 完了: 成功=0件 / 失敗=0件 / 合計=0件
2026-04-09 10:28:57 [INFO] 
============================================================
2026-04-09 10:28:57 [INFO] 【全体サマリー】
2026-04-09 10:28:57 [INFO]   ブログ数  : 1件
2026-04-09 10:28:57 [INFO]   生成件数  : 0件成功 / 0件失敗 / 計0件
2026-04-09 10:28:57 [INFO]   所要時間  : 2.5秒
2026-04-09 10:28:57 [INFO] ============================================================
2026-04-09 10:29:04 [INFO] ============================================================
2026-04-09 10:29:04 [INFO] generate_lite.py 開始  dry_run=True
2026-04-09 10:29:04 [INFO] ============================================================
2026-04-09 10:29:05 [INFO] ============================================================
2026-04-09 10:29:05 [INFO] generate_lite.py 開始  dry_run=True
2026-04-09 10:29:05 [INFO] ============================================================
2026-04-09 10:30:27 [INFO] [generate] 完了: 「AIボイスレコーダー文字起こしおすすめ7選！無料・高精度・リアルタイム対応を比較」
2026-04-09 10:30:27 [INFO] [post] DRY-RUN スキップ: 「AIボイスレコーダー文字起こしおすすめ7選！無料・高精度・リアルタイム対応を比較」
2026-04-09 10:30:27 [INFO] [workup-ai] [1/1] ✅ 完了: 「AIボイスレコーダー文字起こしおすすめ7選！無料・高精度・リアルタイム対応を比較」
2026-04-09 10:30:27 [INFO] [workup-ai] 完了: 成功=1件 / 失敗=0件 / 合計=1件
2026-04-09 10:30:27 [INFO] 
============================================================
2026-04-09 10:30:27 [INFO] 【全体サマリー】
2026-04-09 10:30:27 [INFO]   ブログ数  : 1件
2026-04-09 10:30:27 [INFO]   生成件数  : 1件成功 / 0件失敗 / 計1件
2026-04-09 10:30:27 [INFO]   所要時間  : 202.2秒
2026-04-09 10:30:27 [INFO]   ✅ [workup-ai] aiボイスレコーダー 文字起こし → AIボイスレコーダー文字起こしおすすめ7選！無料・高精度・リアルタイム対応を比較
2026-04-09 10:30:27 [INFO] ============================================================
2026-04-09 10:30:28 [INFO] ============================================================
2026-04-09 10:30:28 [INFO] generate_lite.py 開始  dry_run=True
2026-04-09 10:30:28 [INFO] ============================================================
2026-04-09 10:30:28 [INFO] 対象ブログ: ['workup-ai']
2026-04-09 10:30:28 [INFO] 
════════════════════════════════════════════════════════════
2026-04-09 10:30:28 [INFO] ブログ: workup-ai
2026-04-09 10:30:28 [INFO] ════════════════════════════════════════════════════════════
2026-04-09 10:30:28 [INFO]   genre            : AI・副業・転職・キャリア
2026-04-09 10:30:28 [INFO]   fact_check       : True
2026-04-09 10:30:28 [INFO]   article_type_mix : True
2026-04-09 10:30:28 [INFO]   stop_words       : ['おすすめ', '比較', '2026', 'iphone', 'アプリ']
2026-04-09 10:30:28 [INFO]   article_count    : 1  dry_run: True
2026-04-09 10:30:31 [INFO] [wp] 公開済み記事取得: 328件
2026-04-09 10:30:31 [INFO] [workup-ai] 記事タイプ配分: {'longtail': 1, 'trend': 0, 'monetize': 0}  (weights={'longtail': 0.5, 'trend': 0.3, 'monetize': 0.2})
2026-04-09 10:30:32 [DEBUG] [fetch] シート「絞り込みKW」: 485行 / ヘッダー: ['キーワード', 'SEO難易度', '月間検索数', 'CPC（$）', '競合性', 'キーワード', 'allintitle', 'intitle', 'Q&Aサイト', '', '無料ブログ', '', 'TikTok', '', 'Instagram', '', 'エックス', '', 'Facebook', '', 'aim', '投稿ステータス', '投稿日', '記事URL', '投稿ID', '使用サブKW', 'メモ']
2026-04-09 10:30:32 [INFO] [fetch] [キーワード] 候補: 485件（月間検索数 ≥ 0）
2026-04-09 10:30:32 [DEBUG] [dup_check] OK: 「kamikuno aiボイスレコーダー」
2026-04-09 10:30:32 [INFO] [dup_check] 完了: 選定=1件 / 除外=0件 (pool=50件, 要求=1件)
2026-04-09 10:30:32 [INFO] [select] 1件選定 (要求=1件)
2026-04-09 10:30:32 [INFO] [select]   1. 「kamikuno aiボイスレコーダー」 vol=10 seo=N/A comp=100
2026-04-09 10:30:32 [INFO] [workup-ai] LONGTAIL選定: 1件
2026-04-09 10:30:32 [INFO] [workup-ai] 候補: 485件 / 選定: 1件 / 生成予定: 1件
2026-04-09 10:30:32 [INFO] ────────────────────────────────────────────────────────────
2026-04-09 10:30:32 [INFO] [workup-ai] [1/1] [LONGTAIL] 「kamikuno aiボイスレコーダー」 vol=10
2026-04-09 10:30:32 [INFO] ────────────────────────────────────────────────────────────
2026-04-09 10:30:32 [INFO] [generate] 生成開始: 「kamikuno aiボイスレコーダー」(vol:10) fact_check=True
2026-04-09 10:33:22 [INFO] [generate] 完了: 「kamikuno AIボイスレコーダーの評判・使い方・価格を徹底解説！文字起こし精度も比較」
2026-04-09 10:33:22 [INFO] [post] DRY-RUN スキップ: 「kamikuno AIボイスレコーダーの評判・使い方・価格を徹底解説！文字起こし精度も比較」
2026-04-09 10:33:22 [INFO] [workup-ai] [1/1] ✅ 完了: 「kamikuno AIボイスレコーダーの評判・使い方・価格を徹底解説！文字起こし精度も比較」
2026-04-09 10:33:22 [INFO] [workup-ai] 完了: 成功=1件 / 失敗=0件 / 合計=1件
2026-04-09 10:33:22 [INFO] 
============================================================
2026-04-09 10:33:22 [INFO] 【全体サマリー】
2026-04-09 10:33:22 [INFO]   ブログ数  : 1件
2026-04-09 10:33:22 [INFO]   生成件数  : 1件成功 / 0件失敗 / 計1件
2026-04-09 10:33:22 [INFO]   所要時間  : 173.5秒
2026-04-09 10:33:22 [INFO]   ✅ [workup-ai] kamikuno aiボイスレコーダー → kamikuno AIボイスレコーダーの評判・使い方・価格を徹底解説！文字起こし精度も比較
2026-04-09 10:33:22 [INFO] ============================================================
2026-04-09 10:33:23 [INFO] ============================================================
2026-04-09 10:33:23 [INFO] generate_lite.py 開始  dry_run=True
2026-04-09 10:33:23 [INFO] ============================================================
2026-04-09 10:33:23 [INFO] 対象ブログ: ['workup-ai']
2026-04-09 10:33:23 [INFO] 
════════════════════════════════════════════════════════════
2026-04-09 10:33:23 [INFO] ブログ: workup-ai
2026-04-09 10:33:23 [INFO] ════════════════════════════════════════════════════════════
2026-04-09 10:33:23 [INFO]   genre            : AI・副業・転職・キャリア
2026-04-09 10:33:23 [INFO]   fact_check       : True
2026-04-09 10:33:23 [INFO]   article_type_mix : True
2026-04-09 10:33:23 [INFO]   stop_words       : ['おすすめ', '比較', '2026', 'iphone', 'アプリ']
2026-04-09 10:33:23 [INFO]   article_count    : 1  dry_run: True
2026-04-09 10:33:24 [INFO] [wp] 公開済み記事取得: 328件
2026-04-09 10:33:24 [INFO] [workup-ai] 記事タイプ配分: {'longtail': 1, 'trend': 0, 'monetize': 0}  (weights={'longtail': 0.5, 'trend': 0.3, 'monetize': 0.2})
2026-04-09 10:33:25 [DEBUG] [fetch] シート「絞り込みKW」: 485行 / ヘッダー: ['キーワード', 'SEO難易度', '月間検索数', 'CPC（$）', '競合性', 'キーワード', 'allintitle', 'intitle', 'Q&Aサイト', '', '無料ブログ', '', 'TikTok', '', 'Instagram', '', 'エックス', '', 'Facebook', '', 'aim', '投稿ステータス', '投稿日', '記事URL', '投稿ID', '使用サブKW', 'メモ']
2026-04-09 10:33:25 [INFO] [fetch] [キーワード] 候補: 485件（月間検索数 ≥ 0）
2026-04-09 10:33:25 [DEBUG] [dup_check] OK: 「aiボイスレコーダー 文字起こし」
2026-04-09 10:33:25 [INFO] [dup_check] 完了: 選定=1件 / 除外=0件 (pool=50件, 要求=1件)
2026-04-09 10:33:25 [INFO] [select] 1件選定 (要求=1件)
2026-04-09 10:33:25 [INFO] [select]   1. 「aiボイスレコーダー 文字起こし」 vol=480 seo=43 comp=100
2026-04-09 10:33:25 [INFO] [workup-ai] LONGTAIL選定: 1件
2026-04-09 10:33:25 [INFO] [workup-ai] 候補: 485件 / 選定: 1件 / 生成予定: 1件
2026-04-09 10:33:25 [INFO] ────────────────────────────────────────────────────────────
2026-04-09 10:33:25 [INFO] [workup-ai] [1/1] [LONGTAIL] 「aiボイスレコーダー 文字起こし」 vol=480
2026-04-09 10:33:25 [INFO] ────────────────────────────────────────────────────────────
2026-04-09 10:33:25 [INFO] [generate] 生成開始: 「aiボイスレコーダー 文字起こし」(vol:480) fact_check=True
