2026-04-15 05:00:04 [INFO] ============================================================
2026-04-15 05:00:04 [INFO] generate_lite.py 開始  dry_run=False
2026-04-15 05:00:04 [INFO] ============================================================
2026-04-15 05:00:04 [INFO] 対象ブログ: ['hataraku', 'workup-ai']
2026-04-15 05:00:04 [INFO] 
════════════════════════════════════════════════════════════
2026-04-15 05:00:04 [INFO] === はた楽ナビ (hataraku-navi.com) 処理開始 ===
2026-04-15 05:00:04 [INFO] ════════════════════════════════════════════════════════════
2026-04-15 05:00:04 [INFO]   genre            : 転職・副業・キャリア
2026-04-15 05:00:04 [INFO]   fact_check       : True
2026-04-15 05:00:04 [INFO]   article_type_mix : True
2026-04-15 05:00:04 [INFO]   stop_words       : ['おすすめ', '比較', '2026', 'ランキング']
2026-04-15 05:00:04 [INFO]   article_count    : 1  dry_run: False
2026-04-15 05:00:06 [WARNING] [hataraku] WP記事取得失敗（重複チェックなしで続行）: 400 Client Error: Bad Request for url: https://hataraku-navi.com/wp-json/wp/v2/posts?status=publish%2Cdraft%2Cprivate&_fields=id%2Ctitle%2Cdate%2Cslug%2Cstatus&per_page=100&page=1
2026-04-15 05:00:06 [INFO] [hataraku] 記事タイプ配分: {'longtail': 1, 'trend': 0, 'monetize': 0}  (weights={'longtail': 0.5, 'trend': 0.3, 'monetize': 0.2})
2026-04-15 05:00:09 [DEBUG] [fetch] シート「絞り込みKW」: 34164行 / ヘッダー: ['キーワード', '月間検索数', 'SEO難易度', '競合性']
2026-04-15 05:00:09 [INFO] [fetch] [絞り込みKW] メインKW: 12378件（vol≥30 or N/A）  サブKW: 15220件（vol<30）  テーマ外除外: 1992件
2026-04-15 05:00:09 [INFO] [select] 1件選定 (要求=1件)
2026-04-15 05:00:09 [INFO] [select]   1. 「転職 理由」 vol=22,200 seo=47 comp=16
2026-04-15 05:00:09 [INFO] [hataraku] LONGTAIL選定: 1件
2026-04-15 05:00:09 [INFO] [hataraku] 候補: 12378件 / 選定: 1件 / 生成予定: 1件
2026-04-15 05:00:09 [INFO] [api_guard] 本日の使用量: $0.6348 / ¥95 (12回呼び出し)
2026-04-15 05:00:09 [INFO] ────────────────────────────────────────────────────────────
2026-04-15 05:00:09 [INFO] [hataraku] [1/1] [LONGTAIL] 「転職 理由」 vol=22,200
2026-04-15 05:00:09 [INFO] ────────────────────────────────────────────────────────────
2026-04-15 05:00:09 [INFO] [generate] 生成開始: 「転職 理由」(vol:22,200) fact_check=True target_length=6,000字  サブKW:5件
2026-04-15 05:02:52 [INFO] [generate] 完了: 「転職理由の書き方・面接での伝え方完全ガイド｜例文・ランキング付き」
2026-04-15 05:03:01 [INFO] [post] 画像生成完了: 50,670 bytes
2026-04-15 05:03:15 [INFO] [post] WP投稿完了: ID=9620 → https://workup-ai.com/wp-admin/post.php?post=9620&action=edit
2026-04-15 05:03:15 [INFO] [hataraku] [1/1] ✅ 完了: 「転職理由の書き方・面接での伝え方完全ガイド｜例文・ランキング付き」
2026-04-15 05:03:16 [INFO] [hataraku] 完了: 成功=1件 / 重複スキップ=0件 / 失敗=0件 / 合計=1件
2026-04-15 05:03:16 [INFO] 
════════════════════════════════════════════════════════════
2026-04-15 05:03:16 [INFO] === WorkUp AI (workup-ai.com) 処理開始 ===
2026-04-15 05:03:16 [INFO] ════════════════════════════════════════════════════════════
2026-04-15 05:03:16 [INFO]   genre            : AI・副業・転職・キャリア
2026-04-15 05:03:16 [INFO]   fact_check       : True
2026-04-15 05:03:16 [INFO]   article_type_mix : True
2026-04-15 05:03:16 [INFO]   stop_words       : ['おすすめ', '比較', '2026', 'iphone', 'アプリ']
2026-04-15 05:03:16 [INFO]   article_count    : 1  dry_run: False
2026-04-15 05:03:17 [INFO] [wp] 記事取得: 計367件 (draft=9 / private=6 / publish=352)
2026-04-15 05:03:17 [INFO] [workup-ai] 記事タイプ配分: {'longtail': 1, 'trend': 0, 'monetize': 0}  (weights={'longtail': 0.5, 'trend': 0.3, 'monetize': 0.2})
2026-04-15 05:03:18 [DEBUG] [fetch] シート「絞り込みKW」: 505行 / ヘッダー: ['キーワード', 'SEO難易度', '月間検索数', 'CPC（$）', '競合性', 'キーワード', 'allintitle', 'intitle', 'Q&Aサイト', '', '無料ブログ', '', 'TikTok', '', 'Instagram', '', 'エックス', '', 'Facebook', '', 'aim', '投稿ステータス', '投稿日', '記事URL', '投稿ID', '使用サブKW', 'メモ']
2026-04-15 05:03:18 [INFO] [fetch] [キーワード] メインKW: 128件（vol≥30 or N/A）  サブKW: 176件（vol<30）  テーマ外除外: 125件  aim内訳: [aim:99]
2026-04-15 05:03:18 [DEBUG] [group_pool] グループ数: 70件 → pool: 50件
2026-04-15 05:03:18 [INFO] [dup_check] 優先候補: 52件 {'aim': 52} を先頭評価
2026-04-15 05:03:18 [INFO] [dup_check] 除外: 「plaud note aiボイスレコーダー 無料ai文字起こし&要約機能込み(ケース付き)」 → 直近7日重複: 「PLAUD NOTEレビュー｜AIボイスレコーダーの使い方・価格・機能を徹底解説」
2026-04-15 05:03:18 [INFO] [dup_check] 除外: 「plaud note aiボイスレコーダー iphone」 → コアKW重複: 「PLAUD NOTE AIボイスレコーダーの精度を徹底検証！距離・マイク・英語対」(core: 'plaud note aiボイスレコーダー')
2026-04-15 05:03:18 [DEBUG] [dup_check] OK: 「leaccohome aiボイスレコーダー」
2026-04-15 05:03:18 [INFO] [dup_check] 完了: 選定=1件 / 除外=2件 (pool=102件, 要求=1件)
2026-04-15 05:03:18 [INFO] [select] 1件選定 (要求=1件)
2026-04-15 05:03:18 [INFO] [select]   1. 「leaccohome aiボイスレコーダー」 vol=0 seo=N/A comp=N/A
2026-04-15 05:03:18 [INFO] [workup-ai] LONGTAIL選定: 1件
2026-04-15 05:03:18 [INFO] [workup-ai] 候補: 128件 / 選定: 1件 / 生成予定: 1件
2026-04-15 05:03:18 [INFO] [api_guard] 本日の使用量: $0.8005 / ¥120 (15回呼び出し)
2026-04-15 05:03:18 [INFO] ────────────────────────────────────────────────────────────
2026-04-15 05:03:18 [INFO] [workup-ai] [1/1] [LONGTAIL] 「leaccohome aiボイスレコーダー」 vol=0 ★AIM
2026-04-15 05:03:18 [INFO] ────────────────────────────────────────────────────────────
2026-04-15 05:03:18 [INFO] [generate] 生成開始: 「leaccohome aiボイスレコーダー」(vol:0) fact_check=True target_length=6,000字
2026-04-15 05:05:41 [INFO] [generate] 完了: 「leaccoHome AIボイスレコーダーの評判・機能を徹底レビュー！文字起こし精度や価格・使い方まで解説」
2026-04-15 05:05:41 [WARNING] [workup-ai] [1/1] ⏭️ 重複スキップ: タイトル重複のため投稿スキップ: 「leaccoHome AIボイスレコーダーの評判・機能を徹底レビュー！」≈「Chime Note Pro AIボイスレコーダーの評判・使い方・機能」
2026-04-15 05:05:41 [INFO] [workup-ai] 完了: 成功=0件 / 重複スキップ=1件 / 失敗=0件 / 合計=1件
2026-04-15 05:05:41 [INFO] 
============================================================
2026-04-15 05:05:41 [INFO] 【全体サマリー】
2026-04-15 05:05:41 [INFO]   ブログ数  : 2件
2026-04-15 05:05:41 [INFO]   生成件数  : 1件成功 / 0件失敗 / 計2件
2026-04-15 05:05:41 [INFO]   所要時間  : 337.2秒
2026-04-15 05:05:41 [INFO]   ✅ [hataraku] 転職 理由 → 転職理由の書き方・面接での伝え方完全ガイド｜例文・ランキング付き
2026-04-15 05:05:41 [INFO]        https://workup-ai.com/wp-admin/post.php?post=9620&action=edit
2026-04-15 05:05:41 [INFO]   ❌ [workup-ai] leaccohome aiボイスレコーダー → (生成失敗)
2026-04-15 05:05:41 [INFO] ============================================================
