2026-04-13 05:00:04 [INFO] ============================================================
2026-04-13 05:00:04 [INFO] generate_lite.py 開始  dry_run=False
2026-04-13 05:00:04 [INFO] ============================================================
2026-04-13 05:00:04 [INFO] 対象ブログ: ['hataraku', 'workup-ai']
2026-04-13 05:00:04 [INFO] 
════════════════════════════════════════════════════════════
2026-04-13 05:00:04 [INFO] === はた楽ナビ (hataraku-navi.com) 処理開始 ===
2026-04-13 05:00:04 [INFO] ════════════════════════════════════════════════════════════
2026-04-13 05:00:04 [INFO]   genre            : 転職・副業・キャリア
2026-04-13 05:00:04 [INFO]   fact_check       : True
2026-04-13 05:00:04 [INFO]   article_type_mix : True
2026-04-13 05:00:04 [INFO]   stop_words       : ['おすすめ', '比較', '2026', 'ランキング']
2026-04-13 05:00:04 [INFO]   article_count    : 1  dry_run: False
2026-04-13 05:00:05 [WARNING] [hataraku] WP記事取得失敗（重複チェックなしで続行）: 400 Client Error: Bad Request for url: https://hataraku-navi.com/wp-json/wp/v2/posts?status=publish%2Cdraft%2Cprivate&_fields=id%2Ctitle%2Cdate%2Cslug%2Cstatus&per_page=100&page=1
2026-04-13 05:00:05 [INFO] [hataraku] 記事タイプ配分: {'longtail': 1, 'trend': 0, 'monetize': 0}  (weights={'longtail': 0.5, 'trend': 0.3, 'monetize': 0.2})
2026-04-13 05:00:09 [DEBUG] [fetch] シート「絞り込みKW」: 34164行 / ヘッダー: ['キーワード', '月間検索数', 'SEO難易度', '競合性']
2026-04-13 05:00:09 [INFO] [fetch] [絞り込みKW] メインKW: 12378件（vol≥30 or N/A）  サブKW: 15220件（vol<30）  テーマ外除外: 1992件
2026-04-13 05:00:09 [INFO] [select] 1件選定 (要求=1件)
2026-04-13 05:00:09 [INFO] [select]   1. 「仕事 猫」 vol=22,200 seo=25 comp=22
2026-04-13 05:00:09 [INFO] [hataraku] LONGTAIL選定: 1件
2026-04-13 05:00:09 [INFO] [hataraku] 候補: 12378件 / 選定: 1件 / 生成予定: 1件
2026-04-13 05:00:09 [INFO] [api_guard] 本日の使用量: $0.6665 / ¥100 (12回呼び出し)
2026-04-13 05:00:09 [INFO] ────────────────────────────────────────────────────────────
2026-04-13 05:00:09 [INFO] [hataraku] [1/1] [LONGTAIL] 「仕事 猫」 vol=22,200
2026-04-13 05:00:09 [INFO] ────────────────────────────────────────────────────────────
2026-04-13 05:00:09 [INFO] [generate] 生成開始: 「仕事 猫」(vol:22,200) fact_check=True target_length=6,000字  サブKW:12件
2026-04-13 05:02:32 [INFO] [generate] 完了: 「仕事と猫の両立を叶える！在宅勤務で生産性を上げる7つのコツ」
2026-04-13 05:02:42 [INFO] [post] 画像生成完了: 81,087 bytes
2026-04-13 05:03:13 [INFO] [post] WP投稿完了: ID=9591 → https://workup-ai.com/wp-admin/post.php?post=9591&action=edit
2026-04-13 05:03:13 [INFO] [hataraku] [1/1] ✅ 完了: 「仕事と猫の両立を叶える！在宅勤務で生産性を上げる7つのコツ」
2026-04-13 05:03:13 [INFO] [hataraku] 完了: 成功=1件 / 重複スキップ=0件 / 失敗=0件 / 合計=1件
2026-04-13 05:03:13 [INFO] 
════════════════════════════════════════════════════════════
2026-04-13 05:03:13 [INFO] === WorkUp AI (workup-ai.com) 処理開始 ===
2026-04-13 05:03:13 [INFO] ════════════════════════════════════════════════════════════
2026-04-13 05:03:13 [INFO]   genre            : AI・副業・転職・キャリア
2026-04-13 05:03:13 [INFO]   fact_check       : True
2026-04-13 05:03:13 [INFO]   article_type_mix : True
2026-04-13 05:03:13 [INFO]   stop_words       : ['おすすめ', '比較', '2026', 'iphone', 'アプリ']
2026-04-13 05:03:13 [INFO]   article_count    : 1  dry_run: False
2026-04-13 05:03:14 [INFO] [wp] 記事取得: 計355件 (draft=4 / private=6 / publish=345)
2026-04-13 05:03:14 [INFO] [workup-ai] 記事タイプ配分: {'longtail': 1, 'trend': 0, 'monetize': 0}  (weights={'longtail': 0.5, 'trend': 0.3, 'monetize': 0.2})
2026-04-13 05:03:15 [DEBUG] [fetch] シート「絞り込みKW」: 505行 / ヘッダー: ['キーワード', 'SEO難易度', '月間検索数', 'CPC（$）', '競合性', 'キーワード', 'allintitle', 'intitle', 'Q&Aサイト', '', '無料ブログ', '', 'TikTok', '', 'Instagram', '', 'エックス', '', 'Facebook', '', 'aim', '投稿ステータス', '投稿日', '記事URL', '投稿ID', '使用サブKW', 'メモ']
2026-04-13 05:03:15 [INFO] [fetch] [キーワード] メインKW: 130件（vol≥30 or N/A）  サブKW: 176件（vol<30）  テーマ外除外: 125件  aim内訳: [future:1, aim:100]
2026-04-13 05:03:15 [DEBUG] [group_pool] グループ数: 70件 → pool: 50件
2026-04-13 05:03:15 [INFO] [dup_check] 優先候補: 54件 {'future': 1, 'aim': 53} を先頭評価
2026-04-13 05:03:15 [DEBUG] [dup_check] OK: 「AIツール 無料だけでできる？」
2026-04-13 05:03:15 [INFO] [dup_check] 完了: 選定=1件 / 除外=0件 (pool=104件, 要求=1件)
2026-04-13 05:03:15 [INFO] [select] 1件選定 (要求=1件)
2026-04-13 05:03:15 [INFO] [select]   1. 「AIツール 無料だけでできる？」 vol=0 seo=N/A comp=N/A
2026-04-13 05:03:15 [INFO] [workup-ai] LONGTAIL選定: 1件
2026-04-13 05:03:15 [INFO] [workup-ai] 候補: 130件 / 選定: 1件 / 生成予定: 1件
2026-04-13 05:03:15 [INFO] [api_guard] 本日の使用量: $0.8274 / ¥124 (15回呼び出し)
2026-04-13 05:03:15 [INFO] ────────────────────────────────────────────────────────────
2026-04-13 05:03:15 [INFO] [workup-ai] [1/1] [LONGTAIL] 「AIツール 無料だけでできる？」 vol=0 ★FUTURE
2026-04-13 05:03:15 [INFO] ────────────────────────────────────────────────────────────
2026-04-13 05:03:15 [INFO] [generate] 生成開始: 「AIツール 無料だけでできる？」(vol:0) fact_check=True target_length=6,000字
2026-04-13 05:05:38 [INFO] [generate] 完了: 「AIツールは無料だけで使える？できる範囲と限界を徹底解説」
2026-04-13 05:05:48 [INFO] [post] 画像生成完了: 57,143 bytes
2026-04-13 05:05:55 [INFO] [post] WP投稿完了: ID=9593 → https://workup-ai.com/wp-admin/post.php?post=9593&action=edit
2026-04-13 05:05:55 [INFO] [workup-ai] [1/1] ✅ 完了: 「AIツールは無料だけで使える？できる範囲と限界を徹底解説」
2026-04-13 05:05:55 [INFO] [workup-ai] 完了: 成功=1件 / 重複スキップ=0件 / 失敗=0件 / 合計=1件
2026-04-13 05:05:55 [INFO] 
============================================================
2026-04-13 05:05:55 [INFO] 【全体サマリー】
2026-04-13 05:05:55 [INFO]   ブログ数  : 2件
2026-04-13 05:05:55 [INFO]   生成件数  : 2件成功 / 0件失敗 / 計2件
2026-04-13 05:05:55 [INFO]   所要時間  : 351.9秒
2026-04-13 05:05:55 [INFO]   ✅ [hataraku] 仕事 猫 → 仕事と猫の両立を叶える！在宅勤務で生産性を上げる7つのコツ
2026-04-13 05:05:55 [INFO]        https://workup-ai.com/wp-admin/post.php?post=9591&action=edit
2026-04-13 05:05:55 [INFO]   ✅ [workup-ai] AIツール 無料だけでできる？ → AIツールは無料だけで使える？できる範囲と限界を徹底解説
2026-04-13 05:05:55 [INFO]        https://workup-ai.com/wp-admin/post.php?post=9593&action=edit
2026-04-13 05:05:55 [INFO] ============================================================
