2026-04-17 00:26:34 [INFO] ============================================================
2026-04-17 00:26:34 [INFO] generate_lite.py 開始  dry_run=False
2026-04-17 00:26:34 [INFO] ============================================================
2026-04-17 00:26:34 [INFO] 対象ブログ: ['hataraku', 'workup-ai']
2026-04-17 00:26:34 [INFO] 
════════════════════════════════════════════════════════════
2026-04-17 00:26:34 [INFO] === はた楽ナビ (hataraku-navi.com) 処理開始 ===
2026-04-17 00:26:34 [INFO] ════════════════════════════════════════════════════════════
2026-04-17 00:26:34 [INFO]   genre            : 転職・副業・キャリア
2026-04-17 00:26:34 [INFO]   fact_check       : True
2026-04-17 00:26:34 [INFO]   article_type_mix : True
2026-04-17 00:26:34 [INFO]   stop_words       : ['おすすめ', '比較', '2026', 'ランキング']
2026-04-17 00:26:34 [INFO]   article_count    : 1  dry_run: False
2026-04-17 00:26:34 [INFO] [wp] 記事取得: 計0件 ()
2026-04-17 00:26:34 [INFO] [hataraku] 記事タイプ配分: {'longtail': 1, 'trend': 0, 'monetize': 0}  (weights={'longtail': 0.5, 'trend': 0.3, 'monetize': 0.2})
2026-04-17 00:26:41 [DEBUG] [fetch] シート「絞り込みKW」: 34164行 / ヘッダー: ['キーワード', '月間検索数', 'SEO難易度', '競合性']
2026-04-17 00:26:41 [INFO] [fetch] [絞り込みKW] メインKW: 12378件（vol≥30 or N/A）  サブKW: 15220件（vol<30）  テーマ外除外: 1992件
2026-04-17 00:26:41 [DEBUG] [group_pool] グループ数: 12284件 → pool: 50件
2026-04-17 00:26:41 [DEBUG] [dup_check] OK: 「転職 事務 志望動機」
2026-04-17 00:26:41 [INFO] [dup_check] 完了: 選定=1件 / 除外=0件 (pool=50件, 要求=1件)
2026-04-17 00:26:41 [INFO] [select] 1件選定 (要求=1件)
2026-04-17 00:26:41 [INFO] [select]   1. 「転職 事務 志望動機」 vol=390 seo=38 comp=26
2026-04-17 00:26:41 [INFO] [hataraku] LONGTAIL選定: 1件
2026-04-17 00:26:41 [INFO] [hataraku] 候補: 12378件 / 選定: 1件 / 生成予定: 1件
2026-04-17 00:26:41 [INFO] [api_guard] 本日の使用量: $0.3233 / ¥48 (6回呼び出し)
2026-04-17 00:26:41 [INFO] ────────────────────────────────────────────────────────────
2026-04-17 00:26:41 [INFO] [hataraku] [1/1] [LONGTAIL] 「転職 事務 志望動機」 vol=390
2026-04-17 00:26:41 [INFO] ────────────────────────────────────────────────────────────
2026-04-17 00:26:41 [INFO] [generate] 生成開始: 「転職 事務 志望動機」(vol:390) fact_check=True target_length=6,000字
2026-04-17 00:29:10 [INFO] [generate] 完了: 「転職で事務の志望動機を書くコツ7選！未経験・例文・NG例まで徹底解説」
2026-04-17 00:29:19 [INFO] [post] 画像生成完了: 58,511 bytes
2026-04-17 00:30:15 [INFO] [post] WP投稿完了: ID=242 → https://hataraku-navi.com/wp-admin/post.php?post=242&action=edit
2026-04-17 00:30:15 [INFO] [hataraku] [1/1] ✅ 完了: 「転職で事務の志望動機を書くコツ7選！未経験・例文・NG例まで徹底解説」
2026-04-17 00:30:15 [INFO] [hataraku] 完了: 成功=1件 / 重複スキップ=0件 / 失敗=0件 / 合計=1件
2026-04-17 00:30:15 [INFO] 
════════════════════════════════════════════════════════════
2026-04-17 00:30:15 [INFO] === WorkUp AI (workup-ai.com) 処理開始 ===
2026-04-17 00:30:15 [INFO] ════════════════════════════════════════════════════════════
2026-04-17 00:30:15 [INFO]   genre            : AI・副業・転職・キャリア
2026-04-17 00:30:15 [INFO]   fact_check       : True
2026-04-17 00:30:15 [INFO]   article_type_mix : True
2026-04-17 00:30:15 [INFO]   stop_words       : ['おすすめ', '比較', '2026', 'iphone', 'アプリ']
2026-04-17 00:30:15 [INFO]   article_count    : 1  dry_run: False
2026-04-17 00:30:17 [INFO] [wp] 記事取得: 計370件 (draft=11 / private=6 / publish=353)
2026-04-17 00:30:17 [INFO] [workup-ai] 記事タイプ配分: {'longtail': 1, 'trend': 0, 'monetize': 0}  (weights={'longtail': 0.5, 'trend': 0.3, 'monetize': 0.2})
2026-04-17 00:30:19 [DEBUG] [fetch] シート「絞り込みKW」: 505行 / ヘッダー: ['キーワード', 'SEO難易度', '月間検索数', 'CPC（$）', '競合性', 'キーワード', 'allintitle', 'intitle', 'Q&Aサイト', '', '無料ブログ', '', 'TikTok', '', 'Instagram', '', 'エックス', '', 'Facebook', '', 'aim', '投稿ステータス', '投稿日', '記事URL', '投稿ID', '使用サブKW', 'メモ']
2026-04-17 00:30:19 [INFO] [fetch] [キーワード] メインKW: 126件（vol≥30 or N/A）  サブKW: 176件（vol<30）  テーマ外除外: 125件  aim内訳: [aim:97]
2026-04-17 00:30:19 [DEBUG] [group_pool] グループ数: 70件 → pool: 50件
2026-04-17 00:30:19 [INFO] [dup_check] 優先候補: 50件 {'aim': 50} を先頭評価
2026-04-17 00:30:19 [DEBUG] [dup_check] OK: 「plaud note aiボイスレコーダー 無料ai文字起こし&要約機能込み(ケース付き)」
2026-04-17 00:30:19 [INFO] [dup_check] 完了: 選定=1件 / 除外=0件 (pool=100件, 要求=1件)
2026-04-17 00:30:19 [INFO] [select] 1件選定 (要求=1件)
2026-04-17 00:30:19 [INFO] [select]   1. 「plaud note aiボイスレコーダー 無料ai文字起こし&要約機能込み(ケース付き)」 vol=0 seo=N/A comp=N/A
2026-04-17 00:30:19 [INFO] [workup-ai] LONGTAIL選定: 1件
2026-04-17 00:30:19 [INFO] [workup-ai] 候補: 126件 / 選定: 1件 / 生成予定: 1件
2026-04-17 00:30:19 [INFO] [api_guard] 本日の使用量: $0.4928 / ¥74 (9回呼び出し)
2026-04-17 00:30:19 [INFO] ────────────────────────────────────────────────────────────
2026-04-17 00:30:19 [INFO] [workup-ai] [1/1] [LONGTAIL] 「plaud note aiボイスレコーダー 無料ai文字起こし&要約機能込み(ケース付き)」 vol=0 ★AIM
2026-04-17 00:30:19 [INFO] ────────────────────────────────────────────────────────────
2026-04-17 00:30:19 [INFO] [generate] 生成開始: 「plaud note aiボイスレコーダー 無料ai文字起こし&要約機能込み(ケース付き)」(vol:0) fact_check=True target_length=6,000字
2026-04-17 00:32:58 [INFO] [generate] 完了: 「PLAUD NOTE AIボイスレコーダーの実力は？無料AI文字起こし＆要約機能をケース付きで徹底解説」
2026-04-17 00:32:58 [WARNING] [workup-ai] [1/1] ⏭️ 重複スキップ: タイトル重複のため投稿スキップ: 「PLAUD NOTE AIボイスレコーダーの実力は？無料AI文字起こし」≈「PLAUD NOTE AIボイスレコーダーの文字起こし精度を徹底検証！」
2026-04-17 00:32:58 [INFO] [workup-ai] 完了: 成功=0件 / 重複スキップ=1件 / 失敗=0件 / 合計=1件
2026-04-17 00:32:58 [INFO] 
============================================================
2026-04-17 00:32:58 [INFO] 【全体サマリー】
2026-04-17 00:32:58 [INFO]   ブログ数  : 2件
2026-04-17 00:32:58 [INFO]   生成件数  : 1件成功 / 0件失敗 / 計2件
2026-04-17 00:32:58 [INFO]   所要時間  : 384.5秒
2026-04-17 00:32:58 [INFO]   ✅ [hataraku] 転職 事務 志望動機 → 転職で事務の志望動機を書くコツ7選！未経験・例文・NG例まで徹底解説
2026-04-17 00:32:58 [INFO]        https://hataraku-navi.com/wp-admin/post.php?post=242&action=edit
2026-04-17 00:32:58 [INFO]   ❌ [workup-ai] plaud note aiボイスレコーダー 無料ai文字起こし&要約機能込み(ケース付き) → (生成失敗)
2026-04-17 00:32:58 [INFO] ============================================================
2026-04-17 00:50:42 [INFO] ============================================================
2026-04-17 00:50:42 [INFO] generate_lite.py 開始  dry_run=False
2026-04-17 00:50:42 [INFO] ============================================================
2026-04-17 00:50:42 [INFO] 対象ブログ: ['workup-ai']
2026-04-17 00:50:42 [INFO] 
════════════════════════════════════════════════════════════
2026-04-17 00:50:42 [INFO] === WorkUp AI (workup-ai.com) 処理開始 ===
2026-04-17 00:50:42 [INFO] ════════════════════════════════════════════════════════════
2026-04-17 00:50:42 [INFO]   genre            : AI・副業・転職・キャリア
2026-04-17 00:50:42 [INFO]   fact_check       : True
2026-04-17 00:50:42 [INFO]   article_type_mix : True
2026-04-17 00:50:42 [INFO]   stop_words       : ['おすすめ', '比較', '2026', 'iphone', 'アプリ']
2026-04-17 00:50:42 [INFO]   article_count    : 1  dry_run: False
2026-04-17 00:50:44 [INFO] [wp] 記事取得: 計370件 (draft=11 / private=6 / publish=353)
2026-04-17 00:50:44 [INFO] [workup-ai] 記事タイプ配分: {'longtail': 1, 'trend': 0, 'monetize': 0}  (weights={'longtail': 0.5, 'trend': 0.3, 'monetize': 0.2})
2026-04-17 00:50:47 [DEBUG] [fetch] シート「絞り込みKW」: 505行 / ヘッダー: ['キーワード', 'SEO難易度', '月間検索数', 'CPC（$）', '競合性', 'キーワード', 'allintitle', 'intitle', 'Q&Aサイト', '', '無料ブログ', '', 'TikTok', '', 'Instagram', '', 'エックス', '', 'Facebook', '', 'aim', '投稿ステータス', '投稿日', '記事URL', '投稿ID', '使用サブKW', 'メモ']
2026-04-17 00:50:47 [INFO] [fetch] [キーワード] メインKW: 126件（vol≥30 or N/A）  サブKW: 176件（vol<30）  テーマ外除外: 125件  aim内訳: [aim:97]
2026-04-17 00:50:47 [DEBUG] [group_pool] グループ数: 70件 → pool: 50件
2026-04-17 00:50:47 [INFO] [dup_check] 優先候補: 50件 {'aim': 50} を先頭評価
2026-04-17 00:50:47 [DEBUG] [dup_check] OK: 「plaud note aiボイスレコーダー 無料ai文字起こし&要約機能込み(ケース付き)」
2026-04-17 00:50:47 [INFO] [dup_check] 完了: 選定=1件 / 除外=0件 (pool=100件, 要求=1件)
2026-04-17 00:50:47 [INFO] [select] 1件選定 (要求=1件)
2026-04-17 00:50:47 [INFO] [select]   1. 「plaud note aiボイスレコーダー 無料ai文字起こし&要約機能込み(ケース付き)」 vol=0 seo=N/A comp=N/A
2026-04-17 00:50:47 [INFO] [workup-ai] LONGTAIL選定: 1件
2026-04-17 00:50:47 [INFO] [workup-ai] 候補: 126件 / 選定: 1件 / 生成予定: 1件
2026-04-17 00:50:47 [INFO] [api_guard] 本日の使用量: $0.6743 / ¥101 (12回呼び出し)
2026-04-17 00:50:47 [INFO] ────────────────────────────────────────────────────────────
2026-04-17 00:50:47 [INFO] [workup-ai] [1/1] [LONGTAIL] 「plaud note aiボイスレコーダー 無料ai文字起こし&要約機能込み(ケース付き)」 vol=0 ★AIM
2026-04-17 00:50:47 [INFO] ────────────────────────────────────────────────────────────
2026-04-17 00:50:47 [INFO] [generate] 生成開始: 「plaud note aiボイスレコーダー 無料ai文字起こし&要約機能込み(ケース付き)」(vol:0) fact_check=True target_length=6,000字
2026-04-17 00:53:40 [INFO] [generate] 完了: 「PLAUD NOTE AIボイスレコーダーの評判・使い方・価格を徹底解説！文字起こし＆要約機能付きケースセットの実力とは」
2026-04-17 00:53:40 [WARNING] [workup-ai] [1/1] ⏭️ 重複スキップ: タイトル重複のため投稿スキップ: 「PLAUD NOTE AIボイスレコーダーの評判・使い方・価格を徹底解」≈「PLAUD NOTEレビュー｜AIボイスレコーダーの使い方・価格・機能」
2026-04-17 00:53:40 [INFO] [workup-ai] 完了: 成功=0件 / 重複スキップ=1件 / 失敗=0件 / 合計=1件
2026-04-17 00:53:40 [INFO] 
============================================================
2026-04-17 00:53:40 [INFO] 【全体サマリー】
2026-04-17 00:53:40 [INFO]   ブログ数  : 1件
2026-04-17 00:53:40 [INFO]   生成件数  : 0件成功 / 0件失敗 / 計1件
2026-04-17 00:53:40 [INFO]   所要時間  : 177.4秒
2026-04-17 00:53:40 [INFO]   ❌ [workup-ai] plaud note aiボイスレコーダー 無料ai文字起こし&要約機能込み(ケース付き) → (生成失敗)
2026-04-17 00:53:40 [INFO] ============================================================
2026-04-17 01:25:51 [INFO] ============================================================
2026-04-17 01:25:51 [INFO] generate_lite.py 開始  dry_run=False
2026-04-17 01:25:51 [INFO] ============================================================
2026-04-17 01:25:51 [INFO] 対象ブログ: ['workup-ai']
2026-04-17 01:25:51 [INFO] 
════════════════════════════════════════════════════════════
2026-04-17 01:25:51 [INFO] === WorkUp AI (workup-ai.com) 処理開始 ===
2026-04-17 01:25:51 [INFO] ════════════════════════════════════════════════════════════
2026-04-17 01:25:51 [INFO]   genre            : AI・副業・転職・キャリア
2026-04-17 01:25:51 [INFO]   fact_check       : True
2026-04-17 01:25:51 [INFO]   article_type_mix : True
2026-04-17 01:25:51 [INFO]   stop_words       : ['おすすめ', '比較', '2026', 'iphone', 'アプリ']
2026-04-17 01:25:51 [INFO]   article_count    : 1  dry_run: False
2026-04-17 01:25:53 [INFO] [wp] 記事取得: 計370件 (draft=11 / private=6 / publish=353)
2026-04-17 01:25:53 [INFO] [workup-ai] 記事タイプ配分: {'longtail': 1, 'trend': 0, 'monetize': 0}  (weights={'longtail': 0.5, 'trend': 0.3, 'monetize': 0.2})
2026-04-17 01:25:56 [DEBUG] [fetch] シート「絞り込みKW」: 505行 / ヘッダー: ['キーワード', 'SEO難易度', '月間検索数', 'CPC（$）', '競合性', 'キーワード', 'allintitle', 'intitle', 'Q&Aサイト', '', '無料ブログ', '', 'TikTok', '', 'Instagram', '', 'エックス', '', 'Facebook', '', 'aim', '投稿ステータス', '投稿日', '記事URL', '投稿ID', '使用サブKW', 'メモ']
2026-04-17 01:25:56 [INFO] [fetch] [キーワード] メインKW: 126件（vol≥30 or N/A）  サブKW: 176件（vol<30）  テーマ外除外: 125件  aim内訳: [aim:97]
2026-04-17 01:25:56 [DEBUG] [group_pool] グループ数: 70件 → pool: 50件
2026-04-17 01:25:56 [INFO] [dup_check] 優先候補: 50件 {'aim': 50} を先頭評価
2026-04-17 01:25:56 [DEBUG] [dup_check] OK: 「plaud note aiボイスレコーダー 無料ai文字起こし&要約機能込み(ケース付き)」
2026-04-17 01:25:56 [INFO] [dup_check] 完了: 選定=1件 / 除外=0件 (pool=100件, 要求=1件)
2026-04-17 01:25:56 [INFO] [select] 1件選定 (要求=1件)
2026-04-17 01:25:56 [INFO] [select]   1. 「plaud note aiボイスレコーダー 無料ai文字起こし&要約機能込み(ケース付き)」 vol=0 seo=N/A comp=N/A
2026-04-17 01:25:56 [INFO] [workup-ai] LONGTAIL選定: 1件
2026-04-17 01:25:56 [INFO] [workup-ai] 候補: 126件 / 選定: 1件 / 生成予定: 1件
2026-04-17 01:25:56 [INFO] [api_guard] 本日の使用量: $0.8480 / ¥127 (15回呼び出し)
2026-04-17 01:25:56 [INFO] ────────────────────────────────────────────────────────────
2026-04-17 01:25:56 [INFO] [workup-ai] [1/1] [LONGTAIL] 「plaud note aiボイスレコーダー 無料ai文字起こし&要約機能込み(ケース付き)」 vol=0 ★AIM
2026-04-17 01:25:56 [INFO] ────────────────────────────────────────────────────────────
2026-04-17 01:25:56 [INFO] [generate] 生成開始: 「plaud note aiボイスレコーダー 無料ai文字起こし&要約機能込み(ケース付き)」(vol:0) fact_check=True target_length=6,000字
2026-04-17 01:28:11 [INFO] [generate] 完了: 「PLAUD NOTE AIボイスレコーダー徹底レビュー！無料AI文字起こし・要約機能＆ケース付きの実力を検証」
2026-04-17 01:28:11 [WARNING] [workup-ai] [1/1] ⏭️ 重複スキップ: タイトル重複のため投稿スキップ: 「PLAUD NOTE AIボイスレコーダー徹底レビュー！無料AI文字起」≈「PLAUD NOTE AIボイスレコーダーの文字起こし精度を徹底検証！」
2026-04-17 01:28:11 [INFO] [workup-ai] 完了: 成功=0件 / 重複スキップ=1件 / 失敗=0件 / 合計=1件
2026-04-17 01:28:11 [INFO] 
============================================================
2026-04-17 01:28:11 [INFO] 【全体サマリー】
2026-04-17 01:28:11 [INFO]   ブログ数  : 1件
2026-04-17 01:28:11 [INFO]   生成件数  : 0件成功 / 0件失敗 / 計1件
2026-04-17 01:28:11 [INFO]   所要時間  : 139.7秒
2026-04-17 01:28:11 [INFO]   ❌ [workup-ai] plaud note aiボイスレコーダー 無料ai文字起こし&要約機能込み(ケース付き) → (生成失敗)
2026-04-17 01:28:11 [INFO] ============================================================
2026-04-17 02:11:12 [INFO] ============================================================
2026-04-17 02:11:12 [INFO] generate_lite.py 開始  dry_run=False
2026-04-17 02:11:12 [INFO] ============================================================
2026-04-17 02:11:12 [INFO] 対象ブログ: ['workup-ai']
2026-04-17 02:11:12 [INFO] 
════════════════════════════════════════════════════════════
2026-04-17 02:11:12 [INFO] === WorkUp AI (workup-ai.com) 処理開始 ===
2026-04-17 02:11:12 [INFO] ════════════════════════════════════════════════════════════
2026-04-17 02:11:12 [INFO]   genre            : AI・副業・転職・キャリア
2026-04-17 02:11:12 [INFO]   fact_check       : True
2026-04-17 02:11:12 [INFO]   article_type_mix : True
2026-04-17 02:11:12 [INFO]   stop_words       : ['おすすめ', '比較', '2026', 'iphone', 'アプリ']
2026-04-17 02:11:12 [INFO]   article_count    : 1  dry_run: False
2026-04-17 02:11:14 [INFO] [wp] 記事取得: 計370件 (draft=11 / private=6 / publish=353)
2026-04-17 02:11:14 [INFO] [workup-ai] 記事タイプ配分: {'longtail': 1, 'trend': 0, 'monetize': 0}  (weights={'longtail': 0.5, 'trend': 0.3, 'monetize': 0.2})
2026-04-17 02:11:16 [DEBUG] [fetch] シート「絞り込みKW」: 505行 / ヘッダー: ['キーワード', 'SEO難易度', '月間検索数', 'CPC（$）', '競合性', 'キーワード', 'allintitle', 'intitle', 'Q&Aサイト', '', '無料ブログ', '', 'TikTok', '', 'Instagram', '', 'エックス', '', 'Facebook', '', 'aim', '投稿ステータス', '投稿日', '記事URL', '投稿ID', '使用サブKW', 'メモ']
2026-04-17 02:11:16 [INFO] [fetch] [キーワード] メインKW: 126件（vol≥30 or N/A）  サブKW: 176件（vol<30）  テーマ外除外: 125件  aim内訳: [aim:97]
2026-04-17 02:11:16 [DEBUG] [group_pool] グループ数: 70件 → pool: 50件
2026-04-17 02:11:16 [INFO] [dup_check] 優先候補: 50件 {'aim': 50} を先頭評価
2026-04-17 02:11:16 [DEBUG] [dup_check] OK: 「plaud note aiボイスレコーダー 無料ai文字起こし&要約機能込み(ケース付き)」
2026-04-17 02:11:16 [INFO] [dup_check] 完了: 選定=1件 / 除外=0件 (pool=100件, 要求=1件)
2026-04-17 02:11:16 [INFO] [select] 1件選定 (要求=1件)
2026-04-17 02:11:16 [INFO] [select]   1. 「plaud note aiボイスレコーダー 無料ai文字起こし&要約機能込み(ケース付き)」 vol=0 seo=N/A comp=N/A
2026-04-17 02:11:16 [INFO] [workup-ai] LONGTAIL選定: 1件
2026-04-17 02:11:16 [INFO] [workup-ai] 候補: 126件 / 選定: 1件 / 生成予定: 1件
2026-04-17 02:11:16 [INFO] [api_guard] 本日の使用量: $1.0115 / ¥152 (18回呼び出し)
2026-04-17 02:11:16 [INFO] ────────────────────────────────────────────────────────────
2026-04-17 02:11:16 [INFO] [workup-ai] [1/1] [LONGTAIL] 「plaud note aiボイスレコーダー 無料ai文字起こし&要約機能込み(ケース付き)」 vol=0 ★AIM
2026-04-17 02:11:16 [INFO] ────────────────────────────────────────────────────────────
2026-04-17 02:11:16 [INFO] [generate] 生成開始: 「plaud note aiボイスレコーダー 無料ai文字起こし&要約機能込み(ケース付き)」(vol:0) fact_check=True target_length=6,000字
2026-04-17 02:13:33 [INFO] [generate] 完了: 「PLAUD NOTE AIボイスレコーダーを徹底レビュー！無料文字起こし＆要約の精度は？」
2026-04-17 02:13:33 [WARNING] [workup-ai] [1/1] ⏭️ 重複スキップ: タイトル重複のため投稿スキップ: 「PLAUD NOTE AIボイスレコーダーを徹底レビュー！無料文字起こ」≈「PLAUD NOTEレビュー｜AIボイスレコーダーの使い方・価格・機能」
2026-04-17 02:13:37 [INFO] [workup-ai] 完了: 成功=0件 / 重複スキップ=1件 / 失敗=0件 / 合計=1件
2026-04-17 02:13:37 [INFO] 
============================================================
2026-04-17 02:13:37 [INFO] 【全体サマリー】
2026-04-17 02:13:37 [INFO]   ブログ数  : 1件
2026-04-17 02:13:37 [INFO]   生成件数  : 0件成功 / 0件失敗 / 計1件
2026-04-17 02:13:37 [INFO]   所要時間  : 145.1秒
2026-04-17 02:13:37 [INFO]   ❌ [workup-ai] plaud note aiボイスレコーダー 無料ai文字起こし&要約機能込み(ケース付き) → (生成失敗)
2026-04-17 02:13:37 [INFO] ============================================================
2026-04-17 02:13:50 [INFO] ============================================================
2026-04-17 02:13:50 [INFO] generate_lite.py 開始  dry_run=False
2026-04-17 02:13:50 [INFO] ============================================================
2026-04-17 02:13:50 [INFO] 対象ブログ: ['workup-ai']
2026-04-17 02:13:50 [INFO] 
════════════════════════════════════════════════════════════
2026-04-17 02:13:50 [INFO] === WorkUp AI (workup-ai.com) 処理開始 ===
2026-04-17 02:13:50 [INFO] ════════════════════════════════════════════════════════════
2026-04-17 02:13:50 [INFO]   genre            : AI・副業・転職・キャリア
2026-04-17 02:13:50 [INFO]   fact_check       : True
2026-04-17 02:13:50 [INFO]   article_type_mix : True
2026-04-17 02:13:50 [INFO]   stop_words       : ['おすすめ', '比較', '2026', 'iphone', 'アプリ']
2026-04-17 02:13:50 [INFO]   article_count    : 1  dry_run: False
2026-04-17 02:13:52 [INFO] [wp] 記事取得: 計370件 (draft=11 / private=6 / publish=353)
2026-04-17 02:13:52 [INFO] [workup-ai] 記事タイプ配分: {'longtail': 1, 'trend': 0, 'monetize': 0}  (weights={'longtail': 0.5, 'trend': 0.3, 'monetize': 0.2})
2026-04-17 02:13:53 [DEBUG] [fetch] シート「絞り込みKW」: 505行 / ヘッダー: ['キーワード', 'SEO難易度', '月間検索数', 'CPC（$）', '競合性', 'キーワード', 'allintitle', 'intitle', 'Q&Aサイト', '', '無料ブログ', '', 'TikTok', '', 'Instagram', '', 'エックス', '', 'Facebook', '', 'aim', '投稿ステータス', '投稿日', '記事URL', '投稿ID', '使用サブKW', 'メモ']
2026-04-17 02:13:53 [INFO] [fetch] [キーワード] メインKW: 125件（vol≥30 or N/A）  サブKW: 176件（vol<30）  テーマ外除外: 125件  aim内訳: [aim:96]
2026-04-17 02:13:53 [DEBUG] [group_pool] グループ数: 70件 → pool: 50件
2026-04-17 02:13:53 [INFO] [dup_check] 優先候補: 49件 {'aim': 49} を先頭評価
2026-04-17 02:13:53 [INFO] [dup_check] 除外: 「plaud note aiボイスレコーダー iphone」 → コアKW重複: 「PLAUD NOTE AIボイスレコーダーの精度を徹底検証！距離・マイク・英語対」(core: 'plaud note aiボイスレコーダー')
2026-04-17 02:13:53 [INFO] [dup_check] 除外: 「plaud note pro 充電方法」 → 直近7日重複: 「Chime Note Pro AIボイスレコーダーの評判・使い方・機能を徹底レビ」
2026-04-17 02:13:53 [INFO] [dup_check] 除外: 「plaud note pro 設定方法」 → 直近7日重複: 「Chime Note Pro AIボイスレコーダーの評判・使い方・機能を徹底レビ」
2026-04-17 02:13:53 [INFO] [dup_check] 除外: 「plaud note pro 通話録音」 → 直近7日重複: 「Chime Note Pro AIボイスレコーダーの評判・使い方・機能を徹底レビ」
2026-04-17 02:13:53 [INFO] [dup_check] 除外: 「plaud note pro zoom」 → 直近7日重複: 「Chime Note Pro AIボイスレコーダーの評判・使い方・機能を徹底レビ」
2026-04-17 02:13:53 [INFO] [dup_check] 除外: 「plaud note pro オンライン会議」 → 直近7日重複: 「Chime Note Pro AIボイスレコーダーの評判・使い方・機能を徹底レビ」
2026-04-17 02:13:53 [INFO] [dup_check] 除外: 「plaud note pro 文字起こし」 → 直近7日重複: 「Chime Note Pro AIボイスレコーダーの評判・使い方・機能を徹底レビ」
2026-04-17 02:13:53 [INFO] [dup_check] 除外: 「plaud note pro 議事録」 → 直近7日重複: 「Chime Note Pro AIボイスレコーダーの評判・使い方・機能を徹底レビ」
2026-04-17 02:13:53 [INFO] [dup_check] 除外: 「plaud note pro リアルタイム文字起こし」 → 直近7日重複: 「Chime Note Pro AIボイスレコーダーの評判・使い方・機能を徹底レビ」
2026-04-17 02:13:53 [INFO] [dup_check] 除外: 「plaud note pro テンプレート」 → 直近7日重複: 「Chime Note Pro AIボイスレコーダーの評判・使い方・機能を徹底レビ」
2026-04-17 02:13:53 [INFO] [dup_check] 除外: 「plaud note pro マルチモーダル」 → 直近7日重複: 「Chime Note Pro AIボイスレコーダーの評判・使い方・機能を徹底レビ」
2026-04-17 02:13:53 [INFO] [dup_check] 除外: 「plaud note pro ヨドバシ」 → 直近7日重複: 「Chime Note Pro AIボイスレコーダーの評判・使い方・機能を徹底レビ」
2026-04-17 02:13:53 [INFO] [dup_check] 除外: 「plaud note pro デメリット」 → 直近7日重複: 「Chime Note Pro AIボイスレコーダーの評判・使い方・機能を徹底レビ」
2026-04-17 02:13:53 [INFO] [dup_check] 除外: 「plaud note pro セキュリティ」 → 直近7日重複: 「Chime Note Pro AIボイスレコーダーの評判・使い方・機能を徹底レビ」
2026-04-17 02:13:53 [INFO] [dup_check] 除外: 「plaud note pro バッテリー」 → 直近7日重複: 「Chime Note Pro AIボイスレコーダーの評判・使い方・機能を徹底レビ」
2026-04-17 02:13:53 [INFO] [dup_check] 除外: 「plaud note pro 評判」 → 直近7日重複: 「Chime Note Pro AIボイスレコーダーの評判・使い方・機能を徹底レビ」
2026-04-17 02:13:53 [INFO] [dup_check] 除外: 「plaud note pro 口コミ」 → 直近7日重複: 「Chime Note Pro AIボイスレコーダーの評判・使い方・機能を徹底レビ」
2026-04-17 02:13:53 [INFO] [dup_check] 除外: 「plaud note pro 精度」 → 直近7日重複: 「Chime Note Pro AIボイスレコーダーの評判・使い方・機能を徹底レビ」
2026-04-17 02:13:54 [DEBUG] [dup_check] OK: 「youtube 動画 翻訳 ai」
2026-04-17 02:13:54 [INFO] [dup_check] 完了: 選定=1件 / 除外=18件 (pool=99件, 要求=1件)
2026-04-17 02:13:54 [INFO] [select] 1件選定 (要求=1件)
2026-04-17 02:13:54 [INFO] [select]   1. 「youtube 動画 翻訳 ai」 vol=0 seo=N/A comp=N/A
2026-04-17 02:13:54 [INFO] [workup-ai] LONGTAIL選定: 1件
2026-04-17 02:13:54 [INFO] [workup-ai] 候補: 125件 / 選定: 1件 / 生成予定: 1件
2026-04-17 02:13:54 [INFO] [api_guard] 本日の使用量: $1.1742 / ¥176 (21回呼び出し)
2026-04-17 02:13:54 [INFO] ────────────────────────────────────────────────────────────
2026-04-17 02:13:54 [INFO] [workup-ai] [1/1] [LONGTAIL] 「youtube 動画 翻訳 ai」 vol=0 ★AIM
2026-04-17 02:13:54 [INFO] ────────────────────────────────────────────────────────────
2026-04-17 02:13:54 [INFO] [generate] 生成開始: 「youtube 動画 翻訳 ai」(vol:0) fact_check=True target_length=6,000字
2026-04-17 02:16:39 [INFO] [generate] 完了: 「YouTube動画をAI翻訳する方法とおすすめ無料ツール7選！字幕自動生成から日本語化まで」
2026-04-17 02:16:49 [INFO] [post] 画像生成完了: 52,469 bytes
2026-04-17 02:17:39 [INFO] [post] WP投稿完了: ID=9635 → https://workup-ai.com/wp-admin/post.php?post=9635&action=edit
2026-04-17 02:17:39 [INFO] [workup-ai] [1/1] ✅ 完了: 「YouTube動画をAI翻訳する方法とおすすめ無料ツール7選！字幕自動生成から日本語化まで」
2026-04-17 02:17:39 [INFO] [workup-ai] 完了: 成功=1件 / 重複スキップ=0件 / 失敗=0件 / 合計=1件
2026-04-17 02:17:39 [INFO] 
============================================================
2026-04-17 02:17:39 [INFO] 【全体サマリー】
2026-04-17 02:17:39 [INFO]   ブログ数  : 1件
2026-04-17 02:17:39 [INFO]   生成件数  : 1件成功 / 0件失敗 / 計1件
2026-04-17 02:17:39 [INFO]   所要時間  : 228.7秒
2026-04-17 02:17:39 [INFO]   ✅ [workup-ai] youtube 動画 翻訳 ai → YouTube動画をAI翻訳する方法とおすすめ無料ツール7選！字幕自動生成から日本語化まで
2026-04-17 02:17:39 [INFO]        https://workup-ai.com/wp-admin/post.php?post=9635&action=edit
2026-04-17 02:17:39 [INFO] ============================================================
2026-04-17 05:00:03 [INFO] ============================================================
2026-04-17 05:00:03 [INFO] generate_lite.py 開始  dry_run=False
2026-04-17 05:00:03 [INFO] ============================================================
2026-04-17 05:00:03 [INFO] 対象ブログ: ['workup-ai']
2026-04-17 05:00:03 [INFO] 
════════════════════════════════════════════════════════════
2026-04-17 05:00:03 [INFO] === WorkUp AI (workup-ai.com) 処理開始 ===
2026-04-17 05:00:03 [INFO] ════════════════════════════════════════════════════════════
2026-04-17 05:00:03 [INFO]   genre            : AI・副業・転職・キャリア
2026-04-17 05:00:03 [INFO]   fact_check       : True
2026-04-17 05:00:03 [INFO]   article_type_mix : True
2026-04-17 05:00:03 [INFO]   stop_words       : ['おすすめ', '比較', '2026', 'iphone', 'アプリ']
2026-04-17 05:00:03 [INFO]   article_count    : 1  dry_run: False
2026-04-17 05:00:06 [INFO] [wp] 記事取得: 計371件 (draft=11 / private=6 / publish=354)
2026-04-17 05:00:06 [INFO] [workup-ai] 記事タイプ配分: {'longtail': 1, 'trend': 0, 'monetize': 0}  (weights={'longtail': 0.5, 'trend': 0.3, 'monetize': 0.2})
2026-04-17 05:00:09 [DEBUG] [fetch] シート「絞り込みKW」: 505行 / ヘッダー: ['キーワード', 'SEO難易度', '月間検索数', 'CPC（$）', '競合性', 'キーワード', 'allintitle', 'intitle', 'Q&Aサイト', '', '無料ブログ', '', 'TikTok', '', 'Instagram', '', 'エックス', '', 'Facebook', '', 'aim', '投稿ステータス', '投稿日', '記事URL', '投稿ID', '使用サブKW', 'メモ']
2026-04-17 05:00:09 [INFO] [fetch] [キーワード] メインKW: 124件（vol≥30 or N/A）  サブKW: 176件（vol<30）  テーマ外除外: 125件  aim内訳: [aim:95]
2026-04-17 05:00:09 [DEBUG] [group_pool] グループ数: 70件 → pool: 50件
2026-04-17 05:00:09 [INFO] [dup_check] 優先候補: 48件 {'aim': 48} を先頭評価
2026-04-17 05:00:09 [INFO] [dup_check] 除外: 「plaud note aiボイスレコーダー iphone」 → コアKW重複: 「PLAUD NOTE AIボイスレコーダーの精度を徹底検証！距離・マイク・英語対」(core: 'plaud note aiボイスレコーダー')
2026-04-17 05:00:09 [INFO] [dup_check] 除外: 「plaud note pro 充電方法」 → 直近7日重複: 「Chime Note Pro AIボイスレコーダーの評判・使い方・機能を徹底レビ」
2026-04-17 05:00:09 [INFO] [dup_check] 除外: 「plaud note pro 設定方法」 → 直近7日重複: 「Chime Note Pro AIボイスレコーダーの評判・使い方・機能を徹底レビ」
2026-04-17 05:00:09 [INFO] [dup_check] 除外: 「plaud note pro 通話録音」 → 直近7日重複: 「Chime Note Pro AIボイスレコーダーの評判・使い方・機能を徹底レビ」
2026-04-17 05:00:09 [INFO] [dup_check] 除外: 「plaud note pro zoom」 → 直近7日重複: 「Chime Note Pro AIボイスレコーダーの評判・使い方・機能を徹底レビ」
2026-04-17 05:00:09 [INFO] [dup_check] 除外: 「plaud note pro オンライン会議」 → 直近7日重複: 「Chime Note Pro AIボイスレコーダーの評判・使い方・機能を徹底レビ」
2026-04-17 05:00:09 [INFO] [dup_check] 除外: 「plaud note pro 文字起こし」 → 直近7日重複: 「Chime Note Pro AIボイスレコーダーの評判・使い方・機能を徹底レビ」
2026-04-17 05:00:09 [INFO] [dup_check] 除外: 「plaud note pro 議事録」 → 直近7日重複: 「Chime Note Pro AIボイスレコーダーの評判・使い方・機能を徹底レビ」
2026-04-17 05:00:09 [INFO] [dup_check] 除外: 「plaud note pro リアルタイム文字起こし」 → 直近7日重複: 「Chime Note Pro AIボイスレコーダーの評判・使い方・機能を徹底レビ」
2026-04-17 05:00:09 [INFO] [dup_check] 除外: 「plaud note pro テンプレート」 → 直近7日重複: 「Chime Note Pro AIボイスレコーダーの評判・使い方・機能を徹底レビ」
2026-04-17 05:00:09 [INFO] [dup_check] 除外: 「plaud note pro マルチモーダル」 → 直近7日重複: 「Chime Note Pro AIボイスレコーダーの評判・使い方・機能を徹底レビ」
2026-04-17 05:00:10 [INFO] [dup_check] 除外: 「plaud note pro ヨドバシ」 → 直近7日重複: 「Chime Note Pro AIボイスレコーダーの評判・使い方・機能を徹底レビ」
2026-04-17 05:00:10 [INFO] [dup_check] 除外: 「plaud note pro デメリット」 → 直近7日重複: 「Chime Note Pro AIボイスレコーダーの評判・使い方・機能を徹底レビ」
2026-04-17 05:00:10 [INFO] [dup_check] 除外: 「plaud note pro セキュリティ」 → 直近7日重複: 「Chime Note Pro AIボイスレコーダーの評判・使い方・機能を徹底レビ」
2026-04-17 05:00:10 [INFO] [dup_check] 除外: 「plaud note pro バッテリー」 → 直近7日重複: 「Chime Note Pro AIボイスレコーダーの評判・使い方・機能を徹底レビ」
2026-04-17 05:00:10 [INFO] [dup_check] 除外: 「plaud note pro 評判」 → 直近7日重複: 「Chime Note Pro AIボイスレコーダーの評判・使い方・機能を徹底レビ」
2026-04-17 05:00:10 [INFO] [dup_check] 除外: 「plaud note pro 口コミ」 → 直近7日重複: 「Chime Note Pro AIボイスレコーダーの評判・使い方・機能を徹底レビ」
2026-04-17 05:00:10 [INFO] [dup_check] 除外: 「plaud note pro 精度」 → 直近7日重複: 「Chime Note Pro AIボイスレコーダーの評判・使い方・機能を徹底レビ」
2026-04-17 05:00:10 [DEBUG] [dup_check] OK: 「youtube ai画像」
2026-04-17 05:00:10 [INFO] [dup_check] 完了: 選定=1件 / 除外=18件 (pool=98件, 要求=1件)
2026-04-17 05:00:10 [INFO] [select] 1件選定 (要求=1件)
2026-04-17 05:00:10 [INFO] [select]   1. 「youtube ai画像」 vol=0 seo=N/A comp=N/A
2026-04-17 05:00:10 [INFO] [workup-ai] LONGTAIL選定: 1件
2026-04-17 05:00:10 [INFO] [workup-ai] 候補: 124件 / 選定: 1件 / 生成予定: 1件
2026-04-17 05:00:10 [INFO] [api_guard] 本日の使用量: $1.3490 / ¥202 (24回呼び出し)
2026-04-17 05:00:10 [INFO] ────────────────────────────────────────────────────────────
2026-04-17 05:00:10 [INFO] [workup-ai] [1/1] [LONGTAIL] 「youtube ai画像」 vol=0 ★AIM
2026-04-17 05:00:10 [INFO] ────────────────────────────────────────────────────────────
2026-04-17 05:00:10 [INFO] [generate] 生成開始: 「youtube ai画像」(vol:0) fact_check=True target_length=6,000字
2026-04-17 05:02:22 [INFO] [generate] 完了: 「YouTube AI画像おすすめツール7選！無料でサムネイルや動画制作に活用する方法」
2026-04-17 05:02:32 [INFO] [post] 画像生成完了: 65,585 bytes
2026-04-17 05:03:13 [INFO] [post] WP投稿完了: ID=9640 → https://workup-ai.com/wp-admin/post.php?post=9640&action=edit
2026-04-17 05:03:13 [INFO] [workup-ai] [1/1] ✅ 完了: 「YouTube AI画像おすすめツール7選！無料でサムネイルや動画制作に活用する方法」
2026-04-17 05:03:13 [INFO] [workup-ai] 完了: 成功=1件 / 重複スキップ=0件 / 失敗=0件 / 合計=1件
2026-04-17 05:03:13 [INFO] 
============================================================
2026-04-17 05:03:13 [INFO] 【全体サマリー】
2026-04-17 05:03:13 [INFO]   ブログ数  : 1件
2026-04-17 05:03:13 [INFO]   生成件数  : 1件成功 / 0件失敗 / 計1件
2026-04-17 05:03:13 [INFO]   所要時間  : 189.5秒
2026-04-17 05:03:13 [INFO]   ✅ [workup-ai] youtube ai画像 → YouTube AI画像おすすめツール7選！無料でサムネイルや動画制作に活用する方法
2026-04-17 05:03:13 [INFO]        https://workup-ai.com/wp-admin/post.php?post=9640&action=edit
2026-04-17 05:03:13 [INFO] ============================================================
2026-04-17 11:00:03 [INFO] ============================================================
2026-04-17 11:00:03 [INFO] generate_lite.py 開始  dry_run=False
2026-04-17 11:00:03 [INFO] ============================================================
2026-04-17 11:00:03 [INFO] 対象ブログ: ['workup-ai']
2026-04-17 11:00:03 [INFO] 
════════════════════════════════════════════════════════════
2026-04-17 11:00:03 [INFO] === WorkUp AI (workup-ai.com) 処理開始 ===
2026-04-17 11:00:03 [INFO] ════════════════════════════════════════════════════════════
2026-04-17 11:00:03 [INFO]   genre            : AI・副業・転職・キャリア
2026-04-17 11:00:03 [INFO]   fact_check       : True
2026-04-17 11:00:03 [INFO]   article_type_mix : True
2026-04-17 11:00:03 [INFO]   stop_words       : ['おすすめ', '比較', '2026', 'iphone', 'アプリ']
2026-04-17 11:00:03 [INFO]   article_count    : 1  dry_run: False
2026-04-17 11:00:07 [INFO] [wp] 記事取得: 計372件 (draft=12 / private=6 / publish=354)
2026-04-17 11:00:07 [INFO] [workup-ai] 記事タイプ配分: {'longtail': 1, 'trend': 0, 'monetize': 0}  (weights={'longtail': 0.5, 'trend': 0.3, 'monetize': 0.2})
2026-04-17 11:00:10 [DEBUG] [fetch] シート「絞り込みKW」: 505行 / ヘッダー: ['キーワード', 'SEO難易度', '月間検索数', 'CPC（$）', '競合性', 'キーワード', 'allintitle', 'intitle', 'Q&Aサイト', '', '無料ブログ', '', 'TikTok', '', 'Instagram', '', 'エックス', '', 'Facebook', '', 'aim', '投稿ステータス', '投稿日', '記事URL', '投稿ID', '使用サブKW', 'メモ']
2026-04-17 11:00:10 [INFO] [fetch] [キーワード] メインKW: 123件（vol≥30 or N/A）  サブKW: 176件（vol<30）  テーマ外除外: 125件  aim内訳: [aim:94]
2026-04-17 11:00:10 [DEBUG] [group_pool] グループ数: 70件 → pool: 50件
2026-04-17 11:00:10 [INFO] [dup_check] 優先候補: 47件 {'aim': 47} を先頭評価
2026-04-17 11:00:10 [INFO] [dup_check] 除外: 「plaud note aiボイスレコーダー iphone」 → コアKW重複: 「PLAUD NOTE AIボイスレコーダーの精度を徹底検証！距離・マイク・英語対」(core: 'plaud note aiボイスレコーダー')
2026-04-17 11:00:10 [INFO] [dup_check] 除外: 「plaud note pro 充電方法」 → 直近7日重複: 「Chime Note Pro AIボイスレコーダーの評判・使い方・機能を徹底レビ」
2026-04-17 11:00:10 [INFO] [dup_check] 除外: 「plaud note pro 設定方法」 → 直近7日重複: 「Chime Note Pro AIボイスレコーダーの評判・使い方・機能を徹底レビ」
2026-04-17 11:00:10 [INFO] [dup_check] 除外: 「plaud note pro 通話録音」 → 直近7日重複: 「Chime Note Pro AIボイスレコーダーの評判・使い方・機能を徹底レビ」
2026-04-17 11:00:10 [INFO] [dup_check] 除外: 「plaud note pro zoom」 → 直近7日重複: 「Chime Note Pro AIボイスレコーダーの評判・使い方・機能を徹底レビ」
2026-04-17 11:00:10 [INFO] [dup_check] 除外: 「plaud note pro オンライン会議」 → 直近7日重複: 「Chime Note Pro AIボイスレコーダーの評判・使い方・機能を徹底レビ」
2026-04-17 11:00:10 [INFO] [dup_check] 除外: 「plaud note pro 文字起こし」 → 直近7日重複: 「Chime Note Pro AIボイスレコーダーの評判・使い方・機能を徹底レビ」
2026-04-17 11:00:10 [INFO] [dup_check] 除外: 「plaud note pro 議事録」 → 直近7日重複: 「Chime Note Pro AIボイスレコーダーの評判・使い方・機能を徹底レビ」
2026-04-17 11:00:10 [INFO] [dup_check] 除外: 「plaud note pro リアルタイム文字起こし」 → 直近7日重複: 「Chime Note Pro AIボイスレコーダーの評判・使い方・機能を徹底レビ」
2026-04-17 11:00:10 [INFO] [dup_check] 除外: 「plaud note pro テンプレート」 → 直近7日重複: 「Chime Note Pro AIボイスレコーダーの評判・使い方・機能を徹底レビ」
2026-04-17 11:00:10 [INFO] [dup_check] 除外: 「plaud note pro マルチモーダル」 → 直近7日重複: 「Chime Note Pro AIボイスレコーダーの評判・使い方・機能を徹底レビ」
2026-04-17 11:00:10 [INFO] [dup_check] 除外: 「plaud note pro ヨドバシ」 → 直近7日重複: 「Chime Note Pro AIボイスレコーダーの評判・使い方・機能を徹底レビ」
2026-04-17 11:00:10 [INFO] [dup_check] 除外: 「plaud note pro デメリット」 → 直近7日重複: 「Chime Note Pro AIボイスレコーダーの評判・使い方・機能を徹底レビ」
2026-04-17 11:00:10 [INFO] [dup_check] 除外: 「plaud note pro セキュリティ」 → 直近7日重複: 「Chime Note Pro AIボイスレコーダーの評判・使い方・機能を徹底レビ」
2026-04-17 11:00:10 [INFO] [dup_check] 除外: 「plaud note pro バッテリー」 → 直近7日重複: 「Chime Note Pro AIボイスレコーダーの評判・使い方・機能を徹底レビ」
2026-04-17 11:00:10 [INFO] [dup_check] 除外: 「plaud note pro 評判」 → 直近7日重複: 「Chime Note Pro AIボイスレコーダーの評判・使い方・機能を徹底レビ」
2026-04-17 11:00:10 [INFO] [dup_check] 除外: 「plaud note pro 口コミ」 → 直近7日重複: 「Chime Note Pro AIボイスレコーダーの評判・使い方・機能を徹底レビ」
2026-04-17 11:00:10 [INFO] [dup_check] 除外: 「plaud note pro 精度」 → 直近7日重複: 「Chime Note Pro AIボイスレコーダーの評判・使い方・機能を徹底レビ」
2026-04-17 11:00:10 [DEBUG] [dup_check] OK: 「youtube aiイラスト」
2026-04-17 11:00:10 [INFO] [dup_check] 完了: 選定=1件 / 除外=18件 (pool=97件, 要求=1件)
2026-04-17 11:00:10 [INFO] [select] 1件選定 (要求=1件)
2026-04-17 11:00:10 [INFO] [select]   1. 「youtube aiイラスト」 vol=0 seo=N/A comp=N/A
2026-04-17 11:00:10 [INFO] [workup-ai] LONGTAIL選定: 1件
2026-04-17 11:00:10 [INFO] [workup-ai] 候補: 123件 / 選定: 1件 / 生成予定: 1件
2026-04-17 11:00:10 [INFO] [api_guard] 本日の使用量: $0.0000 / ¥0 (0回呼び出し)
2026-04-17 11:00:10 [INFO] ────────────────────────────────────────────────────────────
2026-04-17 11:00:10 [INFO] [workup-ai] [1/1] [LONGTAIL] 「youtube aiイラスト」 vol=0 ★AIM
2026-04-17 11:00:10 [INFO] ────────────────────────────────────────────────────────────
2026-04-17 11:00:10 [INFO] [generate] 生成開始: 「youtube aiイラスト」(vol:0) fact_check=True target_length=6,000字
2026-04-17 11:02:25 [INFO] [generate] 完了: 「YouTubeのAIイラスト活用術！サムネイル・動画制作におすすめツール5選と著作権の注意点」
2026-04-17 11:02:35 [INFO] [post] 画像生成完了: 46,980 bytes
2026-04-17 11:03:10 [INFO] [post] WP投稿完了: ID=9645 → https://workup-ai.com/wp-admin/post.php?post=9645&action=edit
2026-04-17 11:03:10 [INFO] [workup-ai] [1/1] ✅ 完了: 「YouTubeのAIイラスト活用術！サムネイル・動画制作におすすめツール5選と著作権の注意点」
2026-04-17 11:03:10 [INFO] [workup-ai] 完了: 成功=1件 / 重複スキップ=0件 / 失敗=0件 / 合計=1件
2026-04-17 11:03:10 [INFO] 
============================================================
2026-04-17 11:03:10 [INFO] 【全体サマリー】
2026-04-17 11:03:10 [INFO]   ブログ数  : 1件
2026-04-17 11:03:10 [INFO]   生成件数  : 1件成功 / 0件失敗 / 計1件
2026-04-17 11:03:10 [INFO]   所要時間  : 186.9秒
2026-04-17 11:03:10 [INFO]   ✅ [workup-ai] youtube aiイラスト → YouTubeのAIイラスト活用術！サムネイル・動画制作におすすめツール5選と著作権の注意点
2026-04-17 11:03:10 [INFO]        https://workup-ai.com/wp-admin/post.php?post=9645&action=edit
2026-04-17 11:03:10 [INFO] ============================================================
2026-04-17 20:00:03 [INFO] ============================================================
2026-04-17 20:00:03 [INFO] generate_lite.py 開始  dry_run=False
2026-04-17 20:00:03 [INFO] ============================================================
2026-04-17 20:00:03 [INFO] 対象ブログ: ['workup-ai']
2026-04-17 20:00:03 [INFO] 
════════════════════════════════════════════════════════════
2026-04-17 20:00:03 [INFO] === WorkUp AI (workup-ai.com) 処理開始 ===
2026-04-17 20:00:03 [INFO] ════════════════════════════════════════════════════════════
2026-04-17 20:00:03 [INFO]   genre            : AI・副業・転職・キャリア
2026-04-17 20:00:03 [INFO]   fact_check       : True
2026-04-17 20:00:03 [INFO]   article_type_mix : True
2026-04-17 20:00:03 [INFO]   stop_words       : ['おすすめ', '比較', '2026', 'iphone', 'アプリ']
2026-04-17 20:00:03 [INFO]   article_count    : 1  dry_run: False
2026-04-17 20:00:07 [INFO] [wp] 記事取得: 計373件 (draft=12 / private=6 / publish=355)
2026-04-17 20:00:07 [INFO] [workup-ai] 記事タイプ配分: {'longtail': 1, 'trend': 0, 'monetize': 0}  (weights={'longtail': 0.5, 'trend': 0.3, 'monetize': 0.2})
2026-04-17 20:00:09 [DEBUG] [fetch] シート「絞り込みKW」: 505行 / ヘッダー: ['キーワード', 'SEO難易度', '月間検索数', 'CPC（$）', '競合性', 'キーワード', 'allintitle', 'intitle', 'Q&Aサイト', '', '無料ブログ', '', 'TikTok', '', 'Instagram', '', 'エックス', '', 'Facebook', '', 'aim', '投稿ステータス', '投稿日', '記事URL', '投稿ID', '使用サブKW', 'メモ']
2026-04-17 20:00:09 [INFO] [fetch] [キーワード] メインKW: 122件（vol≥30 or N/A）  サブKW: 176件（vol<30）  テーマ外除外: 125件  aim内訳: [aim:93]
2026-04-17 20:00:09 [DEBUG] [group_pool] グループ数: 70件 → pool: 50件
2026-04-17 20:00:09 [INFO] [dup_check] 優先候補: 46件 {'aim': 46} を先頭評価
2026-04-17 20:00:09 [INFO] [dup_check] 除外: 「plaud note aiボイスレコーダー iphone」 → コアKW重複: 「PLAUD NOTE AIボイスレコーダーの精度を徹底検証！距離・マイク・英語対」(core: 'plaud note aiボイスレコーダー')
2026-04-17 20:00:09 [INFO] [dup_check] 除外: 「plaud note pro 充電方法」 → 直近7日重複: 「Chime Note Pro AIボイスレコーダーの評判・使い方・機能を徹底レビ」
2026-04-17 20:00:09 [INFO] [dup_check] 除外: 「plaud note pro 設定方法」 → 直近7日重複: 「Chime Note Pro AIボイスレコーダーの評判・使い方・機能を徹底レビ」
2026-04-17 20:00:09 [INFO] [dup_check] 除外: 「plaud note pro 通話録音」 → 直近7日重複: 「Chime Note Pro AIボイスレコーダーの評判・使い方・機能を徹底レビ」
2026-04-17 20:00:09 [INFO] [dup_check] 除外: 「plaud note pro zoom」 → 直近7日重複: 「Chime Note Pro AIボイスレコーダーの評判・使い方・機能を徹底レビ」
2026-04-17 20:00:09 [INFO] [dup_check] 除外: 「plaud note pro オンライン会議」 → 直近7日重複: 「Chime Note Pro AIボイスレコーダーの評判・使い方・機能を徹底レビ」
2026-04-17 20:00:09 [INFO] [dup_check] 除外: 「plaud note pro 文字起こし」 → 直近7日重複: 「Chime Note Pro AIボイスレコーダーの評判・使い方・機能を徹底レビ」
2026-04-17 20:00:09 [INFO] [dup_check] 除外: 「plaud note pro 議事録」 → 直近7日重複: 「Chime Note Pro AIボイスレコーダーの評判・使い方・機能を徹底レビ」
2026-04-17 20:00:09 [INFO] [dup_check] 除外: 「plaud note pro リアルタイム文字起こし」 → 直近7日重複: 「Chime Note Pro AIボイスレコーダーの評判・使い方・機能を徹底レビ」
2026-04-17 20:00:10 [INFO] [dup_check] 除外: 「plaud note pro テンプレート」 → 直近7日重複: 「Chime Note Pro AIボイスレコーダーの評判・使い方・機能を徹底レビ」
2026-04-17 20:00:10 [INFO] [dup_check] 除外: 「plaud note pro マルチモーダル」 → 直近7日重複: 「Chime Note Pro AIボイスレコーダーの評判・使い方・機能を徹底レビ」
2026-04-17 20:00:10 [INFO] [dup_check] 除外: 「plaud note pro ヨドバシ」 → 直近7日重複: 「Chime Note Pro AIボイスレコーダーの評判・使い方・機能を徹底レビ」
2026-04-17 20:00:10 [INFO] [dup_check] 除外: 「plaud note pro デメリット」 → 直近7日重複: 「Chime Note Pro AIボイスレコーダーの評判・使い方・機能を徹底レビ」
2026-04-17 20:00:10 [INFO] [dup_check] 除外: 「plaud note pro セキュリティ」 → 直近7日重複: 「Chime Note Pro AIボイスレコーダーの評判・使い方・機能を徹底レビ」
2026-04-17 20:00:10 [INFO] [dup_check] 除外: 「plaud note pro バッテリー」 → 直近7日重複: 「Chime Note Pro AIボイスレコーダーの評判・使い方・機能を徹底レビ」
2026-04-17 20:00:10 [INFO] [dup_check] 除外: 「plaud note pro 評判」 → 直近7日重複: 「Chime Note Pro AIボイスレコーダーの評判・使い方・機能を徹底レビ」
2026-04-17 20:00:10 [INFO] [dup_check] 除外: 「plaud note pro 口コミ」 → 直近7日重複: 「Chime Note Pro AIボイスレコーダーの評判・使い方・機能を徹底レビ」
2026-04-17 20:00:10 [INFO] [dup_check] 除外: 「plaud note pro 精度」 → 直近7日重複: 「Chime Note Pro AIボイスレコーダーの評判・使い方・機能を徹底レビ」
2026-04-17 20:00:10 [INFO] [dup_check] 除外: 「youtube ai ナレーション」 → 直近7日重複: 「YouTubeのAIイラスト活用術！サムネイル・動画制作におすすめツール5選と著」
2026-04-17 20:00:10 [DEBUG] [dup_check] OK: 「youtube ai字幕生成」
2026-04-17 20:00:10 [INFO] [dup_check] 完了: 選定=1件 / 除外=19件 (pool=96件, 要求=1件)
2026-04-17 20:00:10 [INFO] [select] 1件選定 (要求=1件)
2026-04-17 20:00:10 [INFO] [select]   1. 「youtube ai字幕生成」 vol=0 seo=N/A comp=N/A
2026-04-17 20:00:10 [INFO] [workup-ai] LONGTAIL選定: 1件
2026-04-17 20:00:10 [INFO] [workup-ai] 候補: 122件 / 選定: 1件 / 生成予定: 1件
2026-04-17 20:00:10 [INFO] [api_guard] 本日の使用量: $0.1586 / ¥24 (3回呼び出し)
2026-04-17 20:00:10 [INFO] ────────────────────────────────────────────────────────────
2026-04-17 20:00:10 [INFO] [workup-ai] [1/1] [LONGTAIL] 「youtube ai字幕生成」 vol=0 ★AIM
2026-04-17 20:00:10 [INFO] ────────────────────────────────────────────────────────────
2026-04-17 20:00:10 [INFO] [generate] 生成開始: 「youtube ai字幕生成」(vol:0) fact_check=True target_length=6,000字
2026-04-17 20:02:36 [INFO] [generate] 完了: 「YouTube AI字幕生成の使い方完全ガイド！無料で日本語対応・精度を上げるコツも解説」
2026-04-17 20:02:46 [INFO] [post] 画像生成完了: 58,531 bytes
2026-04-17 20:03:14 [INFO] [post] WP投稿完了: ID=9648 → https://workup-ai.com/wp-admin/post.php?post=9648&action=edit
2026-04-17 20:03:14 [INFO] [workup-ai] [1/1] ✅ 完了: 「YouTube AI字幕生成の使い方完全ガイド！無料で日本語対応・精度を上げるコツも解説」
2026-04-17 20:03:14 [INFO] [workup-ai] 完了: 成功=1件 / 重複スキップ=0件 / 失敗=0件 / 合計=1件
2026-04-17 20:03:14 [INFO] 
============================================================
2026-04-17 20:03:14 [INFO] 【全体サマリー】
2026-04-17 20:03:14 [INFO]   ブログ数  : 1件
2026-04-17 20:03:14 [INFO]   生成件数  : 1件成功 / 0件失敗 / 計1件
2026-04-17 20:03:14 [INFO]   所要時間  : 191.0秒
2026-04-17 20:03:14 [INFO]   ✅ [workup-ai] youtube ai字幕生成 → YouTube AI字幕生成の使い方完全ガイド！無料で日本語対応・精度を上げるコツも解説
2026-04-17 20:03:14 [INFO]        https://workup-ai.com/wp-admin/post.php?post=9648&action=edit
2026-04-17 20:03:14 [INFO] ============================================================
