2026-04-21 05:00:03 [INFO] ============================================================
2026-04-21 05:00:03 [INFO] generate_lite.py 開始  dry_run=False
2026-04-21 05:00:03 [INFO] ============================================================
2026-04-21 05:00:03 [INFO] 対象ブログ: ['workup-ai']
2026-04-21 05:00:03 [INFO] 
════════════════════════════════════════════════════════════
2026-04-21 05:00:03 [INFO] === WorkUp AI (workup-ai.com) 処理開始 ===
2026-04-21 05:00:03 [INFO] ════════════════════════════════════════════════════════════
2026-04-21 05:00:03 [INFO]   genre            : AI・副業・転職・キャリア
2026-04-21 05:00:03 [INFO]   fact_check       : True
2026-04-21 05:00:03 [INFO]   article_type_mix : True
2026-04-21 05:00:03 [INFO]   stop_words       : ['おすすめ', '比較', '2026', 'iphone', 'アプリ']
2026-04-21 05:00:03 [INFO]   article_count    : 1  dry_run: False
2026-04-21 05:00:12 [INFO] [wp] 記事取得: 計377件 (private=7 / publish=370)
2026-04-21 05:00:12 [INFO] [workup-ai] 記事タイプ配分: {'longtail': 1, 'trend': 0, 'monetize': 0}  (weights={'longtail': 0.5, 'trend': 0.3, 'monetize': 0.2})
2026-04-21 05:00:14 [DEBUG] [fetch] シート「絞り込みKW」: 518行 / ヘッダー: ['キーワード', 'SEO難易度', '月間検索数', 'CPC（$）', '競合性', 'キーワード', 'allintitle', 'intitle', 'Q&Aサイト', '', '無料ブログ', '', 'TikTok', '', 'Instagram', '', 'エックス', '', 'Facebook', '', 'aim', '投稿ステータス', '投稿日', '記事URL', '投稿ID', '使用サブKW', 'メモ']
2026-04-21 05:00:14 [INFO] [fetch] [キーワード] メインKW: 115件（vol≥30 or N/A）  サブKW: 176件（vol<30）  テーマ外除外: 128件  aim内訳: [aim:78, new:1]
2026-04-21 05:00:14 [DEBUG] [group_pool] グループ数: 80件 → pool: 50件
2026-04-21 05:00:14 [INFO] [dup_check] 優先候補: 29件 {'aim': 29} を先頭評価
2026-04-21 05:00:14 [INFO] [dup_check] 除外: 「plaud note aiボイスレコーダー iphone」 → コアKW重複: 「PLAUD NOTE AIボイスレコーダーの精度を徹底検証！距離・マイク・英語対」(core: 'plaud note aiボイスレコーダー')
2026-04-21 05:00:14 [INFO] [dup_check] 除外: 「plaud note pro 設定方法」 → 直近7日重複: 「PLAUD Note Pro 充電方法を完全解説！充電時間・トラブル対処まで」
2026-04-21 05:00:14 [INFO] [dup_check] 除外: 「plaud note pro 通話録音」 → 直近7日重複: 「PLAUD Note Pro 充電方法を完全解説！充電時間・トラブル対処まで」
2026-04-21 05:00:14 [INFO] [dup_check] 除外: 「plaud note pro zoom」 → 直近7日重複: 「PLAUD Note Pro 充電方法を完全解説！充電時間・トラブル対処まで」
2026-04-21 05:00:14 [INFO] [dup_check] 除外: 「plaud note pro オンライン会議」 → 直近7日重複: 「PLAUD Note Pro 充電方法を完全解説！充電時間・トラブル対処まで」
2026-04-21 05:00:14 [INFO] [dup_check] 除外: 「plaud note pro 文字起こし」 → 直近7日重複: 「PLAUD Note Pro 充電方法を完全解説！充電時間・トラブル対処まで」
2026-04-21 05:00:14 [INFO] [dup_check] 除外: 「plaud note pro 議事録」 → 直近7日重複: 「PLAUD Note Pro 充電方法を完全解説！充電時間・トラブル対処まで」
2026-04-21 05:00:15 [INFO] [dup_check] 除外: 「plaud note pro リアルタイム文字起こし」 → 直近7日重複: 「PLAUD Note Pro 充電方法を完全解説！充電時間・トラブル対処まで」
2026-04-21 05:00:15 [INFO] [dup_check] 除外: 「plaud note pro テンプレート」 → 直近7日重複: 「PLAUD Note Pro 充電方法を完全解説！充電時間・トラブル対処まで」
2026-04-21 05:00:15 [INFO] [dup_check] 除外: 「plaud note pro マルチモーダル」 → 直近7日重複: 「PLAUD Note Pro 充電方法を完全解説！充電時間・トラブル対処まで」
2026-04-21 05:00:15 [INFO] [dup_check] 除外: 「plaud note pro ヨドバシ」 → 直近7日重複: 「PLAUD Note Pro 充電方法を完全解説！充電時間・トラブル対処まで」
2026-04-21 05:00:15 [INFO] [dup_check] 除外: 「plaud note pro デメリット」 → 直近7日重複: 「PLAUD Note Pro 充電方法を完全解説！充電時間・トラブル対処まで」
2026-04-21 05:00:15 [INFO] [dup_check] 除外: 「plaud note pro セキュリティ」 → 直近7日重複: 「PLAUD Note Pro 充電方法を完全解説！充電時間・トラブル対処まで」
2026-04-21 05:00:15 [INFO] [dup_check] 除外: 「plaud note pro バッテリー」 → 直近7日重複: 「PLAUD Note Pro 充電方法を完全解説！充電時間・トラブル対処まで」
2026-04-21 05:00:15 [INFO] [dup_check] 除外: 「plaud note pro 評判」 → 直近7日重複: 「PLAUD Note Pro 充電方法を完全解説！充電時間・トラブル対処まで」
2026-04-21 05:00:15 [INFO] [dup_check] 除外: 「plaud note pro 口コミ」 → 直近7日重複: 「PLAUD Note Pro 充電方法を完全解説！充電時間・トラブル対処まで」
2026-04-21 05:00:15 [INFO] [dup_check] 除外: 「plaud note pro 精度」 → 直近7日重複: 「PLAUD Note Pro 充電方法を完全解説！充電時間・トラブル対処まで」
2026-04-21 05:00:15 [INFO] [dup_check] 除外: 「youtube ai ナレーション」 → 直近7日重複: 「YouTube×AI画像生成おすすめツール7選！無料・商用利用・著作権まで徹底解」
2026-04-21 05:00:15 [INFO] [dup_check] 除外: 「youtube ai 顔」 → 直近7日重複: 「YouTube×AI画像生成おすすめツール7選！無料・商用利用・著作権まで徹底解」
2026-04-21 05:00:15 [INFO] [dup_check] 除外: 「youtube 文字 起こし ai ツール」 → 直近7日重複: 「YouTube×AI画像生成おすすめツール7選！無料・商用利用・著作権まで徹底解」
2026-04-21 05:00:15 [INFO] [dup_check] 除外: 「youtube 動画 編集 生成 ai」 → 直近7日重複: 「YouTube×AI画像生成おすすめツール7選！無料・商用利用・著作権まで徹底解」
2026-04-21 05:00:15 [INFO] [dup_check] 除外: 「youtube 字幕 自動 生成 ai」 → 直近7日重複: 「YouTube×AI画像生成おすすめツール7選！無料・商用利用・著作権まで徹底解」
2026-04-21 05:00:15 [INFO] [dup_check] 除外: 「youtube 雑学 ai」 → 直近7日重複: 「YouTube×AI画像生成おすすめツール7選！無料・商用利用・著作権まで徹底解」
2026-04-21 05:00:15 [INFO] [dup_check] 除外: 「youtube 広告 ai イラスト」 → 直近7日重複: 「YouTube×AI画像生成おすすめツール7選！無料・商用利用・著作権まで徹底解」
2026-04-21 05:00:15 [INFO] [dup_check] 除外: 「youtube 競合 分析 ai」 → 直近7日重複: 「YouTube×AI画像生成おすすめツール7選！無料・商用利用・著作権まで徹底解」
2026-04-21 05:00:15 [DEBUG] [dup_check] OK: 「ai副業 何をする」
2026-04-21 05:00:15 [INFO] [dup_check] 完了: 選定=1件 / 除外=25件 (pool=79件, 要求=1件)
2026-04-21 05:00:15 [INFO] [select] 1件選定 (要求=1件)
2026-04-21 05:00:15 [INFO] [select]   1. 「ai副業 何をする」 vol=0 seo=N/A comp=N/A
2026-04-21 05:00:15 [INFO] [workup-ai] LONGTAIL選定: 1件
2026-04-21 05:00:15 [INFO] [workup-ai] 候補: 115件 / 選定: 1件 / 生成予定: 1件
2026-04-21 05:00:15 [INFO] [api_guard] 本日の使用量: $0.3404 / ¥51 (3回呼び出し)
2026-04-21 05:00:15 [INFO] ────────────────────────────────────────────────────────────
2026-04-21 05:00:15 [INFO] [workup-ai] [1/1] [LONGTAIL] 「ai副業 何をする」 vol=0 ★AIM
2026-04-21 05:00:15 [INFO] ────────────────────────────────────────────────────────────
2026-04-21 05:00:15 [INFO] [generate] 生成開始: 「ai副業 何をする」(vol:0) fact_check=True target_length=6,000字  誘導リンク:0件
2026-04-21 05:03:00 [INFO] [generate] 完了: 「AI副業で何をする？初心者におすすめの種類と稼ぎ方を徹底解説」
2026-04-21 05:03:10 [INFO] [post] 画像生成完了: 54,705 bytes
2026-04-21 05:03:23 [INFO] [post] WP投稿完了: ID=9723 → https://workup-ai.com/wp-admin/post.php?post=9723&action=edit
2026-04-21 05:03:23 [INFO] [workup-ai] [1/1] ✅ 完了: 「AI副業で何をする？初心者におすすめの種類と稼ぎ方を徹底解説」
2026-04-21 05:03:23 [INFO] [workup-ai] 完了: 成功=1件 / 重複スキップ=0件 / 失敗=0件 / 合計=1件
2026-04-21 05:03:23 [INFO] 
============================================================
2026-04-21 05:03:23 [INFO] 【全体サマリー】
2026-04-21 05:03:23 [INFO]   ブログ数  : 1件
2026-04-21 05:03:23 [INFO]   生成件数  : 1件成功 / 0件失敗 / 計1件
2026-04-21 05:03:23 [INFO]   所要時間  : 200.1秒
2026-04-21 05:03:23 [INFO]   ✅ [workup-ai] ai副業 何をする → AI副業で何をする？初心者におすすめの種類と稼ぎ方を徹底解説
2026-04-21 05:03:23 [INFO]        https://workup-ai.com/wp-admin/post.php?post=9723&action=edit
2026-04-21 05:03:23 [INFO] ============================================================
2026-04-21 11:00:04 [INFO] ============================================================
2026-04-21 11:00:04 [INFO] generate_lite.py 開始  dry_run=False
2026-04-21 11:00:04 [INFO] ============================================================
2026-04-21 11:00:04 [INFO] 対象ブログ: ['workup-ai']
2026-04-21 11:00:04 [INFO] 
════════════════════════════════════════════════════════════
2026-04-21 11:00:04 [INFO] === WorkUp AI (workup-ai.com) 処理開始 ===
2026-04-21 11:00:04 [INFO] ════════════════════════════════════════════════════════════
2026-04-21 11:00:04 [INFO]   genre            : AI・副業・転職・キャリア
2026-04-21 11:00:04 [INFO]   fact_check       : True
2026-04-21 11:00:04 [INFO]   article_type_mix : True
2026-04-21 11:00:04 [INFO]   stop_words       : ['おすすめ', '比較', '2026', 'iphone', 'アプリ']
2026-04-21 11:00:04 [INFO]   article_count    : 1  dry_run: False
2026-04-21 11:00:09 [INFO] [wp] 記事取得: 計378件 (private=7 / publish=371)
2026-04-21 11:00:09 [INFO] [workup-ai] 記事タイプ配分: {'longtail': 1, 'trend': 0, 'monetize': 0}  (weights={'longtail': 0.5, 'trend': 0.3, 'monetize': 0.2})
2026-04-21 11:00:11 [DEBUG] [fetch] シート「絞り込みKW」: 518行 / ヘッダー: ['キーワード', 'SEO難易度', '月間検索数', 'CPC（$）', '競合性', 'キーワード', 'allintitle', 'intitle', 'Q&Aサイト', '', '無料ブログ', '', 'TikTok', '', 'Instagram', '', 'エックス', '', 'Facebook', '', 'aim', '投稿ステータス', '投稿日', '記事URL', '投稿ID', '使用サブKW', 'メモ']
2026-04-21 11:00:11 [INFO] [fetch] [キーワード] メインKW: 114件（vol≥30 or N/A）  サブKW: 176件（vol<30）  テーマ外除外: 128件  aim内訳: [aim:77, new:1]
2026-04-21 11:00:11 [DEBUG] [group_pool] グループ数: 80件 → pool: 50件
2026-04-21 11:00:11 [INFO] [dup_check] 優先候補: 28件 {'aim': 28} を先頭評価
2026-04-21 11:00:11 [INFO] [dup_check] 除外: 「plaud note aiボイスレコーダー iphone」 → コアKW重複: 「PLAUD NOTE AIボイスレコーダーの精度を徹底検証！距離・マイク・英語対」(core: 'plaud note aiボイスレコーダー')
2026-04-21 11:00:11 [INFO] [dup_check] 除外: 「plaud note pro 設定方法」 → 直近7日重複: 「PLAUD Note Pro 充電方法を完全解説！充電時間・トラブル対処まで」
2026-04-21 11:00:11 [INFO] [dup_check] 除外: 「plaud note pro 通話録音」 → 直近7日重複: 「PLAUD Note Pro 充電方法を完全解説！充電時間・トラブル対処まで」
2026-04-21 11:00:11 [INFO] [dup_check] 除外: 「plaud note pro zoom」 → 直近7日重複: 「PLAUD Note Pro 充電方法を完全解説！充電時間・トラブル対処まで」
2026-04-21 11:00:11 [INFO] [dup_check] 除外: 「plaud note pro オンライン会議」 → 直近7日重複: 「PLAUD Note Pro 充電方法を完全解説！充電時間・トラブル対処まで」
2026-04-21 11:00:11 [INFO] [dup_check] 除外: 「plaud note pro 文字起こし」 → 直近7日重複: 「PLAUD Note Pro 充電方法を完全解説！充電時間・トラブル対処まで」
2026-04-21 11:00:11 [INFO] [dup_check] 除外: 「plaud note pro 議事録」 → 直近7日重複: 「PLAUD Note Pro 充電方法を完全解説！充電時間・トラブル対処まで」
2026-04-21 11:00:11 [INFO] [dup_check] 除外: 「plaud note pro リアルタイム文字起こし」 → 直近7日重複: 「PLAUD Note Pro 充電方法を完全解説！充電時間・トラブル対処まで」
2026-04-21 11:00:11 [INFO] [dup_check] 除外: 「plaud note pro テンプレート」 → 直近7日重複: 「PLAUD Note Pro 充電方法を完全解説！充電時間・トラブル対処まで」
2026-04-21 11:00:11 [INFO] [dup_check] 除外: 「plaud note pro マルチモーダル」 → 直近7日重複: 「PLAUD Note Pro 充電方法を完全解説！充電時間・トラブル対処まで」
2026-04-21 11:00:11 [INFO] [dup_check] 除外: 「plaud note pro ヨドバシ」 → 直近7日重複: 「PLAUD Note Pro 充電方法を完全解説！充電時間・トラブル対処まで」
2026-04-21 11:00:11 [INFO] [dup_check] 除外: 「plaud note pro デメリット」 → 直近7日重複: 「PLAUD Note Pro 充電方法を完全解説！充電時間・トラブル対処まで」
2026-04-21 11:00:11 [INFO] [dup_check] 除外: 「plaud note pro セキュリティ」 → 直近7日重複: 「PLAUD Note Pro 充電方法を完全解説！充電時間・トラブル対処まで」
2026-04-21 11:00:11 [INFO] [dup_check] 除外: 「plaud note pro バッテリー」 → 直近7日重複: 「PLAUD Note Pro 充電方法を完全解説！充電時間・トラブル対処まで」
2026-04-21 11:00:11 [INFO] [dup_check] 除外: 「plaud note pro 評判」 → 直近7日重複: 「PLAUD Note Pro 充電方法を完全解説！充電時間・トラブル対処まで」
2026-04-21 11:00:11 [INFO] [dup_check] 除外: 「plaud note pro 口コミ」 → 直近7日重複: 「PLAUD Note Pro 充電方法を完全解説！充電時間・トラブル対処まで」
2026-04-21 11:00:11 [INFO] [dup_check] 除外: 「plaud note pro 精度」 → 直近7日重複: 「PLAUD Note Pro 充電方法を完全解説！充電時間・トラブル対処まで」
2026-04-21 11:00:12 [INFO] [dup_check] 除外: 「youtube ai ナレーション」 → 直近7日重複: 「YouTube×AI画像生成おすすめツール7選！無料・商用利用・著作権まで徹底解」
2026-04-21 11:00:12 [INFO] [dup_check] 除外: 「youtube ai 顔」 → 直近7日重複: 「YouTube×AI画像生成おすすめツール7選！無料・商用利用・著作権まで徹底解」
2026-04-21 11:00:12 [INFO] [dup_check] 除外: 「youtube 文字 起こし ai ツール」 → 直近7日重複: 「YouTube×AI画像生成おすすめツール7選！無料・商用利用・著作権まで徹底解」
2026-04-21 11:00:12 [INFO] [dup_check] 除外: 「youtube 動画 編集 生成 ai」 → 直近7日重複: 「YouTube×AI画像生成おすすめツール7選！無料・商用利用・著作権まで徹底解」
2026-04-21 11:00:12 [INFO] [dup_check] 除外: 「youtube 字幕 自動 生成 ai」 → 直近7日重複: 「YouTube×AI画像生成おすすめツール7選！無料・商用利用・著作権まで徹底解」
2026-04-21 11:00:12 [INFO] [dup_check] 除外: 「youtube 雑学 ai」 → 直近7日重複: 「YouTube×AI画像生成おすすめツール7選！無料・商用利用・著作権まで徹底解」
2026-04-21 11:00:12 [INFO] [dup_check] 除外: 「youtube 広告 ai イラスト」 → 直近7日重複: 「YouTube×AI画像生成おすすめツール7選！無料・商用利用・著作権まで徹底解」
2026-04-21 11:00:12 [INFO] [dup_check] 除外: 「youtube 競合 分析 ai」 → 直近7日重複: 「YouTube×AI画像生成おすすめツール7選！無料・商用利用・著作権まで徹底解」
2026-04-21 11:00:12 [DEBUG] [dup_check] OK: 「ai副業 何 を する」
2026-04-21 11:00:12 [INFO] [dup_check] 完了: 選定=1件 / 除外=25件 (pool=78件, 要求=1件)
2026-04-21 11:00:12 [INFO] [select] 1件選定 (要求=1件)
2026-04-21 11:00:12 [INFO] [select]   1. 「ai副業 何 を する」 vol=0 seo=N/A comp=N/A
2026-04-21 11:00:12 [INFO] [workup-ai] LONGTAIL選定: 1件
2026-04-21 11:00:12 [INFO] [workup-ai] 候補: 114件 / 選定: 1件 / 生成予定: 1件
2026-04-21 11:00:12 [INFO] [api_guard] 本日の使用量: $0.0000 / ¥0 (0回呼び出し)
2026-04-21 11:00:12 [INFO] ────────────────────────────────────────────────────────────
2026-04-21 11:00:12 [INFO] [workup-ai] [1/1] [LONGTAIL] 「ai副業 何 を する」 vol=0 ★AIM
2026-04-21 11:00:12 [INFO] ────────────────────────────────────────────────────────────
2026-04-21 11:00:12 [INFO] [generate] 生成開始: 「ai副業 何 を する」(vol:0) fact_check=True target_length=6,000字  誘導リンク:0件
2026-04-21 11:02:36 [INFO] [generate] 完了: 「AI副業で何をする？初心者におすすめの仕事7選と月収の目安を徹底解説」
2026-04-21 11:02:36 [WARNING] [workup-ai] [1/1] ⏭️ 重複スキップ: タイトル重複のため投稿スキップ: 「AI副業で何をする？初心者におすすめの仕事7選と月収の目安を徹底解説」≈「AI副業で何をする？初心者におすすめの種類と稼ぎ方を徹底解説」
2026-04-21 11:02:41 [INFO] [workup-ai] 完了: 成功=0件 / 重複スキップ=1件 / 失敗=0件 / 合計=1件
2026-04-21 11:02:41 [INFO] 
============================================================
2026-04-21 11:02:41 [INFO] 【全体サマリー】
2026-04-21 11:02:41 [INFO]   ブログ数  : 1件
2026-04-21 11:02:41 [INFO]   生成件数  : 0件成功 / 0件失敗 / 計1件
2026-04-21 11:02:41 [INFO]   所要時間  : 156.7秒
2026-04-21 11:02:41 [INFO]   ❌ [workup-ai] ai副業 何 を する → (生成失敗)
2026-04-21 11:02:41 [INFO] ============================================================
2026-04-21 20:00:04 [INFO] ============================================================
2026-04-21 20:00:04 [INFO] generate_lite.py 開始  dry_run=False
2026-04-21 20:00:04 [INFO] ============================================================
2026-04-21 20:00:04 [INFO] 対象ブログ: ['workup-ai']
2026-04-21 20:00:04 [INFO] 
════════════════════════════════════════════════════════════
2026-04-21 20:00:04 [INFO] === WorkUp AI (workup-ai.com) 処理開始 ===
2026-04-21 20:00:04 [INFO] ════════════════════════════════════════════════════════════
2026-04-21 20:00:04 [INFO]   genre            : AI・副業・転職・キャリア
2026-04-21 20:00:04 [INFO]   fact_check       : True
2026-04-21 20:00:04 [INFO]   article_type_mix : True
2026-04-21 20:00:04 [INFO]   stop_words       : ['おすすめ', '比較', '2026', 'iphone', 'アプリ']
2026-04-21 20:00:04 [INFO]   article_count    : 1  dry_run: False
2026-04-21 20:00:09 [INFO] [wp] 記事取得: 計378件 (private=7 / publish=371)
2026-04-21 20:00:09 [INFO] [workup-ai] 記事タイプ配分: {'longtail': 1, 'trend': 0, 'monetize': 0}  (weights={'longtail': 0.5, 'trend': 0.3, 'monetize': 0.2})
2026-04-21 20:00:12 [DEBUG] [fetch] シート「絞り込みKW」: 518行 / ヘッダー: ['キーワード', 'SEO難易度', '月間検索数', 'CPC（$）', '競合性', 'キーワード', 'allintitle', 'intitle', 'Q&Aサイト', '', '無料ブログ', '', 'TikTok', '', 'Instagram', '', 'エックス', '', 'Facebook', '', 'aim', '投稿ステータス', '投稿日', '記事URL', '投稿ID', '使用サブKW', 'メモ']
2026-04-21 20:00:12 [INFO] [fetch] [キーワード] メインKW: 113件（vol≥30 or N/A）  サブKW: 176件（vol<30）  テーマ外除外: 128件  aim内訳: [aim:76, new:1]
2026-04-21 20:00:12 [DEBUG] [group_pool] グループ数: 80件 → pool: 50件
2026-04-21 20:00:12 [INFO] [dup_check] 優先候補: 27件 {'aim': 27} を先頭評価
2026-04-21 20:00:12 [INFO] [dup_check] 除外: 「plaud note aiボイスレコーダー iphone」 → コアKW重複: 「PLAUD NOTE AIボイスレコーダーの精度を徹底検証！距離・マイク・英語対」(core: 'plaud note aiボイスレコーダー')
2026-04-21 20:00:12 [INFO] [dup_check] 除外: 「plaud note pro 設定方法」 → 直近7日重複: 「PLAUD Note Pro 充電方法を完全解説！充電時間・トラブル対処まで」
2026-04-21 20:00:12 [INFO] [dup_check] 除外: 「plaud note pro 通話録音」 → 直近7日重複: 「PLAUD Note Pro 充電方法を完全解説！充電時間・トラブル対処まで」
2026-04-21 20:00:12 [INFO] [dup_check] 除外: 「plaud note pro zoom」 → 直近7日重複: 「PLAUD Note Pro 充電方法を完全解説！充電時間・トラブル対処まで」
2026-04-21 20:00:12 [INFO] [dup_check] 除外: 「plaud note pro オンライン会議」 → 直近7日重複: 「PLAUD Note Pro 充電方法を完全解説！充電時間・トラブル対処まで」
2026-04-21 20:00:12 [INFO] [dup_check] 除外: 「plaud note pro 文字起こし」 → 直近7日重複: 「PLAUD Note Pro 充電方法を完全解説！充電時間・トラブル対処まで」
2026-04-21 20:00:12 [INFO] [dup_check] 除外: 「plaud note pro 議事録」 → 直近7日重複: 「PLAUD Note Pro 充電方法を完全解説！充電時間・トラブル対処まで」
2026-04-21 20:00:12 [INFO] [dup_check] 除外: 「plaud note pro リアルタイム文字起こし」 → 直近7日重複: 「PLAUD Note Pro 充電方法を完全解説！充電時間・トラブル対処まで」
2026-04-21 20:00:12 [INFO] [dup_check] 除外: 「plaud note pro テンプレート」 → 直近7日重複: 「PLAUD Note Pro 充電方法を完全解説！充電時間・トラブル対処まで」
2026-04-21 20:00:12 [INFO] [dup_check] 除外: 「plaud note pro マルチモーダル」 → 直近7日重複: 「PLAUD Note Pro 充電方法を完全解説！充電時間・トラブル対処まで」
2026-04-21 20:00:12 [INFO] [dup_check] 除外: 「plaud note pro ヨドバシ」 → 直近7日重複: 「PLAUD Note Pro 充電方法を完全解説！充電時間・トラブル対処まで」
2026-04-21 20:00:12 [INFO] [dup_check] 除外: 「plaud note pro デメリット」 → 直近7日重複: 「PLAUD Note Pro 充電方法を完全解説！充電時間・トラブル対処まで」
2026-04-21 20:00:12 [INFO] [dup_check] 除外: 「plaud note pro セキュリティ」 → 直近7日重複: 「PLAUD Note Pro 充電方法を完全解説！充電時間・トラブル対処まで」
2026-04-21 20:00:12 [INFO] [dup_check] 除外: 「plaud note pro バッテリー」 → 直近7日重複: 「PLAUD Note Pro 充電方法を完全解説！充電時間・トラブル対処まで」
2026-04-21 20:00:12 [INFO] [dup_check] 除外: 「plaud note pro 評判」 → 直近7日重複: 「PLAUD Note Pro 充電方法を完全解説！充電時間・トラブル対処まで」
2026-04-21 20:00:12 [INFO] [dup_check] 除外: 「plaud note pro 口コミ」 → 直近7日重複: 「PLAUD Note Pro 充電方法を完全解説！充電時間・トラブル対処まで」
2026-04-21 20:00:12 [INFO] [dup_check] 除外: 「plaud note pro 精度」 → 直近7日重複: 「PLAUD Note Pro 充電方法を完全解説！充電時間・トラブル対処まで」
2026-04-21 20:00:12 [INFO] [dup_check] 除外: 「youtube ai ナレーション」 → 直近7日重複: 「YouTube×AI画像生成おすすめツール7選！無料・商用利用・著作権まで徹底解」
2026-04-21 20:00:12 [INFO] [dup_check] 除外: 「youtube ai 顔」 → 直近7日重複: 「YouTube×AI画像生成おすすめツール7選！無料・商用利用・著作権まで徹底解」
2026-04-21 20:00:12 [INFO] [dup_check] 除外: 「youtube 文字 起こし ai ツール」 → 直近7日重複: 「YouTube×AI画像生成おすすめツール7選！無料・商用利用・著作権まで徹底解」
2026-04-21 20:00:12 [INFO] [dup_check] 除外: 「youtube 動画 編集 生成 ai」 → 直近7日重複: 「YouTube×AI画像生成おすすめツール7選！無料・商用利用・著作権まで徹底解」
2026-04-21 20:00:12 [INFO] [dup_check] 除外: 「youtube 字幕 自動 生成 ai」 → 直近7日重複: 「YouTube×AI画像生成おすすめツール7選！無料・商用利用・著作権まで徹底解」
2026-04-21 20:00:12 [INFO] [dup_check] 除外: 「youtube 雑学 ai」 → 直近7日重複: 「YouTube×AI画像生成おすすめツール7選！無料・商用利用・著作権まで徹底解」
2026-04-21 20:00:12 [INFO] [dup_check] 除外: 「youtube 広告 ai イラスト」 → 直近7日重複: 「YouTube×AI画像生成おすすめツール7選！無料・商用利用・著作権まで徹底解」
2026-04-21 20:00:12 [INFO] [dup_check] 除外: 「youtube 競合 分析 ai」 → 直近7日重複: 「YouTube×AI画像生成おすすめツール7選！無料・商用利用・著作権まで徹底解」
2026-04-21 20:00:12 [DEBUG] [dup_check] OK: 「ai副業 パソコンスペック」
2026-04-21 20:00:12 [INFO] [dup_check] 完了: 選定=1件 / 除外=25件 (pool=77件, 要求=1件)
2026-04-21 20:00:12 [INFO] [select] 1件選定 (要求=1件)
2026-04-21 20:00:12 [INFO] [select]   1. 「ai副業 パソコンスペック」 vol=0 seo=N/A comp=N/A
2026-04-21 20:00:12 [INFO] [workup-ai] LONGTAIL選定: 1件
2026-04-21 20:00:12 [INFO] [workup-ai] 候補: 113件 / 選定: 1件 / 生成予定: 1件
2026-04-21 20:00:12 [INFO] [api_guard] 本日の使用量: $0.1637 / ¥25 (3回呼び出し)
2026-04-21 20:00:12 [INFO] ────────────────────────────────────────────────────────────
2026-04-21 20:00:12 [INFO] [workup-ai] [1/1] [LONGTAIL] 「ai副業 パソコンスペック」 vol=0 ★AIM
2026-04-21 20:00:12 [INFO] ────────────────────────────────────────────────────────────
2026-04-21 20:00:12 [INFO] [generate] 生成開始: 「ai副業 パソコンスペック」(vol:0) fact_check=True target_length=6,000字  誘導リンク:0件
2026-04-21 20:02:47 [INFO] [generate] 完了: 「AI副業に必要なパソコンスペック完全ガイド｜初心者向け選び方と予算相場」
2026-04-21 20:02:57 [INFO] [post] 画像生成完了: 65,278 bytes
2026-04-21 20:03:11 [INFO] [post] WP投稿完了: ID=9727 → https://workup-ai.com/wp-admin/post.php?post=9727&action=edit
2026-04-21 20:03:11 [INFO] [workup-ai] [1/1] ✅ 完了: 「AI副業に必要なパソコンスペック完全ガイド｜初心者向け選び方と予算相場」
2026-04-21 20:03:11 [INFO] [workup-ai] 完了: 成功=1件 / 重複スキップ=0件 / 失敗=0件 / 合計=1件
2026-04-21 20:03:11 [INFO] 
============================================================
2026-04-21 20:03:11 [INFO] 【全体サマリー】
2026-04-21 20:03:11 [INFO]   ブログ数  : 1件
2026-04-21 20:03:11 [INFO]   生成件数  : 1件成功 / 0件失敗 / 計1件
2026-04-21 20:03:11 [INFO]   所要時間  : 187.3秒
2026-04-21 20:03:11 [INFO]   ✅ [workup-ai] ai副業 パソコンスペック → AI副業に必要なパソコンスペック完全ガイド｜初心者向け選び方と予算相場
2026-04-21 20:03:11 [INFO]        https://workup-ai.com/wp-admin/post.php?post=9727&action=edit
2026-04-21 20:03:11 [INFO] ============================================================
