2026-04-19 05:00:04 [INFO] ============================================================
2026-04-19 05:00:04 [INFO] generate_lite.py 開始  dry_run=False
2026-04-19 05:00:04 [INFO] ============================================================
2026-04-19 05:00:04 [INFO] 対象ブログ: ['workup-ai']
2026-04-19 05:00:04 [INFO] 
════════════════════════════════════════════════════════════
2026-04-19 05:00:04 [INFO] === WorkUp AI (workup-ai.com) 処理開始 ===
2026-04-19 05:00:04 [INFO] ════════════════════════════════════════════════════════════
2026-04-19 05:00:04 [INFO]   genre            : AI・副業・転職・キャリア
2026-04-19 05:00:04 [INFO]   fact_check       : True
2026-04-19 05:00:04 [INFO]   article_type_mix : True
2026-04-19 05:00:04 [INFO]   stop_words       : ['おすすめ', '比較', '2026', 'iphone', 'アプリ']
2026-04-19 05:00:04 [INFO]   article_count    : 1  dry_run: False
2026-04-19 05:00:07 [INFO] [wp] 記事取得: 計369件 (private=6 / publish=363)
2026-04-19 05:00:07 [INFO] [workup-ai] 記事タイプ配分: {'longtail': 1, 'trend': 0, 'monetize': 0}  (weights={'longtail': 0.5, 'trend': 0.3, 'monetize': 0.2})
2026-04-19 05:00:09 [DEBUG] [fetch] シート「絞り込みKW」: 505行 / ヘッダー: ['キーワード', 'SEO難易度', '月間検索数', 'CPC（$）', '競合性', 'キーワード', 'allintitle', 'intitle', 'Q&Aサイト', '', '無料ブログ', '', 'TikTok', '', 'Instagram', '', 'エックス', '', 'Facebook', '', 'aim', '投稿ステータス', '投稿日', '記事URL', '投稿ID', '使用サブKW', 'メモ']
2026-04-19 05:00:09 [INFO] [fetch] [キーワード] メインKW: 110件（vol≥30 or N/A）  サブKW: 176件（vol<30）  テーマ外除外: 125件  aim内訳: [aim:81]
2026-04-19 05:00:09 [DEBUG] [group_pool] グループ数: 70件 → pool: 50件
2026-04-19 05:00:09 [INFO] [dup_check] 優先候補: 34件 {'aim': 34} を先頭評価
2026-04-19 05:00:09 [INFO] [dup_check] 除外: 「plaud note aiボイスレコーダー iphone」 → コアKW重複: 「PLAUD NOTE AIボイスレコーダーの精度を徹底検証！距離・マイク・英語対」(core: 'plaud note aiボイスレコーダー')
2026-04-19 05:00:09 [INFO] [dup_check] 除外: 「plaud note pro 設定方法」 → 直近7日重複: 「PLAUD Note Pro 充電方法を完全解説！充電時間・トラブル対処まで」
2026-04-19 05:00:09 [INFO] [dup_check] 除外: 「plaud note pro 通話録音」 → 直近7日重複: 「PLAUD Note Pro 充電方法を完全解説！充電時間・トラブル対処まで」
2026-04-19 05:00:09 [INFO] [dup_check] 除外: 「plaud note pro zoom」 → 直近7日重複: 「PLAUD Note Pro 充電方法を完全解説！充電時間・トラブル対処まで」
2026-04-19 05:00:09 [INFO] [dup_check] 除外: 「plaud note pro オンライン会議」 → 直近7日重複: 「PLAUD Note Pro 充電方法を完全解説！充電時間・トラブル対処まで」
2026-04-19 05:00:09 [INFO] [dup_check] 除外: 「plaud note pro 文字起こし」 → 直近7日重複: 「PLAUD Note Pro 充電方法を完全解説！充電時間・トラブル対処まで」
2026-04-19 05:00:09 [INFO] [dup_check] 除外: 「plaud note pro 議事録」 → 直近7日重複: 「PLAUD Note Pro 充電方法を完全解説！充電時間・トラブル対処まで」
2026-04-19 05:00:09 [INFO] [dup_check] 除外: 「plaud note pro リアルタイム文字起こし」 → 直近7日重複: 「PLAUD Note Pro 充電方法を完全解説！充電時間・トラブル対処まで」
2026-04-19 05:00:09 [INFO] [dup_check] 除外: 「plaud note pro テンプレート」 → 直近7日重複: 「PLAUD Note Pro 充電方法を完全解説！充電時間・トラブル対処まで」
2026-04-19 05:00:10 [INFO] [dup_check] 除外: 「plaud note pro マルチモーダル」 → 直近7日重複: 「PLAUD Note Pro 充電方法を完全解説！充電時間・トラブル対処まで」
2026-04-19 05:00:10 [INFO] [dup_check] 除外: 「plaud note pro ヨドバシ」 → 直近7日重複: 「PLAUD Note Pro 充電方法を完全解説！充電時間・トラブル対処まで」
2026-04-19 05:00:10 [INFO] [dup_check] 除外: 「plaud note pro デメリット」 → 直近7日重複: 「PLAUD Note Pro 充電方法を完全解説！充電時間・トラブル対処まで」
2026-04-19 05:00:10 [INFO] [dup_check] 除外: 「plaud note pro セキュリティ」 → 直近7日重複: 「PLAUD Note Pro 充電方法を完全解説！充電時間・トラブル対処まで」
2026-04-19 05:00:10 [INFO] [dup_check] 除外: 「plaud note pro バッテリー」 → 直近7日重複: 「PLAUD Note Pro 充電方法を完全解説！充電時間・トラブル対処まで」
2026-04-19 05:00:10 [INFO] [dup_check] 除外: 「plaud note pro 評判」 → 直近7日重複: 「PLAUD Note Pro 充電方法を完全解説！充電時間・トラブル対処まで」
2026-04-19 05:00:10 [INFO] [dup_check] 除外: 「plaud note pro 口コミ」 → 直近7日重複: 「PLAUD Note Pro 充電方法を完全解説！充電時間・トラブル対処まで」
2026-04-19 05:00:10 [INFO] [dup_check] 除外: 「plaud note pro 精度」 → 直近7日重複: 「PLAUD Note Pro 充電方法を完全解説！充電時間・トラブル対処まで」
2026-04-19 05:00:10 [INFO] [dup_check] 除外: 「youtube ai ナレーション」 → 直近7日重複: 「YouTubeのAI翻訳音声機能を完全解説！やり方・対応言語・精度まで」
2026-04-19 05:00:10 [INFO] [dup_check] 除外: 「youtube ai 顔」 → 直近7日重複: 「YouTubeのAI翻訳音声機能を完全解説！やり方・対応言語・精度まで」
2026-04-19 05:00:10 [INFO] [dup_check] 除外: 「youtube 文字 起こし ai ツール」 → 直近7日重複: 「YouTubeのAI翻訳音声機能を完全解説！やり方・対応言語・精度まで」
2026-04-19 05:00:10 [INFO] [dup_check] 除外: 「youtube 動画 編集 生成 ai」 → 直近7日重複: 「YouTubeのAI翻訳音声機能を完全解説！やり方・対応言語・精度まで」
2026-04-19 05:00:10 [INFO] [dup_check] 除外: 「youtube 字幕 自動 生成 ai」 → 直近7日重複: 「YouTubeのAI翻訳音声機能を完全解説！やり方・対応言語・精度まで」
2026-04-19 05:00:10 [INFO] [dup_check] 除外: 「youtube 雑学 ai」 → 直近7日重複: 「YouTubeのAI翻訳音声機能を完全解説！やり方・対応言語・精度まで」
2026-04-19 05:00:10 [INFO] [dup_check] 除外: 「youtube 広告 ai イラスト」 → 直近7日重複: 「YouTubeのAI翻訳音声機能を完全解説！やり方・対応言語・精度まで」
2026-04-19 05:00:10 [INFO] [dup_check] 除外: 「youtube 競合 分析 ai」 → 直近7日重複: 「YouTubeのAI翻訳音声機能を完全解説！やり方・対応言語・精度まで」
2026-04-19 05:00:10 [DEBUG] [dup_check] OK: 「youtube ai音声 収益化停止」
2026-04-19 05:00:10 [INFO] [dup_check] 完了: 選定=1件 / 除外=25件 (pool=84件, 要求=1件)
2026-04-19 05:00:10 [INFO] [select] 1件選定 (要求=1件)
2026-04-19 05:00:10 [INFO] [select]   1. 「youtube ai音声 収益化停止」 vol=0 seo=N/A comp=N/A
2026-04-19 05:00:10 [INFO] [workup-ai] LONGTAIL選定: 1件
2026-04-19 05:00:10 [INFO] [workup-ai] 候補: 110件 / 選定: 1件 / 生成予定: 1件
2026-04-19 05:00:10 [INFO] [api_guard] 本日の使用量: $1.3803 / ¥207 (24回呼び出し)
2026-04-19 05:00:10 [INFO] ────────────────────────────────────────────────────────────
2026-04-19 05:00:10 [INFO] [workup-ai] [1/1] [LONGTAIL] 「youtube ai音声 収益化停止」 vol=0 ★AIM
2026-04-19 05:00:10 [INFO] ────────────────────────────────────────────────────────────
2026-04-19 05:00:10 [INFO] [generate] 生成開始: 「youtube ai音声 収益化停止」(vol:0) fact_check=True target_length=6,000字
2026-04-19 05:02:42 [INFO] [generate] 完了: 「YouTube AI音声で収益化停止になる理由と対策を徹底解説」
2026-04-19 05:02:52 [INFO] [post] 画像生成完了: 72,536 bytes
2026-04-19 05:03:05 [INFO] [post] WP投稿完了: ID=9699 → https://workup-ai.com/wp-admin/post.php?post=9699&action=edit
2026-04-19 05:03:05 [INFO] [workup-ai] [1/1] ✅ 完了: 「YouTube AI音声で収益化停止になる理由と対策を徹底解説」
2026-04-19 05:03:05 [INFO] [workup-ai] 完了: 成功=1件 / 重複スキップ=0件 / 失敗=0件 / 合計=1件
2026-04-19 05:03:05 [INFO] 
============================================================
2026-04-19 05:03:05 [INFO] 【全体サマリー】
2026-04-19 05:03:05 [INFO]   ブログ数  : 1件
2026-04-19 05:03:05 [INFO]   生成件数  : 1件成功 / 0件失敗 / 計1件
2026-04-19 05:03:05 [INFO]   所要時間  : 181.0秒
2026-04-19 05:03:05 [INFO]   ✅ [workup-ai] youtube ai音声 収益化停止 → YouTube AI音声で収益化停止になる理由と対策を徹底解説
2026-04-19 05:03:05 [INFO]        https://workup-ai.com/wp-admin/post.php?post=9699&action=edit
2026-04-19 05:03:05 [INFO] ============================================================
2026-04-19 11:00:04 [INFO] ============================================================
2026-04-19 11:00:04 [INFO] generate_lite.py 開始  dry_run=False
2026-04-19 11:00:04 [INFO] ============================================================
2026-04-19 11:00:04 [INFO] 対象ブログ: ['workup-ai']
2026-04-19 11:00:04 [INFO] 
════════════════════════════════════════════════════════════
2026-04-19 11:00:04 [INFO] === WorkUp AI (workup-ai.com) 処理開始 ===
2026-04-19 11:00:04 [INFO] ════════════════════════════════════════════════════════════
2026-04-19 11:00:04 [INFO]   genre            : AI・副業・転職・キャリア
2026-04-19 11:00:04 [INFO]   fact_check       : True
2026-04-19 11:00:04 [INFO]   article_type_mix : True
2026-04-19 11:00:04 [INFO]   stop_words       : ['おすすめ', '比較', '2026', 'iphone', 'アプリ']
2026-04-19 11:00:04 [INFO]   article_count    : 1  dry_run: False
2026-04-19 11:00:09 [INFO] [wp] 記事取得: 計371件 (private=6 / publish=365)
2026-04-19 11:00:09 [INFO] [workup-ai] 記事タイプ配分: {'longtail': 1, 'trend': 0, 'monetize': 0}  (weights={'longtail': 0.5, 'trend': 0.3, 'monetize': 0.2})
2026-04-19 11:00:11 [DEBUG] [fetch] シート「絞り込みKW」: 505行 / ヘッダー: ['キーワード', 'SEO難易度', '月間検索数', 'CPC（$）', '競合性', 'キーワード', 'allintitle', 'intitle', 'Q&Aサイト', '', '無料ブログ', '', 'TikTok', '', 'Instagram', '', 'エックス', '', 'Facebook', '', 'aim', '投稿ステータス', '投稿日', '記事URL', '投稿ID', '使用サブKW', 'メモ']
2026-04-19 11:00:11 [INFO] [fetch] [キーワード] メインKW: 109件（vol≥30 or N/A）  サブKW: 176件（vol<30）  テーマ外除外: 125件  aim内訳: [aim:80]
2026-04-19 11:00:12 [DEBUG] [group_pool] グループ数: 70件 → pool: 50件
2026-04-19 11:00:12 [INFO] [dup_check] 優先候補: 33件 {'aim': 33} を先頭評価
2026-04-19 11:00:12 [INFO] [dup_check] 除外: 「plaud note aiボイスレコーダー iphone」 → コアKW重複: 「PLAUD NOTE AIボイスレコーダーの精度を徹底検証！距離・マイク・英語対」(core: 'plaud note aiボイスレコーダー')
2026-04-19 11:00:12 [INFO] [dup_check] 除外: 「plaud note pro 設定方法」 → 直近7日重複: 「PLAUD Note Pro 充電方法を完全解説！充電時間・トラブル対処まで」
2026-04-19 11:00:12 [INFO] [dup_check] 除外: 「plaud note pro 通話録音」 → 直近7日重複: 「PLAUD Note Pro 充電方法を完全解説！充電時間・トラブル対処まで」
2026-04-19 11:00:12 [INFO] [dup_check] 除外: 「plaud note pro zoom」 → 直近7日重複: 「PLAUD Note Pro 充電方法を完全解説！充電時間・トラブル対処まで」
2026-04-19 11:00:12 [INFO] [dup_check] 除外: 「plaud note pro オンライン会議」 → 直近7日重複: 「PLAUD Note Pro 充電方法を完全解説！充電時間・トラブル対処まで」
2026-04-19 11:00:12 [INFO] [dup_check] 除外: 「plaud note pro 文字起こし」 → 直近7日重複: 「PLAUD Note Pro 充電方法を完全解説！充電時間・トラブル対処まで」
2026-04-19 11:00:12 [INFO] [dup_check] 除外: 「plaud note pro 議事録」 → 直近7日重複: 「PLAUD Note Pro 充電方法を完全解説！充電時間・トラブル対処まで」
2026-04-19 11:00:12 [INFO] [dup_check] 除外: 「plaud note pro リアルタイム文字起こし」 → 直近7日重複: 「PLAUD Note Pro 充電方法を完全解説！充電時間・トラブル対処まで」
2026-04-19 11:00:12 [INFO] [dup_check] 除外: 「plaud note pro テンプレート」 → 直近7日重複: 「PLAUD Note Pro 充電方法を完全解説！充電時間・トラブル対処まで」
2026-04-19 11:00:12 [INFO] [dup_check] 除外: 「plaud note pro マルチモーダル」 → 直近7日重複: 「PLAUD Note Pro 充電方法を完全解説！充電時間・トラブル対処まで」
2026-04-19 11:00:12 [INFO] [dup_check] 除外: 「plaud note pro ヨドバシ」 → 直近7日重複: 「PLAUD Note Pro 充電方法を完全解説！充電時間・トラブル対処まで」
2026-04-19 11:00:12 [INFO] [dup_check] 除外: 「plaud note pro デメリット」 → 直近7日重複: 「PLAUD Note Pro 充電方法を完全解説！充電時間・トラブル対処まで」
2026-04-19 11:00:12 [INFO] [dup_check] 除外: 「plaud note pro セキュリティ」 → 直近7日重複: 「PLAUD Note Pro 充電方法を完全解説！充電時間・トラブル対処まで」
2026-04-19 11:00:12 [INFO] [dup_check] 除外: 「plaud note pro バッテリー」 → 直近7日重複: 「PLAUD Note Pro 充電方法を完全解説！充電時間・トラブル対処まで」
2026-04-19 11:00:12 [INFO] [dup_check] 除外: 「plaud note pro 評判」 → 直近7日重複: 「PLAUD Note Pro 充電方法を完全解説！充電時間・トラブル対処まで」
2026-04-19 11:00:12 [INFO] [dup_check] 除外: 「plaud note pro 口コミ」 → 直近7日重複: 「PLAUD Note Pro 充電方法を完全解説！充電時間・トラブル対処まで」
2026-04-19 11:00:12 [INFO] [dup_check] 除外: 「plaud note pro 精度」 → 直近7日重複: 「PLAUD Note Pro 充電方法を完全解説！充電時間・トラブル対処まで」
2026-04-19 11:00:12 [INFO] [dup_check] 除外: 「youtube ai ナレーション」 → 直近7日重複: 「YouTube AI音声で収益化停止になる理由と対策を徹底解説」
2026-04-19 11:00:12 [INFO] [dup_check] 除外: 「youtube ai 顔」 → 直近7日重複: 「YouTube AI音声で収益化停止になる理由と対策を徹底解説」
2026-04-19 11:00:12 [INFO] [dup_check] 除外: 「youtube 文字 起こし ai ツール」 → 直近7日重複: 「YouTube AI音声で収益化停止になる理由と対策を徹底解説」
2026-04-19 11:00:12 [INFO] [dup_check] 除外: 「youtube 動画 編集 生成 ai」 → 直近7日重複: 「YouTube AI音声で収益化停止になる理由と対策を徹底解説」
2026-04-19 11:00:12 [INFO] [dup_check] 除外: 「youtube 字幕 自動 生成 ai」 → 直近7日重複: 「YouTube AI音声で収益化停止になる理由と対策を徹底解説」
2026-04-19 11:00:12 [INFO] [dup_check] 除外: 「youtube 雑学 ai」 → 直近7日重複: 「YouTube AI音声で収益化停止になる理由と対策を徹底解説」
2026-04-19 11:00:12 [INFO] [dup_check] 除外: 「youtube 広告 ai イラスト」 → 直近7日重複: 「YouTube AI音声で収益化停止になる理由と対策を徹底解説」
2026-04-19 11:00:12 [INFO] [dup_check] 除外: 「youtube 競合 分析 ai」 → 直近7日重複: 「YouTube AI音声で収益化停止になる理由と対策を徹底解説」
2026-04-19 11:00:12 [DEBUG] [dup_check] OK: 「マイキャリ ai副業」
2026-04-19 11:00:12 [INFO] [dup_check] 完了: 選定=1件 / 除外=25件 (pool=83件, 要求=1件)
2026-04-19 11:00:12 [INFO] [select] 1件選定 (要求=1件)
2026-04-19 11:00:12 [INFO] [select]   1. 「マイキャリ ai副業」 vol=0 seo=N/A comp=N/A
2026-04-19 11:00:12 [INFO] [workup-ai] LONGTAIL選定: 1件
2026-04-19 11:00:12 [INFO] [workup-ai] 候補: 109件 / 選定: 1件 / 生成予定: 1件
2026-04-19 11:00:12 [INFO] [api_guard] 本日の使用量: $0.0000 / ¥0 (0回呼び出し)
2026-04-19 11:00:12 [INFO] ────────────────────────────────────────────────────────────
2026-04-19 11:00:12 [INFO] [workup-ai] [1/1] [LONGTAIL] 「マイキャリ ai副業」 vol=0 ★AIM
2026-04-19 11:00:12 [INFO] ────────────────────────────────────────────────────────────
2026-04-19 11:00:12 [INFO] [generate] 生成開始: 「マイキャリ ai副業」(vol:0) fact_check=True target_length=6,000字
2026-04-19 11:02:44 [INFO] [generate] 完了: 「マイキャリAI副業の評判・口コミは？怪しい？始め方から稼げるかまで徹底解説」
2026-04-19 11:02:55 [INFO] [post] 画像生成完了: 53,137 bytes
2026-04-19 11:03:42 [INFO] [post] WP投稿完了: ID=9705 → https://workup-ai.com/wp-admin/post.php?post=9705&action=edit
2026-04-19 11:03:42 [INFO] [workup-ai] [1/1] ✅ 完了: 「マイキャリAI副業の評判・口コミは？怪しい？始め方から稼げるかまで徹底解説」
2026-04-19 11:03:42 [INFO] [workup-ai] 完了: 成功=1件 / 重複スキップ=0件 / 失敗=0件 / 合計=1件
2026-04-19 11:03:42 [INFO] 
============================================================
2026-04-19 11:03:42 [INFO] 【全体サマリー】
2026-04-19 11:03:42 [INFO]   ブログ数  : 1件
2026-04-19 11:03:42 [INFO]   生成件数  : 1件成功 / 0件失敗 / 計1件
2026-04-19 11:03:42 [INFO]   所要時間  : 217.8秒
2026-04-19 11:03:42 [INFO]   ✅ [workup-ai] マイキャリ ai副業 → マイキャリAI副業の評判・口コミは？怪しい？始め方から稼げるかまで徹底解説
2026-04-19 11:03:42 [INFO]        https://workup-ai.com/wp-admin/post.php?post=9705&action=edit
2026-04-19 11:03:42 [INFO] ============================================================
2026-04-19 20:00:04 [INFO] ============================================================
2026-04-19 20:00:04 [INFO] generate_lite.py 開始  dry_run=False
2026-04-19 20:00:04 [INFO] ============================================================
2026-04-19 20:00:04 [INFO] 対象ブログ: ['workup-ai']
2026-04-19 20:00:04 [INFO] 
════════════════════════════════════════════════════════════
2026-04-19 20:00:04 [INFO] === WorkUp AI (workup-ai.com) 処理開始 ===
2026-04-19 20:00:04 [INFO] ════════════════════════════════════════════════════════════
2026-04-19 20:00:04 [INFO]   genre            : AI・副業・転職・キャリア
2026-04-19 20:00:04 [INFO]   fact_check       : True
2026-04-19 20:00:04 [INFO]   article_type_mix : True
2026-04-19 20:00:04 [INFO]   stop_words       : ['おすすめ', '比較', '2026', 'iphone', 'アプリ']
2026-04-19 20:00:04 [INFO]   article_count    : 1  dry_run: False
2026-04-19 20:00:10 [INFO] [wp] 記事取得: 計374件 (private=7 / publish=367)
2026-04-19 20:00:10 [INFO] [workup-ai] 記事タイプ配分: {'longtail': 1, 'trend': 0, 'monetize': 0}  (weights={'longtail': 0.5, 'trend': 0.3, 'monetize': 0.2})
2026-04-19 20:00:12 [DEBUG] [fetch] シート「絞り込みKW」: 505行 / ヘッダー: ['キーワード', 'SEO難易度', '月間検索数', 'CPC（$）', '競合性', 'キーワード', 'allintitle', 'intitle', 'Q&Aサイト', '', '無料ブログ', '', 'TikTok', '', 'Instagram', '', 'エックス', '', 'Facebook', '', 'aim', '投稿ステータス', '投稿日', '記事URL', '投稿ID', '使用サブKW', 'メモ']
2026-04-19 20:00:12 [INFO] [fetch] [キーワード] メインKW: 108件（vol≥30 or N/A）  サブKW: 176件（vol<30）  テーマ外除外: 125件  aim内訳: [aim:79]
2026-04-19 20:00:12 [DEBUG] [group_pool] グループ数: 70件 → pool: 50件
2026-04-19 20:00:12 [INFO] [dup_check] 優先候補: 32件 {'aim': 32} を先頭評価
2026-04-19 20:00:12 [INFO] [dup_check] 除外: 「plaud note aiボイスレコーダー iphone」 → コアKW重複: 「PLAUD NOTE AIボイスレコーダーの精度を徹底検証！距離・マイク・英語対」(core: 'plaud note aiボイスレコーダー')
2026-04-19 20:00:12 [INFO] [dup_check] 除外: 「plaud note pro 設定方法」 → 直近7日重複: 「PLAUD Note Pro 充電方法を完全解説！充電時間・トラブル対処まで」
2026-04-19 20:00:12 [INFO] [dup_check] 除外: 「plaud note pro 通話録音」 → 直近7日重複: 「PLAUD Note Pro 充電方法を完全解説！充電時間・トラブル対処まで」
2026-04-19 20:00:12 [INFO] [dup_check] 除外: 「plaud note pro zoom」 → 直近7日重複: 「PLAUD Note Pro 充電方法を完全解説！充電時間・トラブル対処まで」
2026-04-19 20:00:12 [INFO] [dup_check] 除外: 「plaud note pro オンライン会議」 → 直近7日重複: 「PLAUD Note Pro 充電方法を完全解説！充電時間・トラブル対処まで」
2026-04-19 20:00:12 [INFO] [dup_check] 除外: 「plaud note pro 文字起こし」 → 直近7日重複: 「PLAUD Note Pro 充電方法を完全解説！充電時間・トラブル対処まで」
2026-04-19 20:00:12 [INFO] [dup_check] 除外: 「plaud note pro 議事録」 → 直近7日重複: 「PLAUD Note Pro 充電方法を完全解説！充電時間・トラブル対処まで」
2026-04-19 20:00:12 [INFO] [dup_check] 除外: 「plaud note pro リアルタイム文字起こし」 → 直近7日重複: 「PLAUD Note Pro 充電方法を完全解説！充電時間・トラブル対処まで」
2026-04-19 20:00:12 [INFO] [dup_check] 除外: 「plaud note pro テンプレート」 → 直近7日重複: 「PLAUD Note Pro 充電方法を完全解説！充電時間・トラブル対処まで」
2026-04-19 20:00:12 [INFO] [dup_check] 除外: 「plaud note pro マルチモーダル」 → 直近7日重複: 「PLAUD Note Pro 充電方法を完全解説！充電時間・トラブル対処まで」
2026-04-19 20:00:12 [INFO] [dup_check] 除外: 「plaud note pro ヨドバシ」 → 直近7日重複: 「PLAUD Note Pro 充電方法を完全解説！充電時間・トラブル対処まで」
2026-04-19 20:00:12 [INFO] [dup_check] 除外: 「plaud note pro デメリット」 → 直近7日重複: 「PLAUD Note Pro 充電方法を完全解説！充電時間・トラブル対処まで」
2026-04-19 20:00:12 [INFO] [dup_check] 除外: 「plaud note pro セキュリティ」 → 直近7日重複: 「PLAUD Note Pro 充電方法を完全解説！充電時間・トラブル対処まで」
2026-04-19 20:00:12 [INFO] [dup_check] 除外: 「plaud note pro バッテリー」 → 直近7日重複: 「PLAUD Note Pro 充電方法を完全解説！充電時間・トラブル対処まで」
2026-04-19 20:00:12 [INFO] [dup_check] 除外: 「plaud note pro 評判」 → 直近7日重複: 「PLAUD Note Pro 充電方法を完全解説！充電時間・トラブル対処まで」
2026-04-19 20:00:12 [INFO] [dup_check] 除外: 「plaud note pro 口コミ」 → 直近7日重複: 「PLAUD Note Pro 充電方法を完全解説！充電時間・トラブル対処まで」
2026-04-19 20:00:12 [INFO] [dup_check] 除外: 「plaud note pro 精度」 → 直近7日重複: 「PLAUD Note Pro 充電方法を完全解説！充電時間・トラブル対処まで」
2026-04-19 20:00:13 [INFO] [dup_check] 除外: 「youtube ai ナレーション」 → 直近7日重複: 「YouTube AI読み上げ完全ガイド！使19・設定・おすすめツール6選」
2026-04-19 20:00:13 [INFO] [dup_check] 除外: 「youtube ai 顔」 → 直近7日重複: 「YouTube AI読み上げ完全ガイド！使19・設定・おすすめツール6選」
2026-04-19 20:00:13 [INFO] [dup_check] 除外: 「youtube 文字 起こし ai ツール」 → 直近7日重複: 「YouTube AI読み上げ完全ガイド！使19・設定・おすすめツール6選」
2026-04-19 20:00:13 [INFO] [dup_check] 除外: 「youtube 動画 編集 生成 ai」 → 直近7日重複: 「YouTube AI読み上げ完全ガイド！使19・設定・おすすめツール6選」
2026-04-19 20:00:13 [INFO] [dup_check] 除外: 「youtube 字幕 自動 生成 ai」 → 直近7日重複: 「YouTube AI読み上げ完全ガイド！使19・設定・おすすめツール6選」
2026-04-19 20:00:13 [INFO] [dup_check] 除外: 「youtube 雑学 ai」 → 直近7日重複: 「YouTube AI読み上げ完全ガイド！使19・設定・おすすめツール6選」
2026-04-19 20:00:13 [INFO] [dup_check] 除外: 「youtube 広告 ai イラスト」 → 直近7日重複: 「YouTube AI読み上げ完全ガイド！使19・設定・おすすめツール6選」
2026-04-19 20:00:13 [INFO] [dup_check] 除外: 「youtube 競合 分析 ai」 → 直近7日重複: 「YouTube AI読み上げ完全ガイド！使19・設定・おすすめツール6選」
2026-04-19 20:00:13 [DEBUG] [dup_check] OK: 「ピグ ai副業 怪しい」
2026-04-19 20:00:13 [INFO] [dup_check] 完了: 選定=1件 / 除外=25件 (pool=82件, 要求=1件)
2026-04-19 20:00:13 [INFO] [select] 1件選定 (要求=1件)
2026-04-19 20:00:13 [INFO] [select]   1. 「ピグ ai副業 怪しい」 vol=0 seo=N/A comp=N/A
2026-04-19 20:00:13 [INFO] [workup-ai] LONGTAIL選定: 1件
2026-04-19 20:00:13 [INFO] [workup-ai] 候補: 108件 / 選定: 1件 / 生成予定: 1件
2026-04-19 20:00:13 [INFO] [api_guard] 本日の使用量: $0.1624 / ¥24 (3回呼び出し)
2026-04-19 20:00:13 [INFO] ────────────────────────────────────────────────────────────
2026-04-19 20:00:13 [INFO] [workup-ai] [1/1] [LONGTAIL] 「ピグ ai副業 怪しい」 vol=0 ★AIM
2026-04-19 20:00:13 [INFO] ────────────────────────────────────────────────────────────
2026-04-19 20:00:13 [INFO] [generate] 生成開始: 「ピグ ai副業 怪しい」(vol:0) fact_check=True target_length=6,000字
2026-04-19 20:02:40 [INFO] [generate] 完了: 「ピグAI副業は怪しい？詐欺リスク・口コミ・返金方法を徹底検証」
2026-04-19 20:02:53 [INFO] [post] 画像生成完了: 49,723 bytes
2026-04-19 20:03:44 [INFO] [post] WP投稿完了: ID=9711 → https://workup-ai.com/wp-admin/post.php?post=9711&action=edit
2026-04-19 20:03:45 [INFO] [workup-ai] [1/1] ✅ 完了: 「ピグAI副業は怪しい？詐欺リスク・口コミ・返金方法を徹底検証」
2026-04-19 20:03:45 [INFO] [workup-ai] 完了: 成功=1件 / 重複スキップ=0件 / 失敗=0件 / 合計=1件
2026-04-19 20:03:46 [INFO] 
============================================================
2026-04-19 20:03:46 [INFO] 【全体サマリー】
2026-04-19 20:03:46 [INFO]   ブログ数  : 1件
2026-04-19 20:03:46 [INFO]   生成件数  : 1件成功 / 0件失敗 / 計1件
2026-04-19 20:03:46 [INFO]   所要時間  : 221.9秒
2026-04-19 20:03:46 [INFO]   ✅ [workup-ai] ピグ ai副業 怪しい → ピグAI副業は怪しい？詐欺リスク・口コミ・返金方法を徹底検証
2026-04-19 20:03:46 [INFO]        https://workup-ai.com/wp-admin/post.php?post=9711&action=edit
2026-04-19 20:03:46 [INFO] ============================================================
