2026-05-30 04:00:03 [INFO] ============================================================
2026-05-30 04:00:03 [INFO] generate_lite.py 開始  dry_run=False
2026-05-30 04:00:03 [INFO] ============================================================
2026-05-30 04:00:03 [INFO] 対象ブログ: ['workup-ai']
2026-05-30 04:00:05 [INFO] 
════════════════════════════════════════════════════════════
2026-05-30 04:00:05 [INFO] === WorkUp AI (workup-ai.com) 処理開始 ===
2026-05-30 04:00:05 [INFO] ════════════════════════════════════════════════════════════
2026-05-30 04:00:05 [INFO]   genre            : AI・副業・転職・キャリア
2026-05-30 04:00:05 [INFO]   fact_check       : True
2026-05-30 04:00:05 [INFO]   article_type_mix : True
2026-05-30 04:00:05 [INFO]   stop_words       : ['おすすめ', '比較', '2026', 'iphone', 'アプリ']
2026-05-30 04:00:05 [INFO]   article_count    : 1  dry_run: False
2026-05-30 04:00:08 [INFO] [workup-ai] ブログ設定・メディア人格を読み込みました
2026-05-30 04:00:14 [INFO] [wp] 記事取得: 計429件 (draft=4 / publish=425)
2026-05-30 04:00:14 [INFO] [workup-ai] 記事タイプ配分: {'longtail': 1, 'trend': 0, 'monetize': 0}  (weights={'longtail': 0.5, 'trend': 0.3, 'monetize': 0.2})
2026-05-30 04:00:17 [DEBUG] [fetch] シート「絞り込みKW」: 18行 / ヘッダー: ['keyword', 'parent_kw', '判定', 'ステータス', 'AIM', '検索意図', '想定読者', '記事URL', '投稿ID', 'YouTube URL', '動画タイトル', '内部リンク先', 'memo', '投稿ステータス', '投稿日', '使用サブKW', 'メモ']
2026-05-30 04:00:17 [INFO] [fetch] [KW｜AIVice] メインKW: 15件（vol≥30 or N/A）  サブKW: 0件（vol<30）  投稿済みスキップ: 1件  テーマ外除外: 2件
2026-05-30 04:00:17 [DEBUG] [group_pool] グループ数: 15件 → pool: 15件
2026-05-30 04:00:17 [INFO] [dup_check] 除外: 「AI Overview 表示される記事 特徴」 → 直近7日重複: 「AI Overview対策｜個人ブログが検索流入を守るためにできること」
2026-05-30 04:00:17 [DEBUG] [dup_check] OK: 「AI課金 疲れた やめる基準」
2026-05-30 04:00:17 [INFO] [dup_check] 完了: 選定=1件 / 除外=1件 (pool=15件, 要求=1件)
2026-05-30 04:00:17 [INFO] [select] 1件選定 (要求=1件)
2026-05-30 04:00:17 [INFO] [select]   1. 「AI課金 疲れた やめる基準」 vol=0 seo=N/A comp=N/A
2026-05-30 04:00:17 [INFO] [workup-ai] LONGTAIL選定: 1件
2026-05-30 04:00:17 [INFO] [workup-ai] 候補: 15件 / 選定: 1件 / 生成予定: 1件
