2026-06-20 04:00:04 [INFO] ============================================================
2026-06-20 04:00:04 [INFO] generate_lite.py 開始  dry_run=False
2026-06-20 04:00:04 [INFO] ============================================================
2026-06-20 04:00:04 [INFO] 対象ブログ: ['workup-ai']
2026-06-20 04:00:06 [INFO] 
════════════════════════════════════════════════════════════
2026-06-20 04:00:06 [INFO] === WorkUp AI (workup-ai.com) 処理開始 ===
2026-06-20 04:00:06 [INFO] ════════════════════════════════════════════════════════════
2026-06-20 04:00:06 [INFO]   genre            : AI・副業・転職・キャリア
2026-06-20 04:00:06 [INFO]   fact_check       : True
2026-06-20 04:00:06 [INFO]   article_type_mix : True
2026-06-20 04:00:06 [INFO]   stop_words       : ['おすすめ', '比較', '2026', 'iphone', 'アプリ']
2026-06-20 04:00:06 [INFO]   article_count    : 1  dry_run: False
2026-06-20 04:00:09 [INFO] [workup-ai] ブログ設定・メディア人格を読み込みました
2026-06-20 04:00:14 [INFO] [wp] 記事取得: 計372件 (draft=1 / publish=371)
2026-06-20 04:00:14 [INFO] [workup-ai] 記事タイプ配分: {'longtail': 1, 'trend': 0, 'monetize': 0}  (weights={'longtail': 0.5, 'trend': 0.3, 'monetize': 0.2})
2026-06-20 04:00:17 [DEBUG] [fetch] シート「絞り込みKW」: 17行 / ヘッダー: ['keyword', 'parent_kw', '判定', 'ステータス', 'AIM', '検索意図', '想定読者', '記事URL', '投稿ID', 'YouTube URL', '動画タイトル', '内部リンク先', 'memo', '投稿ステータス', '投稿日', '使用サブKW', 'メモ']
2026-06-20 04:00:17 [INFO] [fetch] [KW｜AIVice] メインKW: 14件（vol≥30 or N/A）  サブKW: 0件（vol<30）  投稿済みスキップ: 1件  テーマ外除外: 2件
2026-06-20 04:00:17 [DEBUG] [group_pool] グループ数: 14件 → pool: 14件
2026-06-20 04:00:17 [DEBUG] [dup_check] OK: 「AI Overview クリック 減った 個人ブログ」
2026-06-20 04:00:17 [INFO] [dup_check] 完了: 選定=1件 / 除外=0件 (pool=14件, 要求=1件)
2026-06-20 04:00:17 [INFO] [select] 1件選定 (要求=1件)
2026-06-20 04:00:17 [INFO] [select]   1. 「AI Overview クリック 減った 個人ブログ」 vol=0 seo=N/A comp=N/A
2026-06-20 04:00:17 [INFO] [workup-ai] LONGTAIL選定: 1件
2026-06-20 04:00:17 [INFO] [workup-ai] 候補: 14件 / 選定: 1件 / 生成予定: 1件
2026-06-20 04:00:17 [INFO] [api_guard] 本日の使用量: $0.0000 / ¥0 (0回呼び出し)
2026-06-20 04:00:17 [INFO] ────────────────────────────────────────────────────────────
2026-06-20 04:00:17 [INFO] [workup-ai] [1/1] [LONGTAIL] 「AI Overview クリック 減った 個人ブログ」 vol=0
2026-06-20 04:00:17 [INFO] ────────────────────────────────────────────────────────────
2026-06-20 04:00:17 [INFO] [generate] 生成開始: 「AI Overview クリック 減った 個人ブログ」(vol:0) fact_check=True target_length=6,000字  誘導リンク:0件  人格設定:あり  AIO:common
2026-06-20 04:03:41 [ERROR] [workup-ai] [1/1] ❌ エラー（続行）: max_tokens上限（12000）に到達しました。JSONが途切れています。 出力トークン: 12000
2026-06-20 04:03:41 [INFO] [workup-ai] 完了: 成功=0件 / 重複スキップ=0件 / 失敗=1件 / 合計=1件
2026-06-20 04:03:41 [INFO] 
============================================================
2026-06-20 04:03:41 [INFO] 【全体サマリー】
2026-06-20 04:03:41 [INFO]   ブログ数  : 1件
2026-06-20 04:03:41 [INFO]   生成件数  : 0件成功 / 1件失敗 / 計1件
2026-06-20 04:03:41 [INFO]   所要時間  : 216.8秒
2026-06-20 04:03:41 [INFO]   ❌ [workup-ai] AI Overview クリック 減った 個人ブログ → (生成失敗)
2026-06-20 04:03:41 [INFO] ============================================================
