2026-04-27 04:00:03 [INFO] ============================================================
2026-04-27 04:00:03 [INFO] generate_lite.py 開始  dry_run=False
2026-04-27 04:00:03 [INFO] ============================================================
2026-04-27 04:00:03 [INFO] 対象ブログ: ['workup-ai']
2026-04-27 04:00:06 [INFO] 
════════════════════════════════════════════════════════════
2026-04-27 04:00:06 [INFO] === WorkUp AI (workup-ai.com) 処理開始 ===
2026-04-27 04:00:06 [INFO] ════════════════════════════════════════════════════════════
2026-04-27 04:00:06 [INFO]   genre            : AI・副業・転職・キャリア
2026-04-27 04:00:06 [INFO]   fact_check       : True
2026-04-27 04:00:06 [INFO]   article_type_mix : True
2026-04-27 04:00:06 [INFO]   stop_words       : ['おすすめ', '比較', '2026', 'iphone', 'アプリ']
2026-04-27 04:00:06 [INFO]   article_count    : 1  dry_run: False
2026-04-27 04:00:11 [INFO] [wp] 記事取得: 計385件 (private=7 / publish=378)
2026-04-27 04:00:11 [INFO] [workup-ai] 記事タイプ配分: {'longtail': 1, 'trend': 0, 'monetize': 0}  (weights={'longtail': 0.5, 'trend': 0.3, 'monetize': 0.2})
2026-04-27 04:00:13 [DEBUG] [fetch] シート「絞り込みKW」: 62行 / ヘッダー: ['キーワード', '親KW', 'サブKW', '判定', '統合先KW', 'AIM', 'ステータス', 'メモ', '投稿日', 'URL', 'ID']
2026-04-27 04:00:13 [INFO] [fetch] [キーワード] メインKW: 22件（vol≥30 or N/A）  サブKW: 0件（vol<30）  テーマ外除外: 40件  aim内訳: [aim:62]
2026-04-27 04:00:13 [DEBUG] [group_pool] グループ数: 0件 → pool: 0件
2026-04-27 04:00:13 [INFO] [dup_check] 優先候補: 22件 {'aim': 22} を先頭評価
2026-04-27 04:00:13 [INFO] [dup_check] 除外: 「plaud note pro オンライン会議」 → 直近7日重複: 「PLAUD NOTE Pro×Zoom連携の方法！AI議事録・文字起こしを自動化」
2026-04-27 04:00:13 [INFO] [dup_check] 除外: 「plaud note pro セキュリティ」 → 直近7日重複: 「PLAUD NOTE Pro×Zoom連携の方法！AI議事録・文字起こしを自動化」
2026-04-27 04:00:13 [INFO] [dup_check] 除外: 「plaud note pro デメリット」 → 直近7日重複: 「PLAUD NOTE Pro×Zoom連携の方法！AI議事録・文字起こしを自動化」
2026-04-27 04:00:13 [INFO] [dup_check] 除外: 「plaud note pro テンプレート」 → 直近7日重複: 「PLAUD NOTE Pro×Zoom連携の方法！AI議事録・文字起こしを自動化」
2026-04-27 04:00:13 [INFO] [dup_check] 除外: 「plaud note pro バッテリー」 → 直近7日重複: 「PLAUD NOTE Pro×Zoom連携の方法！AI議事録・文字起こしを自動化」
2026-04-27 04:00:13 [INFO] [dup_check] 除外: 「plaud note pro マルチモーダル」 → 直近7日重複: 「PLAUD NOTE Pro×Zoom連携の方法！AI議事録・文字起こしを自動化」
2026-04-27 04:00:13 [INFO] [dup_check] 除外: 「plaud note pro ヨドバシ」 → 直近7日重複: 「PLAUD NOTE Pro×Zoom連携の方法！AI議事録・文字起こしを自動化」
2026-04-27 04:00:13 [INFO] [dup_check] 除外: 「plaud note pro リアルタイム文字起こし」 → 直近7日重複: 「PLAUD NOTE Pro×Zoom連携の方法！AI議事録・文字起こしを自動化」
2026-04-27 04:00:13 [INFO] [dup_check] 除外: 「plaud note pro 議事録」 → 直近7日重複: 「PLAUD NOTE Pro×Zoom連携の方法！AI議事録・文字起こしを自動化」
2026-04-27 04:00:13 [INFO] [dup_check] 除外: 「plaud note pro 口コミ」 → 直近7日重複: 「PLAUD NOTE Pro×Zoom連携の方法！AI議事録・文字起こしを自動化」
2026-04-27 04:00:13 [INFO] [dup_check] 除外: 「plaud note pro 精度」 → 直近7日重複: 「PLAUD NOTE Pro×Zoom連携の方法！AI議事録・文字起こしを自動化」
2026-04-27 04:00:13 [INFO] [dup_check] 除外: 「plaud note pro 設定方法」 → 直近7日重複: 「PLAUD NOTE Pro×Zoom連携の方法！AI議事録・文字起こしを自動化」
2026-04-27 04:00:13 [INFO] [dup_check] 除外: 「plaud note pro 通話録音」 → 直近7日重複: 「PLAUD NOTE Pro×Zoom連携の方法！AI議事録・文字起こしを自動化」
2026-04-27 04:00:13 [INFO] [dup_check] 除外: 「plaud note pro 評判」 → 直近7日重複: 「PLAUD NOTE Pro×Zoom連携の方法！AI議事録・文字起こしを自動化」
2026-04-27 04:00:13 [INFO] [dup_check] 除外: 「plaud note pro 文字起こし」 → 直近7日重複: 「PLAUD NOTE Pro×Zoom連携の方法！AI議事録・文字起こしを自動化」
2026-04-27 04:00:13 [INFO] [dup_check] 除外: 「youtube ai ナレーション」 → 直近7日重複: 「YouTube×AI画像生成おすすめツール7選！無料・商用利用・著作権まで徹底解」
2026-04-27 04:00:13 [INFO] [dup_check] 除外: 「youtube 競合 分析 ai」 → 直近7日重複: 「YouTube×AI画像生成おすすめツール7選！無料・商用利用・著作権まで徹底解」
2026-04-27 04:00:13 [INFO] [dup_check] 除外: 「youtube 広告 ai イラスト」 → 直近7日重複: 「YouTube×AI画像生成おすすめツール7選！無料・商用利用・著作権まで徹底解」
2026-04-27 04:00:13 [INFO] [dup_check] 除外: 「youtube 雑学 ai」 → 直近7日重複: 「YouTube×AI画像生成おすすめツール7選！無料・商用利用・著作権まで徹底解」
2026-04-27 04:00:13 [INFO] [dup_check] 除外: 「youtube 字幕 自動 生成 ai」 → 直近7日重複: 「YouTube×AI画像生成おすすめツール7選！無料・商用利用・著作権まで徹底解」
2026-04-27 04:00:13 [INFO] [dup_check] 除外: 「youtube 動画 編集 生成 ai」 → 直近7日重複: 「YouTube×AI画像生成おすすめツール7選！無料・商用利用・著作権まで徹底解」
2026-04-27 04:00:13 [INFO] [dup_check] 除外: 「youtube 文字 起こし ai ツール」 → 直近7日重複: 「YouTube×AI画像生成おすすめツール7選！無料・商用利用・著作権まで徹底解」
2026-04-27 04:00:13 [INFO] [dup_check] 完了: 選定=0件 / 除外=22件 (pool=22件, 要求=1件)
2026-04-27 04:00:13 [WARNING] [dup_check] 目標1件に対し0件のみ確保（候補不足）
2026-04-27 04:00:13 [INFO] [select] 0件選定 (要求=1件)
2026-04-27 04:00:13 [INFO] [workup-ai] LONGTAIL選定: 0件
2026-04-27 04:00:13 [INFO] [workup-ai] 候補: 22件 / 選定: 0件 / 生成予定: 1件
2026-04-27 04:00:13 [INFO] [api_guard] 本日の使用量: $0.0000 / ¥0 (0回呼び出し)
2026-04-27 04:00:13 [INFO] [workup-ai] 完了: 成功=0件 / 重複スキップ=0件 / 失敗=0件 / 合計=0件
2026-04-27 04:00:13 [INFO] 
============================================================
2026-04-27 04:00:13 [INFO] 【全体サマリー】
2026-04-27 04:00:13 [INFO]   ブログ数  : 1件
2026-04-27 04:00:13 [INFO]   生成件数  : 0件成功 / 0件失敗 / 計0件
2026-04-27 04:00:13 [INFO]   所要時間  : 9.8秒
2026-04-27 04:00:13 [INFO] ============================================================
