2026-04-22 05:00:04 [INFO] ============================================================
2026-04-22 05:00:04 [INFO] generate_lite.py 開始  dry_run=False
2026-04-22 05:00:04 [INFO] ============================================================
2026-04-22 05:00:04 [INFO] 対象ブログ: ['workup-ai']
2026-04-22 05:00:04 [INFO] 
════════════════════════════════════════════════════════════
2026-04-22 05:00:04 [INFO] === WorkUp AI (workup-ai.com) 処理開始 ===
2026-04-22 05:00:04 [INFO] ════════════════════════════════════════════════════════════
2026-04-22 05:00:04 [INFO]   genre            : AI・副業・転職・キャリア
2026-04-22 05:00:04 [INFO]   fact_check       : True
2026-04-22 05:00:04 [INFO]   article_type_mix : True
2026-04-22 05:00:04 [INFO]   stop_words       : ['おすすめ', '比較', '2026', 'iphone', 'アプリ']
2026-04-22 05:00:04 [INFO]   article_count    : 1  dry_run: False
2026-04-22 05:00:10 [INFO] [wp] 記事取得: 計379件 (private=7 / publish=372)
2026-04-22 05:00:10 [INFO] [workup-ai] 記事タイプ配分: {'longtail': 1, 'trend': 0, 'monetize': 0}  (weights={'longtail': 0.5, 'trend': 0.3, 'monetize': 0.2})
2026-04-22 05:00:12 [DEBUG] [fetch] シート「絞り込みKW」: 223行 / ヘッダー: ['キーワード', 'SEO難易度', '月間検索数', 'CPC（$）', '競合性', 'キーワード', 'allintitle', 'intitle', 'Q&Aサイト', '', '無料ブログ', '', 'TikTok', '', 'Instagram', '', 'エックス', '', 'Facebook', '', 'aim', '投稿ステータス', '投稿日', '記事URL', '投稿ID', '使用サブKW', 'メモ']
2026-04-22 05:00:12 [INFO] [fetch] [キーワード] メインKW: 83件（vol≥30 or N/A）  サブKW: 5件（vol<30）  テーマ外除外: 66件  aim内訳: [aim:138, add:10, new:1]
2026-04-22 05:00:12 [DEBUG] [group_pool] グループ数: 1件 → pool: 1件
2026-04-22 05:00:12 [INFO] [dup_check] 優先候補: 82件 {'aim': 72, 'add': 10} を先頭評価
2026-04-22 05:00:12 [DEBUG] [dup_check] OK: 「nano banana ai」
2026-04-22 05:00:12 [INFO] [dup_check] 完了: 選定=1件 / 除外=0件 (pool=83件, 要求=1件)
2026-04-22 05:00:12 [INFO] [select] 1件選定 (要求=1件)
2026-04-22 05:00:12 [INFO] [select]   1. 「nano banana ai」 vol=2,400 seo=39 comp=34
2026-04-22 05:00:12 [INFO] [workup-ai] LONGTAIL選定: 1件
2026-04-22 05:00:12 [INFO] [workup-ai] 候補: 83件 / 選定: 1件 / 生成予定: 1件
2026-04-22 05:00:12 [INFO] [api_guard] 本日の使用量: $0.3372 / ¥51 (5回呼び出し)
2026-04-22 05:00:12 [INFO] ────────────────────────────────────────────────────────────
2026-04-22 05:00:12 [INFO] [workup-ai] [1/1] [LONGTAIL] 「nano banana ai」 vol=2,400 ★AIM
2026-04-22 05:00:12 [INFO] ────────────────────────────────────────────────────────────
2026-04-22 05:00:12 [INFO] [generate] 生成開始: 「nano banana ai」(vol:2,400) fact_check=True target_length=6,000字  誘導リンク:0件
2026-04-22 05:02:20 [INFO] [generate] 完了: 「nano banana aiとは？使い方・料金・無料登録まで初心者向けに徹底解説」
2026-04-22 05:02:40 [INFO] [post] 画像生成完了: 63,786 bytes
2026-04-22 05:03:29 [INFO] [post] WP投稿完了: ID=9733 → https://workup-ai.com/wp-admin/post.php?post=9733&action=edit
2026-04-22 05:03:29 [INFO] [workup-ai] [1/1] ✅ 完了: 「nano banana aiとは？使い方・料金・無料登録まで初心者向けに徹底解説」
2026-04-22 05:03:29 [INFO] [workup-ai] 完了: 成功=1件 / 重複スキップ=0件 / 失敗=0件 / 合計=1件
2026-04-22 05:03:29 [INFO] 
============================================================
2026-04-22 05:03:29 [INFO] 【全体サマリー】
2026-04-22 05:03:29 [INFO]   ブログ数  : 1件
2026-04-22 05:03:29 [INFO]   生成件数  : 1件成功 / 0件失敗 / 計1件
2026-04-22 05:03:29 [INFO]   所要時間  : 204.8秒
2026-04-22 05:03:29 [INFO]   ✅ [workup-ai] nano banana ai → nano banana aiとは？使い方・料金・無料登録まで初心者向けに徹底解説
2026-04-22 05:03:29 [INFO]        https://workup-ai.com/wp-admin/post.php?post=9733&action=edit
2026-04-22 05:03:29 [INFO] ============================================================
