2026-06-18 00:04:03 [INFO] ============================================================
2026-06-18 00:04:03 [INFO] generate_lite.py 開始  dry_run=False
2026-06-18 00:04:03 [INFO] ============================================================
2026-06-18 00:04:03 [INFO] 対象ブログ: ['groowill-film']
2026-06-18 00:04:04 [INFO] 
════════════════════════════════════════════════════════════
2026-06-18 00:04:04 [INFO] === グルーウィル法人フィルム (protectguardfilm.com) 処理開始 ===
2026-06-18 00:04:04 [INFO] ════════════════════════════════════════════════════════════
2026-06-18 00:04:04 [INFO]   genre            : 法人向け保護フィルム・特殊サイズ・業務用端末
2026-06-18 00:04:04 [INFO]   fact_check       : True
2026-06-18 00:04:04 [INFO]   article_type_mix : True
2026-06-18 00:04:04 [INFO]   stop_words       : ['おすすめ', '比較', '法人', '保護フィルム', 'フィルム']
2026-06-18 00:04:04 [INFO]   article_count    : 1  dry_run: False
2026-06-18 00:04:08 [INFO] [wp] 記事取得: 計6件 (draft=6)
2026-06-18 00:04:08 [INFO] [groowill-film] キーワード直接指定: 「学校タブレット 覗き見防止 保護フィルム」
2026-06-18 00:04:08 [INFO] [groowill-film] 候補: 1件 / 選定: 1件 / 生成予定: 1件
2026-06-18 00:04:08 [INFO] [api_guard] 本日の使用量: $2.4679 / ¥370 (30回呼び出し)
2026-06-18 00:04:08 [INFO] ────────────────────────────────────────────────────────────
2026-06-18 00:04:08 [INFO] [groowill-film] [1/1] [LONGTAIL] 「学校タブレット 覗き見防止 保護フィルム」 vol=0
2026-06-18 00:04:08 [INFO] ────────────────────────────────────────────────────────────
2026-06-18 00:04:08 [INFO] [generate] 生成開始: 「学校タブレット 覗き見防止 保護フィルム」(vol:0) fact_check=True target_length=6,000字  誘導リンク:0件  AIO:groowill_film
2026-06-18 00:07:33 [INFO] [generate] AIO品質チェック: 5/7 (groowill_film)
2026-06-18 00:07:33 [INFO] [generate] 完了: 「学校タブレット 覗き見防止 保護フィルムの選び方と法人導入ガイド」
2026-06-18 00:07:33 [INFO] [post] groowill-film CTAマイパターン整形を適用
2026-06-18 00:07:33 [INFO] [post] 投稿方式: draft
2026-06-18 00:07:33 [DEBUG] [post] groowill-film CTAマイパターンは保存前に適用済み: ID:247
2026-06-18 00:07:36 [INFO] [post] WP投稿完了: ID=530 → https://protectguardfilm.com/wp-admin/post.php?post=530&action=edit
2026-06-18 00:07:36 [INFO] [groowill-film] [1/1] ✅ 完了: 「学校タブレット 覗き見防止 保護フィルムの選び方と法人導入ガイド」
2026-06-18 00:07:36 [INFO] [groowill-film] 完了: 成功=1件 / 重複スキップ=0件 / 失敗=0件 / 合計=1件
2026-06-18 00:07:36 [INFO] [groowill-film] image_generate=false: codex_eyecatch スキップ
2026-06-18 00:07:36 [INFO] 
============================================================
2026-06-18 00:07:36 [INFO] 【全体サマリー】
2026-06-18 00:07:36 [INFO]   ブログ数  : 1件
2026-06-18 00:07:36 [INFO]   生成件数  : 1件成功 / 0件失敗 / 計1件
2026-06-18 00:07:36 [INFO]   所要時間  : 213.4秒
2026-06-18 00:07:36 [INFO]   ✅ [groowill-film] 学校タブレット 覗き見防止 保護フィルム → 学校タブレット 覗き見防止 保護フィルムの選び方と法人導入ガイド
2026-06-18 00:07:36 [INFO]        https://protectguardfilm.com/wp-admin/post.php?post=530&action=edit
2026-06-18 00:07:36 [INFO] ============================================================
