2026-04-26 04:10:03 [INFO] ============================================================
2026-04-26 04:10:03 [INFO] generate_lite.py 開始  dry_run=False
2026-04-26 04:10:03 [INFO] ============================================================
2026-04-26 04:10:03 [INFO] 対象ブログ: ['ys-trend']
2026-04-26 04:10:05 [INFO] 
════════════════════════════════════════════════════════════
2026-04-26 04:10:05 [INFO] === ワイズトレンド (ys-trend.com) 処理開始 ===
2026-04-26 04:10:05 [INFO] ════════════════════════════════════════════════════════════
2026-04-26 04:10:05 [INFO]   genre            : エンタメ・トレンド・ライフスタイル
2026-04-26 04:10:05 [INFO]   fact_check       : True
2026-04-26 04:10:05 [INFO]   article_type_mix : True
2026-04-26 04:10:05 [INFO]   stop_words       : ['おすすめ', '比較', '2026', 'ランキング']
2026-04-26 04:10:05 [INFO]   article_count    : 1  dry_run: False
2026-04-26 04:10:08 [INFO] [wp] 記事取得: 計80件 (publish=80)
2026-04-26 04:10:08 [INFO] [ys-trend] 記事タイプ配分: {'longtail': 0, 'trend': 1, 'monetize': 0}  (weights={'longtail': 0.4, 'trend': 0.5, 'monetize': 0.1})
2026-04-26 04:10:09 [DEBUG] [fetch] シート「絞り込みKW」: 477行 / ヘッダー: ['キーワード', 'SEO難易度', '月間検索数', 'CPC（$）', '競合性', 'キーワード', 'allintitle', 'intitle', 'Q&Aサイト', '', '無料ブログ', '', 'TikTok', '', 'Instagram', '', 'エックス', '', 'Facebook', '', 'aim', '投稿ステータス', '投稿日', '記事URL', '投稿ID', '使用サブKW', 'メモ', '', '', '', '', '', '', '', '', '', '', '', '', '', '', '', '', '', '']
2026-04-26 04:10:09 [INFO] [fetch] [キーワード] メインKW: 100件（vol≥30 or N/A）  サブKW: 2件（vol<30）  テーマ外除外: 325件  aim内訳: [now:1, aim:367, add:57]
2026-04-26 04:10:09 [INFO] [ys-trend] トレンドKW テーマフィルタ: 0件 → 0件
2026-04-26 04:10:09 [WARNING] [ys-trend] トレンドKW取得失敗 → LONGTAILで補充: 候補キーワードが0件です
2026-04-26 04:10:09 [DEBUG] [group_pool] グループ数: 0件 → pool: 0件
2026-04-26 04:10:09 [INFO] [dup_check] 優先候補: 100件 {'aim': 87, 'add': 13} を先頭評価
2026-04-26 04:10:09 [DEBUG] [dup_check] OK: 「節約オタクふゆこ 大学」
2026-04-26 04:10:09 [INFO] [dup_check] 完了: 選定=1件 / 除外=0件 (pool=100件, 要求=1件)
2026-04-26 04:10:09 [INFO] [select] 1件選定 (要求=1件)
2026-04-26 04:10:09 [INFO] [select]   1. 「節約オタクふゆこ 大学」 vol=590 seo=34 comp=N/A
2026-04-26 04:10:09 [INFO] [ys-trend] 候補: 100件 / 選定: 1件 / 生成予定: 1件
2026-04-26 04:10:09 [INFO] [api_guard] 本日の使用量: $0.2005 / ¥30 (3回呼び出し)
2026-04-26 04:10:09 [INFO] ────────────────────────────────────────────────────────────
2026-04-26 04:10:09 [INFO] [ys-trend] [1/1] [LONGTAIL] 「節約オタクふゆこ 大学」 vol=590 ★AIM
2026-04-26 04:10:09 [INFO] ────────────────────────────────────────────────────────────
2026-04-26 04:10:09 [INFO] [generate] 生成開始: 「節約オタクふゆこ 大学」(vol:590) fact_check=True target_length=6,000字  誘導リンク:0件
2026-04-26 04:12:48 [INFO] [generate] 完了: 「節約オタクふゆこの大学はどこ？学歴・プロフィール・節約術まとめ」
2026-04-26 04:12:48 [INFO] [post] 投稿方式: publish
2026-04-26 04:12:57 [INFO] [post] 画像生成完了: 78,866 bytes
2026-04-26 04:13:41 [INFO] [post] WP投稿完了: ID=11869 → https://ys-trend.com/wp-admin/post.php?post=11869&action=edit
2026-04-26 04:13:41 [INFO] [ys-trend] [1/1] ✅ 完了: 「節約オタクふゆこの大学はどこ？学歴・プロフィール・節約術まとめ」
2026-04-26 04:13:41 [INFO] [ys-trend] 完了: 成功=1件 / 重複スキップ=0件 / 失敗=0件 / 合計=1件
2026-04-26 04:13:41 [INFO] 
============================================================
2026-04-26 04:13:41 [INFO] 【全体サマリー】
2026-04-26 04:13:41 [INFO]   ブログ数  : 1件
2026-04-26 04:13:41 [INFO]   生成件数  : 1件成功 / 0件失敗 / 計1件
2026-04-26 04:13:41 [INFO]   所要時間  : 217.5秒
2026-04-26 04:13:41 [INFO]   ✅ [ys-trend] 節約オタクふゆこ 大学 → 節約オタクふゆこの大学はどこ？学歴・プロフィール・節約術まとめ
2026-04-26 04:13:41 [INFO]        https://ys-trend.com/wp-admin/post.php?post=11869&action=edit
2026-04-26 04:13:41 [INFO] ============================================================
2026-04-26 06:53:34 [INFO] ============================================================
2026-04-26 06:53:34 [INFO] generate_lite.py 開始  dry_run=False
2026-04-26 06:53:34 [INFO] ============================================================
2026-04-26 06:53:34 [INFO] 対象ブログ: ['ys-trend']
2026-04-26 06:53:35 [INFO] 
════════════════════════════════════════════════════════════
2026-04-26 06:53:35 [INFO] === ワイズトレンド (ys-trend.com) 処理開始 ===
2026-04-26 06:53:35 [INFO] ════════════════════════════════════════════════════════════
2026-04-26 06:53:35 [INFO]   genre            : エンタメ・トレンド・ライフスタイル
2026-04-26 06:53:35 [INFO]   fact_check       : True
2026-04-26 06:53:35 [INFO]   article_type_mix : True
2026-04-26 06:53:35 [INFO]   stop_words       : ['おすすめ', '比較', '2026', 'ランキング']
2026-04-26 06:53:35 [INFO]   article_count    : 1  dry_run: False
2026-04-26 06:53:37 [INFO] [wp] 記事取得: 計81件 (publish=81)
2026-04-26 06:53:37 [INFO] [ys-trend] 記事タイプ配分: {'longtail': 0, 'trend': 1, 'monetize': 0}  (weights={'longtail': 0.4, 'trend': 0.5, 'monetize': 0.1})
2026-04-26 06:53:38 [DEBUG] [fetch] シート「絞り込みKW」: 477行 / ヘッダー: ['キーワード', 'SEO難易度', '月間検索数', 'CPC（$）', '競合性', 'キーワード', 'allintitle', 'intitle', 'Q&Aサイト', '', '無料ブログ', '', 'TikTok', '', 'Instagram', '', 'エックス', '', 'Facebook', '', 'aim', '投稿ステータス', '投稿日', '記事URL', '投稿ID', '使用サブKW', 'メモ', '', '', '', '', '', '', '', '', '', '', '', '', '', '', '', '', '', '']
2026-04-26 06:53:38 [INFO] [fetch] [キーワード] メインKW: 99件（vol≥30 or N/A）  サブKW: 2件（vol<30）  テーマ外除外: 325件  aim内訳: [now:1, aim:366, add:57]
2026-04-26 06:53:38 [INFO] [ys-trend] トレンドKW テーマフィルタ: 0件 → 0件
2026-04-26 06:53:38 [WARNING] [ys-trend] トレンドKW取得失敗 → LONGTAILで補充: 候補キーワードが0件です
2026-04-26 06:53:38 [DEBUG] [group_pool] グループ数: 0件 → pool: 0件
2026-04-26 06:53:38 [INFO] [dup_check] 優先候補: 99件 {'aim': 86, 'add': 13} を先頭評価
2026-04-26 06:53:38 [DEBUG] [dup_check] OK: 「節約オタクふゆこ 結婚」
2026-04-26 06:53:38 [INFO] [dup_check] 完了: 選定=1件 / 除外=0件 (pool=99件, 要求=1件)
2026-04-26 06:53:38 [INFO] [select] 1件選定 (要求=1件)
2026-04-26 06:53:38 [INFO] [select]   1. 「節約オタクふゆこ 結婚」 vol=480 seo=34 comp=N/A
2026-04-26 06:53:38 [INFO] [ys-trend] 候補: 99件 / 選定: 1件 / 生成予定: 1件
2026-04-26 06:53:38 [INFO] [api_guard] 本日の使用量: $0.3659 / ¥55 (6回呼び出し)
2026-04-26 06:53:38 [INFO] ────────────────────────────────────────────────────────────
2026-04-26 06:53:38 [INFO] [ys-trend] [1/1] [LONGTAIL] 「節約オタクふゆこ 結婚」 vol=480 ★AIM
2026-04-26 06:53:38 [INFO] ────────────────────────────────────────────────────────────
2026-04-26 06:53:38 [INFO] [generate] 生成開始: 「節約オタクふゆこ 結婚」(vol:480) fact_check=True target_length=6,000字  誘導リンク:0件
2026-04-26 06:55:58 [INFO] [generate] 完了: 「節約オタクふゆこの結婚は？相手・結婚式・新婚生活の節約術を徹底解説」
2026-04-26 06:55:58 [INFO] [post] 投稿方式: publish
2026-04-26 06:56:07 [INFO] [post] 画像生成完了: 67,851 bytes
2026-04-26 06:56:41 [INFO] [post] WP投稿完了: ID=11873 → https://ys-trend.com/wp-admin/post.php?post=11873&action=edit
2026-04-26 06:56:41 [INFO] [ys-trend] [1/1] ✅ 完了: 「節約オタクふゆこの結婚は？相手・結婚式・新婚生活の節約術を徹底解説」
2026-04-26 06:56:41 [INFO] [ys-trend] 完了: 成功=1件 / 重複スキップ=0件 / 失敗=0件 / 合計=1件
2026-04-26 06:56:41 [INFO] 
============================================================
2026-04-26 06:56:41 [INFO] 【全体サマリー】
2026-04-26 06:56:41 [INFO]   ブログ数  : 1件
2026-04-26 06:56:41 [INFO]   生成件数  : 1件成功 / 0件失敗 / 計1件
2026-04-26 06:56:41 [INFO]   所要時間  : 186.8秒
2026-04-26 06:56:41 [INFO]   ✅ [ys-trend] 節約オタクふゆこ 結婚 → 節約オタクふゆこの結婚は？相手・結婚式・新婚生活の節約術を徹底解説
2026-04-26 06:56:41 [INFO]        https://ys-trend.com/wp-admin/post.php?post=11873&action=edit
2026-04-26 06:56:41 [INFO] ============================================================
