2026-04-23 05:00:03 [INFO] ============================================================
2026-04-23 05:00:03 [INFO] generate_lite.py 開始  dry_run=False
2026-04-23 05:00:03 [INFO] ============================================================
2026-04-23 05:00:03 [INFO] 対象ブログ: ['ys-trend']
2026-04-23 05:00:03 [INFO] 
════════════════════════════════════════════════════════════
2026-04-23 05:00:03 [INFO] === ワイズトレンド (ys-trend.com) 処理開始 ===
2026-04-23 05:00:03 [INFO] ════════════════════════════════════════════════════════════
2026-04-23 05:00:03 [INFO]   genre            : エンタメ・トレンド・ライフスタイル
2026-04-23 05:00:03 [INFO]   fact_check       : True
2026-04-23 05:00:03 [INFO]   article_type_mix : True
2026-04-23 05:00:03 [INFO]   stop_words       : ['おすすめ', '比較', '2026', 'ランキング']
2026-04-23 05:00:03 [INFO]   article_count    : 1  dry_run: False
2026-04-23 05:00:05 [INFO] [wp] 記事取得: 計78件 (publish=78)
2026-04-23 05:00:05 [INFO] [ys-trend] 記事タイプ配分: {'longtail': 0, 'trend': 1, 'monetize': 0}  (weights={'longtail': 0.4, 'trend': 0.5, 'monetize': 0.1})
2026-04-23 05:00:07 [DEBUG] [fetch] シート「絞り込みKW」: 478行 / ヘッダー: ['キーワード', 'SEO難易度', '月間検索数', 'CPC（$）', '競合性', 'キーワード', 'allintitle', 'intitle', 'Q&Aサイト', '', '無料ブログ', '', 'TikTok', '', 'Instagram', '', 'エックス', '', 'Facebook', '', 'aim', '投稿ステータス', '投稿日', '記事URL', '投稿ID', '使用サブKW', 'メモ', '', '', '', '', '', '', '', '', '', '', '', '', '', '', '', '', '', '']
2026-04-23 05:00:07 [INFO] [fetch] [キーワード] メインKW: 102件（vol≥30 or N/A）  サブKW: 2件（vol<30）  テーマ外除外: 326件  aim内訳: [aim:371, add:57]
2026-04-23 05:00:07 [INFO] [trend] Google Trends JP: 10件
2026-04-23 05:00:07 [INFO] [trend] はてなブックマーク IT: 30件
2026-04-23 05:00:07 [INFO] [trend] トレンドKW 計: 40件（重複除去後）
2026-04-23 05:00:07 [DEBUG] [group_pool] グループ数: 40件 → pool: 40件
2026-04-23 05:00:07 [DEBUG] [dup_check] OK: 「AIの導入、新卒の早期離職...大手企業が新卒採用を絞る傾向に入り第二の氷河期」
2026-04-23 05:00:07 [INFO] [dup_check] 完了: 選定=1件 / 除外=0件 (pool=40件, 要求=1件)
2026-04-23 05:00:07 [INFO] [select] 1件選定 (要求=1件)
2026-04-23 05:00:07 [INFO] [select]   1. 「AIの導入、新卒の早期離職...大手企業が新卒採用を絞る傾向に入り第二の氷河期」 vol=0 seo=N/A comp=N/A
2026-04-23 05:00:07 [INFO] [ys-trend] TREND選定: 1件
2026-04-23 05:00:07 [INFO] [ys-trend] 候補: 102件 / 選定: 1件 / 生成予定: 1件
2026-04-23 05:00:07 [INFO] [api_guard] 本日の使用量: $0.2129 / ¥32 (4回呼び出し)
2026-04-23 05:00:07 [INFO] ────────────────────────────────────────────────────────────
2026-04-23 05:00:07 [INFO] [ys-trend] [1/1] [TREND] 「AIの導入、新卒の早期離職...大手企業が新卒採用を絞る傾向に入り第二の氷河期」 vol=0
2026-04-23 05:00:07 [INFO] ────────────────────────────────────────────────────────────
2026-04-23 05:00:07 [INFO] [generate] 生成開始: 「AIの導入、新卒の早期離職...大手企業が新卒採用を絞る傾向に入り第二の氷河期」(vol:0) fact_check=True target_length=3,000字  誘導リンク:0件
2026-04-23 05:02:03 [ERROR] [ys-trend] [1/1] ❌ エラー（続行）: max_tokens上限（6000）に到達しました。JSONが途切れています。 出力トークン: 6000
2026-04-23 05:02:03 [INFO] [ys-trend] 完了: 成功=0件 / 重複スキップ=0件 / 失敗=1件 / 合計=1件
2026-04-23 05:02:03 [INFO] 
============================================================
2026-04-23 05:02:03 [INFO] 【全体サマリー】
2026-04-23 05:02:03 [INFO]   ブログ数  : 1件
2026-04-23 05:02:03 [INFO]   生成件数  : 0件成功 / 1件失敗 / 計1件
2026-04-23 05:02:03 [INFO]   所要時間  : 120.4秒
2026-04-23 05:02:03 [INFO]   ❌ [ys-trend] AIの導入、新卒の早期離職...大手企業が新卒採用を絞る傾向に入り第二の氷河期 → (生成失敗)
2026-04-23 05:02:03 [INFO] ============================================================
