2026-04-27 04:10:02 [INFO] ============================================================
2026-04-27 04:10:02 [INFO] generate_lite.py 開始  dry_run=False
2026-04-27 04:10:02 [INFO] ============================================================
2026-04-27 04:10:02 [INFO] 対象ブログ: ['ys-trend']
2026-04-27 04:10:05 [INFO] 
════════════════════════════════════════════════════════════
2026-04-27 04:10:05 [INFO] === ワイズトレンド (ys-trend.com) 処理開始 ===
2026-04-27 04:10:05 [INFO] ════════════════════════════════════════════════════════════
2026-04-27 04:10:05 [INFO]   genre            : エンタメ・トレンド・ライフスタイル
2026-04-27 04:10:05 [INFO]   fact_check       : True
2026-04-27 04:10:05 [INFO]   article_type_mix : True
2026-04-27 04:10:05 [INFO]   stop_words       : ['おすすめ', '比較', '2026', 'ランキング']
2026-04-27 04:10:05 [INFO]   article_count    : 1  dry_run: False
2026-04-27 04:10:07 [INFO] [wp] 記事取得: 計82件 (publish=82)
2026-04-27 04:10:07 [INFO] [ys-trend] 記事タイプ配分: {'longtail': 0, 'trend': 1, 'monetize': 0}  (weights={'longtail': 0.4, 'trend': 0.5, 'monetize': 0.1})
2026-04-27 04:10:08 [DEBUG] [fetch] シート「絞り込みKW」: 491行 / ヘッダー: ['キーワード', '親KW', 'サブKW', '判定', '統合先KW', 'AIM', 'ステータス', 'メモ', '投稿日', 'URL', 'ID']
2026-04-27 04:10:08 [INFO] [fetch] [キーワード] メインKW: 100件（vol≥30 or N/A）  サブKW: 0件（vol<30）  テーマ外除外: 391件  aim内訳: [aim:491]
2026-04-27 04:10:08 [INFO] [ys-trend] トレンドKW テーマフィルタ: 0件 → 0件
2026-04-27 04:10:08 [WARNING] [ys-trend] トレンドKW取得失敗 → LONGTAILで補充: 候補キーワードが0件です
2026-04-27 04:10:08 [DEBUG] [group_pool] グループ数: 0件 → pool: 0件
2026-04-27 04:10:08 [INFO] [dup_check] 優先候補: 100件 {'aim': 100} を先頭評価
2026-04-27 04:10:08 [DEBUG] [dup_check] OK: 「節約 類義語」
2026-04-27 04:10:08 [INFO] [dup_check] 完了: 選定=1件 / 除外=0件 (pool=100件, 要求=1件)
2026-04-27 04:10:08 [INFO] [select] 1件選定 (要求=1件)
2026-04-27 04:10:08 [INFO] [select]   1. 「節約 類義語」 vol=0 seo=N/A comp=N/A
2026-04-27 04:10:08 [INFO] [ys-trend] 候補: 100件 / 選定: 1件 / 生成予定: 1件
2026-04-27 04:10:08 [INFO] [api_guard] 本日の使用量: $0.0000 / ¥0 (0回呼び出し)
2026-04-27 04:10:08 [INFO] ────────────────────────────────────────────────────────────
2026-04-27 04:10:08 [INFO] [ys-trend] [1/1] [LONGTAIL] 「節約 類義語」 vol=0 ★AIM
2026-04-27 04:10:08 [INFO] ────────────────────────────────────────────────────────────
2026-04-27 04:10:08 [INFO] [generate] 生成開始: 「節約 類義語」(vol:0) fact_check=True target_length=6,000字  誘導リンク:0件
2026-04-27 04:12:18 [INFO] [generate] 完了: 「節約の類義語・言い換え一覧｜倹約・節制・緊縮の違いまで徹底解説」
2026-04-27 04:12:18 [INFO] [post] 投稿方式: publish
2026-04-27 04:12:29 [INFO] [post] 画像生成完了: 86,012 bytes
2026-04-27 04:12:42 [INFO] [post] WP投稿完了: ID=11875 → https://ys-trend.com/wp-admin/post.php?post=11875&action=edit
2026-04-27 04:12:42 [INFO] [ys-trend] [1/1] ✅ 完了: 「節約の類義語・言い換え一覧｜倹約・節制・緊縮の違いまで徹底解説」
2026-04-27 04:12:42 [INFO] [ys-trend] 完了: 成功=1件 / 重複スキップ=0件 / 失敗=0件 / 合計=1件
2026-04-27 04:12:42 [INFO] 
============================================================
2026-04-27 04:12:42 [INFO] 【全体サマリー】
2026-04-27 04:12:42 [INFO]   ブログ数  : 1件
2026-04-27 04:12:42 [INFO]   生成件数  : 1件成功 / 0件失敗 / 計1件
2026-04-27 04:12:42 [INFO]   所要時間  : 160.2秒
2026-04-27 04:12:42 [INFO]   ✅ [ys-trend] 節約 類義語 → 節約の類義語・言い換え一覧｜倹約・節制・緊縮の違いまで徹底解説
2026-04-27 04:12:42 [INFO]        https://ys-trend.com/wp-admin/post.php?post=11875&action=edit
2026-04-27 04:12:42 [INFO] ============================================================
2026-04-27 13:59:31 [INFO] ============================================================
2026-04-27 13:59:31 [INFO] generate_lite.py 開始  dry_run=False
2026-04-27 13:59:31 [INFO] ============================================================
2026-04-27 13:59:33 [INFO] [registry] ブログ管理シートから 7 件取得: ['hataraku', 'workup-ai', 'ys-trend', 'kaerudoko', 'hapipo8', 'hida-no-omoide', 'web-study1']
2026-04-27 13:59:33 [INFO] 対象ブログ: ['hataraku', 'workup-ai', 'ys-trend', 'kaerudoko', 'hapipo8', 'hida-no-omoide', 'web-study1']
2026-04-27 13:59:33 [ERROR] [hataraku] 設定ファイルが見つかりません（スキップ）: blog_config.json が見つかりません: /Users/yama/article-generator-ystrend/blogs/hataraku/blog_config.json
2026-04-27 13:59:33 [ERROR] [workup-ai] 設定ファイルが見つかりません（スキップ）: blog_config.json が見つかりません: /Users/yama/article-generator-ystrend/blogs/workup-ai/blog_config.json
2026-04-27 13:59:34 [INFO] 
════════════════════════════════════════════════════════════
2026-04-27 13:59:34 [INFO] === ワイズトレンド (ys-trend.com) 処理開始 ===
2026-04-27 13:59:34 [INFO] ════════════════════════════════════════════════════════════
2026-04-27 13:59:34 [INFO]   genre            : エンタメ・トレンド・ライフスタイル
2026-04-27 13:59:34 [INFO]   fact_check       : True
2026-04-27 13:59:34 [INFO]   article_type_mix : True
2026-04-27 13:59:34 [INFO]   stop_words       : ['おすすめ', '比較', '2026', 'ランキング']
2026-04-27 13:59:34 [INFO]   article_count    : 1  dry_run: False
2026-04-27 13:59:37 [INFO] [wp] 記事取得: 計83件 (publish=83)
2026-04-27 13:59:37 [INFO] [ys-trend] 記事タイプ配分: {'longtail': 0, 'trend': 1, 'monetize': 0}  (weights={'longtail': 0.4, 'trend': 0.5, 'monetize': 0.1})
2026-04-27 13:59:38 [DEBUG] [fetch] シート「絞り込みKW」: 491行 / ヘッダー: ['キーワード', '親KW', 'サブKW', '判定', '統合先KW', 'AIM', 'ステータス', 'メモ', '投稿日', 'URL', 'ID', '投稿ステータス', '記事URL', '投稿ID', '使用サブKW']
2026-04-27 13:59:38 [INFO] [fetch] [キーワード] メインKW: 99件（vol≥30 or N/A）  サブKW: 0件（vol<30）  投稿済みスキップ: 1件  テーマ外除外: 391件  aim内訳: [aim:490]
2026-04-27 13:59:38 [INFO] [ys-trend] トレンドKW テーマフィルタ: 0件 → 0件
2026-04-27 13:59:38 [WARNING] [ys-trend] トレンドKW取得失敗 → LONGTAILで補充: 候補キーワードが0件です
2026-04-27 13:59:38 [DEBUG] [group_pool] グループ数: 0件 → pool: 0件
2026-04-27 13:59:38 [INFO] [dup_check] 優先候補: 99件 {'aim': 99} を先頭評価
2026-04-27 13:59:39 [DEBUG] [dup_check] OK: 「節約 ブログ 農家の嫁」
2026-04-27 13:59:39 [INFO] [dup_check] 完了: 選定=1件 / 除外=0件 (pool=99件, 要求=1件)
2026-04-27 13:59:39 [INFO] [select] 1件選定 (要求=1件)
2026-04-27 13:59:39 [INFO] [select]   1. 「節約 ブログ 農家の嫁」 vol=0 seo=N/A comp=N/A
2026-04-27 13:59:39 [INFO] [ys-trend] 候補: 99件 / 選定: 1件 / 生成予定: 1件
2026-04-27 13:59:39 [INFO] [api_guard] 本日の使用量: $0.0000 / ¥0 (0回呼び出し)
2026-04-27 13:59:39 [INFO] ────────────────────────────────────────────────────────────
2026-04-27 13:59:39 [INFO] [ys-trend] [1/1] [LONGTAIL] 「節約 ブログ 農家の嫁」 vol=0 ★AIM
2026-04-27 13:59:39 [INFO] ────────────────────────────────────────────────────────────
2026-04-27 13:59:39 [INFO] [generate] 生成開始: 「節約 ブログ 農家の嫁」(vol:0) fact_check=True target_length=6,000字  誘導リンク:0件
2026-04-27 14:02:00 [INFO] [generate] 完了: 「節約ブログ農家の嫁が実践！田舎生活で貯金を増やす節約術10選」
2026-04-27 14:02:00 [INFO] [post] 投稿方式: publish
2026-04-27 14:02:10 [INFO] [post] 画像生成完了: 70,554 bytes
2026-04-27 14:02:22 [INFO] [post] WP投稿完了: ID=11935 → https://ys-trend.com/wp-admin/post.php?post=11935&action=edit
2026-04-27 14:02:22 [INFO] [ys-trend] [1/1] ✅ 完了: 「節約ブログ農家の嫁が実践！田舎生活で貯金を増やす節約術10選」
2026-04-27 14:02:22 [INFO] [ys-trend] 完了: 成功=1件 / 重複スキップ=0件 / 失敗=0件 / 合計=1件
2026-04-27 14:02:22 [ERROR] [kaerudoko] 設定ファイルが見つかりません（スキップ）: blog_config.json が見つかりません: /Users/yama/article-generator-ystrend/blogs/kaerudoko/blog_config.json
2026-04-27 14:02:22 [ERROR] [hapipo8] 設定ファイルが見つかりません（スキップ）: blog_config.json が見つかりません: /Users/yama/article-generator-ystrend/blogs/hapipo8/blog_config.json
2026-04-27 14:02:22 [ERROR] [hida-no-omoide] 設定ファイルが見つかりません（スキップ）: blog_config.json が見つかりません: /Users/yama/article-generator-ystrend/blogs/hida-no-omoide/blog_config.json
2026-04-27 14:02:22 [ERROR] [web-study1] 設定ファイルが見つかりません（スキップ）: blog_config.json が見つかりません: /Users/yama/article-generator-ystrend/blogs/web-study1/blog_config.json
2026-04-27 14:02:22 [INFO] 
============================================================
2026-04-27 14:02:22 [INFO] 【全体サマリー】
2026-04-27 14:02:22 [INFO]   ブログ数  : 7件
2026-04-27 14:02:22 [INFO]   生成件数  : 1件成功 / 0件失敗 / 計1件
2026-04-27 14:02:22 [INFO]   所要時間  : 171.1秒
2026-04-27 14:02:22 [INFO]   ✅ [ys-trend] 節約 ブログ 農家の嫁 → 節約ブログ農家の嫁が実践！田舎生活で貯金を増やす節約術10選
2026-04-27 14:02:22 [INFO]        https://ys-trend.com/wp-admin/post.php?post=11935&action=edit
2026-04-27 14:02:22 [INFO] ============================================================
