2026-04-28 04:10:03 [INFO] ============================================================
2026-04-28 04:10:03 [INFO] generate_lite.py 開始  dry_run=False
2026-04-28 04:10:03 [INFO] ============================================================
2026-04-28 04:10:03 [INFO] 対象ブログ: ['ys-trend']
2026-04-28 04:10:06 [INFO] 
════════════════════════════════════════════════════════════
2026-04-28 04:10:06 [INFO] === ワイズトレンド (ys-trend.com) 処理開始 ===
2026-04-28 04:10:06 [INFO] ════════════════════════════════════════════════════════════
2026-04-28 04:10:06 [INFO]   genre            : エンタメ・トレンド・ライフスタイル
2026-04-28 04:10:06 [INFO]   fact_check       : True
2026-04-28 04:10:06 [INFO]   article_type_mix : True
2026-04-28 04:10:06 [INFO]   stop_words       : ['おすすめ', '比較', '2026', 'ランキング']
2026-04-28 04:10:06 [INFO]   article_count    : 1  dry_run: False
2026-04-28 04:10:08 [INFO] [wp] 記事取得: 計84件 (publish=84)
2026-04-28 04:10:08 [INFO] [ys-trend] 記事タイプ配分: {'longtail': 0, 'trend': 1, 'monetize': 0}  (weights={'longtail': 0.4, 'trend': 0.5, 'monetize': 0.1})
2026-04-28 04:10:09 [DEBUG] [fetch] シート「絞り込みKW」: 457行 / ヘッダー: ['キーワード', '親KW', 'サブKW', '判定', '統合先KW', 'AIM', 'ステータス', 'メモ', '投稿日', 'URL', 'ID', '投稿ステータス', '記事URL', '投稿ID', '使用サブKW']
2026-04-28 04:10:09 [INFO] [fetch] [キーワード] メインKW: 88件（vol≥30 or N/A）  サブKW: 0件（vol<30）  投稿済みスキップ: 2件  テーマ外除外: 367件  aim内訳: [aim:455]
2026-04-28 04:10:09 [INFO] [ys-trend] トレンドKW テーマフィルタ: 0件 → 0件
2026-04-28 04:10:09 [WARNING] [ys-trend] トレンドKW取得失敗 → LONGTAILで補充: 候補キーワードが0件です
2026-04-28 04:10:09 [DEBUG] [group_pool] グループ数: 0件 → pool: 0件
2026-04-28 04:10:09 [INFO] [dup_check] 優先候補: 88件 {'aim': 88} を先頭評価
2026-04-28 04:10:09 [DEBUG] [dup_check] OK: 「漫画 買取 ダンボール 無料」
2026-04-28 04:10:09 [INFO] [dup_check] 完了: 選定=1件 / 除外=0件 (pool=88件, 要求=1件)
2026-04-28 04:10:09 [INFO] [select] 1件選定 (要求=1件)
2026-04-28 04:10:09 [INFO] [select]   1. 「漫画 買取 ダンボール 無料」 vol=0 seo=N/A comp=N/A
2026-04-28 04:10:09 [INFO] [ys-trend] 候補: 88件 / 選定: 1件 / 生成予定: 1件
2026-04-28 04:10:09 [INFO] [api_guard] 本日の使用量: $0.1597 / ¥24 (3回呼び出し)
2026-04-28 04:10:09 [INFO] ────────────────────────────────────────────────────────────
2026-04-28 04:10:09 [INFO] [ys-trend] [1/1] [LONGTAIL] 「漫画 買取 ダンボール 無料」 vol=0 ★AIM
2026-04-28 04:10:09 [INFO] ────────────────────────────────────────────────────────────
2026-04-28 04:10:09 [INFO] [generate] 生成開始: 「漫画 買取 ダンボール 無料」(vol:0) fact_check=True target_length=6,000字  誘導リンク:0件
2026-04-28 04:12:36 [INFO] [generate] 完了: 「漫画買取でダンボール無料のサービス徹底比較！送料・詰め方・注意点まで解説」
2026-04-28 04:12:36 [INFO] [post] 投稿方式: publish
2026-04-28 04:12:45 [INFO] [post] 画像生成完了: 65,515 bytes
2026-04-28 04:13:28 [INFO] [post] WP投稿完了: ID=11941 → https://ys-trend.com/wp-admin/post.php?post=11941&action=edit
2026-04-28 04:13:28 [INFO] [ys-trend] [1/1] ✅ 完了: 「漫画買取でダンボール無料のサービス徹底比較！送料・詰め方・注意点まで解説」
2026-04-28 04:13:28 [INFO] [ys-trend] 完了: 成功=1件 / 重複スキップ=0件 / 失敗=0件 / 合計=1件
2026-04-28 04:13:28 [INFO] 
============================================================
2026-04-28 04:13:28 [INFO] 【全体サマリー】
2026-04-28 04:13:28 [INFO]   ブログ数  : 1件
2026-04-28 04:13:28 [INFO]   生成件数  : 1件成功 / 0件失敗 / 計1件
2026-04-28 04:13:28 [INFO]   所要時間  : 205.2秒
2026-04-28 04:13:28 [INFO]   ✅ [ys-trend] 漫画 買取 ダンボール 無料 → 漫画買取でダンボール無料のサービス徹底比較！送料・詰め方・注意点まで解説
2026-04-28 04:13:28 [INFO]        https://ys-trend.com/wp-admin/post.php?post=11941&action=edit
2026-04-28 04:13:28 [INFO] ============================================================
