2026-04-25 05:51:47 [INFO] ============================================================
2026-04-25 05:51:47 [INFO] generate_lite.py 開始  dry_run=False
2026-04-25 05:51:47 [INFO] ============================================================
2026-04-25 05:51:47 [INFO] 対象ブログ: ['ys-trend']
2026-04-25 05:51:48 [INFO] 
════════════════════════════════════════════════════════════
2026-04-25 05:51:48 [INFO] === ワイズトレンド (ys-trend.com) 処理開始 ===
2026-04-25 05:51:48 [INFO] ════════════════════════════════════════════════════════════
2026-04-25 05:51:48 [INFO]   genre            : エンタメ・トレンド・ライフスタイル
2026-04-25 05:51:48 [INFO]   fact_check       : True
2026-04-25 05:51:48 [INFO]   article_type_mix : True
2026-04-25 05:51:48 [INFO]   stop_words       : ['おすすめ', '比較', '2026', 'ランキング']
2026-04-25 05:51:48 [INFO]   article_count    : 1  dry_run: False
2026-04-25 05:51:50 [INFO] [wp] 記事取得: 計80件 (draft=1 / publish=79)
2026-04-25 05:51:50 [INFO] [ys-trend] 記事タイプ配分: {'longtail': 0, 'trend': 1, 'monetize': 0}  (weights={'longtail': 0.4, 'trend': 0.5, 'monetize': 0.1})
2026-04-25 05:51:51 [DEBUG] [fetch] シート「絞り込みKW」: 477行 / ヘッダー: ['キーワード', 'SEO難易度', '月間検索数', 'CPC（$）', '競合性', 'キーワード', 'allintitle', 'intitle', 'Q&Aサイト', '', '無料ブログ', '', 'TikTok', '', 'Instagram', '', 'エックス', '', 'Facebook', '', 'aim', '投稿ステータス', '投稿日', '記事URL', '投稿ID', '使用サブKW', 'メモ', '', '', '', '', '', '', '', '', '', '', '', '', '', '', '', '', '', '']
2026-04-25 05:51:51 [INFO] [fetch] [キーワード] メインKW: 102件（vol≥30 or N/A）  サブKW: 2件（vol<30）  テーマ外除外: 325件  aim内訳: [now:1, aim:369, add:57]
2026-04-25 05:51:51 [INFO] [ys-trend] トレンドKW テーマフィルタ: 0件 → 0件
2026-04-25 05:51:51 [WARNING] [ys-trend] トレンドKW取得失敗 → LONGTAILで補充: 候補キーワードが0件です
2026-04-25 05:51:51 [DEBUG] [group_pool] グループ数: 0件 → pool: 0件
2026-04-25 05:51:51 [INFO] [dup_check] 優先候補: 102件 {'aim': 89, 'add': 13} を先頭評価
2026-04-25 05:51:51 [DEBUG] [dup_check] OK: 「節約 スロたか」
2026-04-25 05:51:51 [INFO] [dup_check] 完了: 選定=1件 / 除外=0件 (pool=102件, 要求=1件)
2026-04-25 05:51:51 [INFO] [select] 1件選定 (要求=1件)
2026-04-25 05:51:51 [INFO] [select]   1. 「節約 スロたか」 vol=1,000 seo=34 comp=N/A
2026-04-25 05:51:51 [INFO] [ys-trend] 候補: 102件 / 選定: 1件 / 生成予定: 1件
2026-04-25 06:44:09 [INFO] ============================================================
2026-04-25 06:44:09 [INFO] generate_lite.py 開始  dry_run=False
2026-04-25 06:44:09 [INFO] ============================================================
2026-04-25 06:44:09 [INFO] 対象ブログ: ['ys-trend']
2026-04-25 06:44:11 [INFO] 
════════════════════════════════════════════════════════════
2026-04-25 06:44:11 [INFO] === ワイズトレンド (ys-trend.com) 処理開始 ===
2026-04-25 06:44:11 [INFO] ════════════════════════════════════════════════════════════
2026-04-25 06:44:11 [INFO]   genre            : エンタメ・トレンド・ライフスタイル
2026-04-25 06:44:11 [INFO]   fact_check       : True
2026-04-25 06:44:11 [INFO]   article_type_mix : True
2026-04-25 06:44:11 [INFO]   stop_words       : ['おすすめ', '比較', '2026', 'ランキング']
2026-04-25 06:44:11 [INFO]   article_count    : 1  dry_run: False
2026-04-25 06:44:13 [INFO] [wp] 記事取得: 計80件 (draft=1 / publish=79)
2026-04-25 06:44:13 [INFO] [ys-trend] 記事タイプ配分: {'longtail': 0, 'trend': 1, 'monetize': 0}  (weights={'longtail': 0.4, 'trend': 0.5, 'monetize': 0.1})
2026-04-25 06:44:14 [DEBUG] [fetch] シート「絞り込みKW」: 477行 / ヘッダー: ['キーワード', 'SEO難易度', '月間検索数', 'CPC（$）', '競合性', 'キーワード', 'allintitle', 'intitle', 'Q&Aサイト', '', '無料ブログ', '', 'TikTok', '', 'Instagram', '', 'エックス', '', 'Facebook', '', 'aim', '投稿ステータス', '投稿日', '記事URL', '投稿ID', '使用サブKW', 'メモ', '', '', '', '', '', '', '', '', '', '', '', '', '', '', '', '', '', '']
2026-04-25 06:44:14 [INFO] [fetch] [キーワード] メインKW: 102件（vol≥30 or N/A）  サブKW: 2件（vol<30）  テーマ外除外: 325件  aim内訳: [now:1, aim:369, add:57]
2026-04-25 06:44:14 [INFO] [ys-trend] トレンドKW テーマフィルタ: 0件 → 0件
2026-04-25 06:44:14 [WARNING] [ys-trend] トレンドKW取得失敗 → LONGTAILで補充: 候補キーワードが0件です
2026-04-25 06:44:14 [DEBUG] [group_pool] グループ数: 0件 → pool: 0件
2026-04-25 06:44:14 [INFO] [dup_check] 優先候補: 102件 {'aim': 89, 'add': 13} を先頭評価
2026-04-25 06:44:14 [DEBUG] [dup_check] OK: 「節約 スロたか」
2026-04-25 06:44:14 [INFO] [dup_check] 完了: 選定=1件 / 除外=0件 (pool=102件, 要求=1件)
2026-04-25 06:44:14 [INFO] [select] 1件選定 (要求=1件)
2026-04-25 06:44:14 [INFO] [select]   1. 「節約 スロたか」 vol=1,000 seo=34 comp=N/A
2026-04-25 06:44:14 [INFO] [ys-trend] 候補: 102件 / 選定: 1件 / 生成予定: 1件
2026-04-25 06:44:14 [INFO] [api_guard] 本日の使用量: $0.3080 / ¥46 (6回呼び出し)
2026-04-25 06:44:14 [INFO] ────────────────────────────────────────────────────────────
2026-04-25 06:44:14 [INFO] [ys-trend] [1/1] [LONGTAIL] 「節約 スロたか」 vol=1,000 ★AIM
2026-04-25 06:44:14 [INFO] ────────────────────────────────────────────────────────────
2026-04-25 06:44:14 [INFO] [generate] 生成開始: 「節約 スロたか」(vol:1,000) fact_check=True target_length=6,000字  誘導リンク:0件
2026-04-25 06:46:39 [INFO] [generate] 完了: 「節約スロたかとは？初心者でも月5万貯金できるやり方・コツを完全解説」
2026-04-25 06:46:39 [INFO] [post] 投稿方式: publish
2026-04-25 06:46:49 [INFO] [post] 画像生成完了: 52,761 bytes
2026-04-25 06:47:30 [INFO] [post] WP投稿完了: ID=11854 → https://ys-trend.com/wp-admin/post.php?post=11854&action=edit
2026-04-25 06:47:30 [INFO] [ys-trend] [1/1] ✅ 完了: 「節約スロたかとは？初心者でも月5万貯金できるやり方・コツを完全解説」
2026-04-25 06:47:30 [INFO] [ys-trend] 完了: 成功=1件 / 重複スキップ=0件 / 失敗=0件 / 合計=1件
2026-04-25 06:47:30 [INFO] 
============================================================
2026-04-25 06:47:30 [INFO] 【全体サマリー】
2026-04-25 06:47:30 [INFO]   ブログ数  : 1件
2026-04-25 06:47:30 [INFO]   生成件数  : 1件成功 / 0件失敗 / 計1件
2026-04-25 06:47:30 [INFO]   所要時間  : 200.9秒
2026-04-25 06:47:30 [INFO]   ✅ [ys-trend] 節約 スロたか → 節約スロたかとは？初心者でも月5万貯金できるやり方・コツを完全解説
2026-04-25 06:47:30 [INFO]        https://ys-trend.com/wp-admin/post.php?post=11854&action=edit
2026-04-25 06:47:30 [INFO] ============================================================
2026-04-25 09:26:29 [INFO] ============================================================
2026-04-25 09:26:29 [INFO] generate_lite.py 開始  dry_run=False
2026-04-25 09:26:29 [INFO] ============================================================
2026-04-25 09:26:29 [INFO] 対象ブログ: ['ys-trend']
2026-04-25 09:26:32 [INFO] 
════════════════════════════════════════════════════════════
2026-04-25 09:26:32 [INFO] === ワイズトレンド (ys-trend.com) 処理開始 ===
2026-04-25 09:26:32 [INFO] ════════════════════════════════════════════════════════════
2026-04-25 09:26:32 [INFO]   genre            : エンタメ・トレンド・ライフスタイル
2026-04-25 09:26:32 [INFO]   fact_check       : True
2026-04-25 09:26:32 [INFO]   article_type_mix : True
2026-04-25 09:26:32 [INFO]   stop_words       : ['おすすめ', '比較', '2026', 'ランキング']
2026-04-25 09:26:32 [INFO]   article_count    : 1  dry_run: False
2026-04-25 09:26:35 [INFO] [wp] 記事取得: 計79件 (publish=79)
2026-04-25 09:26:35 [INFO] [ys-trend] 記事タイプ配分: {'longtail': 0, 'trend': 1, 'monetize': 0}  (weights={'longtail': 0.4, 'trend': 0.5, 'monetize': 0.1})
2026-04-25 09:26:36 [DEBUG] [fetch] シート「絞り込みKW」: 477行 / ヘッダー: ['キーワード', 'SEO難易度', '月間検索数', 'CPC（$）', '競合性', 'キーワード', 'allintitle', 'intitle', 'Q&Aサイト', '', '無料ブログ', '', 'TikTok', '', 'Instagram', '', 'エックス', '', 'Facebook', '', 'aim', '投稿ステータス', '投稿日', '記事URL', '投稿ID', '使用サブKW', 'メモ', '', '', '', '', '', '', '', '', '', '', '', '', '', '', '', '', '', '']
2026-04-25 09:26:36 [INFO] [fetch] [キーワード] メインKW: 101件（vol≥30 or N/A）  サブKW: 2件（vol<30）  テーマ外除外: 325件  aim内訳: [now:1, aim:368, add:57]
2026-04-25 09:26:36 [INFO] [ys-trend] トレンドKW テーマフィルタ: 0件 → 0件
2026-04-25 09:26:36 [WARNING] [ys-trend] トレンドKW取得失敗 → LONGTAILで補充: 候補キーワードが0件です
2026-04-25 09:26:36 [DEBUG] [group_pool] グループ数: 0件 → pool: 0件
2026-04-25 09:26:36 [INFO] [dup_check] 優先候補: 101件 {'aim': 88, 'add': 13} を先頭評価
2026-04-25 09:26:36 [DEBUG] [dup_check] OK: 「節約術 食費」
2026-04-25 09:26:36 [INFO] [dup_check] 完了: 選定=1件 / 除外=0件 (pool=101件, 要求=1件)
2026-04-25 09:26:36 [INFO] [select] 1件選定 (要求=1件)
2026-04-25 09:26:36 [INFO] [select]   1. 「節約術 食費」 vol=590 seo=41 comp=19
2026-04-25 09:26:36 [INFO] [ys-trend] 候補: 101件 / 選定: 1件 / 生成予定: 1件
2026-04-25 09:26:36 [INFO] [api_guard] 本日の使用量: $0.0000 / ¥0 (0回呼び出し)
2026-04-25 09:26:36 [INFO] ────────────────────────────────────────────────────────────
2026-04-25 09:26:36 [INFO] [ys-trend] [1/1] [LONGTAIL] 「節約術 食費」 vol=590 ★AIM
2026-04-25 09:26:36 [INFO] ────────────────────────────────────────────────────────────
2026-04-25 09:26:36 [INFO] [generate] 生成開始: 「節約術 食費」(vol:590) fact_check=True target_length=6,000字  誘導リンク:0件
2026-04-25 09:29:34 [INFO] [generate] 完了: 「食費節約術まとめ！毎月の食費を賢く削減する実践テクニック15選」
2026-04-25 09:29:34 [INFO] [post] 投稿方式: publish
2026-04-25 09:29:43 [INFO] [post] 画像生成完了: 42,650 bytes
2026-04-25 09:30:27 [INFO] [post] WP投稿完了: ID=11860 → https://ys-trend.com/wp-admin/post.php?post=11860&action=edit
2026-04-25 09:30:27 [INFO] [ys-trend] [1/1] ✅ 完了: 「食費節約術まとめ！毎月の食費を賢く削減する実践テクニック15選」
2026-04-25 09:30:27 [INFO] [ys-trend] 完了: 成功=1件 / 重複スキップ=0件 / 失敗=0件 / 合計=1件
2026-04-25 09:30:27 [INFO] 
============================================================
2026-04-25 09:30:27 [INFO] 【全体サマリー】
2026-04-25 09:30:27 [INFO]   ブログ数  : 1件
2026-04-25 09:30:27 [INFO]   生成件数  : 1件成功 / 0件失敗 / 計1件
2026-04-25 09:30:27 [INFO]   所要時間  : 237.5秒
2026-04-25 09:30:27 [INFO]   ✅ [ys-trend] 節約術 食費 → 食費節約術まとめ！毎月の食費を賢く削減する実践テクニック15選
2026-04-25 09:30:27 [INFO]        https://ys-trend.com/wp-admin/post.php?post=11860&action=edit
2026-04-25 09:30:27 [INFO] ============================================================
