2026-04-29 04:10:03 [INFO] ============================================================
2026-04-29 04:10:03 [INFO] generate_lite.py 開始  dry_run=False
2026-04-29 04:10:03 [INFO] ============================================================
2026-04-29 04:10:03 [INFO] 対象ブログ: ['ys-trend']
2026-04-29 04:10:06 [INFO] 
════════════════════════════════════════════════════════════
2026-04-29 04:10:06 [INFO] === ワイズトレンド (ys-trend.com) 処理開始 ===
2026-04-29 04:10:06 [INFO] ════════════════════════════════════════════════════════════
2026-04-29 04:10:06 [INFO]   genre            : エンタメ・トレンド・ライフスタイル
2026-04-29 04:10:06 [INFO]   fact_check       : True
2026-04-29 04:10:06 [INFO]   article_type_mix : True
2026-04-29 04:10:06 [INFO]   stop_words       : ['おすすめ', '比較', '2026', 'ランキング']
2026-04-29 04:10:06 [INFO]   article_count    : 1  dry_run: False
2026-04-29 04:10:10 [INFO] [wp] 記事取得: 計83件 (publish=83)
2026-04-29 04:10:10 [INFO] [ys-trend] 記事タイプ配分: {'longtail': 0, 'trend': 1, 'monetize': 0}  (weights={'longtail': 0.4, 'trend': 0.5, 'monetize': 0.1})
2026-04-29 04:10:11 [DEBUG] [fetch] シート「絞り込みKW」: 457行 / ヘッダー: ['キーワード', '親KW', 'サブKW', '判定', '統合先KW', 'AIM', 'ステータス', 'メモ', '投稿日', 'URL', 'ID', '投稿ステータス', '記事URL', '投稿ID', '使用サブKW']
2026-04-29 04:10:11 [INFO] [fetch] [キーワード] メインKW: 87件（vol≥30 or N/A）  サブKW: 0件（vol<30）  投稿済みスキップ: 3件  テーマ外除外: 367件  aim内訳: [aim:454]
2026-04-29 04:10:11 [INFO] [ys-trend] トレンドKW テーマフィルタ: 0件 → 0件
2026-04-29 04:10:11 [WARNING] [ys-trend] トレンドKW取得失敗 → LONGTAILで補充: 候補キーワードが0件です
2026-04-29 04:10:11 [DEBUG] [group_pool] グループ数: 0件 → pool: 0件
2026-04-29 04:10:11 [INFO] [dup_check] 優先候補: 87件 {'aim': 87} を先頭評価
2026-04-29 04:10:11 [DEBUG] [dup_check] OK: 「電気 代 節約 コンセント 抜く」
2026-04-29 04:10:11 [INFO] [dup_check] 完了: 選定=1件 / 除外=0件 (pool=87件, 要求=1件)
2026-04-29 04:10:11 [INFO] [select] 1件選定 (要求=1件)
2026-04-29 04:10:11 [INFO] [select]   1. 「電気 代 節約 コンセント 抜く」 vol=0 seo=N/A comp=N/A
2026-04-29 04:10:11 [INFO] [ys-trend] 候補: 87件 / 選定: 1件 / 生成予定: 1件
2026-04-29 04:10:11 [INFO] [api_guard] 本日の使用量: $0.0000 / ¥0 (0回呼び出し)
2026-04-29 04:10:11 [INFO] ────────────────────────────────────────────────────────────
2026-04-29 04:10:11 [INFO] [ys-trend] [1/1] [LONGTAIL] 「電気 代 節約 コンセント 抜く」 vol=0 ★AIM
2026-04-29 04:10:11 [INFO] ────────────────────────────────────────────────────────────
2026-04-29 04:10:11 [INFO] [generate] 生成開始: 「電気 代 節約 コンセント 抜く」(vol:0) fact_check=True target_length=6,000字  誘導リンク:0件
2026-04-29 04:12:26 [INFO] [generate] 完了: 「電気代節約にコンセントを抜く効果は？待機電力と抜くべき家電を徹底解説」
2026-04-29 04:12:26 [INFO] [post] 投稿方式: publish
2026-04-29 04:12:30 [INFO] [post] 画像生成完了: 54,310 bytes
2026-04-29 04:12:56 [INFO] [post] WP投稿完了: ID=11959 → https://ys-trend.com/wp-admin/post.php?post=11959&action=edit
2026-04-29 04:12:56 [INFO] [ys-trend] [1/1] ✅ 完了: 「電気代節約にコンセントを抜く効果は？待機電力と抜くべき家電を徹底解説」
2026-04-29 04:12:56 [INFO] [ys-trend] 完了: 成功=1件 / 重複スキップ=0件 / 失敗=0件 / 合計=1件
2026-04-29 04:12:56 [INFO] 
============================================================
2026-04-29 04:12:56 [INFO] 【全体サマリー】
2026-04-29 04:12:56 [INFO]   ブログ数  : 1件
2026-04-29 04:12:56 [INFO]   生成件数  : 1件成功 / 0件失敗 / 計1件
2026-04-29 04:12:56 [INFO]   所要時間  : 172.6秒
2026-04-29 04:12:56 [INFO]   ✅ [ys-trend] 電気 代 節約 コンセント 抜く → 電気代節約にコンセントを抜く効果は？待機電力と抜くべき家電を徹底解説
2026-04-29 04:12:56 [INFO]        https://ys-trend.com/wp-admin/post.php?post=11959&action=edit
2026-04-29 04:12:56 [INFO] ============================================================
