2026-04-21 05:30:03 [INFO] ============================================================
2026-04-21 05:30:03 [INFO] generate_lite.py 開始  dry_run=False
2026-04-21 05:30:03 [INFO] ============================================================
2026-04-21 05:30:03 [INFO] 対象ブログ: ['hataraku']
2026-04-21 05:30:03 [INFO] 
════════════════════════════════════════════════════════════
2026-04-21 05:30:03 [INFO] === はた楽ナビ (hataraku-navi.com) 処理開始 ===
2026-04-21 05:30:03 [INFO] ════════════════════════════════════════════════════════════
2026-04-21 05:30:03 [INFO]   genre            : 転職・副業・キャリア
2026-04-21 05:30:03 [INFO]   fact_check       : True
2026-04-21 05:30:03 [INFO]   article_type_mix : True
2026-04-21 05:30:03 [INFO]   stop_words       : ['おすすめ', '比較', '2026', 'ランキング']
2026-04-21 05:30:03 [INFO]   article_count    : 1  dry_run: False
2026-04-21 05:30:09 [INFO] [wp] 記事取得: 計27件 (publish=27)
2026-04-21 05:30:09 [INFO] [hataraku] 記事タイプ配分: {'longtail': 1, 'trend': 0, 'monetize': 0}  (weights={'longtail': 0.5, 'trend': 0.3, 'monetize': 0.2})
2026-04-21 05:30:11 [DEBUG] [fetch] シート「絞り込みKW」: 4044行 / ヘッダー: ['キーワード', 'SEO難易度', '月間検索数', 'CPC（$）', '競合性', 'キーワード', 'allintitle', 'intitle', 'Q&Aサイト', '', '無料ブログ', '', 'TikTok', '', 'Instagram', '', 'エックス', '', 'Facebook', '', 'aim', '投稿ステータス', '投稿日', '記事URL', '投稿ID', '使用サブKW', 'メモ', '', '', '', '', '', '', '', '', '', '', '', '', '', '', '', '', '', '']
2026-04-21 05:30:11 [INFO] [fetch] [キーワード] メインKW: 2256件（vol≥30 or N/A）  サブKW: 412件（vol<30）  テーマ外除外: 1051件  aim内訳: [aim:1065]
2026-04-21 05:30:11 [DEBUG] [group_pool] グループ数: 1615件 → pool: 50件
2026-04-21 05:30:11 [INFO] [dup_check] 優先候補: 578件 {'aim': 578} を先頭評価
2026-04-21 05:30:11 [DEBUG] [dup_check] OK: 「経理 に 転職 未経験」
2026-04-21 05:30:11 [INFO] [dup_check] 完了: 選定=1件 / 除外=0件 (pool=628件, 要求=1件)
2026-04-21 05:30:11 [INFO] [select] 1件選定 (要求=1件)
2026-04-21 05:30:11 [INFO] [select]   1. 「経理 に 転職 未経験」 vol=880 seo=29 comp=71
2026-04-21 05:30:11 [INFO] [hataraku] LONGTAIL選定: 1件
2026-04-21 05:30:11 [INFO] [hataraku] 候補: 2256件 / 選定: 1件 / 生成予定: 1件
2026-04-21 05:30:11 [INFO] [api_guard] 本日の使用量: $0.1613 / ¥24 (3回呼び出し)
2026-04-21 05:30:11 [INFO] ────────────────────────────────────────────────────────────
2026-04-21 05:30:11 [INFO] [hataraku] [1/1] [LONGTAIL] 「経理 に 転職 未経験」 vol=880 ★AIM
2026-04-21 05:30:11 [INFO] ────────────────────────────────────────────────────────────
2026-04-21 05:30:11 [INFO] [generate] 生成開始: 「経理 に 転職 未経験」(vol:880) fact_check=True target_length=6,000字  誘導リンク:0件
2026-04-21 05:32:43 [INFO] [generate] 完了: 「経理に転職！未経験でも成功できる理由と必要な資格・勉強法を解説」
2026-04-21 05:32:52 [INFO] [post] 画像生成完了: 79,442 bytes
2026-04-21 05:33:14 [INFO] [post] WP投稿完了: ID=432 → https://hataraku-navi.com/wp-admin/post.php?post=432&action=edit
2026-04-21 05:33:14 [INFO] [hataraku] [1/1] ✅ 完了: 「経理に転職！未経験でも成功できる理由と必要な資格・勉強法を解説」
2026-04-21 05:33:14 [INFO] [hataraku] 完了: 成功=1件 / 重複スキップ=0件 / 失敗=0件 / 合計=1件
2026-04-21 05:33:14 [INFO] 
============================================================
2026-04-21 05:33:14 [INFO] 【全体サマリー】
2026-04-21 05:33:14 [INFO]   ブログ数  : 1件
2026-04-21 05:33:14 [INFO]   生成件数  : 1件成功 / 0件失敗 / 計1件
2026-04-21 05:33:14 [INFO]   所要時間  : 191.0秒
2026-04-21 05:33:14 [INFO]   ✅ [hataraku] 経理 に 転職 未経験 → 経理に転職！未経験でも成功できる理由と必要な資格・勉強法を解説
2026-04-21 05:33:14 [INFO]        https://hataraku-navi.com/wp-admin/post.php?post=432&action=edit
2026-04-21 05:33:14 [INFO] ============================================================
