2026-04-17 00:26:34 [INFO] ============================================================
2026-04-17 00:26:34 [INFO] generate_lite.py 開始  dry_run=False
2026-04-17 00:26:34 [INFO] ============================================================
2026-04-17 00:26:34 [INFO] 対象ブログ: ['hataraku', 'workup-ai']
2026-04-17 00:26:34 [INFO] 
════════════════════════════════════════════════════════════
2026-04-17 00:26:34 [INFO] === はた楽ナビ (hataraku-navi.com) 処理開始 ===
2026-04-17 00:26:34 [INFO] ════════════════════════════════════════════════════════════
2026-04-17 00:26:34 [INFO]   genre            : 転職・副業・キャリア
2026-04-17 00:26:34 [INFO]   fact_check       : True
2026-04-17 00:26:34 [INFO]   article_type_mix : True
2026-04-17 00:26:34 [INFO]   stop_words       : ['おすすめ', '比較', '2026', 'ランキング']
2026-04-17 00:26:34 [INFO]   article_count    : 1  dry_run: False
2026-04-17 00:26:34 [INFO] [wp] 記事取得: 計0件 ()
2026-04-17 00:26:34 [INFO] [hataraku] 記事タイプ配分: {'longtail': 1, 'trend': 0, 'monetize': 0}  (weights={'longtail': 0.5, 'trend': 0.3, 'monetize': 0.2})
2026-04-17 00:26:41 [DEBUG] [fetch] シート「絞り込みKW」: 34164行 / ヘッダー: ['キーワード', '月間検索数', 'SEO難易度', '競合性']
2026-04-17 00:26:41 [INFO] [fetch] [絞り込みKW] メインKW: 12378件（vol≥30 or N/A）  サブKW: 15220件（vol<30）  テーマ外除外: 1992件
2026-04-17 00:26:41 [DEBUG] [group_pool] グループ数: 12284件 → pool: 50件
2026-04-17 00:26:41 [DEBUG] [dup_check] OK: 「転職 事務 志望動機」
2026-04-17 00:26:41 [INFO] [dup_check] 完了: 選定=1件 / 除外=0件 (pool=50件, 要求=1件)
2026-04-17 00:26:41 [INFO] [select] 1件選定 (要求=1件)
2026-04-17 00:26:41 [INFO] [select]   1. 「転職 事務 志望動機」 vol=390 seo=38 comp=26
2026-04-17 00:26:41 [INFO] [hataraku] LONGTAIL選定: 1件
2026-04-17 00:26:41 [INFO] [hataraku] 候補: 12378件 / 選定: 1件 / 生成予定: 1件
2026-04-17 00:26:41 [INFO] [api_guard] 本日の使用量: $0.3233 / ¥48 (6回呼び出し)
2026-04-17 00:26:41 [INFO] ────────────────────────────────────────────────────────────
2026-04-17 00:26:41 [INFO] [hataraku] [1/1] [LONGTAIL] 「転職 事務 志望動機」 vol=390
2026-04-17 00:26:41 [INFO] ────────────────────────────────────────────────────────────
2026-04-17 00:26:41 [INFO] [generate] 生成開始: 「転職 事務 志望動機」(vol:390) fact_check=True target_length=6,000字
2026-04-17 00:29:10 [INFO] [generate] 完了: 「転職で事務の志望動機を書くコツ7選！未経験・例文・NG例まで徹底解説」
2026-04-17 00:29:19 [INFO] [post] 画像生成完了: 58,511 bytes
2026-04-17 00:30:15 [INFO] [post] WP投稿完了: ID=242 → https://hataraku-navi.com/wp-admin/post.php?post=242&action=edit
2026-04-17 00:30:15 [INFO] [hataraku] [1/1] ✅ 完了: 「転職で事務の志望動機を書くコツ7選！未経験・例文・NG例まで徹底解説」
2026-04-17 00:30:15 [INFO] [hataraku] 完了: 成功=1件 / 重複スキップ=0件 / 失敗=0件 / 合計=1件
2026-04-17 00:30:15 [INFO] 
════════════════════════════════════════════════════════════
2026-04-17 00:30:15 [INFO] === WorkUp AI (workup-ai.com) 処理開始 ===
2026-04-17 00:30:15 [INFO] ════════════════════════════════════════════════════════════
2026-04-17 00:30:15 [INFO]   genre            : AI・副業・転職・キャリア
2026-04-17 00:30:15 [INFO]   fact_check       : True
2026-04-17 00:30:15 [INFO]   article_type_mix : True
2026-04-17 00:30:15 [INFO]   stop_words       : ['おすすめ', '比較', '2026', 'iphone', 'アプリ']
2026-04-17 00:30:15 [INFO]   article_count    : 1  dry_run: False
2026-04-17 00:30:17 [INFO] [wp] 記事取得: 計370件 (draft=11 / private=6 / publish=353)
2026-04-17 00:30:17 [INFO] [workup-ai] 記事タイプ配分: {'longtail': 1, 'trend': 0, 'monetize': 0}  (weights={'longtail': 0.5, 'trend': 0.3, 'monetize': 0.2})
2026-04-17 00:30:19 [DEBUG] [fetch] シート「絞り込みKW」: 505行 / ヘッダー: ['キーワード', 'SEO難易度', '月間検索数', 'CPC（$）', '競合性', 'キーワード', 'allintitle', 'intitle', 'Q&Aサイト', '', '無料ブログ', '', 'TikTok', '', 'Instagram', '', 'エックス', '', 'Facebook', '', 'aim', '投稿ステータス', '投稿日', '記事URL', '投稿ID', '使用サブKW', 'メモ']
2026-04-17 00:30:19 [INFO] [fetch] [キーワード] メインKW: 126件（vol≥30 or N/A）  サブKW: 176件（vol<30）  テーマ外除外: 125件  aim内訳: [aim:97]
2026-04-17 00:30:19 [DEBUG] [group_pool] グループ数: 70件 → pool: 50件
2026-04-17 00:30:19 [INFO] [dup_check] 優先候補: 50件 {'aim': 50} を先頭評価
2026-04-17 00:30:19 [DEBUG] [dup_check] OK: 「plaud note aiボイスレコーダー 無料ai文字起こし&要約機能込み(ケース付き)」
2026-04-17 00:30:19 [INFO] [dup_check] 完了: 選定=1件 / 除外=0件 (pool=100件, 要求=1件)
2026-04-17 00:30:19 [INFO] [select] 1件選定 (要求=1件)
2026-04-17 00:30:19 [INFO] [select]   1. 「plaud note aiボイスレコーダー 無料ai文字起こし&要約機能込み(ケース付き)」 vol=0 seo=N/A comp=N/A
2026-04-17 00:30:19 [INFO] [workup-ai] LONGTAIL選定: 1件
2026-04-17 00:30:19 [INFO] [workup-ai] 候補: 126件 / 選定: 1件 / 生成予定: 1件
2026-04-17 00:30:19 [INFO] [api_guard] 本日の使用量: $0.4928 / ¥74 (9回呼び出し)
2026-04-17 00:30:19 [INFO] ────────────────────────────────────────────────────────────
2026-04-17 00:30:19 [INFO] [workup-ai] [1/1] [LONGTAIL] 「plaud note aiボイスレコーダー 無料ai文字起こし&要約機能込み(ケース付き)」 vol=0 ★AIM
2026-04-17 00:30:19 [INFO] ────────────────────────────────────────────────────────────
2026-04-17 00:30:19 [INFO] [generate] 生成開始: 「plaud note aiボイスレコーダー 無料ai文字起こし&要約機能込み(ケース付き)」(vol:0) fact_check=True target_length=6,000字
2026-04-17 00:32:58 [INFO] [generate] 完了: 「PLAUD NOTE AIボイスレコーダーの実力は？無料AI文字起こし＆要約機能をケース付きで徹底解説」
2026-04-17 00:32:58 [WARNING] [workup-ai] [1/1] ⏭️ 重複スキップ: タイトル重複のため投稿スキップ: 「PLAUD NOTE AIボイスレコーダーの実力は？無料AI文字起こし」≈「PLAUD NOTE AIボイスレコーダーの文字起こし精度を徹底検証！」
2026-04-17 00:32:58 [INFO] [workup-ai] 完了: 成功=0件 / 重複スキップ=1件 / 失敗=0件 / 合計=1件
2026-04-17 00:32:58 [INFO] 
============================================================
2026-04-17 00:32:58 [INFO] 【全体サマリー】
2026-04-17 00:32:58 [INFO]   ブログ数  : 2件
2026-04-17 00:32:58 [INFO]   生成件数  : 1件成功 / 0件失敗 / 計2件
2026-04-17 00:32:58 [INFO]   所要時間  : 384.5秒
2026-04-17 00:32:58 [INFO]   ✅ [hataraku] 転職 事務 志望動機 → 転職で事務の志望動機を書くコツ7選！未経験・例文・NG例まで徹底解説
2026-04-17 00:32:58 [INFO]        https://hataraku-navi.com/wp-admin/post.php?post=242&action=edit
2026-04-17 00:32:58 [INFO]   ❌ [workup-ai] plaud note aiボイスレコーダー 無料ai文字起こし&要約機能込み(ケース付き) → (生成失敗)
2026-04-17 00:32:58 [INFO] ============================================================
2026-04-17 00:53:53 [INFO] ============================================================
2026-04-17 00:53:53 [INFO] generate_lite.py 開始  dry_run=False
2026-04-17 00:53:53 [INFO] ============================================================
2026-04-17 00:53:53 [INFO] 対象ブログ: ['hataraku']
2026-04-17 00:53:53 [INFO] 
════════════════════════════════════════════════════════════
2026-04-17 00:53:53 [INFO] === はた楽ナビ (hataraku-navi.com) 処理開始 ===
2026-04-17 00:53:53 [INFO] ════════════════════════════════════════════════════════════
2026-04-17 00:53:53 [INFO]   genre            : 転職・副業・キャリア
2026-04-17 00:53:53 [INFO]   fact_check       : True
2026-04-17 00:53:53 [INFO]   article_type_mix : True
2026-04-17 00:53:53 [INFO]   stop_words       : ['おすすめ', '比較', '2026', 'ランキング']
2026-04-17 00:53:53 [INFO]   article_count    : 1  dry_run: False
2026-04-17 00:53:54 [INFO] [wp] 記事取得: 計1件 (draft=1)
2026-04-17 00:53:54 [INFO] [hataraku] 記事タイプ配分: {'longtail': 1, 'trend': 0, 'monetize': 0}  (weights={'longtail': 0.5, 'trend': 0.3, 'monetize': 0.2})
2026-04-17 00:53:58 [DEBUG] [fetch] シート「絞り込みKW」: 34164行 / ヘッダー: ['キーワード', '月間検索数', 'SEO難易度', '競合性']
2026-04-17 00:53:58 [INFO] [fetch] [絞り込みKW] メインKW: 12378件（vol≥30 or N/A）  サブKW: 15220件（vol<30）  テーマ外除外: 1992件
2026-04-17 00:53:58 [DEBUG] [group_pool] グループ数: 12284件 → pool: 50件
2026-04-17 00:53:58 [DEBUG] [dup_check] OK: 「仕事したくない 40代」
2026-04-17 00:53:58 [INFO] [dup_check] 完了: 選定=1件 / 除外=0件 (pool=50件, 要求=1件)
2026-04-17 00:53:58 [INFO] [select] 1件選定 (要求=1件)
2026-04-17 00:53:58 [INFO] [select]   1. 「仕事したくない 40代」 vol=320 seo=34 comp=10
2026-04-17 00:53:58 [INFO] [hataraku] LONGTAIL選定: 1件
2026-04-17 00:53:58 [INFO] [hataraku] 候補: 12378件 / 選定: 1件 / 生成予定: 1件
2026-04-17 00:53:58 [INFO] [api_guard] 本日の使用量: $0.6743 / ¥101 (12回呼び出し)
2026-04-17 00:53:58 [INFO] ────────────────────────────────────────────────────────────
2026-04-17 00:53:58 [INFO] [hataraku] [1/1] [LONGTAIL] 「仕事したくない 40代」 vol=320
2026-04-17 00:53:58 [INFO] ────────────────────────────────────────────────────────────
2026-04-17 00:53:58 [INFO] [generate] 生成開始: 「仕事したくない 40代」(vol:320) fact_check=True target_length=6,000字
2026-04-17 00:56:28 [INFO] [generate] 完了: 「仕事したくない40代の本音と対処法！転職・副業・早期退職まで選択肢を総まとめ」
2026-04-17 00:56:38 [INFO] [post] 画像生成完了: 40,501 bytes
2026-04-17 00:57:35 [INFO] [post] WP投稿完了: ID=247 → https://hataraku-navi.com/wp-admin/post.php?post=247&action=edit
2026-04-17 00:57:35 [INFO] [hataraku] [1/1] ✅ 完了: 「仕事したくない40代の本音と対処法！転職・副業・早期退職まで選択肢を総まとめ」
2026-04-17 00:57:35 [INFO] [hataraku] 完了: 成功=1件 / 重複スキップ=0件 / 失敗=0件 / 合計=1件
2026-04-17 00:57:35 [INFO] 
============================================================
2026-04-17 00:57:35 [INFO] 【全体サマリー】
2026-04-17 00:57:35 [INFO]   ブログ数  : 1件
2026-04-17 00:57:35 [INFO]   生成件数  : 1件成功 / 0件失敗 / 計1件
2026-04-17 00:57:35 [INFO]   所要時間  : 222.3秒
2026-04-17 00:57:35 [INFO]   ✅ [hataraku] 仕事したくない 40代 → 仕事したくない40代の本音と対処法！転職・副業・早期退職まで選択肢を総まとめ
2026-04-17 00:57:35 [INFO]        https://hataraku-navi.com/wp-admin/post.php?post=247&action=edit
2026-04-17 00:57:35 [INFO] ============================================================
2026-04-17 05:30:03 [INFO] ============================================================
2026-04-17 05:30:03 [INFO] generate_lite.py 開始  dry_run=False
2026-04-17 05:30:03 [INFO] ============================================================
2026-04-17 05:30:03 [INFO] 対象ブログ: ['hataraku']
2026-04-17 05:30:03 [INFO] 
════════════════════════════════════════════════════════════
2026-04-17 05:30:03 [INFO] === はた楽ナビ (hataraku-navi.com) 処理開始 ===
2026-04-17 05:30:03 [INFO] ════════════════════════════════════════════════════════════
2026-04-17 05:30:03 [INFO]   genre            : 転職・副業・キャリア
2026-04-17 05:30:03 [INFO]   fact_check       : True
2026-04-17 05:30:03 [INFO]   article_type_mix : True
2026-04-17 05:30:03 [INFO]   stop_words       : ['おすすめ', '比較', '2026', 'ランキング']
2026-04-17 05:30:03 [INFO]   article_count    : 1  dry_run: False
2026-04-17 05:30:09 [INFO] [wp] 記事取得: 計2件 (draft=2)
2026-04-17 05:30:09 [INFO] [hataraku] 記事タイプ配分: {'longtail': 1, 'trend': 0, 'monetize': 0}  (weights={'longtail': 0.5, 'trend': 0.3, 'monetize': 0.2})
2026-04-17 05:30:11 [DEBUG] [fetch] シート「絞り込みKW」: 34164行 / ヘッダー: ['キーワード', '月間検索数', 'SEO難易度', '競合性']
2026-04-17 05:30:11 [INFO] [fetch] [絞り込みKW] メインKW: 12378件（vol≥30 or N/A）  サブKW: 15220件（vol<30）  テーマ外除外: 1992件
2026-04-17 05:30:11 [DEBUG] [group_pool] グループ数: 12284件 → pool: 50件
2026-04-17 05:30:11 [DEBUG] [dup_check] OK: 「派遣看護師 社会保険」
2026-04-17 05:30:11 [INFO] [dup_check] 完了: 選定=1件 / 除外=0件 (pool=50件, 要求=1件)
2026-04-17 05:30:11 [INFO] [select] 1件選定 (要求=1件)
2026-04-17 05:30:11 [INFO] [select]   1. 「派遣看護師 社会保険」 vol=70 seo=29 comp=36
2026-04-17 05:30:11 [INFO] [hataraku] LONGTAIL選定: 1件
2026-04-17 05:30:11 [INFO] [hataraku] 候補: 12378件 / 選定: 1件 / 生成予定: 1件
2026-04-17 05:30:11 [INFO] [api_guard] 本日の使用量: $0.8270 / ¥124 (15回呼び出し)
2026-04-17 05:30:11 [INFO] ────────────────────────────────────────────────────────────
2026-04-17 05:30:11 [INFO] [hataraku] [1/1] [LONGTAIL] 「派遣看護師 社会保険」 vol=70
2026-04-17 05:30:11 [INFO] ────────────────────────────────────────────────────────────
2026-04-17 05:30:11 [INFO] [generate] 生成開始: 「派遣看護師 社会保険」(vol:70) fact_check=True target_length=6,000字
2026-04-17 05:32:52 [INFO] [generate] 完了: 「派遣看護師の社会保険完全ガイド｜加入条件・保険料・メリットを徹底解説」
2026-04-17 05:33:01 [INFO] [post] 画像生成完了: 35,350 bytes
2026-04-17 05:33:47 [INFO] [post] WP投稿完了: ID=252 → https://hataraku-navi.com/wp-admin/post.php?post=252&action=edit
2026-04-17 05:33:47 [INFO] [hataraku] [1/1] ✅ 完了: 「派遣看護師の社会保険完全ガイド｜加入条件・保険料・メリットを徹底解説」
2026-04-17 05:33:47 [INFO] [hataraku] 完了: 成功=1件 / 重複スキップ=0件 / 失敗=0件 / 合計=1件
2026-04-17 05:33:47 [INFO] 
============================================================
2026-04-17 05:33:47 [INFO] 【全体サマリー】
2026-04-17 05:33:47 [INFO]   ブログ数  : 1件
2026-04-17 05:33:47 [INFO]   生成件数  : 1件成功 / 0件失敗 / 計1件
2026-04-17 05:33:47 [INFO]   所要時間  : 224.0秒
2026-04-17 05:33:47 [INFO]   ✅ [hataraku] 派遣看護師 社会保険 → 派遣看護師の社会保険完全ガイド｜加入条件・保険料・メリットを徹底解説
2026-04-17 05:33:47 [INFO]        https://hataraku-navi.com/wp-admin/post.php?post=252&action=edit
2026-04-17 05:33:47 [INFO] ============================================================
2026-04-17 11:30:02 [INFO] ============================================================
2026-04-17 11:30:02 [INFO] generate_lite.py 開始  dry_run=False
2026-04-17 11:30:02 [INFO] ============================================================
2026-04-17 11:30:02 [INFO] 対象ブログ: ['hataraku']
2026-04-17 11:30:02 [INFO] 
════════════════════════════════════════════════════════════
2026-04-17 11:30:02 [INFO] === はた楽ナビ (hataraku-navi.com) 処理開始 ===
2026-04-17 11:30:02 [INFO] ════════════════════════════════════════════════════════════
2026-04-17 11:30:02 [INFO]   genre            : 転職・副業・キャリア
2026-04-17 11:30:02 [INFO]   fact_check       : True
2026-04-17 11:30:02 [INFO]   article_type_mix : True
2026-04-17 11:30:02 [INFO]   stop_words       : ['おすすめ', '比較', '2026', 'ランキング']
2026-04-17 11:30:02 [INFO]   article_count    : 1  dry_run: False
2026-04-17 11:30:03 [INFO] [wp] 記事取得: 計3件 (publish=3)
2026-04-17 11:30:03 [INFO] [hataraku] 記事タイプ配分: {'longtail': 1, 'trend': 0, 'monetize': 0}  (weights={'longtail': 0.5, 'trend': 0.3, 'monetize': 0.2})
2026-04-17 11:30:05 [DEBUG] [fetch] シート「絞り込みKW」: 34164行 / ヘッダー: ['キーワード', '月間検索数', 'SEO難易度', '競合性']
2026-04-17 11:30:06 [INFO] [fetch] [絞り込みKW] メインKW: 12378件（vol≥30 or N/A）  サブKW: 15220件（vol<30）  テーマ外除外: 1992件
2026-04-17 11:30:06 [DEBUG] [group_pool] グループ数: 12284件 → pool: 50件
2026-04-17 11:30:06 [DEBUG] [dup_check] OK: 「派遣 会社 儲かる」
2026-04-17 11:30:06 [INFO] [dup_check] 完了: 選定=1件 / 除外=0件 (pool=50件, 要求=1件)
2026-04-17 11:30:06 [INFO] [select] 1件選定 (要求=1件)
2026-04-17 11:30:06 [INFO] [select]   1. 「派遣 会社 儲かる」 vol=50 seo=28 comp=N/A
2026-04-17 11:30:06 [INFO] [hataraku] LONGTAIL選定: 1件
2026-04-17 11:30:06 [INFO] [hataraku] 候補: 12378件 / 選定: 1件 / 生成予定: 1件
2026-04-17 11:30:06 [INFO] [api_guard] 本日の使用量: $0.0000 / ¥0 (0回呼び出し)
2026-04-17 11:30:06 [INFO] ────────────────────────────────────────────────────────────
2026-04-17 11:30:06 [INFO] [hataraku] [1/1] [LONGTAIL] 「派遣 会社 儲かる」 vol=50
2026-04-17 11:30:06 [INFO] ────────────────────────────────────────────────────────────
2026-04-17 11:30:06 [INFO] [generate] 生成開始: 「派遣 会社 儲かる」(vol:50) fact_check=True target_length=6,000字
2026-04-17 11:32:47 [INFO] [generate] 完了: 「派遣会社が儲かる仕組みを徹底解説！マージン率・利益構造・開業の実態」
2026-04-17 11:32:56 [INFO] [post] 画像生成完了: 70,671 bytes
2026-04-17 11:33:35 [INFO] [post] WP投稿完了: ID=259 → https://hataraku-navi.com/wp-admin/post.php?post=259&action=edit
2026-04-17 11:33:35 [INFO] [hataraku] [1/1] ✅ 完了: 「派遣会社が儲かる仕組みを徹底解説！マージン率・利益構造・開業の実態」
2026-04-17 11:33:35 [INFO] [hataraku] 完了: 成功=1件 / 重複スキップ=0件 / 失敗=0件 / 合計=1件
2026-04-17 11:33:35 [INFO] 
============================================================
2026-04-17 11:33:35 [INFO] 【全体サマリー】
2026-04-17 11:33:35 [INFO]   ブログ数  : 1件
2026-04-17 11:33:35 [INFO]   生成件数  : 1件成功 / 0件失敗 / 計1件
2026-04-17 11:33:35 [INFO]   所要時間  : 212.9秒
2026-04-17 11:33:35 [INFO]   ✅ [hataraku] 派遣 会社 儲かる → 派遣会社が儲かる仕組みを徹底解説！マージン率・利益構造・開業の実態
2026-04-17 11:33:35 [INFO]        https://hataraku-navi.com/wp-admin/post.php?post=259&action=edit
2026-04-17 11:33:35 [INFO] ============================================================
2026-04-17 20:30:03 [INFO] ============================================================
2026-04-17 20:30:03 [INFO] generate_lite.py 開始  dry_run=False
2026-04-17 20:30:03 [INFO] ============================================================
2026-04-17 20:30:03 [INFO] 対象ブログ: ['hataraku']
2026-04-17 20:30:03 [INFO] 
════════════════════════════════════════════════════════════
2026-04-17 20:30:03 [INFO] === はた楽ナビ (hataraku-navi.com) 処理開始 ===
2026-04-17 20:30:03 [INFO] ════════════════════════════════════════════════════════════
2026-04-17 20:30:03 [INFO]   genre            : 転職・副業・キャリア
2026-04-17 20:30:03 [INFO]   fact_check       : True
2026-04-17 20:30:03 [INFO]   article_type_mix : True
2026-04-17 20:30:03 [INFO]   stop_words       : ['おすすめ', '比較', '2026', 'ランキング']
2026-04-17 20:30:03 [INFO]   article_count    : 1  dry_run: False
2026-04-17 20:30:05 [INFO] [wp] 記事取得: 計4件 (draft=1 / publish=3)
2026-04-17 20:30:05 [INFO] [hataraku] 記事タイプ配分: {'longtail': 1, 'trend': 0, 'monetize': 0}  (weights={'longtail': 0.5, 'trend': 0.3, 'monetize': 0.2})
2026-04-17 20:30:09 [DEBUG] [fetch] シート「絞り込みKW」: 34164行 / ヘッダー: ['キーワード', '月間検索数', 'SEO難易度', '競合性']
2026-04-17 20:30:09 [INFO] [fetch] [絞り込みKW] メインKW: 12378件（vol≥30 or N/A）  サブKW: 15220件（vol<30）  テーマ外除外: 1992件
2026-04-17 20:30:09 [DEBUG] [group_pool] グループ数: 12284件 → pool: 50件
2026-04-17 20:30:09 [DEBUG] [dup_check] OK: 「職場急に休む人」
2026-04-17 20:30:09 [INFO] [dup_check] 完了: 選定=1件 / 除外=0件 (pool=50件, 要求=1件)
2026-04-17 20:30:09 [INFO] [select] 1件選定 (要求=1件)
2026-04-17 20:30:09 [INFO] [select]   1. 「職場急に休む人」 vol=40 seo=N/A comp=N/A
2026-04-17 20:30:09 [INFO] [hataraku] LONGTAIL選定: 1件
2026-04-17 20:30:09 [INFO] [hataraku] 候補: 12378件 / 選定: 1件 / 生成予定: 1件
2026-04-17 20:30:09 [INFO] [api_guard] 本日の使用量: $0.1648 / ¥25 (3回呼び出し)
2026-04-17 20:30:09 [INFO] ────────────────────────────────────────────────────────────
2026-04-17 20:30:09 [INFO] [hataraku] [1/1] [LONGTAIL] 「職場急に休む人」 vol=40
2026-04-17 20:30:09 [INFO] ────────────────────────────────────────────────────────────
2026-04-17 20:30:09 [INFO] [generate] 生成開始: 「職場急に休む人」(vol:40) fact_check=True target_length=6,000字
2026-04-17 20:32:22 [INFO] [generate] 完了: 「職場で急に休む人の理由と対応策｜上司・同僚が取るべき対処法を解説」
2026-04-17 20:32:31 [INFO] [post] 画像生成完了: 36,850 bytes
2026-04-17 20:33:19 [INFO] [post] WP投稿完了: ID=264 → https://hataraku-navi.com/wp-admin/post.php?post=264&action=edit
2026-04-17 20:33:19 [INFO] [hataraku] [1/1] ✅ 完了: 「職場で急に休む人の理由と対応策｜上司・同僚が取るべき対処法を解説」
2026-04-17 20:33:19 [INFO] [hataraku] 完了: 成功=1件 / 重複スキップ=0件 / 失敗=0件 / 合計=1件
2026-04-17 20:33:19 [INFO] 
============================================================
2026-04-17 20:33:19 [INFO] 【全体サマリー】
2026-04-17 20:33:19 [INFO]   ブログ数  : 1件
2026-04-17 20:33:19 [INFO]   生成件数  : 1件成功 / 0件失敗 / 計1件
2026-04-17 20:33:19 [INFO]   所要時間  : 196.0秒
2026-04-17 20:33:19 [INFO]   ✅ [hataraku] 職場急に休む人 → 職場で急に休む人の理由と対応策｜上司・同僚が取るべき対処法を解説
2026-04-17 20:33:19 [INFO]        https://hataraku-navi.com/wp-admin/post.php?post=264&action=edit
2026-04-17 20:33:19 [INFO] ============================================================
2026-04-17 22:04:09 [INFO] ============================================================
2026-04-17 22:04:09 [INFO] generate_lite.py 開始  dry_run=False
2026-04-17 22:04:09 [INFO] ============================================================
2026-04-17 22:04:09 [INFO] 対象ブログ: ['hataraku']
2026-04-17 22:04:09 [INFO] 
════════════════════════════════════════════════════════════
2026-04-17 22:04:09 [INFO] === はた楽ナビ (hataraku-navi.com) 処理開始 ===
2026-04-17 22:04:09 [INFO] ════════════════════════════════════════════════════════════
2026-04-17 22:04:09 [INFO]   genre            : 転職・副業・キャリア
2026-04-17 22:04:09 [INFO]   fact_check       : True
2026-04-17 22:04:09 [INFO]   article_type_mix : True
2026-04-17 22:04:09 [INFO]   stop_words       : ['おすすめ', '比較', '2026', 'ランキング']
2026-04-17 22:04:09 [INFO]   article_count    : 1  dry_run: False
2026-04-17 22:04:09 [INFO] [wp] 記事取得: 計5件 (draft=2 / publish=3)
2026-04-17 22:04:09 [INFO] [hataraku] 記事タイプ配分: {'longtail': 1, 'trend': 0, 'monetize': 0}  (weights={'longtail': 0.5, 'trend': 0.3, 'monetize': 0.2})
2026-04-17 22:04:12 [DEBUG] [fetch] シート「絞り込みKW」: 34164行 / ヘッダー: ['キーワード', '月間検索数', 'SEO難易度', '競合性']
2026-04-17 22:04:12 [INFO] [fetch] [絞り込みKW] メインKW: 12378件（vol≥30 or N/A）  サブKW: 15220件（vol<30）  テーマ外除外: 1992件
2026-04-17 22:04:12 [DEBUG] [group_pool] グループ数: 12284件 → pool: 50件
2026-04-17 22:04:12 [DEBUG] [dup_check] OK: 「派遣の女 キャスト」
2026-04-17 22:04:12 [INFO] [dup_check] 完了: 選定=1件 / 除外=0件 (pool=50件, 要求=1件)
2026-04-17 22:04:12 [INFO] [select] 1件選定 (要求=1件)
2026-04-17 22:04:12 [INFO] [select]   1. 「派遣の女 キャスト」 vol=30 seo=N/A comp=N/A
2026-04-17 22:04:12 [INFO] [hataraku] LONGTAIL選定: 1件
2026-04-17 22:04:12 [INFO] [hataraku] 候補: 12378件 / 選定: 1件 / 生成予定: 1件
2026-04-17 22:04:12 [INFO] [api_guard] 本日の使用量: $0.3184 / ¥48 (6回呼び出し)
2026-04-17 22:04:12 [INFO] ────────────────────────────────────────────────────────────
2026-04-17 22:04:12 [INFO] [hataraku] [1/1] [LONGTAIL] 「派遣の女 キャスト」 vol=30
2026-04-17 22:04:12 [INFO] ────────────────────────────────────────────────────────────
2026-04-17 22:04:12 [INFO] [generate] 生成開始: 「派遣の女 キャスト」(vol:30) fact_check=True target_length=6,000字
2026-04-17 22:06:22 [INFO] [generate] 完了: 「派遣の女キャスト一覧｜主演・相手役・脇役まで出演者を徹底まとめ」
2026-04-17 22:06:33 [INFO] [post] 画像生成完了: 47,446 bytes
2026-04-17 22:07:20 [INFO] [post] WP投稿完了: ID=269 → https://hataraku-navi.com/wp-admin/post.php?post=269&action=edit
2026-04-17 22:07:20 [INFO] [hataraku] [1/1] ✅ 完了: 「派遣の女キャスト一覧｜主演・相手役・脇役まで出演者を徹底まとめ」
2026-04-17 22:07:20 [INFO] [hataraku] 完了: 成功=1件 / 重複スキップ=0件 / 失敗=0件 / 合計=1件
2026-04-17 22:07:20 [INFO] 
============================================================
2026-04-17 22:07:20 [INFO] 【全体サマリー】
2026-04-17 22:07:20 [INFO]   ブログ数  : 1件
2026-04-17 22:07:20 [INFO]   生成件数  : 1件成功 / 0件失敗 / 計1件
2026-04-17 22:07:20 [INFO]   所要時間  : 191.2秒
2026-04-17 22:07:20 [INFO]   ✅ [hataraku] 派遣の女 キャスト → 派遣の女キャスト一覧｜主演・相手役・脇役まで出演者を徹底まとめ
2026-04-17 22:07:20 [INFO]        https://hataraku-navi.com/wp-admin/post.php?post=269&action=edit
2026-04-17 22:07:20 [INFO] ============================================================
