2026-04-22 05:30:04 [INFO] ============================================================
2026-04-22 05:30:04 [INFO] generate_lite.py 開始  dry_run=False
2026-04-22 05:30:04 [INFO] ============================================================
2026-04-22 05:30:04 [INFO] 対象ブログ: ['hataraku']
2026-04-22 05:30:04 [INFO] 
════════════════════════════════════════════════════════════
2026-04-22 05:30:04 [INFO] === はた楽ナビ (hataraku-navi.com) 処理開始 ===
2026-04-22 05:30:04 [INFO] ════════════════════════════════════════════════════════════
2026-04-22 05:30:04 [INFO]   genre            : 転職・副業・キャリア
2026-04-22 05:30:04 [INFO]   fact_check       : True
2026-04-22 05:30:04 [INFO]   article_type_mix : True
2026-04-22 05:30:04 [INFO]   stop_words       : ['おすすめ', '比較', '2026', 'ランキング']
2026-04-22 05:30:04 [INFO]   article_count    : 1  dry_run: False
2026-04-22 05:30:05 [WARNING] [hataraku] WP記事取得失敗（重複チェックなしで続行）: HTTPSConnectionPool(host='hataraku-navi.com', port=443): Max retries exceeded with url: /wp-json/wp/v2/posts?status=publish%2Cdraft%2Cprivate&_fields=id%2Ctitle%2Cdate%2Cslug%2Cstatus&per_page=100&page=1 (Caused by NameResolutionError("HTTPSConnection(host='hataraku-navi.com', port=443): Failed to resolve 'hataraku-navi.com' ([Errno 8] nodename nor servname provided, or not known)"))
2026-04-22 05:30:05 [INFO] [hataraku] 記事タイプ配分: {'longtail': 1, 'trend': 0, 'monetize': 0}  (weights={'longtail': 0.5, 'trend': 0.3, 'monetize': 0.2})
2026-04-22 05:30:07 [DEBUG] [fetch] シート「絞り込みKW」: 1084行 / ヘッダー: ['キーワード', 'SEO難易度', '月間検索数', 'CPC（$）', '競合性', 'キーワード', 'allintitle', 'intitle', 'Q&Aサイト', '', '無料ブログ', '', 'TikTok', '', 'Instagram', '', 'エックス', '', 'Facebook', '', 'aim', '投稿ステータス', '投稿日', '記事URL', '投稿ID', '使用サブKW', 'メモ', '', '', '', '', '', '', '', '', '', '', '', '', '', '', '', '', '', '']
2026-04-22 05:30:07 [INFO] [fetch] [キーワード] メインKW: 450件（vol≥30 or N/A）  サブKW: 99件（vol<30）  テーマ外除外: 394件  aim内訳: [aim:844]
2026-04-22 05:30:07 [INFO] [select] 1件選定 (要求=1件)
2026-04-22 05:30:07 [INFO] [select]   1. 「経理 事務 未経験 求人」 vol=260 seo=37 comp=74
2026-04-22 05:30:07 [INFO] [hataraku] LONGTAIL選定: 1件
2026-04-22 05:30:07 [INFO] [hataraku] 候補: 450件 / 選定: 1件 / 生成予定: 1件
2026-04-22 05:30:07 [INFO] [api_guard] 本日の使用量: $0.3351 / ¥50 (5回呼び出し)
2026-04-22 05:30:07 [INFO] ────────────────────────────────────────────────────────────
2026-04-22 05:30:07 [INFO] [hataraku] [1/1] [LONGTAIL] 「経理 事務 未経験 求人」 vol=260 ★AIM
2026-04-22 05:30:07 [INFO] ────────────────────────────────────────────────────────────
2026-04-22 05:30:07 [INFO] [generate] 生成開始: 「経理 事務 未経験 求人」(vol:260) fact_check=True target_length=6,000字  誘導リンク:0件
2026-04-22 05:32:20 [INFO] [generate] 完了: 「経理事務未経験求人の探し方と採用されるコツを徹底解説」
2026-04-22 05:32:31 [INFO] [post] 画像生成完了: 109,360 bytes
2026-04-22 05:32:31 [ERROR] [hataraku] [1/1] ❌ エラー（続行）: HTTPSConnectionPool(host='hataraku-navi.com', port=443): Max retries exceeded with url: /wp-json/wp/v2/categories?per_page=100 (Caused by NameResolutionError("HTTPSConnection(host='hataraku-navi.com', port=443): Failed to resolve 'hataraku-navi.com' ([Errno 8] nodename nor servname provided, or not known)"))
2026-04-22 05:32:31 [INFO] [hataraku] 完了: 成功=0件 / 重複スキップ=0件 / 失敗=1件 / 合計=1件
2026-04-22 05:32:31 [INFO] 
============================================================
2026-04-22 05:32:31 [INFO] 【全体サマリー】
2026-04-22 05:32:31 [INFO]   ブログ数  : 1件
2026-04-22 05:32:31 [INFO]   生成件数  : 0件成功 / 1件失敗 / 計1件
2026-04-22 05:32:31 [INFO]   所要時間  : 146.9秒
2026-04-22 05:32:31 [INFO]   ❌ [hataraku] 経理 事務 未経験 求人 → (生成失敗)
2026-04-22 05:32:31 [INFO] ============================================================
2026-04-22 11:30:03 [INFO] ============================================================
2026-04-22 11:30:03 [INFO] generate_lite.py 開始  dry_run=False
2026-04-22 11:30:03 [INFO] ============================================================
2026-04-22 11:30:03 [INFO] 対象ブログ: ['hataraku']
2026-04-22 11:30:03 [INFO] 
════════════════════════════════════════════════════════════
2026-04-22 11:30:03 [INFO] === はた楽ナビ (hataraku-navi.com) 処理開始 ===
2026-04-22 11:30:03 [INFO] ════════════════════════════════════════════════════════════
2026-04-22 11:30:03 [INFO]   genre            : 転職・副業・キャリア
2026-04-22 11:30:03 [INFO]   fact_check       : True
2026-04-22 11:30:03 [INFO]   article_type_mix : True
2026-04-22 11:30:03 [INFO]   stop_words       : ['おすすめ', '比較', '2026', 'ランキング']
2026-04-22 11:30:03 [INFO]   article_count    : 1  dry_run: False
2026-04-22 11:30:06 [WARNING] [hataraku] WP記事取得失敗（重複チェックなしで続行）: HTTPSConnectionPool(host='hataraku-navi.com', port=443): Max retries exceeded with url: /wp-json/wp/v2/posts?status=publish%2Cdraft%2Cprivate&_fields=id%2Ctitle%2Cdate%2Cslug%2Cstatus&per_page=100&page=1 (Caused by NameResolutionError("HTTPSConnection(host='hataraku-navi.com', port=443): Failed to resolve 'hataraku-navi.com' ([Errno 8] nodename nor servname provided, or not known)"))
2026-04-22 11:30:06 [INFO] [hataraku] 記事タイプ配分: {'longtail': 1, 'trend': 0, 'monetize': 0}  (weights={'longtail': 0.5, 'trend': 0.3, 'monetize': 0.2})
2026-04-22 11:30:08 [DEBUG] [fetch] シート「絞り込みKW」: 1084行 / ヘッダー: ['キーワード', 'SEO難易度', '月間検索数', 'CPC（$）', '競合性', 'キーワード', 'allintitle', 'intitle', 'Q&Aサイト', '', '無料ブログ', '', 'TikTok', '', 'Instagram', '', 'エックス', '', 'Facebook', '', 'aim', '投稿ステータス', '投稿日', '記事URL', '投稿ID', '使用サブKW', 'メモ', '', '', '', '', '', '', '', '', '', '', '', '', '', '', '', '', '', '']
2026-04-22 11:30:08 [INFO] [fetch] [キーワード] メインKW: 450件（vol≥30 or N/A）  サブKW: 99件（vol<30）  テーマ外除外: 394件  aim内訳: [aim:844]
2026-04-22 11:30:08 [INFO] [select] 1件選定 (要求=1件)
2026-04-22 11:30:08 [INFO] [select]   1. 「副業 社会 保険 入り たく ない」 vol=390 seo=41 comp=3
2026-04-22 11:30:08 [INFO] [hataraku] LONGTAIL選定: 1件
2026-04-22 11:30:08 [INFO] [hataraku] 候補: 450件 / 選定: 1件 / 生成予定: 1件
2026-04-22 11:30:08 [INFO] [api_guard] 本日の使用量: $0.0000 / ¥0 (0回呼び出し)
2026-04-22 11:30:08 [INFO] ────────────────────────────────────────────────────────────
2026-04-22 11:30:08 [INFO] [hataraku] [1/1] [LONGTAIL] 「副業 社会 保険 入り たく ない」 vol=390 ★AIM
2026-04-22 11:30:08 [INFO] ────────────────────────────────────────────────────────────
2026-04-22 11:30:08 [INFO] [generate] 生成開始: 「副業 社会 保険 入り たく ない」(vol:390) fact_check=True target_length=6,000字  誘導リンク:0件
2026-04-22 11:32:29 [INFO] [generate] 完了: 「副業で社会保険に入りたくない人が知るべき加入条件と対処法」
2026-04-22 11:32:38 [INFO] [post] 画像生成完了: 69,488 bytes
2026-04-22 11:32:38 [ERROR] [hataraku] [1/1] ❌ エラー（続行）: HTTPSConnectionPool(host='hataraku-navi.com', port=443): Max retries exceeded with url: /wp-json/wp/v2/categories?per_page=100 (Caused by NameResolutionError("HTTPSConnection(host='hataraku-navi.com', port=443): Failed to resolve 'hataraku-navi.com' ([Errno 8] nodename nor servname provided, or not known)"))
2026-04-22 11:32:38 [INFO] [hataraku] 完了: 成功=0件 / 重複スキップ=0件 / 失敗=1件 / 合計=1件
2026-04-22 11:32:38 [INFO] 
============================================================
2026-04-22 11:32:38 [INFO] 【全体サマリー】
2026-04-22 11:32:38 [INFO]   ブログ数  : 1件
2026-04-22 11:32:38 [INFO]   生成件数  : 0件成功 / 1件失敗 / 計1件
2026-04-22 11:32:38 [INFO]   所要時間  : 154.8秒
2026-04-22 11:32:38 [INFO]   ❌ [hataraku] 副業 社会 保険 入り たく ない → (生成失敗)
2026-04-22 11:32:38 [INFO] ============================================================
2026-04-22 20:30:03 [INFO] ============================================================
2026-04-22 20:30:03 [INFO] generate_lite.py 開始  dry_run=False
2026-04-22 20:30:03 [INFO] ============================================================
2026-04-22 20:30:03 [INFO] 対象ブログ: ['hataraku']
2026-04-22 20:30:03 [INFO] 
════════════════════════════════════════════════════════════
2026-04-22 20:30:03 [INFO] === はた楽ナビ (hataraku-navi.com) 処理開始 ===
2026-04-22 20:30:03 [INFO] ════════════════════════════════════════════════════════════
2026-04-22 20:30:03 [INFO]   genre            : 転職・副業・キャリア
2026-04-22 20:30:03 [INFO]   fact_check       : True
2026-04-22 20:30:03 [INFO]   article_type_mix : True
2026-04-22 20:30:03 [INFO]   stop_words       : ['おすすめ', '比較', '2026', 'ランキング']
2026-04-22 20:30:03 [INFO]   article_count    : 1  dry_run: False
2026-04-22 20:30:05 [WARNING] [hataraku] WP記事取得失敗（重複チェックなしで続行）: HTTPSConnectionPool(host='hataraku-navi.com', port=443): Max retries exceeded with url: /wp-json/wp/v2/posts?status=publish%2Cdraft%2Cprivate&_fields=id%2Ctitle%2Cdate%2Cslug%2Cstatus&per_page=100&page=1 (Caused by NameResolutionError("HTTPSConnection(host='hataraku-navi.com', port=443): Failed to resolve 'hataraku-navi.com' ([Errno 8] nodename nor servname provided, or not known)"))
2026-04-22 20:30:05 [INFO] [hataraku] 記事タイプ配分: {'longtail': 1, 'trend': 0, 'monetize': 0}  (weights={'longtail': 0.5, 'trend': 0.3, 'monetize': 0.2})
2026-04-22 20:30:07 [DEBUG] [fetch] シート「絞り込みKW」: 1084行 / ヘッダー: ['キーワード', 'SEO難易度', '月間検索数', 'CPC（$）', '競合性', 'キーワード', 'allintitle', 'intitle', 'Q&Aサイト', '', '無料ブログ', '', 'TikTok', '', 'Instagram', '', 'エックス', '', 'Facebook', '', 'aim', '投稿ステータス', '投稿日', '記事URL', '投稿ID', '使用サブKW', 'メモ', '', '', '', '', '', '', '', '', '', '', '', '', '', '', '', '', '', '']
2026-04-22 20:30:07 [INFO] [fetch] [キーワード] メインKW: 450件（vol≥30 or N/A）  サブKW: 99件（vol<30）  テーマ外除外: 394件  aim内訳: [aim:844]
2026-04-22 20:30:07 [INFO] [select] 1件選定 (要求=1件)
2026-04-22 20:30:07 [INFO] [select]   1. 「保育士 派遣 時給高い 理由」 vol=260 seo=25 comp=37
2026-04-22 20:30:07 [INFO] [hataraku] LONGTAIL選定: 1件
2026-04-22 20:30:07 [INFO] [hataraku] 候補: 450件 / 選定: 1件 / 生成予定: 1件
2026-04-22 20:30:07 [INFO] [api_guard] 本日の使用量: $0.1730 / ¥26 (3回呼び出し)
2026-04-22 20:30:07 [INFO] ────────────────────────────────────────────────────────────
2026-04-22 20:30:07 [INFO] [hataraku] [1/1] [LONGTAIL] 「保育士 派遣 時給高い 理由」 vol=260 ★AIM
2026-04-22 20:30:07 [INFO] ────────────────────────────────────────────────────────────
2026-04-22 20:30:07 [INFO] [generate] 生成開始: 「保育士 派遣 時給高い 理由」(vol:260) fact_check=True target_length=6,000字  誘導リンク:0件
2026-04-22 20:32:30 [INFO] [generate] 完了: 「保育士派遣の時給が高い理由とは？相場・日払い・交通費まで徹底解説」
2026-04-22 20:32:40 [INFO] [post] 画像生成完了: 59,377 bytes
2026-04-22 20:32:40 [ERROR] [hataraku] [1/1] ❌ エラー（続行）: HTTPSConnectionPool(host='hataraku-navi.com', port=443): Max retries exceeded with url: /wp-json/wp/v2/categories?per_page=100 (Caused by NameResolutionError("HTTPSConnection(host='hataraku-navi.com', port=443): Failed to resolve 'hataraku-navi.com' ([Errno 8] nodename nor servname provided, or not known)"))
2026-04-22 20:32:40 [INFO] [hataraku] 完了: 成功=0件 / 重複スキップ=0件 / 失敗=1件 / 合計=1件
2026-04-22 20:32:40 [INFO] 
============================================================
2026-04-22 20:32:40 [INFO] 【全体サマリー】
2026-04-22 20:32:40 [INFO]   ブログ数  : 1件
2026-04-22 20:32:40 [INFO]   生成件数  : 0件成功 / 1件失敗 / 計1件
2026-04-22 20:32:40 [INFO]   所要時間  : 157.4秒
2026-04-22 20:32:40 [INFO]   ❌ [hataraku] 保育士 派遣 時給高い 理由 → (生成失敗)
2026-04-22 20:32:40 [INFO] ============================================================
