2026-05-07 03:00:04 [INFO] ============================================================
2026-05-07 03:00:04 [INFO] generate_lite.py 開始  dry_run=False
2026-05-07 03:00:04 [INFO] ============================================================
2026-05-07 03:00:07 [INFO] [registry] ブログ管理シートから 7 件取得: ['hataraku', 'workup-ai', 'ys-trend', 'kaerudoko', 'hapipo8', 'hida-no-omoide', 'web-study1']
2026-05-07 03:00:07 [INFO] 対象ブログ: ['hataraku', 'workup-ai', 'ys-trend', 'kaerudoko', 'hapipo8', 'hida-no-omoide', 'web-study1']
2026-05-07 03:00:08 [INFO] 
════════════════════════════════════════════════════════════
2026-05-07 03:00:08 [INFO] === はた楽ナビ (hataraku-navi.com) 処理開始 ===
2026-05-07 03:00:08 [INFO] ════════════════════════════════════════════════════════════
2026-05-07 03:00:08 [INFO] [kanikabari] 開始: はた楽ナビ / シート「キーワード」
2026-05-07 03:00:11 [INFO] [kanikabari] 未判定AIMキーワード: 0件
2026-05-07 03:00:11 [INFO] [kanikabari] 処理対象なし。終了します。
2026-05-07 03:00:11 [INFO] 
════════════════════════════════════════════════════════════
2026-05-07 03:00:11 [INFO] === AIVice (workup-ai.com) 処理開始 ===
2026-05-07 03:00:11 [INFO] ════════════════════════════════════════════════════════════
2026-05-07 03:00:11 [INFO] [kanikabari] 開始: AIVice / シート「キーワード」
2026-05-07 03:00:13 [INFO] [kanikabari] 未判定AIMキーワード: 0件
2026-05-07 03:00:13 [INFO] [kanikabari] 処理対象なし。終了します。
2026-05-07 03:00:13 [INFO] 
════════════════════════════════════════════════════════════
2026-05-07 03:00:13 [INFO] === ワイズトレンド (ys-trend.com) 処理開始 ===
2026-05-07 03:00:13 [INFO] ════════════════════════════════════════════════════════════
2026-05-07 03:00:13 [INFO] [kanikabari] 開始: ワイズトレンド / シート「キーワード」
2026-05-07 03:00:16 [INFO] [kanikabari] 未判定AIMキーワード: 0件
2026-05-07 03:00:16 [INFO] [kanikabari] 処理対象なし。終了します。
2026-05-07 03:00:16 [INFO] 
════════════════════════════════════════════════════════════
2026-05-07 03:00:16 [INFO] === どこで売ってるナビ (kaerudoko.com) 処理開始 ===
2026-05-07 03:00:16 [INFO] ════════════════════════════════════════════════════════════
2026-05-07 03:00:16 [INFO] [kanikabari] 開始: どこで売ってるナビ / シート「キーワード」
2026-05-07 03:00:18 [INFO] [kanikabari] 未判定AIMキーワード: 0件
2026-05-07 03:00:18 [INFO] [kanikabari] 処理対象なし。終了します。
2026-05-07 03:00:18 [INFO] 
════════════════════════════════════════════════════════════
2026-05-07 03:00:18 [INFO] === 気になることブログ (hapipo8.com) 処理開始 ===
2026-05-07 03:00:18 [INFO] ════════════════════════════════════════════════════════════
2026-05-07 03:00:18 [INFO] [kanikabari] 開始: 気になることブログ / シート「キーワード」
2026-05-07 03:00:21 [INFO] [kanikabari] 未判定AIMキーワード: 0件
2026-05-07 03:00:21 [INFO] [kanikabari] 処理対象なし。終了します。
2026-05-07 03:00:21 [INFO] 
════════════════════════════════════════════════════════════
2026-05-07 03:00:21 [INFO] === 飛騨の思い出 (hida-no-omoide.com) 処理開始 ===
2026-05-07 03:00:21 [INFO] ════════════════════════════════════════════════════════════
2026-05-07 03:00:21 [INFO] [kanikabari] 開始: 飛騨の思い出 / シート「キーワード」
2026-05-07 03:00:23 [INFO] [kanikabari] 未判定AIMキーワード: 0件
2026-05-07 03:00:23 [INFO] [kanikabari] 処理対象なし。終了します。
2026-05-07 03:00:23 [INFO] 
════════════════════════════════════════════════════════════
2026-05-07 03:00:23 [INFO] === オンライン学習ナビ (web-study1.com) 処理開始 ===
2026-05-07 03:00:23 [INFO] ════════════════════════════════════════════════════════════
2026-05-07 03:00:23 [INFO] [kanikabari] 開始: オンライン学習ナビ / シート「キーワード」
2026-05-07 03:00:26 [INFO] [kanikabari] 未判定AIMキーワード: 53件
2026-05-07 03:00:26 [INFO] [kanikabari] クラスタリング結果: 16クラスター
2026-05-07 03:00:26 [INFO]   親KW: 「通信制高校 行きたくない 子供」[base='通信制高校 行きたくない']  サブKW: [要確認] 「通信制高校 人間関係 不安」(広ジャンル('通信制高校'系) ベースKW相違 Jaccard=0.24)  [要確認] 「通信制高校 友達できる？」(広ジャンル('通信制高校'系) ベースKW相違 Jaccard=0.25)  [要確認] 「通信制高校 将来 不利？」(広ジャンル('通信制高校'系) ベースKW相違 Jaccard=0.25)  [要確認] 「通信制高校 転校 手続き 流れ」(広ジャンル('通信制高校'系) ベースKW相違 Jaccard=0.23)  [要確認] 「通信制高校 不登校 親の不安」(広ジャンル('通信制高校'系) ベースKW相違 Jaccard=0.24)  [要確認] 「通信制高校 後悔しない 選び方」(広ジャンル('通信制高校'系) ベースKW相違 Jaccard=0.33)  [要確認] 「通信制高校 親だけ相談できる？」(広ジャンル('通信制高校'系) ベースKW相違 Jaccard=0.22)  [要確認] 「通信制高校 不登校でも卒業できる？」(広ジャンル('通信制高校'系) ベースKW相違 Jaccard=0.20)  「通信制高校 メリット デメリット」(ベースKW部分一致('通信制高校 行きたくない'↔'通信制高校'))  [要確認] 「通信制高校 バイト 両立できる？」(広ジャンル('通信制高校'系) ベースKW相違 Jaccard=0.21)  [要確認] 「通信制高校 毎日通わなくていい？」(広ジャンル('通信制高校'系) ベースKW相違 Jaccard=0.21)  [要確認] 「通信制高校 世間体 気になる」(広ジャンル('通信制高校'系) ベースKW相違 Jaccard=0.23)  [要確認] 「通信制高校 恥ずかしい 本当？」(広ジャンル('通信制高校'系) ベースKW相違 Jaccard=0.27)  [要確認] 「通信制高校 何歳まで 入れる？」(広ジャンル('通信制高校'系) ベースKW相違 Jaccard=0.22)  「高卒認定 通信制高校 違い」(Jaccard=0.24)
2026-05-07 03:00:26 [INFO]   親KW: 「通信制高校 不登校から進学した体験談」[base='通信制高校 不登校から進学した体験談']  サブKW: 「不登校 高校生 将来 不安」(Jaccard=0.21)
2026-05-07 03:00:26 [INFO]   親KW: 「不登校 小学生 家で勉強」[base='不登校 小学生']  サブKW: [要確認] 「不登校 勉強しない イライラ」(広ジャンル('不登校'系) ベースKW相違 Jaccard=0.21)  [要確認] 「不登校 勉強 どこから始める」(広ジャンル('不登校'系) ベースKW相違 Jaccard=0.20)  [要確認] 「不登校 勉強習慣 戻したい」(広ジャンル('不登校'系) ベースKW相違 Jaccard=0.21)  [要確認] 「不登校 外に出られない 勉強」(広ジャンル('不登校'系) ベースKW相違 Jaccard=0.20)
2026-05-07 03:00:26 [INFO]   親KW: 「不登校 親 疲れた」[base='不登校 親']  (サブKWなし)
2026-05-07 03:00:26 [INFO]   親KW: 「通信制大学 社会人 おすすめ」[base='通信制大学 社会人']  サブKW: [要確認] 「通信制大学 働きながら 卒業できる？」(広ジャンル('通信制大学'系) ベースKW相違 Jaccard=0.20)  [要確認] 「通信制大学 難しい？」(広ジャンル('通信制大学'系) ベースKW相違 Jaccard=0.29)  [要確認] 「通信制大学 モチベーション 続かない」(広ジャンル('通信制大学'系) ベースKW相違 Jaccard=0.20)  [要確認] 「通信制大学 卒業率 低い 理由」(広ジャンル('通信制大学'系) ベースKW相違 Jaccard=0.23)  [要確認] 「通信制大学 40代 入学 遅い？」(広ジャンル('通信制大学'系) ベースKW相違 Jaccard=0.23)  [要確認] 「通信制大学 50代 学び直し」(広ジャンル('通信制大学'系) ベースKW相違 Jaccard=0.24)  [要確認] 「通信制大学 大卒資格 取れる？」(広ジャンル('通信制大学'系) ベースKW相違 Jaccard=0.23)  [要確認] 「通信制大学 履歴書 書ける？」(広ジャンル('通信制大学'系) ベースKW相違 Jaccard=0.24)  [要確認] 「通信制大学 向いてる人」(広ジャンル('通信制大学'系) ベースKW相違 Jaccard=0.28)  [要確認] 「通信制大学 後悔したこと」(広ジャンル('通信制大学'系) ベースKW相違 Jaccard=0.26)  [要確認] 「通信制大学 放送大学 違い」(広ジャンル('通信制大学'系) ベースKW相違 Jaccard=0.28)  「通信制大学 心理学 おすすめ」(Jaccard=0.56)  「社会人 大学入り直したい」(ベースKW部分一致('通信制大学 社会人'↔'社会人'))
2026-05-07 03:00:26 [INFO]   親KW: 「高卒認定 通信教育 おすすめ」[base='高卒認定 通信教育']  サブKW: [要確認] 「高卒認定 独学 難しい？」(広ジャンル('高卒認定'系) ベースKW相違 Jaccard=0.20)
2026-05-07 03:00:26 [INFO]   親KW: 「社会人 勉強 続かない」[base='社会人 勉強']  サブKW: 「親 勉強 教えられない」(Jaccard=0.25)
2026-05-07 03:00:26 [INFO]   親KW: 「勉強 嫌い 子供 どうする」[base='勉強 嫌い']  (サブKWなし)
2026-05-07 03:00:26 [INFO]   親KW: 「オンライン学習 集中できない」[base='オンライン学習']  サブKW: 「オンライン学習 親の負担」(ベースKW部分一致('オンライン学習'↔'オンライン学習 親の負担'))
2026-05-07 03:00:26 [INFO]   親KW: 「不登校 子供に言ってはいけない言葉」[base='不登校 子供に言ってはいけない言葉']  (サブKWなし)
2026-05-07 03:00:26 [INFO]   親KW: 「不登校 ゲームばかり 心配」[base='不登校 ゲームばかり']  (サブKWなし)
2026-05-07 03:00:26 [INFO]   親KW: 「不登校 中学卒業後 進路」[base='不登校 中学卒業後']  (サブKWなし)
2026-05-07 03:00:26 [INFO]   親KW: 「社会人 学び直し 通信教育」[base='社会人 学び直し']  (サブKWなし)
2026-05-07 03:00:26 [INFO]   親KW: 「家庭学習 続かない」[base='家庭学習 続かない']  (サブKWなし)
2026-05-07 03:00:26 [INFO]   親KW: 「不登校 勉強 遅れ 取り戻したい」[base='不登校 勉強']  (サブKWなし)
2026-05-07 03:00:26 [INFO]   親KW: 「高卒認定 不登校でも取れる？」[base='高卒認定 不登校でも取れる?']  サブKW: 「高卒認定 何歳でも受けられる？」(Jaccard=0.35)
2026-05-07 03:00:26 [INFO] [wp] 記事取得: 計19件 (publish=19)
2026-05-07 03:00:26 [INFO] [kanikabari] WP既存記事: 19件取得 (公開=19 / 下書き=0)
2026-05-07 03:00:26 [INFO] [kanikabari] 書き込み対象: 53件
2026-05-07 03:00:29 [INFO] [kanikabari] 完了: 親KW生成待ち=14件 / シート内サブKW=7件 / WP統合対象=2件 / カニバリスキップ=0件 / 要確認=30件
2026-05-07 03:00:29 [INFO]   [サブKW] 「オンライン学習 集中できない」→ 統合対象 / WP「オンライン学習 集中できない」
2026-05-07 03:00:29 [INFO]   [サブKW] 「オンライン学習 親の負担」→ 統合対象 / WP「オンライン学習 集中できない」
2026-05-07 03:00:29 [INFO]   [要確認] 「高卒認定 通信教育 おすすめ」→ 要確認
2026-05-07 03:00:29 [INFO] 
============================================================
2026-05-07 03:00:29 [INFO] 【全体サマリー】
2026-05-07 03:00:29 [INFO]   ブログ数  : 7件
2026-05-07 03:00:29 [INFO]   生成件数  : 0件成功 / 0件失敗 / 計0件
2026-05-07 03:00:29 [INFO]   所要時間  : 24.7秒
2026-05-07 03:00:29 [INFO] ============================================================
