2026-04-19 00:20:51 [INFO] [test] テストモード: 1記事生成
2026-04-19 00:20:51 [INFO] ============================================================
2026-04-19 00:20:51 [INFO] generate_lite.py 開始  dry_run=False
2026-04-19 00:20:51 [INFO] ============================================================
2026-04-19 00:20:51 [INFO] 対象ブログ: ['hataraku']
2026-04-19 00:20:51 [INFO] 
════════════════════════════════════════════════════════════
2026-04-19 00:20:51 [INFO] === はた楽ナビ (hataraku-navi.com) 処理開始 ===
2026-04-19 00:20:51 [INFO] ════════════════════════════════════════════════════════════
2026-04-19 00:20:51 [INFO]   genre            : 転職・副業・キャリア
2026-04-19 00:20:51 [INFO]   fact_check       : True
2026-04-19 00:20:51 [INFO]   article_type_mix : True
2026-04-19 00:20:51 [INFO]   stop_words       : ['おすすめ', '比較', '2026', 'ランキング']
2026-04-19 00:20:51 [INFO]   article_count    : 1  dry_run: False
2026-04-19 00:20:52 [INFO] [wp] 記事取得: 計20件 (draft=3 / publish=17)
2026-04-19 00:20:52 [INFO] [hataraku] 記事タイプ配分: {'longtail': 1, 'trend': 0, 'monetize': 0}  (weights={'longtail': 0.5, 'trend': 0.3, 'monetize': 0.2})
2026-04-19 00:20:55 [DEBUG] [fetch] シート「絞り込みKW」: 34164行 / ヘッダー: ['キーワード', '月間検索数', 'SEO難易度', '競合性', '投稿ステータス', '投稿日', '', '投稿ID', '', 'メモ', '', '使用サブKW', '']
2026-04-19 00:20:56 [INFO] [fetch] [絞り込みKW] メインKW: 12322件（vol≥30 or N/A）  サブKW: 15133件（vol<30）  テーマ外除外: 2035件
2026-04-19 00:20:56 [DEBUG] [group_pool] グループ数: 12230件 → pool: 50件
2026-04-19 00:20:56 [DEBUG] [dup_check] OK: 「職場体験新聞 見出し」
2026-04-19 00:20:56 [INFO] [dup_check] 完了: 選定=1件 / 除外=0件 (pool=50件, 要求=1件)
2026-04-19 00:20:56 [INFO] [select] 1件選定 (要求=1件)
2026-04-19 00:20:56 [INFO] [select]   1. 「職場体験新聞 見出し」 vol=50 seo=24 comp=N/A
2026-04-19 00:20:56 [INFO] [hataraku] LONGTAIL選定: 1件
2026-04-19 00:20:56 [INFO] [hataraku] 候補: 12322件 / 選定: 1件 / 生成予定: 1件
2026-04-19 00:20:56 [INFO] [api_guard] 本日の使用量: $1.8345 / ¥275 (33回呼び出し)
2026-04-19 00:20:56 [INFO] ────────────────────────────────────────────────────────────
2026-04-19 00:20:56 [INFO] [hataraku] [1/1] [LONGTAIL] 「職場体験新聞 見出し」 vol=50
2026-04-19 00:20:56 [INFO] ────────────────────────────────────────────────────────────
2026-04-19 00:20:56 [INFO] [generate] 生成開始: 「職場体験新聞 見出し」(vol:50) fact_check=True target_length=6,000字
2026-04-19 00:23:18 [INFO] [generate] 完了: 「職場体験新聞の見出し例・書き方10選！中学生向け構成テンプレートも紹介」
2026-04-19 00:23:27 [INFO] [post] 画像生成完了: 45,704 bytes
2026-04-19 00:24:15 [INFO] [post] WP投稿完了: ID=348 → https://hataraku-navi.com/wp-admin/post.php?post=348&action=edit
2026-04-19 00:24:15 [INFO] [hataraku] [1/1] ✅ 完了: 「職場体験新聞の見出し例・書き方10選！中学生向け構成テンプレートも紹介」
2026-04-19 00:24:15 [INFO] [hataraku] 完了: 成功=1件 / 重複スキップ=0件 / 失敗=0件 / 合計=1件
2026-04-19 00:24:15 [INFO] 
============================================================
2026-04-19 00:24:15 [INFO] 【全体サマリー】
2026-04-19 00:24:15 [INFO]   ブログ数  : 1件
2026-04-19 00:24:15 [INFO]   生成件数  : 1件成功 / 0件失敗 / 計1件
2026-04-19 00:24:15 [INFO]   所要時間  : 204.3秒
2026-04-19 00:24:15 [INFO]   ✅ [hataraku] 職場体験新聞 見出し → 職場体験新聞の見出し例・書き方10選！中学生向け構成テンプレートも紹介
2026-04-19 00:24:15 [INFO]        https://hataraku-navi.com/wp-admin/post.php?post=348&action=edit
2026-04-19 00:24:15 [INFO] ============================================================
2026-04-19 00:38:30 [INFO] [test] テストモード: 1記事生成
2026-04-19 00:38:30 [INFO] ============================================================
2026-04-19 00:38:30 [INFO] generate_lite.py 開始  dry_run=False
2026-04-19 00:38:30 [INFO] ============================================================
2026-04-19 00:38:30 [INFO] 対象ブログ: ['hataraku']
2026-04-19 00:38:30 [INFO] 
════════════════════════════════════════════════════════════
2026-04-19 00:38:30 [INFO] === はた楽ナビ (hataraku-navi.com) 処理開始 ===
2026-04-19 00:38:30 [INFO] ════════════════════════════════════════════════════════════
2026-04-19 00:38:30 [INFO]   genre            : 転職・副業・キャリア
2026-04-19 00:38:30 [INFO]   fact_check       : True
2026-04-19 00:38:30 [INFO]   article_type_mix : True
2026-04-19 00:38:30 [INFO]   stop_words       : ['おすすめ', '比較', '2026', 'ランキング']
2026-04-19 00:38:30 [INFO]   article_count    : 1  dry_run: False
2026-04-19 00:38:31 [INFO] [wp] 記事取得: 計21件 (draft=4 / publish=17)
2026-04-19 00:38:31 [INFO] [hataraku] 記事タイプ配分: {'longtail': 1, 'trend': 0, 'monetize': 0}  (weights={'longtail': 0.5, 'trend': 0.3, 'monetize': 0.2})
2026-04-19 00:38:34 [DEBUG] [fetch] シート「絞り込みKW」: 34164行 / ヘッダー: ['キーワード', '月間検索数', 'SEO難易度', '競合性', '投稿ステータス', '投稿日', '', '投稿ID', '', 'メモ', '', '使用サブKW', '']
2026-04-19 00:38:34 [INFO] [fetch] [絞り込みKW] メインKW: 12321件（vol≥30 or N/A）  サブKW: 15133件（vol<30）  テーマ外除外: 2035件
2026-04-19 00:38:34 [DEBUG] [group_pool] グループ数: 12229件 → pool: 50件
2026-04-19 00:38:34 [DEBUG] [dup_check] OK: 「職場 の 教養 8 月」
2026-04-19 00:38:34 [INFO] [dup_check] 完了: 選定=1件 / 除外=0件 (pool=50件, 要求=1件)
2026-04-19 00:38:34 [INFO] [select] 1件選定 (要求=1件)
2026-04-19 00:38:34 [INFO] [select]   1. 「職場 の 教養 8 月」 vol=30 seo=26 comp=N/A
2026-04-19 00:38:34 [INFO] [hataraku] LONGTAIL選定: 1件
2026-04-19 00:38:34 [INFO] [hataraku] 候補: 12321件 / 選定: 1件 / 生成予定: 1件
2026-04-19 00:38:34 [INFO] [api_guard] 本日の使用量: $2.0001 / ¥300 (36回呼び出し)
2026-04-19 00:38:34 [INFO] ────────────────────────────────────────────────────────────
2026-04-19 00:38:34 [INFO] [hataraku] [1/1] [LONGTAIL] 「職場 の 教養 8 月」 vol=30
2026-04-19 00:38:34 [INFO] ────────────────────────────────────────────────────────────
2026-04-19 00:38:34 [INFO] [generate] 生成開始: 「職場 の 教養 8 月」(vol:30) fact_check=True target_length=6,000字  サブKW:9件
2026-04-19 00:40:53 [INFO] [generate] 完了: 「職場の教養8月号の内容・テーマを徹底解説！活用法と感想まとめ」
2026-04-19 00:41:02 [INFO] [post] 画像生成完了: 115,295 bytes
2026-04-19 00:41:18 [INFO] [post] WP投稿完了: ID=350 → https://hataraku-navi.com/wp-admin/post.php?post=350&action=edit
2026-04-19 00:41:18 [INFO] [hataraku] [1/1] ✅ 完了: 「職場の教養8月号の内容・テーマを徹底解説！活用法と感想まとめ」
2026-04-19 00:41:18 [INFO] [hataraku] 完了: 成功=1件 / 重複スキップ=0件 / 失敗=0件 / 合計=1件
2026-04-19 00:41:18 [INFO] 
============================================================
2026-04-19 00:41:18 [INFO] 【全体サマリー】
2026-04-19 00:41:18 [INFO]   ブログ数  : 1件
2026-04-19 00:41:18 [INFO]   生成件数  : 1件成功 / 0件失敗 / 計1件
2026-04-19 00:41:18 [INFO]   所要時間  : 167.3秒
2026-04-19 00:41:18 [INFO]   ✅ [hataraku] 職場 の 教養 8 月 → 職場の教養8月号の内容・テーマを徹底解説！活用法と感想まとめ
2026-04-19 00:41:18 [INFO]        https://hataraku-navi.com/wp-admin/post.php?post=350&action=edit
2026-04-19 00:41:18 [INFO] ============================================================
2026-04-19 01:15:35 [INFO] [test] テストモード: 1記事生成
2026-04-19 01:15:35 [INFO] ============================================================
2026-04-19 01:15:35 [INFO] generate_lite.py 開始  dry_run=False
2026-04-19 01:15:35 [INFO] ============================================================
2026-04-19 01:15:35 [INFO] 対象ブログ: ['hataraku']
2026-04-19 01:15:35 [INFO] 
════════════════════════════════════════════════════════════
2026-04-19 01:15:35 [INFO] === はた楽ナビ (hataraku-navi.com) 処理開始 ===
2026-04-19 01:15:35 [INFO] ════════════════════════════════════════════════════════════
2026-04-19 01:15:35 [INFO]   genre            : 転職・副業・キャリア
2026-04-19 01:15:35 [INFO]   fact_check       : True
2026-04-19 01:15:35 [INFO]   article_type_mix : True
2026-04-19 01:15:35 [INFO]   stop_words       : ['おすすめ', '比較', '2026', 'ランキング']
2026-04-19 01:15:35 [INFO]   article_count    : 1  dry_run: False
2026-04-19 01:15:36 [INFO] [wp] 記事取得: 計20件 (draft=3 / publish=17)
2026-04-19 01:15:36 [INFO] [hataraku] 記事タイプ配分: {'longtail': 1, 'trend': 0, 'monetize': 0}  (weights={'longtail': 0.5, 'trend': 0.3, 'monetize': 0.2})
2026-04-19 01:15:40 [DEBUG] [fetch] シート「絞り込みKW」: 34164行 / ヘッダー: ['キーワード', '月間検索数', 'SEO難易度', '競合性', '投稿ステータス', '投稿日', '', '投稿ID', '', 'メモ', '', '使用サブKW', '']
2026-04-19 01:15:40 [INFO] [fetch] [絞り込みKW] メインKW: 12320件（vol≥30 or N/A）  サブKW: 15133件（vol<30）  テーマ外除外: 2035件
2026-04-19 01:15:40 [DEBUG] [group_pool] グループ数: 12228件 → pool: 50件
2026-04-19 01:15:40 [DEBUG] [dup_check] OK: 「仕事 20代 女性」
2026-04-19 01:15:40 [INFO] [dup_check] 完了: 選定=1件 / 除外=0件 (pool=50件, 要求=1件)
2026-04-19 01:15:40 [INFO] [select] 1件選定 (要求=1件)
2026-04-19 01:15:40 [INFO] [select]   1. 「仕事 20代 女性」 vol=70 seo=N/A comp=56
2026-04-19 01:15:40 [INFO] [hataraku] LONGTAIL選定: 1件
2026-04-19 01:15:40 [INFO] [hataraku] 候補: 12320件 / 選定: 1件 / 生成予定: 1件
2026-04-19 01:15:40 [INFO] [api_guard] 本日の使用量: $2.1599 / ¥324 (39回呼び出し)
2026-04-19 01:15:40 [INFO] ────────────────────────────────────────────────────────────
2026-04-19 01:15:40 [INFO] [hataraku] [1/1] [LONGTAIL] 「仕事 20代 女性」 vol=70
2026-04-19 01:15:40 [INFO] ────────────────────────────────────────────────────────────
2026-04-19 01:15:40 [INFO] [generate] 生成開始: 「仕事 20代 女性」(vol:70) fact_check=True target_length=6,000字
2026-04-19 01:18:11 [INFO] [generate] 完了: 「仕事と20代女性のリアルな悩み解決ガイド｜キャリア・転職・両立まで」
2026-04-19 01:18:21 [INFO] [post] 画像生成完了: 63,898 bytes
2026-04-19 01:18:35 [INFO] [post] WP投稿完了: ID=354 → https://hataraku-navi.com/wp-admin/post.php?post=354&action=edit
2026-04-19 01:18:35 [INFO] [hataraku] [1/1] ✅ 完了: 「仕事と20代女性のリアルな悩み解決ガイド｜キャリア・転職・両立まで」
2026-04-19 01:18:35 [INFO] [hataraku] 完了: 成功=1件 / 重複スキップ=0件 / 失敗=0件 / 合計=1件
2026-04-19 01:18:35 [INFO] 
============================================================
2026-04-19 01:18:35 [INFO] 【全体サマリー】
2026-04-19 01:18:35 [INFO]   ブログ数  : 1件
2026-04-19 01:18:35 [INFO]   生成件数  : 1件成功 / 0件失敗 / 計1件
2026-04-19 01:18:35 [INFO]   所要時間  : 180.4秒
2026-04-19 01:18:35 [INFO]   ✅ [hataraku] 仕事 20代 女性 → 仕事と20代女性のリアルな悩み解決ガイド｜キャリア・転職・両立まで
2026-04-19 01:18:35 [INFO]        https://hataraku-navi.com/wp-admin/post.php?post=354&action=edit
2026-04-19 01:18:35 [INFO] ============================================================
2026-04-19 01:19:59 [INFO] [test] テストモード: 1記事生成
2026-04-19 01:19:59 [INFO] ============================================================
2026-04-19 01:19:59 [INFO] generate_lite.py 開始  dry_run=False
2026-04-19 01:19:59 [INFO] ============================================================
2026-04-19 01:19:59 [INFO] 対象ブログ: ['hataraku']
2026-04-19 01:19:59 [INFO] 
════════════════════════════════════════════════════════════
2026-04-19 01:19:59 [INFO] === はた楽ナビ (hataraku-navi.com) 処理開始 ===
2026-04-19 01:19:59 [INFO] ════════════════════════════════════════════════════════════
2026-04-19 01:19:59 [INFO]   genre            : 転職・副業・キャリア
2026-04-19 01:19:59 [INFO]   fact_check       : True
2026-04-19 01:19:59 [INFO]   article_type_mix : True
2026-04-19 01:19:59 [INFO]   stop_words       : ['おすすめ', '比較', '2026', 'ランキング']
2026-04-19 01:19:59 [INFO]   article_count    : 1  dry_run: False
2026-04-19 01:19:59 [INFO] [wp] 記事取得: 計21件 (draft=4 / publish=17)
2026-04-19 01:19:59 [INFO] [hataraku] 記事タイプ配分: {'longtail': 1, 'trend': 0, 'monetize': 0}  (weights={'longtail': 0.5, 'trend': 0.3, 'monetize': 0.2})
2026-04-19 01:20:01 [DEBUG] [fetch] シート「絞り込みKW」: 34164行 / ヘッダー: ['キーワード', '月間検索数', 'SEO難易度', '競合性', '投稿ステータス', '投稿日', '', '投稿ID', '', 'メモ', '', '使用サブKW', '']
2026-04-19 01:20:02 [INFO] [fetch] [絞り込みKW] メインKW: 12319件（vol≥30 or N/A）  サブKW: 15133件（vol<30）  テーマ外除外: 2035件
2026-04-19 01:20:02 [DEBUG] [group_pool] グループ数: 12227件 → pool: 50件
2026-04-19 01:20:02 [DEBUG] [dup_check] OK: 「仕事 ストレス 解消」
2026-04-19 01:20:02 [INFO] [dup_check] 完了: 選定=1件 / 除外=0件 (pool=50件, 要求=1件)
2026-04-19 01:20:02 [INFO] [select] 1件選定 (要求=1件)
2026-04-19 01:20:02 [INFO] [select]   1. 「仕事 ストレス 解消」 vol=480 seo=42 comp=16
2026-04-19 01:20:02 [INFO] [hataraku] LONGTAIL選定: 1件
2026-04-19 01:20:02 [INFO] [hataraku] 候補: 12319件 / 選定: 1件 / 生成予定: 1件
2026-04-19 01:20:02 [INFO] [api_guard] 本日の使用量: $2.3244 / ¥349 (42回呼び出し)
2026-04-19 01:20:02 [INFO] ────────────────────────────────────────────────────────────
2026-04-19 01:20:02 [INFO] [hataraku] [1/1] [LONGTAIL] 「仕事 ストレス 解消」 vol=480
2026-04-19 01:20:02 [INFO] ────────────────────────────────────────────────────────────
2026-04-19 01:20:02 [INFO] [generate] 生成開始: 「仕事 ストレス 解消」(vol:480) fact_check=True target_length=6,000字  サブKW:3件
2026-04-19 01:23:04 [INFO] [generate] 完了: 「仕事のストレス解消法13選！すぐできる方法から休日の過ごし方まで」
2026-04-19 01:23:13 [INFO] [post] 画像生成完了: 41,517 bytes
2026-04-19 01:23:26 [INFO] [post] WP投稿完了: ID=356 → https://hataraku-navi.com/wp-admin/post.php?post=356&action=edit
2026-04-19 01:23:26 [INFO] [hataraku] [1/1] ✅ 完了: 「仕事のストレス解消法13選！すぐできる方法から休日の過ごし方まで」
2026-04-19 01:23:26 [INFO] [hataraku] 完了: 成功=1件 / 重複スキップ=0件 / 失敗=0件 / 合計=1件
2026-04-19 01:23:26 [INFO] 
============================================================
2026-04-19 01:23:26 [INFO] 【全体サマリー】
2026-04-19 01:23:26 [INFO]   ブログ数  : 1件
2026-04-19 01:23:26 [INFO]   生成件数  : 1件成功 / 0件失敗 / 計1件
2026-04-19 01:23:26 [INFO]   所要時間  : 207.8秒
2026-04-19 01:23:26 [INFO]   ✅ [hataraku] 仕事 ストレス 解消 → 仕事のストレス解消法13選！すぐできる方法から休日の過ごし方まで
2026-04-19 01:23:26 [INFO]        https://hataraku-navi.com/wp-admin/post.php?post=356&action=edit
2026-04-19 01:23:26 [INFO] ============================================================
2026-04-19 05:30:03 [INFO] ============================================================
2026-04-19 05:30:03 [INFO] generate_lite.py 開始  dry_run=False
2026-04-19 05:30:03 [INFO] ============================================================
2026-04-19 05:30:03 [INFO] 対象ブログ: ['hataraku']
2026-04-19 05:30:03 [INFO] 
════════════════════════════════════════════════════════════
2026-04-19 05:30:03 [INFO] === はた楽ナビ (hataraku-navi.com) 処理開始 ===
2026-04-19 05:30:03 [INFO] ════════════════════════════════════════════════════════════
2026-04-19 05:30:03 [INFO]   genre            : 転職・副業・キャリア
2026-04-19 05:30:03 [INFO]   fact_check       : True
2026-04-19 05:30:03 [INFO]   article_type_mix : True
2026-04-19 05:30:03 [INFO]   stop_words       : ['おすすめ', '比較', '2026', 'ランキング']
2026-04-19 05:30:03 [INFO]   article_count    : 1  dry_run: False
2026-04-19 05:30:05 [INFO] [wp] 記事取得: 計17件 (publish=17)
2026-04-19 05:30:05 [INFO] [hataraku] 記事タイプ配分: {'longtail': 1, 'trend': 0, 'monetize': 0}  (weights={'longtail': 0.5, 'trend': 0.3, 'monetize': 0.2})
2026-04-19 05:30:08 [DEBUG] [fetch] シート「絞り込みKW」: 34164行 / ヘッダー: ['キーワード', '月間検索数', 'SEO難易度', '競合性', '投稿ステータス', '投稿日', '', '投稿ID', '', 'メモ', '', '使用サブKW', '']
2026-04-19 05:30:08 [INFO] [fetch] [絞り込みKW] メインKW: 12318件（vol≥30 or N/A）  サブKW: 15133件（vol<30）  テーマ外除外: 2035件
2026-04-19 05:30:08 [DEBUG] [group_pool] グループ数: 12226件 → pool: 50件
2026-04-19 05:30:08 [DEBUG] [dup_check] OK: 「転職面接」
2026-04-19 05:30:08 [INFO] [dup_check] 完了: 選定=1件 / 除外=0件 (pool=50件, 要求=1件)
2026-04-19 05:30:08 [INFO] [select] 1件選定 (要求=1件)
2026-04-19 05:30:08 [INFO] [select]   1. 「転職面接」 vol=6,600 seo=42 comp=29
2026-04-19 05:30:08 [INFO] [hataraku] LONGTAIL選定: 1件
2026-04-19 05:30:08 [INFO] [hataraku] 候補: 12318件 / 選定: 1件 / 生成予定: 1件
2026-04-19 05:30:08 [INFO] [api_guard] 本日の使用量: $2.5064 / ¥376 (45回呼び出し)
2026-04-19 05:30:08 [INFO] ────────────────────────────────────────────────────────────
2026-04-19 05:30:08 [INFO] [hataraku] [1/1] [LONGTAIL] 「転職面接」 vol=6,600
2026-04-19 05:30:08 [INFO] ────────────────────────────────────────────────────────────
2026-04-19 05:30:08 [INFO] [generate] 生成開始: 「転職面接」(vol:6,600) fact_check=True target_length=6,000字  サブKW:10件
2026-04-19 05:32:23 [INFO] [generate] 完了: 「転職面接の完全対策ガイド｜頻出質問・服装・マナーを徹底解説」
2026-04-19 05:32:32 [INFO] [post] 画像生成完了: 41,327 bytes
2026-04-19 05:33:21 [INFO] [post] WP投稿完了: ID=383 → https://hataraku-navi.com/wp-admin/post.php?post=383&action=edit
2026-04-19 05:33:21 [INFO] [hataraku] [1/1] ✅ 完了: 「転職面接の完全対策ガイド｜頻出質問・服装・マナーを徹底解説」
2026-04-19 05:33:21 [INFO] [hataraku] 完了: 成功=1件 / 重複スキップ=0件 / 失敗=0件 / 合計=1件
2026-04-19 05:33:21 [INFO] 
============================================================
2026-04-19 05:33:21 [INFO] 【全体サマリー】
2026-04-19 05:33:21 [INFO]   ブログ数  : 1件
2026-04-19 05:33:21 [INFO]   生成件数  : 1件成功 / 0件失敗 / 計1件
2026-04-19 05:33:21 [INFO]   所要時間  : 198.0秒
2026-04-19 05:33:21 [INFO]   ✅ [hataraku] 転職面接 → 転職面接の完全対策ガイド｜頻出質問・服装・マナーを徹底解説
2026-04-19 05:33:21 [INFO]        https://hataraku-navi.com/wp-admin/post.php?post=383&action=edit
2026-04-19 05:33:21 [INFO] ============================================================
2026-04-19 10:02:06 [INFO] [test] テストモード: 1記事生成
2026-04-19 10:02:06 [INFO] ============================================================
2026-04-19 10:02:06 [INFO] generate_lite.py 開始  dry_run=False
2026-04-19 10:02:06 [INFO] ============================================================
2026-04-19 10:02:06 [INFO] 対象ブログ: ['hataraku']
2026-04-19 10:02:06 [INFO] 
════════════════════════════════════════════════════════════
2026-04-19 10:02:06 [INFO] === はた楽ナビ (hataraku-navi.com) 処理開始 ===
2026-04-19 10:02:06 [INFO] ════════════════════════════════════════════════════════════
2026-04-19 10:02:06 [INFO]   genre            : 転職・副業・キャリア
2026-04-19 10:02:06 [INFO]   fact_check       : True
2026-04-19 10:02:06 [INFO]   article_type_mix : True
2026-04-19 10:02:06 [INFO]   stop_words       : ['おすすめ', '比較', '2026', 'ランキング']
2026-04-19 10:02:06 [INFO]   article_count    : 1  dry_run: False
2026-04-19 10:02:09 [INFO] [wp] 記事取得: 計19件 (publish=19)
2026-04-19 10:02:09 [INFO] [hataraku] 記事タイプ配分: {'longtail': 1, 'trend': 0, 'monetize': 0}  (weights={'longtail': 0.5, 'trend': 0.3, 'monetize': 0.2})
2026-04-19 10:02:12 [DEBUG] [fetch] シート「絞り込みKW」: 34164行 / ヘッダー: ['キーワード', '月間検索数', 'SEO難易度', '競合性', '投稿ステータス', '投稿日', '', '投稿ID', '', 'メモ', '', '使用サブKW', '']
2026-04-19 10:02:12 [INFO] [fetch] [絞り込みKW] メインKW: 12317件（vol≥30 or N/A）  サブKW: 15133件（vol<30）  テーマ外除外: 2035件
2026-04-19 10:02:12 [DEBUG] [group_pool] グループ数: 12225件 → pool: 50件
2026-04-19 10:02:12 [DEBUG] [dup_check] OK: 「転職3回目 厳しい」
2026-04-19 10:02:12 [INFO] [dup_check] 完了: 選定=1件 / 除外=0件 (pool=50件, 要求=1件)
2026-04-19 10:02:12 [INFO] [select] 1件選定 (要求=1件)
2026-04-19 10:02:12 [INFO] [select]   1. 「転職3回目 厳しい」 vol=90 seo=30 comp=18
2026-04-19 10:02:12 [INFO] [hataraku] LONGTAIL選定: 1件
2026-04-19 10:02:12 [INFO] [hataraku] 候補: 12317件 / 選定: 1件 / 生成予定: 1件
2026-04-19 10:02:12 [INFO] [api_guard] 本日の使用量: $0.0000 / ¥0 (0回呼び出し)
2026-04-19 10:02:12 [INFO] ────────────────────────────────────────────────────────────
2026-04-19 10:02:12 [INFO] [hataraku] [1/1] [LONGTAIL] 「転職3回目 厳しい」 vol=90
2026-04-19 10:02:12 [INFO] ────────────────────────────────────────────────────────────
2026-04-19 10:02:12 [INFO] [generate] 生成開始: 「転職3回目 厳しい」(vol:90) fact_check=True target_length=6,000字
2026-04-19 10:04:44 [INFO] [generate] 完了: 「転職3回目は厳しい？不利な理由と採用される5つの成功ポイント」
2026-04-19 10:04:54 [INFO] [post] 画像生成完了: 82,927 bytes
2026-04-19 10:05:45 [INFO] [post] WP投稿完了: ID=389 → https://hataraku-navi.com/wp-admin/post.php?post=389&action=edit
2026-04-19 10:05:45 [INFO] [hataraku] [1/1] ✅ 完了: 「転職3回目は厳しい？不利な理由と採用される5つの成功ポイント」
2026-04-19 10:05:45 [INFO] [hataraku] 完了: 成功=1件 / 重複スキップ=0件 / 失敗=0件 / 合計=1件
2026-04-19 10:05:45 [INFO] 
============================================================
2026-04-19 10:05:45 [INFO] 【全体サマリー】
2026-04-19 10:05:45 [INFO]   ブログ数  : 1件
2026-04-19 10:05:45 [INFO]   生成件数  : 1件成功 / 0件失敗 / 計1件
2026-04-19 10:05:45 [INFO]   所要時間  : 219.5秒
2026-04-19 10:05:45 [INFO]   ✅ [hataraku] 転職3回目 厳しい → 転職3回目は厳しい？不利な理由と採用される5つの成功ポイント
2026-04-19 10:05:45 [INFO]        https://hataraku-navi.com/wp-admin/post.php?post=389&action=edit
2026-04-19 10:05:45 [INFO] ============================================================
2026-04-19 11:01:56 [INFO] [test] テストモード: 1記事生成
2026-04-19 11:01:56 [INFO] ============================================================
2026-04-19 11:01:56 [INFO] generate_lite.py 開始  dry_run=False
2026-04-19 11:01:56 [INFO] ============================================================
2026-04-19 11:01:56 [INFO] 対象ブログ: ['hataraku']
2026-04-19 11:01:56 [INFO] 
════════════════════════════════════════════════════════════
2026-04-19 11:01:56 [INFO] === はた楽ナビ (hataraku-navi.com) 処理開始 ===
2026-04-19 11:01:56 [INFO] ════════════════════════════════════════════════════════════
2026-04-19 11:01:56 [INFO]   genre            : 転職・副業・キャリア
2026-04-19 11:01:56 [INFO]   fact_check       : True
2026-04-19 11:01:56 [INFO]   article_type_mix : True
2026-04-19 11:01:56 [INFO]   stop_words       : ['おすすめ', '比較', '2026', 'ランキング']
2026-04-19 11:01:56 [INFO]   article_count    : 1  dry_run: False
2026-04-19 11:01:59 [INFO] [wp] 記事取得: 計20件 (draft=1 / publish=19)
2026-04-19 11:01:59 [INFO] [hataraku] 記事タイプ配分: {'longtail': 1, 'trend': 0, 'monetize': 0}  (weights={'longtail': 0.5, 'trend': 0.3, 'monetize': 0.2})
2026-04-19 11:02:02 [DEBUG] [fetch] シート「絞り込みKW」: 34164行 / ヘッダー: ['キーワード', '月間検索数', 'SEO難易度', '競合性', '投稿ステータス', '投稿日', '', '投稿ID', '', 'メモ', '', '使用サブKW', '']
2026-04-19 11:02:02 [INFO] [fetch] [絞り込みKW] メインKW: 12316件（vol≥30 or N/A）  サブKW: 15133件（vol<30）  テーマ外除外: 2035件
2026-04-19 11:02:02 [DEBUG] [group_pool] グループ数: 12224件 → pool: 50件
2026-04-19 11:02:02 [DEBUG] [dup_check] OK: 「職場香典」
2026-04-19 11:02:02 [INFO] [dup_check] 完了: 選定=1件 / 除外=0件 (pool=50件, 要求=1件)
2026-04-19 11:02:02 [INFO] [select] 1件選定 (要求=1件)
2026-04-19 11:02:02 [INFO] [select]   1. 「職場香典」 vol=1,300 seo=38 comp=37
2026-04-19 11:02:02 [INFO] [hataraku] LONGTAIL選定: 1件
2026-04-19 11:02:02 [INFO] [hataraku] 候補: 12316件 / 選定: 1件 / 生成予定: 1件
2026-04-19 11:02:02 [INFO] [api_guard] 本日の使用量: $0.1558 / ¥23 (3回呼び出し)
2026-04-19 11:02:02 [INFO] ────────────────────────────────────────────────────────────
2026-04-19 11:02:02 [INFO] [hataraku] [1/1] [LONGTAIL] 「職場香典」 vol=1,300
2026-04-19 11:02:02 [INFO] ────────────────────────────────────────────────────────────
2026-04-19 11:02:02 [INFO] [generate] 生成開始: 「職場香典」(vol:1,300) fact_check=True target_length=6,000字
2026-04-19 11:04:40 [INFO] [generate] 完了: 「職場香典の相場・書き方・マナーを完全解説！金額一覧から渡し方まで」
2026-04-19 11:04:49 [INFO] [post] 画像生成完了: 52,926 bytes
2026-04-19 11:05:34 [INFO] [post] WP投稿完了: ID=394 → https://hataraku-navi.com/wp-admin/post.php?post=394&action=edit
2026-04-19 11:05:34 [INFO] [hataraku] [1/1] ✅ 完了: 「職場香典の相場・書き方・マナーを完全解説！金額一覧から渡し方まで」
2026-04-19 11:05:34 [INFO] [hataraku] 完了: 成功=1件 / 重複スキップ=0件 / 失敗=0件 / 合計=1件
2026-04-19 11:05:34 [INFO] 
============================================================
2026-04-19 11:05:34 [INFO] 【全体サマリー】
2026-04-19 11:05:34 [INFO]   ブログ数  : 1件
2026-04-19 11:05:34 [INFO]   生成件数  : 1件成功 / 0件失敗 / 計1件
2026-04-19 11:05:34 [INFO]   所要時間  : 218.9秒
2026-04-19 11:05:34 [INFO]   ✅ [hataraku] 職場香典 → 職場香典の相場・書き方・マナーを完全解説！金額一覧から渡し方まで
2026-04-19 11:05:34 [INFO]        https://hataraku-navi.com/wp-admin/post.php?post=394&action=edit
2026-04-19 11:05:34 [INFO] ============================================================
2026-04-19 11:30:03 [INFO] ============================================================
2026-04-19 11:30:03 [INFO] generate_lite.py 開始  dry_run=False
2026-04-19 11:30:03 [INFO] ============================================================
2026-04-19 11:30:03 [INFO] 対象ブログ: ['hataraku']
2026-04-19 11:30:03 [INFO] 
════════════════════════════════════════════════════════════
2026-04-19 11:30:03 [INFO] === はた楽ナビ (hataraku-navi.com) 処理開始 ===
2026-04-19 11:30:03 [INFO] ════════════════════════════════════════════════════════════
2026-04-19 11:30:03 [INFO]   genre            : 転職・副業・キャリア
2026-04-19 11:30:03 [INFO]   fact_check       : True
2026-04-19 11:30:03 [INFO]   article_type_mix : True
2026-04-19 11:30:03 [INFO]   stop_words       : ['おすすめ', '比較', '2026', 'ランキング']
2026-04-19 11:30:03 [INFO]   article_count    : 1  dry_run: False
2026-04-19 11:30:08 [INFO] [wp] 記事取得: 計21件 (draft=2 / publish=19)
2026-04-19 11:30:08 [INFO] [hataraku] 記事タイプ配分: {'longtail': 1, 'trend': 0, 'monetize': 0}  (weights={'longtail': 0.5, 'trend': 0.3, 'monetize': 0.2})
2026-04-19 11:30:10 [DEBUG] [fetch] シート「絞り込みKW」: 34164行 / ヘッダー: ['キーワード', '月間検索数', 'SEO難易度', '競合性', '投稿ステータス', '投稿日', '', '投稿ID', '', 'メモ', '', '使用サブKW', '']
2026-04-19 11:30:11 [INFO] [fetch] [絞り込みKW] メインKW: 12316件（vol≥30 or N/A）  サブKW: 15133件（vol<30）  テーマ外除外: 2035件
2026-04-19 11:30:11 [DEBUG] [group_pool] グループ数: 12224件 → pool: 50件
2026-04-19 11:30:11 [DEBUG] [dup_check] OK: 「仕事 帰りたい 鬱」
2026-04-19 11:30:11 [INFO] [dup_check] 完了: 選定=1件 / 除外=0件 (pool=50件, 要求=1件)
2026-04-19 11:30:11 [INFO] [select] 1件選定 (要求=1件)
2026-04-19 11:30:11 [INFO] [select]   1. 「仕事 帰りたい 鬱」 vol=210 seo=29 comp=10
2026-04-19 11:30:11 [INFO] [hataraku] LONGTAIL選定: 1件
2026-04-19 11:30:11 [INFO] [hataraku] 候補: 12316件 / 選定: 1件 / 生成予定: 1件
2026-04-19 11:30:11 [INFO] [api_guard] 本日の使用量: $0.3176 / ¥48 (7回呼び出し)
2026-04-19 11:30:11 [INFO] ────────────────────────────────────────────────────────────
2026-04-19 11:30:11 [INFO] [hataraku] [1/1] [LONGTAIL] 「仕事 帰りたい 鬱」 vol=210
2026-04-19 11:30:11 [INFO] ────────────────────────────────────────────────────────────
2026-04-19 11:30:11 [INFO] [generate] 生成開始: 「仕事 帰りたい 鬱」(vol:210) fact_check=True target_length=6,000字
2026-04-19 11:32:44 [INFO] [generate] 完了: 「仕事帰りたい・鬱かも…毎日つらい人が知っておくべき対処法と回復のヒント」
2026-04-19 11:32:53 [INFO] [post] 画像生成完了: 35,241 bytes
2026-04-19 11:33:05 [INFO] [post] WP投稿完了: ID=396 → https://hataraku-navi.com/wp-admin/post.php?post=396&action=edit
2026-04-19 11:33:05 [INFO] [hataraku] [1/1] ✅ 完了: 「仕事帰りたい・鬱かも…毎日つらい人が知っておくべき対処法と回復のヒント」
2026-04-19 11:33:05 [INFO] [hataraku] 完了: 成功=1件 / 重複スキップ=0件 / 失敗=0件 / 合計=1件
2026-04-19 11:33:05 [INFO] 
============================================================
2026-04-19 11:33:05 [INFO] 【全体サマリー】
2026-04-19 11:33:05 [INFO]   ブログ数  : 1件
2026-04-19 11:33:05 [INFO]   生成件数  : 1件成功 / 0件失敗 / 計1件
2026-04-19 11:33:05 [INFO]   所要時間  : 181.7秒
2026-04-19 11:33:05 [INFO]   ✅ [hataraku] 仕事 帰りたい 鬱 → 仕事帰りたい・鬱かも…毎日つらい人が知っておくべき対処法と回復のヒント
2026-04-19 11:33:05 [INFO]        https://hataraku-navi.com/wp-admin/post.php?post=396&action=edit
2026-04-19 11:33:05 [INFO] ============================================================
2026-04-19 20:30:04 [INFO] ============================================================
2026-04-19 20:30:04 [INFO] generate_lite.py 開始  dry_run=False
2026-04-19 20:30:04 [INFO] ============================================================
2026-04-19 20:30:04 [INFO] 対象ブログ: ['hataraku']
2026-04-19 20:30:04 [INFO] 
════════════════════════════════════════════════════════════
2026-04-19 20:30:04 [INFO] === はた楽ナビ (hataraku-navi.com) 処理開始 ===
2026-04-19 20:30:04 [INFO] ════════════════════════════════════════════════════════════
2026-04-19 20:30:04 [INFO]   genre            : 転職・副業・キャリア
2026-04-19 20:30:04 [INFO]   fact_check       : True
2026-04-19 20:30:04 [INFO]   article_type_mix : True
2026-04-19 20:30:04 [INFO]   stop_words       : ['おすすめ', '比較', '2026', 'ランキング']
2026-04-19 20:30:04 [INFO]   article_count    : 1  dry_run: False
2026-04-19 20:30:07 [INFO] [wp] 記事取得: 計22件 (publish=22)
2026-04-19 20:30:07 [INFO] [hataraku] 記事タイプ配分: {'longtail': 1, 'trend': 0, 'monetize': 0}  (weights={'longtail': 0.5, 'trend': 0.3, 'monetize': 0.2})
2026-04-19 20:30:10 [DEBUG] [fetch] シート「絞り込みKW」: 34164行 / ヘッダー: ['キーワード', '月間検索数', 'SEO難易度', '競合性', '投稿ステータス', '投稿日', '', '投稿ID', '', 'メモ', '', '使用サブKW', '']
2026-04-19 20:30:10 [INFO] [fetch] [絞り込みKW] メインKW: 12316件（vol≥30 or N/A）  サブKW: 15133件（vol<30）  テーマ外除外: 2035件
2026-04-19 20:30:10 [DEBUG] [group_pool] グループ数: 12224件 → pool: 50件
2026-04-19 20:30:10 [DEBUG] [dup_check] OK: 「職場訓練校」
2026-04-19 20:30:10 [INFO] [dup_check] 完了: 選定=1件 / 除外=0件 (pool=50件, 要求=1件)
2026-04-19 20:30:10 [INFO] [select] 1件選定 (要求=1件)
2026-04-19 20:30:10 [INFO] [select]   1. 「職場訓練校」 vol=90 seo=47 comp=18
2026-04-19 20:30:10 [INFO] [hataraku] LONGTAIL選定: 1件
2026-04-19 20:30:10 [INFO] [hataraku] 候補: 12316件 / 選定: 1件 / 生成予定: 1件
2026-04-19 20:30:10 [INFO] [api_guard] 本日の使用量: $0.4928 / ¥74 (11回呼び出し)
2026-04-19 20:30:10 [INFO] ────────────────────────────────────────────────────────────
2026-04-19 20:30:10 [INFO] [hataraku] [1/1] [LONGTAIL] 「職場訓練校」 vol=90
2026-04-19 20:30:10 [INFO] ────────────────────────────────────────────────────────────
2026-04-19 20:30:10 [INFO] [generate] 生成開始: 「職場訓練校」(vol:90) fact_check=True target_length=6,000字  サブKW:1件
2026-04-19 20:32:35 [INFO] [generate] 完了: 「職場訓練校とは？料金・給付金・就職率まで徹底解説」
2026-04-19 20:32:44 [INFO] [post] 画像生成完了: 40,686 bytes
2026-04-19 20:33:30 [INFO] [post] WP投稿完了: ID=404 → https://hataraku-navi.com/wp-admin/post.php?post=404&action=edit
2026-04-19 20:33:30 [INFO] [hataraku] [1/1] ✅ 完了: 「職場訓練校とは？料金・給付金・就職率まで徹底解説」
2026-04-19 20:33:30 [INFO] [hataraku] 完了: 成功=1件 / 重複スキップ=0件 / 失敗=0件 / 合計=1件
2026-04-19 20:33:30 [INFO] 
============================================================
2026-04-19 20:33:30 [INFO] 【全体サマリー】
2026-04-19 20:33:30 [INFO]   ブログ数  : 1件
2026-04-19 20:33:30 [INFO]   生成件数  : 1件成功 / 0件失敗 / 計1件
2026-04-19 20:33:30 [INFO]   所要時間  : 206.6秒
2026-04-19 20:33:30 [INFO]   ✅ [hataraku] 職場訓練校 → 職場訓練校とは？料金・給付金・就職率まで徹底解説
2026-04-19 20:33:30 [INFO]        https://hataraku-navi.com/wp-admin/post.php?post=404&action=edit
2026-04-19 20:33:30 [INFO] ============================================================
2026-04-19 20:37:01 [INFO] [test] テストモード: 1記事生成
2026-04-19 20:37:01 [INFO] ============================================================
2026-04-19 20:37:01 [INFO] generate_lite.py 開始  dry_run=False
2026-04-19 20:37:01 [INFO] ============================================================
2026-04-19 20:37:01 [INFO] 対象ブログ: ['hataraku']
2026-04-19 20:37:01 [INFO] 
════════════════════════════════════════════════════════════
2026-04-19 20:37:01 [INFO] === はた楽ナビ (hataraku-navi.com) 処理開始 ===
2026-04-19 20:37:01 [INFO] ════════════════════════════════════════════════════════════
2026-04-19 20:37:01 [INFO]   genre            : 転職・副業・キャリア
2026-04-19 20:37:01 [INFO]   fact_check       : True
2026-04-19 20:37:01 [INFO]   article_type_mix : True
2026-04-19 20:37:01 [INFO]   stop_words       : ['おすすめ', '比較', '2026', 'ランキング']
2026-04-19 20:37:01 [INFO]   article_count    : 1  dry_run: False
2026-04-19 20:37:04 [INFO] [wp] 記事取得: 計23件 (draft=1 / publish=22)
2026-04-19 20:37:04 [INFO] [hataraku] 記事タイプ配分: {'longtail': 1, 'trend': 0, 'monetize': 0}  (weights={'longtail': 0.5, 'trend': 0.3, 'monetize': 0.2})
2026-04-19 20:38:57 [INFO] [test] テストモード: 1記事生成
2026-04-19 20:38:57 [INFO] ============================================================
2026-04-19 20:38:57 [INFO] generate_lite.py 開始  dry_run=False
2026-04-19 20:38:57 [INFO] ============================================================
2026-04-19 20:38:57 [INFO] 対象ブログ: ['hataraku']
2026-04-19 20:38:57 [INFO] 
════════════════════════════════════════════════════════════
2026-04-19 20:38:57 [INFO] === はた楽ナビ (hataraku-navi.com) 処理開始 ===
2026-04-19 20:38:57 [INFO] ════════════════════════════════════════════════════════════
2026-04-19 20:38:57 [INFO]   genre            : 転職・副業・キャリア
2026-04-19 20:38:57 [INFO]   fact_check       : True
2026-04-19 20:38:57 [INFO]   article_type_mix : True
2026-04-19 20:38:57 [INFO]   stop_words       : ['おすすめ', '比較', '2026', 'ランキング']
2026-04-19 20:38:57 [INFO]   article_count    : 1  dry_run: False
2026-04-19 20:39:00 [INFO] [wp] 記事取得: 計23件 (draft=1 / publish=22)
2026-04-19 20:39:00 [INFO] [hataraku] 記事タイプ配分: {'longtail': 1, 'trend': 0, 'monetize': 0}  (weights={'longtail': 0.5, 'trend': 0.3, 'monetize': 0.2})
2026-04-19 20:39:01 [DEBUG] [fetch] シート「絞り込みKW」: 3999行 / ヘッダー: ['キーワード', 'SEO難易度', '月間検索数', 'CPC（$）', '競合性', 'キーワード', 'allintitle', 'intitle', 'Q&Aサイト', '', '無料ブログ', '', 'TikTok', '', 'Instagram', '', 'エックス', '', 'Facebook', '', 'aim', '投稿ステータス', '投稿日', '記事URL', '投稿ID', '使用サブKW', 'メモ']
2026-04-19 20:39:01 [INFO] [fetch] [キーワード] メインKW: 2253件（vol≥30 or N/A）  サブKW: 412件（vol<30）  テーマ外除外: 1032件  aim内訳: [aim:1060]
2026-04-19 20:39:01 [DEBUG] [group_pool] グループ数: 1610件 → pool: 50件
2026-04-19 20:39:01 [INFO] [dup_check] 優先候補: 580件 {'aim': 580} を先頭評価
2026-04-19 20:39:01 [DEBUG] [dup_check] OK: 「転職面接 服装 女性 50代 ユニクロ」
2026-04-19 20:39:01 [INFO] [dup_check] 完了: 選定=1件 / 除外=0件 (pool=630件, 要求=1件)
2026-04-19 20:39:01 [INFO] [select] 1件選定 (要求=1件)
2026-04-19 20:39:01 [INFO] [select]   1. 「転職面接 服装 女性 50代 ユニクロ」 vol=880 seo=34 comp=54
2026-04-19 20:39:01 [INFO] [hataraku] LONGTAIL選定: 1件
2026-04-19 20:39:01 [INFO] [hataraku] 候補: 2253件 / 選定: 1件 / 生成予定: 1件
2026-04-19 20:39:01 [INFO] [api_guard] 本日の使用量: $0.6509 / ¥98 (14回呼び出し)
2026-04-19 20:39:01 [INFO] ────────────────────────────────────────────────────────────
2026-04-19 20:39:01 [INFO] [hataraku] [1/1] [LONGTAIL] 「転職面接 服装 女性 50代 ユニクロ」 vol=880 ★AIM
2026-04-19 20:39:01 [INFO] ────────────────────────────────────────────────────────────
2026-04-19 20:39:01 [INFO] [generate] 生成開始: 「転職面接 服装 女性 50代 ユニクロ」(vol:880) fact_check=True target_length=6,000字
2026-04-19 20:41:35 [INFO] [generate] 完了: 「転職面接の服装女性50代ユニクロで好印象！色・靴・髪型まで完全ガイド」
2026-04-19 20:41:46 [INFO] [post] 画像生成完了: 56,716 bytes
2026-04-19 20:42:25 [INFO] [post] WP投稿完了: ID=408 → https://hataraku-navi.com/wp-admin/post.php?post=408&action=edit
2026-04-19 20:42:25 [INFO] [hataraku] [1/1] ✅ 完了: 「転職面接の服装女性50代ユニクロで好印象！色・靴・髪型まで完全ガイド」
2026-04-19 20:42:25 [INFO] [hataraku] 完了: 成功=1件 / 重複スキップ=0件 / 失敗=0件 / 合計=1件
2026-04-19 20:42:25 [INFO] 
============================================================
2026-04-19 20:42:25 [INFO] 【全体サマリー】
2026-04-19 20:42:25 [INFO]   ブログ数  : 1件
2026-04-19 20:42:25 [INFO]   生成件数  : 1件成功 / 0件失敗 / 計1件
2026-04-19 20:42:25 [INFO]   所要時間  : 208.0秒
2026-04-19 20:42:25 [INFO]   ✅ [hataraku] 転職面接 服装 女性 50代 ユニクロ → 転職面接の服装女性50代ユニクロで好印象！色・靴・髪型まで完全ガイド
2026-04-19 20:42:25 [INFO]        https://hataraku-navi.com/wp-admin/post.php?post=408&action=edit
2026-04-19 20:42:25 [INFO] ============================================================
2026-04-19 21:05:26 [INFO] [test] テストモード: 1記事生成
2026-04-19 21:05:26 [INFO] ============================================================
2026-04-19 21:05:26 [INFO] generate_lite.py 開始  dry_run=False
2026-04-19 21:05:26 [INFO] ============================================================
2026-04-19 21:05:26 [INFO] 対象ブログ: ['hataraku']
2026-04-19 21:05:26 [INFO] 
════════════════════════════════════════════════════════════
2026-04-19 21:05:26 [INFO] === はた楽ナビ (hataraku-navi.com) 処理開始 ===
2026-04-19 21:05:26 [INFO] ════════════════════════════════════════════════════════════
2026-04-19 21:05:26 [INFO]   genre            : 転職・副業・キャリア
2026-04-19 21:05:26 [INFO]   fact_check       : True
2026-04-19 21:05:26 [INFO]   article_type_mix : True
2026-04-19 21:05:26 [INFO]   stop_words       : ['おすすめ', '比較', '2026', 'ランキング']
2026-04-19 21:05:26 [INFO]   article_count    : 1  dry_run: False
2026-04-19 21:05:29 [INFO] [wp] 記事取得: 計24件 (draft=2 / publish=22)
2026-04-19 21:05:29 [INFO] [hataraku] 記事タイプ配分: {'longtail': 1, 'trend': 0, 'monetize': 0}  (weights={'longtail': 0.5, 'trend': 0.3, 'monetize': 0.2})
2026-04-19 21:05:31 [DEBUG] [fetch] シート「絞り込みKW」: 3999行 / ヘッダー: ['キーワード', 'SEO難易度', '月間検索数', 'CPC（$）', '競合性', 'キーワード', 'allintitle', 'intitle', 'Q&Aサイト', '', '無料ブログ', '', 'TikTok', '', 'Instagram', '', 'エックス', '', 'Facebook', '', 'aim', '投稿ステータス', '投稿日', '記事URL', '投稿ID', '使用サブKW', 'メモ']
2026-04-19 21:05:31 [INFO] [fetch] [キーワード] メインKW: 2252件（vol≥30 or N/A）  サブKW: 412件（vol<30）  テーマ外除外: 1032件  aim内訳: [aim:1059]
2026-04-19 21:05:31 [DEBUG] [group_pool] グループ数: 1610件 → pool: 50件
2026-04-19 21:05:31 [INFO] [dup_check] 優先候補: 579件 {'aim': 579} を先頭評価
2026-04-19 21:05:31 [DEBUG] [dup_check] OK: 「転職 面接 服装 女性 50代 ユニクロ」
2026-04-19 21:05:31 [INFO] [dup_check] 完了: 選定=1件 / 除外=0件 (pool=629件, 要求=1件)
2026-04-19 21:05:31 [INFO] [select] 1件選定 (要求=1件)
2026-04-19 21:05:31 [INFO] [select]   1. 「転職 面接 服装 女性 50代 ユニクロ」 vol=880 seo=34 comp=54
2026-04-19 21:05:31 [INFO] [hataraku] LONGTAIL選定: 1件
2026-04-19 21:05:31 [INFO] [hataraku] 候補: 2252件 / 選定: 1件 / 生成予定: 1件
2026-04-19 21:05:31 [INFO] [api_guard] 本日の使用量: $0.8238 / ¥124 (17回呼び出し)
2026-04-19 21:05:31 [INFO] ────────────────────────────────────────────────────────────
2026-04-19 21:05:31 [INFO] [hataraku] [1/1] [LONGTAIL] 「転職 面接 服装 女性 50代 ユニクロ」 vol=880 ★AIM
2026-04-19 21:05:31 [INFO] ────────────────────────────────────────────────────────────
2026-04-19 21:05:31 [INFO] [generate] 生成開始: 「転職 面接 服装 女性 50代 ユニクロ」(vol:880) fact_check=True target_length=6,000字
2026-04-19 21:07:51 [INFO] [generate] 完了: 「転職面接の服装 女性50代ユニクロで揃える！好印象を作るコーデ術」
2026-04-19 21:08:02 [INFO] [post] 画像生成完了: 69,473 bytes
2026-04-19 21:08:16 [INFO] [post] WP投稿完了: ID=411 → https://hataraku-navi.com/wp-admin/post.php?post=411&action=edit
2026-04-19 21:08:16 [INFO] [hataraku] [1/1] ✅ 完了: 「転職面接の服装 女性50代ユニクロで揃える！好印象を作るコーデ術」
2026-04-19 21:08:16 [INFO] [hataraku] 完了: 成功=1件 / 重複スキップ=0件 / 失敗=0件 / 合計=1件
2026-04-19 21:08:16 [INFO] 
============================================================
2026-04-19 21:08:16 [INFO] 【全体サマリー】
2026-04-19 21:08:16 [INFO]   ブログ数  : 1件
2026-04-19 21:08:16 [INFO]   生成件数  : 1件成功 / 0件失敗 / 計1件
2026-04-19 21:08:16 [INFO]   所要時間  : 170.1秒
2026-04-19 21:08:16 [INFO]   ✅ [hataraku] 転職 面接 服装 女性 50代 ユニクロ → 転職面接の服装 女性50代ユニクロで揃える！好印象を作るコーデ術
2026-04-19 21:08:16 [INFO]        https://hataraku-navi.com/wp-admin/post.php?post=411&action=edit
2026-04-19 21:08:16 [INFO] ============================================================
