2026-05-08 03:00:04 [INFO] ============================================================
2026-05-08 03:00:04 [INFO] generate_lite.py 開始  dry_run=False
2026-05-08 03:00:04 [INFO] ============================================================
2026-05-08 03:00:07 [INFO] [registry] ブログ管理シートから 7 件取得: ['hataraku', 'workup-ai', 'ys-trend', 'kaerudoko', 'hapipo8', 'hida-no-omoide', 'web-study1']
2026-05-08 03:00:07 [INFO] 対象ブログ: ['hataraku', 'workup-ai', 'ys-trend', 'kaerudoko', 'hapipo8', 'hida-no-omoide', 'web-study1']
2026-05-08 03:00:08 [INFO] 
════════════════════════════════════════════════════════════
2026-05-08 03:00:08 [INFO] === はた楽ナビ (hataraku-navi.com) 処理開始 ===
2026-05-08 03:00:08 [INFO] ════════════════════════════════════════════════════════════
2026-05-08 03:00:08 [INFO] [kanikabari] 開始: はた楽ナビ / シート「キーワード」
2026-05-08 03:00:11 [INFO] [kanikabari] 未判定AIMキーワード: 0件
2026-05-08 03:00:11 [INFO] [kanikabari] 処理対象なし。終了します。
2026-05-08 03:00:11 [INFO] 
════════════════════════════════════════════════════════════
2026-05-08 03:00:11 [INFO] === AIVice (workup-ai.com) 処理開始 ===
2026-05-08 03:00:11 [INFO] ════════════════════════════════════════════════════════════
2026-05-08 03:00:11 [INFO] [kanikabari] 開始: AIVice / シート「キーワード」
2026-05-08 03:00:20 [INFO] [kanikabari] 未判定AIMキーワード: 0件
2026-05-08 03:00:20 [INFO] [kanikabari] 処理対象なし。終了します。
2026-05-08 03:00:20 [INFO] 
════════════════════════════════════════════════════════════
2026-05-08 03:00:20 [INFO] === ワイズトレンド (ys-trend.com) 処理開始 ===
2026-05-08 03:00:20 [INFO] ════════════════════════════════════════════════════════════
2026-05-08 03:00:20 [INFO] [kanikabari] 開始: ワイズトレンド / シート「キーワード」
2026-05-08 03:00:22 [INFO] [kanikabari] 未判定AIMキーワード: 0件
2026-05-08 03:00:22 [INFO] [kanikabari] 処理対象なし。終了します。
2026-05-08 03:00:22 [INFO] 
════════════════════════════════════════════════════════════
2026-05-08 03:00:22 [INFO] === どこで売ってるナビ (kaerudoko.com) 処理開始 ===
2026-05-08 03:00:22 [INFO] ════════════════════════════════════════════════════════════
2026-05-08 03:00:22 [INFO] [kanikabari] 開始: どこで売ってるナビ / シート「キーワード」
2026-05-08 03:00:24 [INFO] [kanikabari] 未判定AIMキーワード: 0件
2026-05-08 03:00:24 [INFO] [kanikabari] 処理対象なし。終了します。
2026-05-08 03:00:24 [INFO] 
════════════════════════════════════════════════════════════
2026-05-08 03:00:24 [INFO] === 気になることブログ (hapipo8.com) 処理開始 ===
2026-05-08 03:00:24 [INFO] ════════════════════════════════════════════════════════════
2026-05-08 03:00:24 [INFO] [kanikabari] 開始: 気になることブログ / シート「キーワード」
2026-05-08 03:00:27 [INFO] [kanikabari] 未判定AIMキーワード: 0件
2026-05-08 03:00:27 [INFO] [kanikabari] 処理対象なし。終了します。
2026-05-08 03:00:27 [INFO] 
════════════════════════════════════════════════════════════
2026-05-08 03:00:27 [INFO] === 飛騨の思い出 (hida-no-omoide.com) 処理開始 ===
2026-05-08 03:00:27 [INFO] ════════════════════════════════════════════════════════════
2026-05-08 03:00:27 [INFO] [kanikabari] 開始: 飛騨の思い出 / シート「キーワード」
2026-05-08 03:00:29 [INFO] [kanikabari] 未判定AIMキーワード: 0件
2026-05-08 03:00:29 [INFO] [kanikabari] 処理対象なし。終了します。
2026-05-08 03:00:29 [INFO] 
════════════════════════════════════════════════════════════
2026-05-08 03:00:29 [INFO] === オンライン学習ナビ (web-study1.com) 処理開始 ===
2026-05-08 03:00:29 [INFO] ════════════════════════════════════════════════════════════
2026-05-08 03:00:29 [INFO] [kanikabari] 開始: オンライン学習ナビ / シート「キーワード」
2026-05-08 03:00:31 [INFO] [kanikabari] 未判定AIMキーワード: 0件
2026-05-08 03:00:31 [INFO] [kanikabari] 処理対象なし。終了します。
2026-05-08 03:00:31 [INFO] 
============================================================
2026-05-08 03:00:31 [INFO] 【全体サマリー】
2026-05-08 03:00:31 [INFO]   ブログ数  : 7件
2026-05-08 03:00:31 [INFO]   生成件数  : 0件成功 / 0件失敗 / 計0件
2026-05-08 03:00:31 [INFO]   所要時間  : 26.9秒
2026-05-08 03:00:31 [INFO] ============================================================
