2026-04-18 05:30:02 [INFO] ============================================================
2026-04-18 05:30:02 [INFO] generate_lite.py 開始  dry_run=False
2026-04-18 05:30:02 [INFO] ============================================================
2026-04-18 05:30:02 [INFO] 対象ブログ: ['hataraku']
2026-04-18 05:30:02 [INFO] 
════════════════════════════════════════════════════════════
2026-04-18 05:30:02 [INFO] === はた楽ナビ (hataraku-navi.com) 処理開始 ===
2026-04-18 05:30:02 [INFO] ════════════════════════════════════════════════════════════
2026-04-18 05:30:02 [INFO]   genre            : 転職・副業・キャリア
2026-04-18 05:30:02 [INFO]   fact_check       : True
2026-04-18 05:30:02 [INFO]   article_type_mix : True
2026-04-18 05:30:02 [INFO]   stop_words       : ['おすすめ', '比較', '2026', 'ランキング']
2026-04-18 05:30:02 [INFO]   article_count    : 1  dry_run: False
2026-04-18 05:30:04 [INFO] [wp] 記事取得: 計6件 (draft=3 / publish=3)
2026-04-18 05:30:04 [INFO] [hataraku] 記事タイプ配分: {'longtail': 1, 'trend': 0, 'monetize': 0}  (weights={'longtail': 0.5, 'trend': 0.3, 'monetize': 0.2})
2026-04-18 05:30:08 [DEBUG] [fetch] シート「絞り込みKW」: 34164行 / ヘッダー: ['キーワード', '月間検索数', 'SEO難易度', '競合性']
2026-04-18 05:30:08 [INFO] [fetch] [絞り込みKW] メインKW: 12378件（vol≥30 or N/A）  サブKW: 15220件（vol<30）  テーマ外除外: 1992件
2026-04-18 05:30:09 [DEBUG] [group_pool] グループ数: 12284件 → pool: 50件
2026-04-18 05:30:09 [DEBUG] [dup_check] OK: 「仕事 理不尽 なんj」
2026-04-18 05:30:09 [INFO] [dup_check] 完了: 選定=1件 / 除外=0件 (pool=50件, 要求=1件)
2026-04-18 05:30:09 [INFO] [select] 1件選定 (要求=1件)
2026-04-18 05:30:09 [INFO] [select]   1. 「仕事 理不尽 なんj」 vol=30 seo=18 comp=N/A
2026-04-18 05:30:09 [INFO] [hataraku] LONGTAIL選定: 1件
2026-04-18 05:30:09 [INFO] [hataraku] 候補: 12378件 / 選定: 1件 / 生成予定: 1件
2026-04-18 05:30:09 [INFO] [api_guard] 本日の使用量: $0.4793 / ¥72 (9回呼び出し)
2026-04-18 05:30:09 [INFO] ────────────────────────────────────────────────────────────
2026-04-18 05:30:09 [INFO] [hataraku] [1/1] [LONGTAIL] 「仕事 理不尽 なんj」 vol=30
2026-04-18 05:30:09 [INFO] ────────────────────────────────────────────────────────────
2026-04-18 05:30:09 [INFO] [generate] 生成開始: 「仕事 理不尽 なんj」(vol:30) fact_check=True target_length=6,000字
2026-04-18 05:32:25 [INFO] [generate] 完了: 「仕事が理不尽すぎる…なんJでも話題の対処法と辞める決断の基準」
2026-04-18 05:32:35 [INFO] [post] 画像生成完了: 52,756 bytes
2026-04-18 05:33:13 [INFO] [post] WP投稿完了: ID=273 → https://hataraku-navi.com/wp-admin/post.php?post=273&action=edit
2026-04-18 05:33:13 [INFO] [hataraku] [1/1] ✅ 完了: 「仕事が理不尽すぎる…なんJでも話題の対処法と辞める決断の基準」
2026-04-18 05:33:13 [INFO] [hataraku] 完了: 成功=1件 / 重複スキップ=0件 / 失敗=0件 / 合計=1件
2026-04-18 05:33:13 [INFO] 
============================================================
2026-04-18 05:33:13 [INFO] 【全体サマリー】
2026-04-18 05:33:13 [INFO]   ブログ数  : 1件
2026-04-18 05:33:13 [INFO]   生成件数  : 1件成功 / 0件失敗 / 計1件
2026-04-18 05:33:13 [INFO]   所要時間  : 190.1秒
2026-04-18 05:33:13 [INFO]   ✅ [hataraku] 仕事 理不尽 なんj → 仕事が理不尽すぎる…なんJでも話題の対処法と辞める決断の基準
2026-04-18 05:33:13 [INFO]        https://hataraku-navi.com/wp-admin/post.php?post=273&action=edit
2026-04-18 05:33:13 [INFO] ============================================================
