2026-04-26 04:50:03 [INFO] ============================================================
2026-04-26 04:50:03 [INFO] generate_lite.py 開始  dry_run=False
2026-04-26 04:50:03 [INFO] ============================================================
2026-04-26 04:50:03 [INFO] 対象ブログ: ['hataraku']
2026-04-26 04:50:05 [INFO] 
════════════════════════════════════════════════════════════
2026-04-26 04:50:05 [INFO] === はた楽ナビ (hataraku-navi.com) 処理開始 ===
2026-04-26 04:50:05 [INFO] ════════════════════════════════════════════════════════════
2026-04-26 04:50:05 [INFO]   genre            : 転職・副業・キャリア
2026-04-26 04:50:05 [INFO]   fact_check       : True
2026-04-26 04:50:05 [INFO]   article_type_mix : True
2026-04-26 04:50:05 [INFO]   stop_words       : ['おすすめ', '比較', '2026', 'ランキング']
2026-04-26 04:50:05 [INFO]   article_count    : 1  dry_run: False
2026-04-26 04:50:06 [WARNING] [hataraku] WP記事取得失敗（重複チェックなしで続行）: HTTPSConnectionPool(host='hataraku-navi.com', port=443): Max retries exceeded with url: /wp-json/wp/v2/posts?status=publish%2Cdraft%2Cprivate&_fields=id%2Ctitle%2Cdate%2Cslug%2Cstatus&per_page=100&page=1 (Caused by NameResolutionError("HTTPSConnection(host='hataraku-navi.com', port=443): Failed to resolve 'hataraku-navi.com' ([Errno 8] nodename nor servname provided, or not known)"))
2026-04-26 04:50:06 [INFO] [hataraku] 記事タイプ配分: {'longtail': 1, 'trend': 0, 'monetize': 0}  (weights={'longtail': 0.5, 'trend': 0.3, 'monetize': 0.2})
2026-04-26 04:50:07 [DEBUG] [fetch] シート「絞り込みKW」: 1084行 / ヘッダー: ['キーワード', 'SEO難易度', '月間検索数', 'CPC（$）', '競合性', 'キーワード', 'allintitle', 'intitle', 'Q&Aサイト', '', '無料ブログ', '', 'TikTok', '', 'Instagram', '', 'エックス', '', 'Facebook', '', 'aim', '投稿ステータス', '投稿日', '記事URL', '投稿ID', '使用サブKW', 'メモ', '', '', '', '', '', '', '', '', '', '', '', '', '', '', '', '', '', '']
2026-04-26 04:50:07 [INFO] [fetch] [キーワード] メインKW: 450件（vol≥30 or N/A）  サブKW: 99件（vol<30）  テーマ外除外: 394件  aim内訳: [aim:844]
2026-04-26 04:50:07 [INFO] [select] 1件選定 (要求=1件)
2026-04-26 04:50:07 [INFO] [select]   1. 「転職 失敗 人生 終わり 40 代」 vol=260 seo=34 comp=13
2026-04-26 04:50:07 [INFO] [hataraku] LONGTAIL選定: 1件
2026-04-26 04:50:07 [INFO] [hataraku] 候補: 450件 / 選定: 1件 / 生成予定: 1件
2026-04-26 04:50:07 [INFO] [api_guard] 本日の使用量: $0.0000 / ¥0 (0回呼び出し)
2026-04-26 04:50:07 [INFO] ────────────────────────────────────────────────────────────
2026-04-26 04:50:07 [INFO] [hataraku] [1/1] [LONGTAIL] 「転職 失敗 人生 終わり 40 代」 vol=260 ★AIM
2026-04-26 04:50:07 [INFO] ────────────────────────────────────────────────────────────
2026-04-26 04:50:07 [INFO] [generate] 生成開始: 「転職 失敗 人生 終わり 40 代」(vol:260) fact_check=True target_length=6,000字  誘導リンク:0件
2026-04-26 04:50:07 [ERROR] [hataraku] [1/1] ❌ エラー（続行）: generate_article() got an unexpected keyword argument 'article_type'
2026-04-26 04:50:07 [INFO] [hataraku] 完了: 成功=0件 / 重複スキップ=0件 / 失敗=1件 / 合計=1件
2026-04-26 04:50:07 [INFO] 
============================================================
2026-04-26 04:50:07 [INFO] 【全体サマリー】
2026-04-26 04:50:07 [INFO]   ブログ数  : 1件
2026-04-26 04:50:07 [INFO]   生成件数  : 0件成功 / 1件失敗 / 計1件
2026-04-26 04:50:07 [INFO]   所要時間  : 4.7秒
2026-04-26 04:50:07 [INFO]   ❌ [hataraku] 転職 失敗 人生 終わり 40 代 → (生成失敗)
2026-04-26 04:50:07 [INFO] ============================================================
2026-04-26 09:18:39 [INFO] ============================================================
2026-04-26 09:18:39 [INFO] generate_lite.py 開始  dry_run=True
2026-04-26 09:18:39 [INFO] ============================================================
2026-04-26 09:18:39 [INFO] 対象ブログ: ['hataraku']
2026-04-26 09:18:41 [INFO] 
════════════════════════════════════════════════════════════
2026-04-26 09:18:41 [INFO] === はた楽ナビ (hataraku-navi.com) 処理開始 ===
2026-04-26 09:18:41 [INFO] ════════════════════════════════════════════════════════════
2026-04-26 09:18:41 [INFO]   genre            : 転職・副業・キャリア
2026-04-26 09:18:41 [INFO]   fact_check       : True
2026-04-26 09:18:41 [INFO]   article_type_mix : True
2026-04-26 09:18:41 [INFO]   stop_words       : ['おすすめ', '比較', '2026', 'ランキング']
2026-04-26 09:18:41 [INFO]   article_count    : 1  dry_run: True
2026-04-26 09:18:43 [WARNING] [hataraku] WP記事取得失敗（重複チェックなしで続行）: HTTPSConnectionPool(host='hataraku-navi.com', port=443): Max retries exceeded with url: /wp-json/wp/v2/posts?status=publish%2Cdraft%2Cprivate&_fields=id%2Ctitle%2Cdate%2Cslug%2Cstatus&per_page=100&page=1 (Caused by NameResolutionError("HTTPSConnection(host='hataraku-navi.com', port=443): Failed to resolve 'hataraku-navi.com' ([Errno 8] nodename nor servname provided, or not known)"))
2026-04-26 09:18:43 [INFO] [hataraku] 記事タイプ配分: {'longtail': 1, 'trend': 0, 'monetize': 0}  (weights={'longtail': 0.5, 'trend': 0.3, 'monetize': 0.2})
2026-04-26 09:19:03 [INFO] ============================================================
2026-04-26 09:19:03 [INFO] generate_lite.py 開始  dry_run=True
2026-04-26 09:19:03 [INFO] ============================================================
2026-04-26 09:19:03 [INFO] 対象ブログ: ['hataraku']
2026-04-26 09:19:05 [INFO] 
════════════════════════════════════════════════════════════
2026-04-26 09:19:05 [INFO] === はた楽ナビ (hataraku-navi.com) 処理開始 ===
2026-04-26 09:19:05 [INFO] ════════════════════════════════════════════════════════════
2026-04-26 09:19:05 [INFO]   genre            : 転職・副業・キャリア
2026-04-26 09:19:05 [INFO]   fact_check       : True
2026-04-26 09:19:05 [INFO]   article_type_mix : True
2026-04-26 09:19:05 [INFO]   stop_words       : ['おすすめ', '比較', '2026', 'ランキング']
2026-04-26 09:19:05 [INFO]   article_count    : 1  dry_run: True
2026-04-26 09:19:06 [WARNING] [hataraku] WP記事取得失敗（重複チェックなしで続行）: HTTPSConnectionPool(host='hataraku-navi.com', port=443): Max retries exceeded with url: /wp-json/wp/v2/posts?status=publish%2Cdraft%2Cprivate&_fields=id%2Ctitle%2Cdate%2Cslug%2Cstatus&per_page=100&page=1 (Caused by NameResolutionError("HTTPSConnection(host='hataraku-navi.com', port=443): Failed to resolve 'hataraku-navi.com' ([Errno 8] nodename nor servname provided, or not known)"))
2026-04-26 09:19:06 [INFO] [hataraku] 記事タイプ配分: {'longtail': 1, 'trend': 0, 'monetize': 0}  (weights={'longtail': 0.5, 'trend': 0.3, 'monetize': 0.2})
2026-04-26 09:20:14 [INFO] ============================================================
2026-04-26 09:20:14 [INFO] generate_lite.py 開始  dry_run=True
2026-04-26 09:20:14 [INFO] ============================================================
2026-04-26 09:20:14 [INFO] 対象ブログ: ['hataraku']
2026-04-26 09:20:15 [INFO] 
════════════════════════════════════════════════════════════
2026-04-26 09:20:15 [INFO] === はた楽ナビ (hataraku-navi.com) 処理開始 ===
2026-04-26 09:20:15 [INFO] ════════════════════════════════════════════════════════════
2026-04-26 09:20:15 [INFO]   genre            : 転職・副業・キャリア
2026-04-26 09:20:15 [INFO]   fact_check       : True
2026-04-26 09:20:15 [INFO]   article_type_mix : True
2026-04-26 09:20:15 [INFO]   stop_words       : ['おすすめ', '比較', '2026', 'ランキング']
2026-04-26 09:20:15 [INFO]   article_count    : 1  dry_run: True
2026-04-26 09:20:16 [WARNING] [hataraku] WP記事取得失敗（重複チェックなしで続行）: HTTPSConnectionPool(host='hataraku-navi.com', port=443): Max retries exceeded with url: /wp-json/wp/v2/posts?status=publish%2Cdraft%2Cprivate&_fields=id%2Ctitle%2Cdate%2Cslug%2Cstatus&per_page=100&page=1 (Caused by NameResolutionError("HTTPSConnection(host='hataraku-navi.com', port=443): Failed to resolve 'hataraku-navi.com' ([Errno 8] nodename nor servname provided, or not known)"))
2026-04-26 09:20:16 [INFO] [hataraku] 記事タイプ配分: {'longtail': 1, 'trend': 0, 'monetize': 0}  (weights={'longtail': 0.5, 'trend': 0.3, 'monetize': 0.2})
2026-04-26 09:20:17 [DEBUG] [fetch] シート「絞り込みKW」: 15行 / ヘッダー: ['キーワード', '親KW', 'サブKW', '判定', '統合先KW', 'AIM', 'ステータス', 'メモ', '投稿日', 'URL', 'ID', '', '', '', '']
2026-04-26 09:20:17 [INFO] [fetch] サブKW紐付け: 1件 → 1記事に統合
2026-04-26 09:20:17 [INFO] [fetch] [テストキーワード] メインKW: 9件（vol≥30 or N/A）  サブKW除外: 1件（統合対象）  aim内訳: [aim:9]
2026-04-26 09:20:17 [INFO] [select] 1件選定 (要求=1件)
2026-04-26 09:20:17 [INFO] [select]   1. 「ラボル 口コミ」 vol=0 seo=N/A comp=N/A
2026-04-26 09:20:17 [INFO] [hataraku] LONGTAIL選定: 1件
2026-04-26 09:20:17 [INFO] [hataraku] 候補: 9件 / 選定: 1件 / 生成予定: 1件
2026-04-26 09:20:17 [INFO] [api_guard] 本日の使用量: $0.0000 / ¥0 (0回呼び出し)
2026-04-26 09:20:17 [INFO] ────────────────────────────────────────────────────────────
2026-04-26 09:20:17 [INFO] [hataraku] [1/1] [LONGTAIL] 「ラボル 口コミ」 vol=0 ★AIM
2026-04-26 09:20:17 [INFO] ────────────────────────────────────────────────────────────
2026-04-26 09:20:17 [INFO] [generate] 生成開始: 「ラボル 口コミ」(vol:0) fact_check=True target_length=6,000字  誘導リンク:0件
2026-04-26 09:20:17 [ERROR] [hataraku] [1/1] ❌ エラー（続行）: generate_article() got an unexpected keyword argument 'article_type'
2026-04-26 09:20:17 [INFO] [hataraku] 完了: 成功=0件 / 重複スキップ=0件 / 失敗=1件 / 合計=1件
2026-04-26 09:20:17 [INFO] 
============================================================
2026-04-26 09:20:17 [INFO] 【全体サマリー】
2026-04-26 09:20:17 [INFO]   ブログ数  : 1件
2026-04-26 09:20:17 [INFO]   生成件数  : 0件成功 / 1件失敗 / 計1件
2026-04-26 09:20:17 [INFO]   所要時間  : 3.1秒
2026-04-26 09:20:17 [INFO]   ❌ [hataraku] ラボル 口コミ → (生成失敗)
2026-04-26 09:20:17 [INFO] ============================================================
2026-04-26 09:20:57 [INFO] ============================================================
2026-04-26 09:20:57 [INFO] generate_lite.py 開始  dry_run=True
2026-04-26 09:20:57 [INFO] ============================================================
2026-04-26 09:20:57 [INFO] 対象ブログ: ['hataraku']
2026-04-26 09:20:58 [INFO] 
════════════════════════════════════════════════════════════
2026-04-26 09:20:58 [INFO] === はた楽ナビ (hataraku-navi.com) 処理開始 ===
2026-04-26 09:20:58 [INFO] ════════════════════════════════════════════════════════════
2026-04-26 09:20:58 [INFO]   genre            : 転職・副業・キャリア
2026-04-26 09:20:58 [INFO]   fact_check       : True
2026-04-26 09:20:58 [INFO]   article_type_mix : True
2026-04-26 09:20:58 [INFO]   stop_words       : ['おすすめ', '比較', '2026', 'ランキング']
2026-04-26 09:20:58 [INFO]   article_count    : 1  dry_run: True
2026-04-26 09:20:59 [WARNING] [hataraku] WP記事取得失敗（重複チェックなしで続行）: HTTPSConnectionPool(host='hataraku-navi.com', port=443): Max retries exceeded with url: /wp-json/wp/v2/posts?status=publish%2Cdraft%2Cprivate&_fields=id%2Ctitle%2Cdate%2Cslug%2Cstatus&per_page=100&page=1 (Caused by NameResolutionError("HTTPSConnection(host='hataraku-navi.com', port=443): Failed to resolve 'hataraku-navi.com' ([Errno 8] nodename nor servname provided, or not known)"))
2026-04-26 09:20:59 [INFO] [hataraku] 記事タイプ配分: {'longtail': 1, 'trend': 0, 'monetize': 0}  (weights={'longtail': 0.5, 'trend': 0.3, 'monetize': 0.2})
2026-04-26 09:21:00 [DEBUG] [fetch] シート「絞り込みKW」: 15行 / ヘッダー: ['キーワード', '親KW', 'サブKW', '判定', '統合先KW', 'AIM', 'ステータス', 'メモ', '投稿日', 'URL', 'ID', '', '', '', '']
2026-04-26 09:21:00 [INFO] [fetch] サブKW紐付け: 1件 → 1記事に統合
2026-04-26 09:21:00 [INFO] [fetch] [テストキーワード] メインKW: 9件（vol≥30 or N/A）  サブKW除外: 1件（統合対象）  aim内訳: [aim:9]
2026-04-26 09:21:00 [INFO] [select] 1件選定 (要求=1件)
2026-04-26 09:21:00 [INFO] [select]   1. 「FREENANCE 評判」 vol=0 seo=N/A comp=N/A
2026-04-26 09:21:00 [INFO] [hataraku] LONGTAIL選定: 1件
2026-04-26 09:21:00 [INFO] [hataraku] 候補: 9件 / 選定: 1件 / 生成予定: 1件
2026-04-26 09:21:00 [INFO] [api_guard] 本日の使用量: $0.0000 / ¥0 (0回呼び出し)
2026-04-26 09:21:00 [INFO] ────────────────────────────────────────────────────────────
2026-04-26 09:21:00 [INFO] [hataraku] [1/1] [LONGTAIL] 「FREENANCE 評判」 vol=0 ★AIM
2026-04-26 09:21:00 [INFO] ────────────────────────────────────────────────────────────
2026-04-26 09:21:00 [INFO] [generate] 生成開始: 「FREENANCE 評判」(vol:0) fact_check=True target_length=6,000字  誘導リンク:0件
2026-04-26 09:22:17 [INFO] ============================================================
2026-04-26 09:22:17 [INFO] generate_lite.py 開始  dry_run=True
2026-04-26 09:22:17 [INFO] ============================================================
2026-04-26 09:22:17 [INFO] 対象ブログ: ['hataraku']
2026-04-26 09:22:19 [INFO] 
════════════════════════════════════════════════════════════
2026-04-26 09:22:19 [INFO] === はた楽ナビ (hataraku-navi.com) 処理開始 ===
2026-04-26 09:22:19 [INFO] ════════════════════════════════════════════════════════════
2026-04-26 09:22:19 [INFO]   genre            : 転職・副業・キャリア
2026-04-26 09:22:19 [INFO]   fact_check       : True
2026-04-26 09:22:19 [INFO]   article_type_mix : True
2026-04-26 09:22:19 [INFO]   stop_words       : ['おすすめ', '比較', '2026', 'ランキング']
2026-04-26 09:22:19 [INFO]   article_count    : 1  dry_run: True
2026-04-26 09:22:20 [WARNING] [hataraku] WP記事取得失敗（重複チェックなしで続行）: HTTPSConnectionPool(host='hataraku-navi.com', port=443): Max retries exceeded with url: /wp-json/wp/v2/posts?status=publish%2Cdraft%2Cprivate&_fields=id%2Ctitle%2Cdate%2Cslug%2Cstatus&per_page=100&page=1 (Caused by NameResolutionError("HTTPSConnection(host='hataraku-navi.com', port=443): Failed to resolve 'hataraku-navi.com' ([Errno 8] nodename nor servname provided, or not known)"))
2026-04-26 09:22:20 [INFO] [hataraku] 記事タイプ配分: {'longtail': 1, 'trend': 0, 'monetize': 0}  (weights={'longtail': 0.5, 'trend': 0.3, 'monetize': 0.2})
2026-04-26 09:22:21 [DEBUG] [fetch] シート「絞り込みKW」: 15行 / ヘッダー: ['キーワード', '親KW', 'サブKW', '判定', '統合先KW', 'AIM', 'ステータス', 'メモ', '投稿日', 'URL', 'ID', '', '', '', '']
2026-04-26 09:22:21 [INFO] [fetch] サブKW紐付け: 1件 → 1記事に統合
2026-04-26 09:22:21 [INFO] [fetch] [テストキーワード] メインKW: 9件（vol≥30 or N/A）  サブKW除外: 1件（統合対象）  aim内訳: [aim:9]
2026-04-26 09:22:21 [INFO] [select] 1件選定 (要求=1件)
2026-04-26 09:22:21 [INFO] [select]   1. 「仕事 できない人 特徴」 vol=0 seo=N/A comp=N/A
2026-04-26 09:22:21 [INFO] [hataraku] LONGTAIL選定: 1件
2026-04-26 09:22:21 [INFO] [hataraku] 候補: 9件 / 選定: 1件 / 生成予定: 1件
2026-04-26 09:22:21 [INFO] [api_guard] 本日の使用量: $0.0026 / ¥0 (2回呼び出し)
2026-04-26 09:22:21 [INFO] ────────────────────────────────────────────────────────────
2026-04-26 09:22:21 [INFO] [hataraku] [1/1] [LONGTAIL] 「仕事 できない人 特徴」 vol=0 ★AIM
2026-04-26 09:22:21 [INFO] ────────────────────────────────────────────────────────────
2026-04-26 09:22:21 [INFO] [generate] 生成開始: 「仕事 できない人 特徴」(vol:0) fact_check=True target_length=6,000字  誘導リンク:0件
2026-04-26 09:23:47 [INFO] [generate] 完了: 「FREENANCE（フリーナンス）の評判は？手数料・審査・メリットデメリットを徹底解説」
2026-04-26 09:23:47 [INFO] [post] DRY-RUN スキップ: 「FREENANCE（フリーナンス）の評判は？手数料・審査・メリットデメリットを徹底解説」
2026-04-26 09:23:47 [INFO] [hataraku] [1/1] ✅ 完了: 「FREENANCE（フリーナンス）の評判は？手数料・審査・メリットデメリットを徹底解説」
2026-04-26 09:23:47 [INFO] [hataraku] 完了: 成功=1件 / 重複スキップ=0件 / 失敗=0件 / 合計=1件
2026-04-26 09:23:47 [INFO] 
============================================================
2026-04-26 09:23:47 [INFO] 【全体サマリー】
2026-04-26 09:23:47 [INFO]   ブログ数  : 1件
2026-04-26 09:23:47 [INFO]   生成件数  : 1件成功 / 0件失敗 / 計1件
2026-04-26 09:23:47 [INFO]   所要時間  : 169.9秒
2026-04-26 09:23:47 [INFO]   ✅ [hataraku] FREENANCE 評判 → FREENANCE（フリーナンス）の評判は？手数料・審査・メリットデメリットを徹底解説
2026-04-26 09:23:47 [INFO] ============================================================
2026-04-26 09:24:50 [INFO] ============================================================
2026-04-26 09:24:50 [INFO] generate_lite.py 開始  dry_run=False
2026-04-26 09:24:50 [INFO] ============================================================
2026-04-26 09:24:50 [INFO] 対象ブログ: ['hataraku']
2026-04-26 09:24:51 [INFO] 
════════════════════════════════════════════════════════════
2026-04-26 09:24:51 [INFO] === はた楽ナビ (hataraku-navi.com) 処理開始 ===
2026-04-26 09:24:51 [INFO] ════════════════════════════════════════════════════════════
2026-04-26 09:24:51 [INFO]   genre            : 転職・副業・キャリア
2026-04-26 09:24:51 [INFO]   fact_check       : True
2026-04-26 09:24:51 [INFO]   article_type_mix : True
2026-04-26 09:24:51 [INFO]   stop_words       : ['おすすめ', '比較', '2026', 'ランキング']
2026-04-26 09:24:51 [INFO]   article_count    : 1  dry_run: False
2026-04-26 09:24:53 [WARNING] [hataraku] WP記事取得失敗（重複チェックなしで続行）: HTTPSConnectionPool(host='hataraku-navi.com', port=443): Max retries exceeded with url: /wp-json/wp/v2/posts?status=publish%2Cdraft%2Cprivate&_fields=id%2Ctitle%2Cdate%2Cslug%2Cstatus&per_page=100&page=1 (Caused by NameResolutionError("HTTPSConnection(host='hataraku-navi.com', port=443): Failed to resolve 'hataraku-navi.com' ([Errno 8] nodename nor servname provided, or not known)"))
2026-04-26 09:24:53 [INFO] [hataraku] 記事タイプ配分: {'longtail': 1, 'trend': 0, 'monetize': 0}  (weights={'longtail': 0.5, 'trend': 0.3, 'monetize': 0.2})
2026-04-26 09:24:54 [DEBUG] [fetch] シート「絞り込みKW」: 15行 / ヘッダー: ['キーワード', '親KW', 'サブKW', '判定', '統合先KW', 'AIM', 'ステータス', 'メモ', '投稿日', 'URL', 'ID', '', '', '', '']
2026-04-26 09:24:54 [INFO] [fetch] サブKW紐付け: 1件 → 1記事に統合
2026-04-26 09:24:54 [INFO] [fetch] [テストキーワード] メインKW: 9件（vol≥30 or N/A）  サブKW除外: 1件（統合対象）  aim内訳: [aim:9]
2026-04-26 09:24:54 [INFO] [select] 1件選定 (要求=1件)
2026-04-26 09:24:54 [INFO] [select]   1. 「ウズウズIT 評判」 vol=0 seo=N/A comp=N/A
2026-04-26 09:24:54 [INFO] [hataraku] LONGTAIL選定: 1件
2026-04-26 09:24:54 [INFO] [hataraku] 候補: 9件 / 選定: 1件 / 生成予定: 1件
2026-04-26 09:24:54 [INFO] [api_guard] 本日の使用量: $0.1684 / ¥25 (5回呼び出し)
2026-04-26 09:24:54 [INFO] ────────────────────────────────────────────────────────────
2026-04-26 09:24:54 [INFO] [hataraku] [1/1] [LONGTAIL] 「ウズウズIT 評判」 vol=0 ★AIM
2026-04-26 09:24:54 [INFO] ────────────────────────────────────────────────────────────
2026-04-26 09:24:54 [INFO] [generate] 生成開始: 「ウズウズIT 評判」(vol:0) fact_check=True target_length=6,000字  誘導リンク:0件
2026-04-26 09:24:56 [INFO] [generate] 完了: 「仕事できない人の特徴10選！原因と改善方法を徹底解説」
2026-04-26 09:24:56 [INFO] [post] DRY-RUN スキップ: 「仕事できない人の特徴10選！原因と改善方法を徹底解説」
2026-04-26 09:24:56 [INFO] [hataraku] [1/1] ✅ 完了: 「仕事できない人の特徴10選！原因と改善方法を徹底解説」
2026-04-26 09:24:56 [INFO] [hataraku] 完了: 成功=1件 / 重複スキップ=0件 / 失敗=0件 / 合計=1件
2026-04-26 09:24:56 [INFO] 
============================================================
2026-04-26 09:24:56 [INFO] 【全体サマリー】
2026-04-26 09:24:56 [INFO]   ブログ数  : 1件
2026-04-26 09:24:56 [INFO]   生成件数  : 1件成功 / 0件失敗 / 計1件
2026-04-26 09:24:56 [INFO]   所要時間  : 158.9秒
2026-04-26 09:24:56 [INFO]   ✅ [hataraku] 仕事 できない人 特徴 → 仕事できない人の特徴10選！原因と改善方法を徹底解説
2026-04-26 09:24:56 [INFO] ============================================================
2026-04-26 09:27:50 [INFO] [generate] 完了: 「ウズウズIT評判は本当に悪い？口コミ・料金・就職率をまとめて解説」
2026-04-26 09:27:50 [INFO] [post] 投稿方式: publish
2026-04-26 09:27:50 [WARNING] [post] 画像生成スキップ（続行）: generate_image_for_article() got an unexpected keyword argument 'article_type'
2026-04-26 09:27:50 [ERROR] [hataraku] [1/1] ❌ エラー（続行）: HTTPSConnectionPool(host='hataraku-navi.com', port=443): Max retries exceeded with url: /wp-json/wp/v2/categories?per_page=100 (Caused by NameResolutionError("HTTPSConnection(host='hataraku-navi.com', port=443): Failed to resolve 'hataraku-navi.com' ([Errno 8] nodename nor servname provided, or not known)"))
2026-04-26 09:27:50 [INFO] [hataraku] 完了: 成功=0件 / 重複スキップ=0件 / 失敗=1件 / 合計=1件
2026-04-26 09:27:50 [INFO] 
============================================================
2026-04-26 09:27:50 [INFO] 【全体サマリー】
2026-04-26 09:27:50 [INFO]   ブログ数  : 1件
2026-04-26 09:27:50 [INFO]   生成件数  : 0件成功 / 1件失敗 / 計1件
2026-04-26 09:27:50 [INFO]   所要時間  : 180.6秒
2026-04-26 09:27:50 [INFO]   ❌ [hataraku] ウズウズIT 評判 → (生成失敗)
2026-04-26 09:27:50 [INFO] ============================================================
2026-04-26 11:16:18 [INFO] ============================================================
2026-04-26 11:16:18 [INFO] generate_lite.py 開始  dry_run=False
2026-04-26 11:16:18 [INFO] ============================================================
2026-04-26 11:16:18 [INFO] 対象ブログ: ['ys-trend']
2026-04-26 11:16:20 [INFO] 
════════════════════════════════════════════════════════════
2026-04-26 11:16:20 [INFO] === ワイズトレンド (ys-trend.com) 処理開始 ===
2026-04-26 11:16:20 [INFO] ════════════════════════════════════════════════════════════
2026-04-26 11:16:20 [INFO] [kanikabari] 開始: ワイズトレンド / シート「キーワード」
2026-04-26 11:16:21 [INFO] [kanikabari] 未判定AIMキーワード: 491件
2026-04-26 11:16:21 [INFO] [kanikabari] クラスタリング結果: 102クラスター
2026-04-26 11:16:21 [INFO]   親KW: 「呉海軍工廠 亀ヶ首試射場跡」[base='呉海軍工廠 亀ヶ首試射場跡']  サブKW: 「呉海軍工廠 現在」(Jaccard=0.36)  「呉海軍工廠 地図」(Jaccard=0.36)  「呉海軍工廠とは」(Jaccard=0.29)
2026-04-26 11:16:21 [INFO]   親KW: 「fx 比較」[base='fx']  サブKW: 「fx スプレッド 比較」(ベースKW部分一致('fx'↔'fx スプレッド'))  [要確認] 「fx戦士くるみちゃん なんj」(ベースKW部分一致('fx'↔'fx戦士くるみちゃん なんj') ※Jaccard=0.06/共有=0語)  [要確認] 「fx 確定申告 etax」(ベースKW部分一致('fx'↔'fx 確定申告') ※Jaccard=0.15/共有=1語)  「fx メキシコペソ」(ベースKW部分一致('fx'↔'fx メキシコペソ'))  「fx ボーナス」(ベースKW部分一致('fx'↔'fx ボーナス'))  [要確認] 「fx 取引時間 sbi」(ベースKW部分一致('fx'↔'fx 取引時間') ※Jaccard=0.17/共有=1語)  [要確認] 「fx 税金 いつ払う」(ベースKW部分一致('fx'↔'fx 税金') ※Jaccard=0.18/共有=1語)  「fx 出来高」(ベースKW部分一致('fx'↔'fx 出来高'))  [要確認] 「fx ボリンジャーバンド」(ベースKW部分一致('fx'↔'fx ボリンジャーバンド') ※Jaccard=0.15/共有=1語)  「fx パソコン」(ベースKW部分一致('fx'↔'fx パソコン'))  [要確認] 「fx 土曜日 何時まで」(ベースKW部分一致('fx'↔'fx 土曜日') ※Jaccard=0.17/共有=1語)  [要確認] 「fx 月曜 何時から」(ベースKW部分一致('fx'↔'fx 月曜') ※Jaccard=0.18/共有=1語)  [要確認] 「fx 夏時間 いつから」(ベースKW部分一致('fx'↔'fx 夏時間') ※Jaccard=0.17/共有=1語)  「fx なんの略」(ベースKW部分一致('fx'↔'fx なんの略'))  [要確認] 「fx 決済の方法 確定申告」(ベースKW部分一致('fx'↔'fx 決済の方法') ※Jaccard=0.14/共有=1語)  [要確認] 「fx 確定申告 決済の方法」(ベースKW部分一致('fx'↔'fx 確定申告') ※Jaccard=0.14/共有=1語)  [要確認] 「fx 確定申告 e-tax 入力方法」(ベースKW部分一致('fx'↔'fx 確定申告') ※Jaccard=0.11/共有=1語)  [要確認] 「fx 何時から何時まで」(ベースKW部分一致('fx'↔'fx 何時から何時まで') ※Jaccard=0.18/共有=1語)  「fx 何の略」(ベースKW部分一致('fx'↔'fx 何の略'))  「fx fvgとは」(ベースKW部分一致('fx'↔'fx fvgとは'))  [要確認] 「fxtf mt4 ダウンロード」(ベースKW部分一致('fx'↔'fxtf mt4') ※Jaccard=0.06/共有=0語)  [要確認] 「fx マイナス 確定申告」(ベースKW部分一致('fx'↔'fx マイナス') ※Jaccard=0.15/共有=1語)  [要確認] 「fx 10万円 適正ロット」(ベースKW部分一致('fx'↔'fx 10万円') ※Jaccard=0.14/共有=1語)  [要確認] 「fx戦士くるみちゃん 完結」(ベースKW部分一致('fx'↔'fx戦士くるみちゃん 完結') ※Jaccard=0.07/共有=0語)  [要確認] 「fx 税金 高すぎる」(ベースKW部分一致('fx'↔'fx 税金') ※Jaccard=0.18/共有=1語)  [要確認] 「fx 月曜日 開始時間」(ベースKW部分一致('fx'↔'fx 月曜日') ※Jaccard=0.17/共有=1語)  [要確認] 「fx デイトレ手法 プロもうなる」(ベースKW部分一致('fx'↔'fx デイトレ手法') ※Jaccard=0.12/共有=1語)  「fx ware」(ベースKW部分一致('fx'↔'fx ware'))  [要確認] 「fx 4時間足 確定時間」(ベースKW部分一致('fx'↔'fx 4時間足') ※Jaccard=0.17/共有=1語)  [要確認] 「fxgt mt5」(ベースKW部分一致('fx'↔'fxgt mt5') ※Jaccard=0.10/共有=0語)  「fx 板情報 無料」(ベースKW部分一致('fx'↔'fx 板情報'))  「fx 動く時間」(ベースKW部分一致('fx'↔'fx 動く時間'))  「fx 何所得」(ベースKW部分一致('fx'↔'fx 何所得'))  「fx 医療用語」(ベースKW部分一致('fx'↔'fx 医療用語'))  [要確認] 「fx やめとけ 知恵袋」(ベースKW部分一致('fx'↔'fx やめとけ') ※Jaccard=0.17/共有=1語)  [要確認] 「fx戦士くるみちゃん アニメ いつから」(ベースKW部分一致('fx'↔'fx戦士くるみちゃん アニメ') ※Jaccard=0.05/共有=0語)  [要確認] 「fxとは 音楽」(ベースKW部分一致('fx'↔'fxとは 音楽') ※Jaccard=0.11/共有=0語)  「fx 破産 体験談」(ベースKW部分一致('fx'↔'fx 破産'))  [要確認] 「fx 税金 特定口座」(ベースKW部分一致('fx'↔'fx 税金') ※Jaccard=0.18/共有=1語)  「fx 雑誌」(ベースKW部分一致('fx'↔'fx 雑誌'))  [要確認] 「fx ユーチュー バー 本物」(ベースKW部分一致('fx'↔'fx ユーチュー') ※Jaccard=0.14/共有=1語)  [要確認] 「fx やればやるほど負ける」(ベースKW部分一致('fx'↔'fx やればやるほど負ける') ※Jaccard=0.14/共有=1語)  「fx ビックボス」(ベースKW部分一致('fx'↔'fx ビックボス'))  「fx ダマシとは」(ベースKW部分一致('fx'↔'fx ダマシとは'))  [要確認] 「fx サマータイム いつから」(ベースKW部分一致('fx'↔'fx サマータイム') ※Jaccard=0.13/共有=1語)  「fx グラフの見方」(ベースKW部分一致('fx'↔'fx グラフの見方'))  「fx 750 中古」(ベースKW部分一致('fx'↔'fx 750'))  [要確認] 「fx 20万 以下 住民税申告方法」(ベースKW部分一致('fx'↔'fx 20万') ※Jaccard=0.11/共有=1語)  [要確認] 「fx 1万円チャレンジ 嘘」(ベースKW部分一致('fx'↔'fx 1万円チャレンジ') ※Jaccard=0.14/共有=1語)  [要確認] 「fxとは 医療」(ベースKW部分一致('fx'↔'fxとは 医療') ※Jaccard=0.11/共有=0語)  「fx 戻り売りとは」(ベースKW部分一致('fx'↔'fx 戻り売りとは'))  「fx 枚数とは」(ベースKW部分一致('fx'↔'fx 枚数とは'))  「fx 源泉徴収あり」(ベースKW部分一致('fx'↔'fx 源泉徴収あり'))  [要確認] 「fx 月曜日 トレード しない」(ベースKW部分一致('fx'↔'fx 月曜日') ※Jaccard=0.12/共有=1語)  [要確認] 「fx 外貨預金 代わり デメリット」(ベースKW部分一致('fx'↔'fx 外貨預金') ※Jaccard=0.11/共有=1語)  「fx 雲とは」(ベースKW部分一致('fx'↔'fx 雲とは'))  [要確認] 「fx ワイルド キャット mk3」(ベースKW部分一致('fx'↔'fx ワイルド') ※Jaccard=0.12/共有=1語)  [要確認] 「fx ゴールド 予想 今日 ai」(ベースKW部分一致('fx'↔'fx ゴールド') ※Jaccard=0.12/共有=1語)  [要確認] 「fxとは 数学」(ベースKW部分一致('fx'↔'fxとは 数学') ※Jaccard=0.11/共有=0語)  [要確認] 「fxとは わかりやすく 知恵袋」(ベースKW部分一致('fx'↔'fxとは わかりやすく') ※Jaccard=0.06/共有=0語)  「fx 累進課税」(ベースKW部分一致('fx'↔'fx 累進課税'))  [要確認] 「fx 分離課税 いつから」(ベースKW部分一致('fx'↔'fx 分離課税') ※Jaccard=0.15/共有=1語)  「fx 評価損益とは」(ベースKW部分一致('fx'↔'fx 評価損益とは'))  「fx 仕切とは」(ベースKW部分一致('fx'↔'fx 仕切とは'))  「fx 雑所得 税率」(ベースKW部分一致('fx'↔'fx 雑所得'))  「fx 元本割れ」(ベースKW部分一致('fx'↔'fx 元本割れ'))  [要確認] 「fx ルールを守れば勝てる」(ベースKW部分一致('fx'↔'fx ルールを守れば勝てる') ※Jaccard=0.14/共有=1語)  「fx ラージとは」(ベースKW部分一致('fx'↔'fx ラージとは'))  [要確認] 「fx ボリュームとは」(ベースKW部分一致('fx'↔'fx ボリュームとは') ※Jaccard=0.18/共有=1語)  [要確認] 「fx とは わかりやすく 知恵袋」(ベースKW部分一致('fx'↔'fx とは') ※Jaccard=0.12/共有=1語)  [要確認] 「fx ゴールド 予想 来週」(ベースKW部分一致('fx'↔'fx ゴールド') ※Jaccard=0.14/共有=1語)  [要確認] 「fx 550az 価格」(ベースKW部分一致('fx'↔'fx 550az') ※Jaccard=0.17/共有=1語)  「fx 有効比率とは」(ベースKW部分一致('fx'↔'fx 有効比率とは'))  [要確認] 「fx 売るタイミング」(ベースKW部分一致('fx'↔'fx 売るタイミング') ※Jaccard=0.18/共有=1語)  [要確認] 「fx 売りと買いの差」(ベースKW部分一致('fx'↔'fx 売りと買いの差') ※Jaccard=0.18/共有=1語)  「fx 抵抗帯とは」(ベースKW部分一致('fx'↔'fx 抵抗帯とは'))  [要確認] 「fx 確定申告 やり方 e-tax」(ベースKW部分一致('fx'↔'fx 確定申告') ※Jaccard=0.11/共有=1語)  [要確認] 「fx プロフィットファクターとは」(ベースKW部分一致('fx'↔'fx プロフィットファクターとは') ※Jaccard=0.12/共有=1語)  「fx ピンバーとは」(ベースKW部分一致('fx'↔'fx ピンバーとは'))  「fx vps 最安」(ベースKW部分一致('fx'↔'fx vps'))  [要確認] 「fxとは 何 の略」(ベースKW部分一致('fx'↔'fxとは 何') ※Jaccard=0.09/共有=0語)  [要確認] 「fx 銘柄 ランキング」(ベースKW部分一致('fx'↔'fx 銘柄') ※Jaccard=0.17/共有=1語)  「fx 平均線」(ベースKW部分一致('fx'↔'fx 平均線'))  [要確認] 「fx 鼻炎 錠エース 口コミ」(ベースKW部分一致('fx'↔'fx 鼻炎') ※Jaccard=0.13/共有=1語)  [要確認] 「fx 鼻炎 錠エース コストコ」(ベースKW部分一致('fx'↔'fx 鼻炎') ※Jaccard=0.12/共有=1語)  [要確認] 「fx 年間損益報告書 確定申告」(ベースKW部分一致('fx'↔'fx 年間損益報告書') ※Jaccard=0.12/共有=1語)  [要確認] 「fx ラウンドナンバーとは」(ベースKW部分一致('fx'↔'fx ラウンドナンバーとは') ※Jaccard=0.14/共有=1語)  「fx ミンヒジン」(ベースKW部分一致('fx'↔'fx ミンヒジン'))  [要確認] 「fx ビットコイン 違い」(ベースKW部分一致('fx'↔'fx ビットコイン') ※Jaccard=0.15/共有=1語)  [要確認] 「fx ずっと持っておく」(ベースKW部分一致('fx'↔'fx ずっと持っておく') ※Jaccard=0.17/共有=1語)  「fx qqe」(ベースKW部分一致('fx'↔'fx qqe'))  「fx qmとは」(ベースKW部分一致('fx'↔'fx qmとは'))  [要確認] 「fx ny カット と は」(ベースKW部分一致('fx'↔'fx ny') ※Jaccard=0.14/共有=1語)  [要確認] 「fx networks shows」(ベースKW部分一致('fx'↔'fx networks') ※Jaccard=0.11/共有=1語)  [要確認] 「fx 90lotとは」(ベースKW部分一致('fx'↔'fx 90lotとは') ※Jaccard=0.18/共有=1語)  「fx 80歳以上」(ベースKW部分一致('fx'↔'fx 80歳以上'))  [要確認] 「fx 0.1ロット いくら」(ベースKW部分一致('fx'↔'fx 0.1ロット') ※Jaccard=0.14/共有=1語)  「動画配信 比較」(Jaccard=0.25)  [要確認] 「FX 初心者 始め方」(ベースKW部分一致('fx'↔'fx 初心者') ※Jaccard=0.18/共有=1語)  [要確認] 「FX 口座開設 おすすめ」(ベースKW部分一致('fx'↔'fx 口座開設') ※Jaccard=0.15/共有=1語)
2026-04-26 11:16:21 [INFO]   親KW: 「絶対 落ちないアイライナー プチプラ」[base='絶対 落ちないアイライナー']  サブKW: 「濡れツヤ ハイライト プチプラ」(Jaccard=0.24)  「プチプラ リップ 落ちない 荒れない」(Jaccard=0.27)  「プチプラ グロス 落ちない」(Jaccard=0.32)  「絶対に焼けない日焼け止め プチプラ」(Jaccard=0.23)  「ユミー ズ プチプラ」(Jaccard=0.24)
2026-04-26 11:16:21 [INFO]   親KW: 「呉海軍カレー ランキング」[base='呉海軍カレー']  サブKW: 「呉海軍カレー 広島駅」(ベースKW部分一致('呉海軍カレー'↔'呉海軍カレー 広島駅'))  「プチプラ ルースパウダー ランキング」(Jaccard=0.27)  「呉海軍カレー レトルト ランキング」(ベースKW部分一致('呉海軍カレー'↔'呉海軍カレー レトルト'))  「呉海軍カレー レシピ」(ベースKW部分一致('呉海軍カレー'↔'呉海軍カレー レシピ'))  「呉海軍カレー お店」(ベースKW部分一致('呉海軍カレー'↔'呉海軍カレー お店'))
2026-04-26 11:16:21 [INFO]   親KW: 「zozo 買い取りサービス」[base='zozo 買い取りサービス']  サブKW: 「駿河屋 買い取り ダンボール」(Jaccard=0.20)  「zozotown 買取サービス 終了」(Jaccard=0.29)  「amazon 買取サービス 評判」(Jaccard=0.24)  「amazon 買取サービス スマホ 流れ」(Jaccard=0.20)  「福井 買取サービス 評判」(Jaccard=0.22)  「函館 買取サービス 口コミ」(Jaccard=0.21)  「久留米 買取サービス 評判」(Jaccard=0.21)  「岐阜 買取サービス 評判」(Jaccard=0.22)  「領収書 買取サービス」(Jaccard=0.25)  「仙台 買取サービス 口コミ」(Jaccard=0.21)  「新潟 買取サービス 口コミ」(Jaccard=0.21)  「胡蝶蘭 買取サービス」(Jaccard=0.25)  「京都 買取サービス 口コミ」(Jaccard=0.21)  「和歌山 買取サービス 口コミ」(Jaccard=0.20)  「佐賀 買取サービス 口コミ」(Jaccard=0.21)  「給与 買取サービス」(Jaccard=0.27)  「ikea 買取サービス 出張」(Jaccard=0.20)  「山形 買取サービス 口コミ」(Jaccard=0.21)  「ロドリー 買取サービス」(Jaccard=0.24)  「ドコモ 買取サービス」(Jaccard=0.25)  「エネオス 買取サービス」(Jaccard=0.24)  「zozo 買取サービス やり方」(Jaccard=0.41)  「zozo 買取 ダンボール」(Jaccard=0.22)  「zozo 買い取りサービス」(ベースKW一致('zozo 買い取りサービス'))  「zozotown 買取サービス 終了」(Jaccard=0.29)  「amazon 買取サービス 評判」(Jaccard=0.24)
2026-04-26 11:16:21 [INFO]   親KW: 「節約 類義語」[base='節約 類義語']  サブKW: 「節約 副菜」(Jaccard=0.29)  「節約 対義語」(Jaccard=0.43)  「節約 水筒」(Jaccard=0.29)  「節約 お菓子」(Jaccard=0.25)  「節約 ピーチ」(Jaccard=0.25)  「節約 米」(Jaccard=0.33)  「節約 買い物」(Jaccard=0.25)  「節約 飲み物」(Jaccard=0.25)  「節約 どっこい」(Jaccard=0.22)  「節約 コンビニ」(Jaccard=0.22)  「節約 餃子」(Jaccard=0.29)  「節約 ロック画面」(Jaccard=0.20)  「節約 別の言い方」(Jaccard=0.20)  「節約 冬子」(Jaccard=0.29)  「節約 物価高」(Jaccard=0.25)  「節約 釣り」(Jaccard=0.29)  「節約 女性」(Jaccard=0.29)  「節約 四字熟語」(Jaccard=0.22)  「節約 ラーメン」(Jaccard=0.22)  「節約 方法 簡単」(Jaccard=0.20)
2026-04-26 11:16:21 [INFO]   親KW: 「節約 ブログ 農家の嫁」[base='節約 ブログ']  サブKW: 「節約 料理 ブログ まりえ」(Jaccard=0.38)  「節約料理ブログ」(Jaccard=0.23)  「節約オタクふゆこ ブログ」(Jaccard=0.24)  「節約 老後生活ブログ」(Jaccard=0.27)  「70代 節約 主婦 ブログ」(Jaccard=0.29)  「節約ブログ 一人暮らし 60代」(Jaccard=0.20)  「節約 ブログ 一人暮らし 60代」(ベースKW一致('節約 ブログ'))  「節約 ブログ 70 代」(ベースKW一致('節約 ブログ'))  「節約 ピーチ ブログ」(Jaccard=0.36)
2026-04-26 11:16:21 [INFO]   親KW: 「呉から宮島 フェリー」[base='呉から宮島 フェリー']  サブKW: 「呉から松山 フェリー 料金」(Jaccard=0.40)  「呉から松山 フェリー 時刻表」(Jaccard=0.38)  「呉から広島 電車代」(Jaccard=0.21)  「呉から宮島 行き方」(Jaccard=0.42)  「呉から尾道 フェリー」(Jaccard=0.50)  「呉から宮島 フェリー料金」(ベースKW部分一致('呉から宮島 フェリー'↔'呉から宮島 フェリー料金'))  「呉から宮島 フェリー 時間」(ベースKW一致('呉から宮島 フェリー'))  「呉から宮島口 電車」(Jaccard=0.31)  「呉から宮島 電車」(Jaccard=0.45)  「呉から松山 フェリー 車」(Jaccard=0.43)
2026-04-26 11:16:21 [INFO]   親KW: 「顔のざらつき を取る プチプラ」[base='顔のざらつき を取る']  サブKW: 「70代 口紅 プチプラ」(Jaccard=0.20)
2026-04-26 11:16:21 [INFO]   親KW: 「ダンボール 買取 持ち込み」[base='ダンボール 買取']  サブKW: 「島村 楽器 買取 持ち込み」(Jaccard=0.41)  「ダンボール 買取 相場」(ベースKW一致('ダンボール 買取'))  「段ボール の 買取 価格」(Jaccard=0.35)  「ブックオフ 出張 買取 ダンボール」(Jaccard=0.33)  「段ボール 買取 値段」(Jaccard=0.40)  「楽器 買取 持ち込み 大阪」(Jaccard=0.41)  「ゲオ 宅配 買取 ダンボール」(Jaccard=0.39)  「服 買取 ダンボール」(Jaccard=0.50)  「段ボール 古紙 買取 価格」(Jaccard=0.33)  「宅配 買取 段ボール なんでも いい」(Jaccard=0.26)  「トレファク 宅配 買取 ダンボール」(Jaccard=0.33)  「ダンボール 買取 値段」(ベースKW一致('ダンボール 買取'))  「ダンボール 買取 単価」(ベースKW一致('ダンボール 買取'))  「段ボール 買取 価格 相場」(Jaccard=0.33)  「駿河屋 宅配 買取 ダンボール」(Jaccard=0.37)  「古着 段ボール 買取」(Jaccard=0.31)  「買取 ダンボール なんでも」(Jaccard=0.41)  「段ボール 買取 個人」(Jaccard=0.40)  「段ボール 買取 価格 大阪」(Jaccard=0.33)  「段ボール リサイクル 買取」(Jaccard=0.28)  「駿河屋 かんたん 買取 ダンボール」(Jaccard=0.33)  「駿河屋 あんしん買取 ダンボール」(Jaccard=0.29)  「らしんばん 買取 ダンボール」(Jaccard=0.39)  「ブックオフ 買取 ダンボール 大きさ」(Jaccard=0.38)  「ブック オフ 買取 ダンボール 大き さ」(Jaccard=0.35)  「ダンボール 買取 金額」(ベースKW一致('ダンボール 買取'))  「洋服 買取 ダンボール」(Jaccard=0.47)  「漫画 買取 ダンボール 無料」(Jaccard=0.47)  「買取 王子 段ボール 余っ た」(Jaccard=0.24)  「買取 王子 ダンボール 自分 で」(Jaccard=0.35)  「段ボール 買取 金額」(Jaccard=0.40)  「ブック オフ 買取 ダンボール サイズ」(Jaccard=0.36)  「セカンド ストリート 買取 ダンボール」(Jaccard=0.30)  「セカスト 買取 ダンボール」(Jaccard=0.41)  「セカスト 宅配 買取 ダンボール」(Jaccard=0.35)  「買取 王子 ダンボール いつ 届く」(Jaccard=0.33)  「廃 ダンボール 買取」(Jaccard=0.50)  「段ボール 買取 千葉」(Jaccard=0.40)  「段ボール 買取 持ち込み」(Jaccard=0.77)  「段ボール 買取 価格 推移」(Jaccard=0.33)  「駿河屋 買取 ダンボール 大きさ」(Jaccard=0.42)  「駿河屋 買取 ダンボール 大き さ」(Jaccard=0.40)  「駿河屋 買取 ダンボール 詰め方」(Jaccard=0.42)  「駿河屋 買取 ダンボール 詰め 方」(Jaccard=0.40)  「駿河屋 買取 ダンボール 100 サイズ」(Jaccard=0.35)  「らしんばん 宅配 買取 ダンボール」(Jaccard=0.33)  「まんだらけ 出張 買取 ダンボール」(Jaccard=0.33)  「ブックオフオンライン 買取 ダンボール」(Jaccard=0.30)  「ネットオフ 買取 ダンボール サイズ」(Jaccard=0.38)  「ダンボール で 送る だけ 買取」(Jaccard=0.35)  「bookoff 買取 ダンボール」(Jaccard=0.35)  「bookoff 宅配 買取 ダンボール」(Jaccard=0.30)  「ダンボール 買取 持ち込み」(ベースKW一致('ダンボール 買取'))  「ダンボール 買取 相場」(ベースKW一致('ダンボール 買取'))  「ダンボール 買取 値段」(ベースKW一致('ダンボール 買取'))  「ダンボール 買取 個人」(ベースKW一致('ダンボール 買取'))  「ダンボール 買取 どこ」(ベースKW一致('ダンボール 買取'))  「段ボール 買取 どこ」(Jaccard=0.40)  「段ボール 買取 持ち込み」(Jaccard=0.77)  「段ボール 買取 価格」(Jaccard=0.40)  「段ボール 買取 方法」(Jaccard=0.40)  「段ボール 買取 東京」(Jaccard=0.40)  「ブックオフ 買取 ダンボール」(Jaccard=0.39)  「セカンドストリート 買取 ダンボール」(Jaccard=0.32)
2026-04-26 11:16:21 [INFO]   親KW: 「濡れたようなツヤ パウダー プチプラ」[base='濡れたようなツヤ パウダー']  サブKW: 「プチプラ パウダーファンデーション 50代」(Jaccard=0.23)  「濡れツヤ肌メイク プチプラ」(Jaccard=0.26)  「プチプラ フェイスパウダー 50代」(Jaccard=0.27)
2026-04-26 11:16:21 [INFO]   親KW: 「デビット カード クレカ 違い」[base='デビット カード']  サブKW: 「中国 クレカ 使えない」(Jaccard=0.20)  「中国 クレカ 銀聯」(Jaccard=0.22)  「ポケット wifi 無制限 クレカ なし」(Jaccard=0.22)
2026-04-26 11:16:21 [INFO]   親KW: 「節約術300事例」[base='節約術300事例']  (サブKWなし)
2026-04-26 11:16:21 [INFO]   親KW: 「節約レシピ 簡単 人気 クックパッド」[base='節約レシピ 簡単']  サブKW: 「節約レシピ 簡単 1週間 3人家族」(ベースKW一致('節約レシピ 簡単'))
2026-04-26 11:16:21 [INFO]   親KW: 「節約オタクふゆこ 年齢」[base='節約オタクふゆこ 年齢']  サブKW: 「節約 オタク 冬子」(Jaccard=0.20)  「節約オタクふゆこ ポートフォリオ」(Jaccard=0.47)  「節約オタクふゆこ 彼氏」(Jaccard=0.67)  「節約 ふゆこ 年齢」(Jaccard=0.50)
2026-04-26 11:16:21 [INFO]   親KW: 「節約 ネイル やめる」[base='節約 ネイル']  サブKW: 「節約 モード やり方」(Jaccard=0.20)
2026-04-26 11:16:21 [INFO]   親KW: 「プチプラコスメブランド一覧」[base='プチプラコスメブランド一覧']  サブKW: 「zozotown 低身長ブランド プチプラ」(Jaccard=0.24)  「zozotown 韓国ブランド プチプラ」(Jaccard=0.25)  「プチプランス ギフト」(Jaccard=0.24)  「プチプラ 財布 ブランド」(Jaccard=0.35)  「プチプラ 楽天」(Jaccard=0.20)  「プチプラ ランニングウェア」(Jaccard=0.20)  「zozotown限定 ブランド プチプラ」(Jaccard=0.25)
2026-04-26 11:16:21 [INFO]   親KW: 「アイクリーム 効果絶大 プチプラ 60代」[base='アイクリーム 効果絶大']  サブKW: 「プチプラ ハンドクリーム 500円以下」(Jaccard=0.28)  「プチプラ 乳液 30代」(Jaccard=0.21)  「プチプラ ガーリー」(Jaccard=0.23)  「70代 アイシャドウ プチプラ」(Jaccard=0.22)  「プチプラ 保湿クリーム 50代」(Jaccard=0.38)  「zozotown プチプラ 30代」(Jaccard=0.21)  「80代 化粧水 プチプラ」(Jaccard=0.20)  「プチプラ 化粧品 効果」(Jaccard=0.26)
2026-04-26 11:16:21 [INFO]   親KW: 「和 楽器 買取」[base='和 楽器']  サブKW: 「楽器 買取 専門 店 イースト マウンテン」(共有トークン=2語)  「楽器 買取 販売 マルカート」(Jaccard=0.27)  「楽器 買取 島村 楽器」(Jaccard=0.50)  「楽器 買取 専門 リコレクションズ」(Jaccard=0.22)  「ライナー ノーツ 楽器 買取 専門 店」(Jaccard=0.26)  「近く の 楽器 買取 店」(Jaccard=0.42)  「楽器 買取 池袋」(Jaccard=0.44)  「楽器 買取 熊本」(Jaccard=0.44)  「楽器 買取 沖縄」(Jaccard=0.44)  「セカンド ストリート 楽器 買取 評判」(Jaccard=0.26)  「島村 楽器 買取 店舗」(Jaccard=0.45)  「楽器 買取 梅田」(Jaccard=0.44)  「楽器 買取 大阪 おすすめ」(Jaccard=0.29)  「ハードオフ 楽器 買取 相場」(Jaccard=0.36)  「島村 楽器 買取 相場」(Jaccard=0.45)  「島村 楽器 買取 査定」(Jaccard=0.45)  「近く の 楽器 買取」(Jaccard=0.50)  「楽器 買取 宮崎」(Jaccard=0.44)  「楽器 の 買取 や さん」(Jaccard=0.31)  「ブック オフ 楽器 買取 評判」(Jaccard=0.33)  「ドレミ 楽器 買取 口コミ」(Jaccard=0.38)  「福 ちゃん 楽器 買取 口コミ」(Jaccard=0.33)  「石橋 楽器 買取 査定」(Jaccard=0.45)  「石橋 楽器 出張 買取」(Jaccard=0.45)  「御茶ノ水 楽器 買取 おすすめ」(Jaccard=0.33)  「楽器 買取 評判」(Jaccard=0.44)  「楽器 買取 ハード オフ 評判」(Jaccard=0.25)  「楽器 買取 相場」(Jaccard=0.44)
2026-04-26 11:16:21 [INFO]   親KW: 「節約 副菜 レシピ」[base='節約 副菜']  サブKW: 「節約 白菜 レシピ」(Jaccard=0.60)  「6 人 家族 節約 レシピ」(Jaccard=0.33)  「節約 ダイエットレシピ 男」(Jaccard=0.25)
2026-04-26 11:16:21 [INFO]   親KW: 「節約 楽ちん生活 解約」[base='節約 楽ちん生活']  サブKW: 「節約 楽ちん生活 サイト」(ベースKW一致('節約 楽ちん生活'))
2026-04-26 11:16:21 [INFO]   親KW: 「節約 お弁当 おかず」[base='節約 お弁当']  (サブKWなし)
2026-04-26 11:16:21 [INFO]   親KW: 「一 番 稼げる ポイ活 アプリ」[base='一 番']  サブKW: 「ポイ活 一番 稼げるアプリ」(Jaccard=0.53)  「ポイ活 なぜ 稼げる」(Jaccard=0.35)  「ポイ活 稼げる 知恵袋」(Jaccard=0.41)  「歩く ポイ活 一 番 稼げる」(Jaccard=0.59)  「ポイ活 稼げる」(Jaccard=0.43)
2026-04-26 11:16:21 [INFO]   親KW: 「ヌーディーベージュ リップ プチプラ」[base='ヌーディーベージュ リップ']  (サブKWなし)
2026-04-26 11:16:21 [INFO]   親KW: 「クロネコ クレカ払いとは」[base='クロネコ クレカ払いとは']  サブKW: 「楽天 クレカ種類」(Jaccard=0.20)  「ペイディ クレカ 支払い」(Jaccard=0.22)  「自動車税 クレカ払い 手数料」(Jaccard=0.26)  「自動車税 クレカ 払い方」(Jaccard=0.22)  「家賃支払い クレカ おすすめ」(Jaccard=0.20)  「自動車税 クレカ払い やり方」(Jaccard=0.26)  「自動車税 クレカ支払い方法」(Jaccard=0.21)
2026-04-26 11:16:21 [INFO]   親KW: 「えきねっと クレカ 登録できない」[base='えきねっと クレカ']  (サブKWなし)
2026-04-26 11:16:21 [INFO]   親KW: 「節約 一人暮らし 低収入 女性」[base='節約 一人暮らし']  サブKW: 「60代女性 一人暮らし 節約」(Jaccard=0.42)
2026-04-26 11:16:21 [INFO]   親KW: 「呉カフェ インスタ映え」[base='呉カフェ インスタ映え']  (サブKWなし)
2026-04-26 11:16:21 [INFO]   親KW: 「プチプラ 服 20代 店舗」[base='プチプラ 服']  サブKW: 「プチプラ なんの略」(Jaccard=0.25)  「プチプラ カバン」(Jaccard=0.27)  「プチプラ いくらまで」(Jaccard=0.24)  「プチプラ ミニ財布」(Jaccard=0.25)  「プチプラ チーク 40代 ブルベ」(Jaccard=0.29)  「プチプラ 正式名称」(Jaccard=0.25)  「プチプラ みっともない」(Jaccard=0.22)  「プチプラ のりこ 現在」(Jaccard=0.22)  「プチプラ グロス ぷっくり」(Jaccard=0.20)  「70代 ファンデーション プチプラ」(Jaccard=0.22)  「プチプラ ベースジェル」(Jaccard=0.22)  「プチプラ バッグ 高見え」(Jaccard=0.21)  「プチプラ スキンケア 30代 ドラックストア」(Jaccard=0.22)  「プチプラ 紫 アイシャドウ」(Jaccard=0.20)  「プチプラ ベルト」(Jaccard=0.27)  「プチプラ ヘアアクセ 店舗」(Jaccard=0.33)  「プチプラ umy」(Jaccard=0.27)  「プチプラ 雛人形」(Jaccard=0.27)  「プチプラ 財布 高校生」(Jaccard=0.22)  「プチプラ 言い換え」(Jaccard=0.25)  「プチプラ クッションファンデ 30代」(Jaccard=0.21)  「70代 基礎化粧品 プチプラ」(Jaccard=0.25)  「70代 化粧下地 プチプラ」(Jaccard=0.26)
2026-04-26 11:16:21 [INFO]   親KW: 「プチプラとはいくらまで」[base='プチプラとはいくらまで']  (サブKWなし)
2026-04-26 11:16:21 [INFO]   親KW: 「節約 パスタ めんつゆ」[base='節約 パスタ']  (サブKWなし)
2026-04-26 11:16:21 [INFO]   親KW: 「プチプラ レディースファッション」[base='プチプラ レディースファッション']  サブKW: 「プチプラ リキッドファンデーション 50代」(Jaccard=0.25)  「プチプラ レチノール 美容液」(Jaccard=0.22)  「プチプラ ハイカバー ファンデ」(Jaccard=0.21)
2026-04-26 11:16:21 [INFO]   親KW: 「プチプラ ルームフレグランス」[base='プチプラ ルームフレグランス']  (サブKWなし)
2026-04-26 11:16:21 [INFO]   親KW: 「節約速報 プライチ」[base='節約速報 プライチ']  サブKW: 「節約速報 キリン」(Jaccard=0.36)  「節約 速報 キリン」(Jaccard=0.23)  「節約速報 サントリー」(Jaccard=0.31)  「節約 速報 サントリー」(Jaccard=0.20)  「節約 速報 スマホ」(Jaccard=0.23)
2026-04-26 11:16:21 [INFO]   親KW: 「呉カルラ 声優」[base='呉カルラ 声優']  サブKW: 「呉カルラ ダンベル」(Jaccard=0.40)
2026-04-26 11:16:21 [INFO]   親KW: 「プチフランス 茨木市」[base='プチフランス 茨木市']  (サブKWなし)
2026-04-26 11:16:21 [INFO]   親KW: 「ikea 買取サービス 口コミ」[base='ikea 買取サービス']  サブKW: 「サカイ引越センター 買取サービス」(Jaccard=0.26)  「認知症 不動産 買取サービス 評判」(Jaccard=0.30)  「買取サービス おすすめ」(ベースKW部分一致('ikea 買取サービス'↔'買取サービス'))  「ikea 買取サービス 口コミ」(ベースKW一致('ikea 買取サービス'))  「買取サービス おすすめ」(ベースKW部分一致('ikea 買取サービス'↔'買取サービス'))
2026-04-26 11:16:21 [INFO]   親KW: 「節約 服は買わない」[base='節約 服は買わない']  (サブKWなし)
2026-04-26 11:16:21 [INFO]   親KW: 「呉から尾道 電車」[base='呉から尾道 電車']  サブKW: 「呉から尾道 車」(Jaccard=0.62)  「呉から尾道 行き方」(Jaccard=0.50)  「呉から尾道 一般 道」(Jaccard=0.45)
2026-04-26 11:16:21 [INFO]   親KW: 「海外 クレカ手数料 安い」[base='海外 クレカ手数料']  (サブKWなし)
2026-04-26 11:16:21 [INFO]   親KW: 「くれ韓国語意味」[base='くれ韓国語意味']  (サブKWなし)
2026-04-26 11:16:21 [INFO]   親KW: 「鉄コレ nゲージ化 節約」[base='鉄コレ nゲージ化']  (サブKWなし)
2026-04-26 11:16:21 [INFO]   親KW: 「即金 性 の ある 副業」[base='即金 性']  サブKW: 「即金 副業 初期費用なし」(Jaccard=0.22)  「副業 即金」(共有トークン=2語)
2026-04-26 11:16:21 [INFO]   親KW: 「節約 言い換え ビジネス」[base='節約 言い換え']  サブKW: 「節約 ポジティブ 言い換え」(Jaccard=0.35)  「時間 の 節約 言い換え」(Jaccard=0.38)
2026-04-26 11:16:21 [INFO]   親KW: 「節約 楽しい なんj」[base='節約 楽しい']  (サブKWなし)
2026-04-26 11:16:21 [INFO]   親KW: 「呉から広島空港 リムジンバス」[base='呉から広島空港 リムジンバス']  (サブKWなし)
2026-04-26 11:16:21 [INFO]   親KW: 「ゼラニウム 香水 プチプラ」[base='ゼラニウム 香水']  サブKW: 「芸能人 バッグ プチプラ」(Jaccard=0.21)
2026-04-26 11:16:21 [INFO]   親KW: 「クレ鍵穴スプレー」[base='クレ鍵穴スプレー']  (サブKWなし)
2026-04-26 11:16:21 [INFO]   親KW: 「cureカフェ 新城」[base='cureカフェ 新城']  (サブKWなし)
2026-04-26 11:16:21 [INFO]   親KW: 「60歳からの 節約 生活」[base='60歳からの 節約']  (サブKWなし)
2026-04-26 11:16:21 [INFO]   親KW: 「電気 代 節約 コンセント 抜く」[base='電気 代']  (サブKWなし)
2026-04-26 11:16:21 [INFO]   親KW: 「節約 待ち受け画面」[base='節約 待ち受け画面']  (サブKWなし)
2026-04-26 11:16:21 [INFO]   親KW: 「節約 ばかり ストレス」[base='節約 ばかり']  (サブKWなし)
2026-04-26 11:16:21 [INFO]   親KW: 「競馬 ネット購入 クレカ」[base='競馬 ネット購入']  (サブKWなし)
2026-04-26 11:16:21 [INFO]   親KW: 「マイ ファンズ クレカ 中国」[base='マイ ファンズ']  (サブKWなし)
2026-04-26 11:16:21 [INFO]   親KW: 「プチプラ の あや 結婚 歴」[base='プチプラ の']  (サブKWなし)
2026-04-26 11:16:21 [INFO]   親KW: 「プチプラ トリートメント ldk」[base='プチプラ トリートメント']  (サブKWなし)
2026-04-26 11:16:21 [INFO]   親KW: 「暮れかぬる 俳句」[base='暮れかぬる 俳句']  サブKW: 「暮れかぬる 季語」(Jaccard=0.56)
2026-04-26 11:16:21 [INFO]   親KW: 「大学生 クレカ 2枚目 おすすめ」[base='大学生 クレカ']  サブKW: 「着物 買取 おすすめ」(Jaccard=0.20)  「家事代行 おすすめ」(Jaccard=0.21)  「サブスク おすすめ」(Jaccard=0.21)  「VPN おすすめ」(Jaccard=0.22)
2026-04-26 11:16:21 [INFO]   親KW: 「節約 財布 分ける」[base='節約 財布']  (サブKWなし)
2026-04-26 11:16:21 [INFO]   親KW: 「節約 献立 一週間 買い物リスト」[base='節約 献立']  (サブKWなし)
2026-04-26 11:16:21 [INFO]   親KW: 「節約 ポンプ リング 代用」[base='節約 ポンプ']  (サブKWなし)
2026-04-26 11:16:21 [INFO]   親KW: 「節約 1日100万円生活」[base='節約 1日100万円生活']  (サブKWなし)
2026-04-26 11:16:21 [INFO]   親KW: 「呉カントリークラブ 評判」[base='呉カントリークラブ']  サブKW: 「呉カントリークラブ アプリ」(ベースKW部分一致('呉カントリークラブ'↔'呉カントリークラブ アプリ'))
2026-04-26 11:16:21 [INFO]   親KW: 「呉から松山 車」[base='呉から松山 車']  (サブKWなし)
2026-04-26 11:16:21 [INFO]   親KW: 「メルカリ 買取依頼とは」[base='メルカリ 買取依頼とは']  サブKW: 「グッズメイト 買取依頼書」(Jaccard=0.24)  「グッズメイト 買取依頼 書」(Jaccard=0.22)  「アクセスチケット 買取依頼書」(Jaccard=0.21)
2026-04-26 11:16:21 [INFO]   親KW: 「zozotown フレンチガーリー プチプラ」[base='zozotown フレンチガーリー']  サブKW: 「zozotown アクセサリー プチプラ」(Jaccard=0.52)
2026-04-26 11:16:21 [INFO]   親KW: 「9色アイシャドウパレット プチプラ」[base='9色アイシャドウパレット プチプラ']  (サブKWなし)
2026-04-26 11:16:21 [INFO]   親KW: 「0033 モバイル 節約 アダプタ 返却」[base='0033 モバイル']  (サブKWなし)
2026-04-26 11:16:21 [INFO]   親KW: 「買取依頼書 テンプレート」[base='買取依頼書 テンプレート']  (サブKWなし)
2026-04-26 11:16:21 [INFO]   親KW: 「呉海軍墓地顕彰保存会」[base='呉海軍墓地顕彰保存会']  サブKW: 「呉海軍墓地 写真」(Jaccard=0.33)  「呉海軍墓地 慰霊祭」(Jaccard=0.31)
2026-04-26 11:16:21 [INFO]   親KW: 「呉海軍基地 見学」[base='呉海軍基地 見学']  (サブKWなし)
2026-04-26 11:16:21 [INFO]   親KW: 「呉かぞくの麺屋 レビュー」[base='呉かぞくの麺屋']  (サブKWなし)
2026-04-26 11:16:21 [INFO]   親KW: 「個人事業主 クレカ年会費 経費」[base='個人事業主 クレカ年会費']  (サブKWなし)
2026-04-26 11:16:21 [INFO]   親KW: 「毛穴ケア 市販」[base='毛穴ケア 市販']  サブKW: 「市販 スキンケア 40代」(Jaccard=0.21)
2026-04-26 11:16:21 [INFO]   親KW: 「無料 動画 アプリ」[base='無料 動画']  サブKW: 「映画 無料 見る方法」(Jaccard=0.21)
2026-04-26 11:16:21 [INFO]   親KW: 「部屋 片付け 方法」[base='部屋 片付け']  (サブKWなし)
2026-04-26 11:16:21 [INFO]   親KW: 「不用品 売る おすすめ」[base='不用品 売る']  サブKW: 「不用品 処分 方法」(Jaccard=0.20)  「自宅 ネット おすすめ」(Jaccard=0.25)  「マツキヨ おすすめ 商品」(Jaccard=0.24)  「フィギュア 買取 おすすめ」(Jaccard=0.22)  「ゲーム 買取 おすすめ」(Jaccard=0.25)  「ギター 売る どこ」(Jaccard=0.20)  「WiFi 安い おすすめ」(Jaccard=0.24)
2026-04-26 11:16:21 [INFO]   親KW: 「敏感肌 化粧品 市販」[base='敏感肌 化粧品']  サブKW: 「市販 化粧水 人気」(Jaccard=0.21)
2026-04-26 11:16:21 [INFO]   親KW: 「買取 高く売る コツ」[base='買取 高く売る']  (サブKWなし)
2026-04-26 11:16:21 [INFO]   親KW: 「断捨離 コツ」[base='断捨離']  サブKW: 「時短 家事 コツ」(Jaccard=0.20)
2026-04-26 11:16:21 [INFO]   親KW: 「即日 現金 作る 方法」[base='即日 現金']  サブKW: 「お金 借りずに 作る 方法」(Jaccard=0.38)
2026-04-26 11:16:21 [INFO]   親KW: 「掃除 楽にする 方法」[base='掃除 楽にする']  サブKW: 「リフォーム 安くする 方法」(Jaccard=0.24)
2026-04-26 11:16:21 [INFO]   親KW: 「生活費 足りない」[base='生活費 足りない']  (サブKWなし)
2026-04-26 11:16:21 [INFO]   親KW: 「光回線 乗り換え お得」[base='光回線 乗り換え']  (サブKWなし)
2026-04-26 11:16:21 [INFO]   親KW: 「韓国ドラマ 見る 方法」[base='韓国ドラマ 見る']  サブKW: 「海外ドラマ 見る 方法」(Jaccard=0.67)  「ドラマ 見逃し配信」(Jaccard=0.29)
2026-04-26 11:16:21 [INFO]   親KW: 「外壁塗装 見積もり 比較」[base='外壁塗装 見積もり']  (サブKWなし)
2026-04-26 11:16:21 [INFO]   親KW: 「回線 速度 上げる 方法」[base='回線 速度']  (サブKWなし)
2026-04-26 11:16:21 [INFO]   親KW: 「家事 めんどくさい 解決」[base='家事 めんどくさい']  (サブKWなし)
2026-04-26 11:16:21 [INFO]   親KW: 「家にあるもの 売れる」[base='家にあるもの 売れる']  サブKW: 「家にあるもの お金にする」(Jaccard=0.43)
2026-04-26 11:16:21 [INFO]   親KW: 「映画 見る サービス 比較」[base='映画 見る']  (サブKWなし)
2026-04-26 11:16:21 [INFO]   親KW: 「引っ越し 費用 安くする」[base='引っ越し 費用']  (サブKWなし)
2026-04-26 11:16:21 [INFO]   親KW: 「ポケットWiFi 比較」[base='ポケットwifi']  (サブKWなし)
2026-04-26 11:16:21 [INFO]   親KW: 「ブランド 売る タイミング」[base='ブランド 売る']  (サブKWなし)
2026-04-26 11:16:21 [INFO]   親KW: 「ネット回線 遅い 改善」[base='ネット回線 遅い']  (サブKWなし)
2026-04-26 11:16:21 [INFO]   親KW: 「ニキビ 市販 すぐ治す」[base='ニキビ 市販']  (サブKWなし)
2026-04-26 11:16:21 [INFO]   親KW: 「ドラッグストア 美容液 おすすめ」[base='ドラッグストア 美容液']  サブKW: 「ドラッグストア コスメ おすすめ」(Jaccard=0.58)
2026-04-26 11:16:21 [INFO]   親KW: 「シミ 消す 市販」[base='シミ 消す']  (サブKWなし)
2026-04-26 11:16:21 [INFO]   親KW: 「エイジングケア 安い」[base='エイジングケア 安い']  (サブKWなし)
2026-04-26 11:16:21 [INFO]   親KW: 「アニメ 見放題 サイト」[base='アニメ 見放題']  (サブKWなし)
2026-04-26 11:16:21 [INFO]   親KW: 「VPN 必要性」[base='vpn 必要性']  (サブKWなし)
2026-04-26 11:16:21 [INFO]   親KW: 「ダンボール回収サービス おすすめ」[base='ダンボール回収サービス']  (サブKWなし)
2026-04-26 11:16:22 [INFO] [wp] 記事取得: 計82件 (publish=82)
2026-04-26 11:16:22 [INFO] [kanikabari] WP既存記事: 82件取得
2026-04-26 11:16:22 [INFO] [kanikabari] 書き込み対象: 491件
2026-04-26 11:16:24 [INFO] [kanikabari] 完了: 親KW生成待ち=102件 / サブKW統合=328件 / カニバリスキップ=0件 / 要確認=61件
2026-04-26 11:16:24 [INFO] 
============================================================
2026-04-26 11:16:24 [INFO] 【全体サマリー】
2026-04-26 11:16:24 [INFO]   ブログ数  : 1件
2026-04-26 11:16:24 [INFO]   生成件数  : 0件成功 / 0件失敗 / 計0件
2026-04-26 11:16:24 [INFO]   所要時間  : 6.2秒
2026-04-26 11:16:24 [INFO] ============================================================
