===== 週次順位同期開始: 2026-05-03 10:40:14 =====

----- [hataraku] 開始: 10:40:14 -----
[sync_ranks] データが存在する最新日付を検索中...
[sync_ranks] ⚠ Search Console にデータがありません。
----- [hataraku] 終了: 10:40:17 / exit=1 -----

----- [workup-ai] 開始: 10:40:22 -----
[sync_ranks] データが存在する最新日付を検索中...
[sync_ranks] ⚠ Search Console にデータがありません。
----- [workup-ai] 終了: 10:40:24 / exit=1 -----

----- [ys-trend] 開始: 10:40:29 -----
[sync_ranks] データが存在する最新日付を検索中...
[sync_ranks] ⚠ Search Console にデータがありません。
----- [ys-trend] 終了: 10:40:32 / exit=1 -----

----- [kaerudoko] 開始: 10:40:37 -----
[sync_ranks] データが存在する最新日付を検索中...
[sync_ranks] ⚠ Search Console にデータがありません。
----- [kaerudoko] 終了: 10:40:39 / exit=1 -----

----- [hapipo8] 開始: 10:40:44 -----
[sync_ranks] データが存在する最新日付を検索中...
[sync_ranks] ⚠ Search Console にデータがありません。
----- [hapipo8] 終了: 10:40:47 / exit=1 -----

----- [hida-no-omoide] 開始: 10:40:52 -----
[sync_ranks] データが存在する最新日付を検索中...
[sync_ranks] ⚠ Search Console にデータがありません。
----- [hida-no-omoide] 終了: 10:40:54 / exit=1 -----

----- [web-study1] 開始: 10:40:59 -----
[sync_ranks] データが存在する最新日付を検索中...
[sync_ranks] ⚠ Search Console にデータがありません。
----- [web-study1] 終了: 10:41:02 / exit=1 -----

===== 週次順位同期完了: 2026-05-03 10:41:07 =====
===== 週次順位同期開始: 2026-05-03 11:04:16 =====

----- [hataraku] 開始: 11:04:16 -----
[sync_ranks] データが存在する最新日付を検索中...
[sync_ranks] ⚠ Search Console にデータがありません。
----- [hataraku] 終了: 11:04:18 / exit=1 -----

----- [workup-ai] 開始: 11:04:23 -----
[sync_ranks] データが存在する最新日付を検索中...
[sync_ranks] 取得日: 2026-04-30 (4/30)
[sync_ranks] GSC データ: 464ページ / 1547クエリ
[sync_ranks] 投稿済みキーワード（URL記録あり）: 1件
[sync_ranks] WP API で記事情報を取得中（1件）...
  ✓ youtube ai ナレーション → https://workup-ai.com/youtube-ai-narration-guide/
[sync_ranks] 解決済み: 1件
[sync_ranks] 既存の日付列を使用: 列48 (4/30)

[sync_ranks] GSCマッチ: 0件 / データなし: 1件
  ※ データなしの主な原因:
     - 新規投稿記事（Googleインデックスまで数週間かかる場合あり）
     - GSCデータの遅延（約2〜3日）
     - 検索順位が圏外または表示回数ゼロ
     - youtube ai ナレーション
[sync_ranks] 新規行: 0件 / 既存行更新: 1件

[sync_ranks] ✅ 「順位トラッキング」シートに書き込みました。
  新規行: 0件 / 更新: 0セル / GSCマッチ: 0件
----- [workup-ai] 終了: 11:04:28 / exit=0 -----

----- [ys-trend] 開始: 11:04:33 -----
[sync_ranks] データが存在する最新日付を検索中...
[sync_ranks] 取得日: 2026-04-30 (4/30)
[sync_ranks] GSC データ: 7ページ / 14クエリ
[sync_ranks] 投稿済みキーワード（URL記録あり）: 5件
[sync_ranks] WP API で記事情報を取得中（5件）...
[sync_ranks] 解決済み: 5件
[sync_ranks] 新しい日付列を追加: 列38〜41 (4/30)

[sync_ranks] GSCマッチ: 0件 / データなし: 5件
  ※ データなしの主な原因:
     - 新規投稿記事（Googleインデックスまで数週間かかる場合あり）
     - GSCデータの遅延（約2〜3日）
     - 検索順位が圏外または表示回数ゼロ
     - 漫画 買取 ダンボール 無料
     - 電気 代 節約 コンセント 抜く
     - 節約速報 プライチ
     - 節約 類義語
     - 節約 ブログ 農家の嫁
[sync_ranks] 新規行: 5件 / 既存行更新: 0件

[sync_ranks] ✅ 「順位トラッキング」シートに書き込みました。
  新規行: 5件 / 更新: 0セル / GSCマッチ: 0件
----- [ys-trend] 終了: 11:04:43 / exit=0 -----

----- [kaerudoko] 開始: 11:04:48 -----
[sync_ranks] データが存在する最新日付を検索中...
[sync_ranks] ⚠ Search Console にデータがありません。
----- [kaerudoko] 終了: 11:04:50 / exit=1 -----

----- [hapipo8] 開始: 11:04:55 -----
[sync_ranks] データが存在する最新日付を検索中...
[sync_ranks] 取得日: 2026-04-30 (4/30)
[sync_ranks] GSC データ: 9ページ / 22クエリ
[sync_ranks] 投稿済みキーワード（URL記録あり）: 2件
[sync_ranks] WP API で記事情報を取得中（2件）...
[sync_ranks] 解決済み: 2件
[sync_ranks] 新しい日付列を追加: 列38〜41 (4/30)

[sync_ranks] GSCマッチ: 0件 / データなし: 2件
  ※ データなしの主な原因:
     - 新規投稿記事（Googleインデックスまで数週間かかる場合あり）
     - GSCデータの遅延（約2〜3日）
     - 検索順位が圏外または表示回数ゼロ
     - ゴールデンウィーク 車なし 旅行
     - ゴールデンウィーク ホテル 安く予約 方法
[sync_ranks] 新規行: 2件 / 既存行更新: 0件

[sync_ranks] ✅ 「順位トラッキング」シートに書き込みました。
  新規行: 2件 / 更新: 0セル / GSCマッチ: 0件
----- [hapipo8] 終了: 11:05:02 / exit=0 -----

----- [hida-no-omoide] 開始: 11:05:07 -----
[sync_ranks] データが存在する最新日付を検索中...
[sync_ranks] ⚠ Search Console にデータがありません。
----- [hida-no-omoide] 終了: 11:05:09 / exit=1 -----

----- [web-study1] 開始: 11:05:14 -----
[sync_ranks] データが存在する最新日付を検索中...
[sync_ranks] ⚠ Search Console にデータがありません。
----- [web-study1] 終了: 11:05:16 / exit=1 -----

===== 週次順位同期完了: 2026-05-03 11:05:21 =====
===== 週次順位同期開始: 2026-05-03 11:14:42 =====

----- [hataraku] 開始: 11:14:42 -----
[sync_ranks] データが存在する最新日付を検索中...
[sync_ranks] 取得日: 2026-04-30 (4/30)
[sync_ranks] GSC データ: 3ページ / 5クエリ
[sync_ranks] ⚠ 「記事URL」列が見つかりません。
----- [hataraku] 終了: 11:14:46 / exit=0 -----

----- [workup-ai] 開始: 11:14:51 -----
[sync_ranks] データが存在する最新日付を検索中...
[sync_ranks] 取得日: 2026-04-30 (4/30)
[sync_ranks] GSC データ: 464ページ / 1547クエリ
[sync_ranks] 投稿済みキーワード（URL記録あり）: 1件
[sync_ranks] WP API で記事情報を取得中（1件）...
  ✓ youtube ai ナレーション → https://workup-ai.com/youtube-ai-narration-guide/
[sync_ranks] 解決済み: 1件
[sync_ranks] 既存の日付列を使用: 列48 (4/30)

[sync_ranks] GSCマッチ: 0件 / データなし: 1件
  ※ データなしの主な原因:
     - 新規投稿記事（Googleインデックスまで数週間かかる場合あり）
     - GSCデータの遅延（約2〜3日）
     - 検索順位が圏外または表示回数ゼロ
     - youtube ai ナレーション
[sync_ranks] 新規行: 0件 / 既存行更新: 1件

[sync_ranks] ✅ 「順位トラッキング」シートに書き込みました。
  新規行: 0件 / 更新: 0セル / GSCマッチ: 0件
----- [workup-ai] 終了: 11:14:56 / exit=0 -----

----- [ys-trend] 開始: 11:15:01 -----
[sync_ranks] データが存在する最新日付を検索中...
[sync_ranks] 取得日: 2026-04-30 (4/30)
[sync_ranks] GSC データ: 7ページ / 14クエリ
[sync_ranks] 投稿済みキーワード（URL記録あり）: 5件
[sync_ranks] WP API で記事情報を取得中（5件）...
[sync_ranks] 解決済み: 5件
[sync_ranks] 既存の日付列を使用: 列38 (4/30)

[sync_ranks] GSCマッチ: 0件 / データなし: 5件
  ※ データなしの主な原因:
     - 新規投稿記事（Googleインデックスまで数週間かかる場合あり）
     - GSCデータの遅延（約2〜3日）
     - 検索順位が圏外または表示回数ゼロ
     - 漫画 買取 ダンボール 無料
     - 電気 代 節約 コンセント 抜く
     - 節約速報 プライチ
     - 節約 類義語
     - 節約 ブログ 農家の嫁
[sync_ranks] 新規行: 0件 / 既存行更新: 5件

[sync_ranks] ✅ 「順位トラッキング」シートに書き込みました。
  新規行: 0件 / 更新: 5セル / GSCマッチ: 0件
----- [ys-trend] 終了: 11:15:08 / exit=0 -----

----- [kaerudoko] 開始: 11:15:13 -----
[sync_ranks] データが存在する最新日付を検索中...
[sync_ranks] 取得日: 2026-04-30 (4/30)
[sync_ranks] GSC データ: 24ページ / 32クエリ
[sync_ranks] 投稿済みキーワード（URL記録あり）: 3件
[sync_ranks] WP API で記事情報を取得中（3件）...
[sync_ranks] 解決済み: 3件
[sync_ranks] 新しい日付列を追加: 列38〜41 (4/30)

[sync_ranks] GSCマッチ: 0件 / データなし: 3件
  ※ データなしの主な原因:
     - 新規投稿記事（Googleインデックスまで数週間かかる場合あり）
     - GSCデータの遅延（約2〜3日）
     - 検索順位が圏外または表示回数ゼロ
     - グミッツェル どこで売ってる
     - グミッツェル コンビニ
     - 地球グミ どこで売ってる
[sync_ranks] 新規行: 3件 / 既存行更新: 0件

[sync_ranks] ✅ 「順位トラッキング」シートに書き込みました。
  新規行: 3件 / 更新: 0セル / GSCマッチ: 0件
----- [kaerudoko] 終了: 11:15:19 / exit=0 -----

----- [hapipo8] 開始: 11:15:24 -----
[sync_ranks] データが存在する最新日付を検索中...
[sync_ranks] 取得日: 2026-04-30 (4/30)
[sync_ranks] GSC データ: 9ページ / 22クエリ
[sync_ranks] 投稿済みキーワード（URL記録あり）: 2件
[sync_ranks] WP API で記事情報を取得中（2件）...
[sync_ranks] 解決済み: 2件
[sync_ranks] 既存の日付列を使用: 列38 (4/30)

[sync_ranks] GSCマッチ: 0件 / データなし: 2件
  ※ データなしの主な原因:
     - 新規投稿記事（Googleインデックスまで数週間かかる場合あり）
     - GSCデータの遅延（約2〜3日）
     - 検索順位が圏外または表示回数ゼロ
     - ゴールデンウィーク 車なし 旅行
     - ゴールデンウィーク ホテル 安く予約 方法
[sync_ranks] 新規行: 0件 / 既存行更新: 2件

[sync_ranks] ✅ 「順位トラッキング」シートに書き込みました。
  新規行: 0件 / 更新: 2セル / GSCマッチ: 0件
----- [hapipo8] 終了: 11:15:30 / exit=0 -----

----- [hida-no-omoide] 開始: 11:15:35 -----
[sync_ranks] データが存在する最新日付を検索中...
[sync_ranks] ⚠ Search Console にデータがありません。
----- [hida-no-omoide] 終了: 11:15:37 / exit=1 -----

----- [web-study1] 開始: 11:15:42 -----
[sync_ranks] データが存在する最新日付を検索中...
[sync_ranks] ⚠ Search Console にデータがありません。
----- [web-study1] 終了: 11:15:44 / exit=1 -----

===== 週次順位同期完了: 2026-05-03 11:15:49 =====
