===== 週次順位同期開始: 2026-06-07 07:00:00 =====

----- [sync/hataraku] 開始: 07:00:00 -----
[sync_ranks] データが存在する最新日付を検索中...
[sync_ranks] 取得日: 2026-06-02 (6/2)
[sync_ranks] GSC データ: 4ページ / 17クエリ
[sync_ranks] ⚠ 「記事URL」列が見つかりません。
----- [sync/hataraku] 終了: 07:00:10 / exit=0 -----

----- [sync/workup-ai] 開始: 07:00:15 -----
[sync_ranks] データが存在する最新日付を検索中...
[sync_ranks] 取得日: 2026-06-02 (6/2)
[sync_ranks] GSC データ: 296ページ / 709クエリ
Traceback (most recent call last):
  File "/opt/homebrew/lib/python3.12/site-packages/gspread/spreadsheet.py", line 327, in worksheet
    item = finditem(
           ^^^^^^^^^
  File "/opt/homebrew/lib/python3.12/site-packages/gspread/utils.py", line 224, in finditem
    return next(item for item in seq if func(item))
           ^^^^^^^^^^^^^^^^^^^^^^^^^^^^^^^^^^^^^^^^
StopIteration

During handling of the above exception, another exception occurred:

Traceback (most recent call last):
  File "/Users/yama/article-generator-hataraku/sync_ranks.py", line 533, in <module>
    sync_ranks(target_date=target, dry_run=args.dry_run, rebuild=args.rebuild)
  File "/Users/yama/article-generator-hataraku/sync_ranks.py", line 263, in sync_ranks
    source_ws  = ss.worksheet(_SOURCE_SHEET_NAME)
                 ^^^^^^^^^^^^^^^^^^^^^^^^^^^^^^^^
  File "/opt/homebrew/lib/python3.12/site-packages/gspread/spreadsheet.py", line 333, in worksheet
    raise WorksheetNotFound(title)
gspread.exceptions.WorksheetNotFound: キーワード
----- [sync/workup-ai] 終了: 07:00:23 / exit=1 -----

----- [sync/ys-trend] 開始: 07:00:28 -----
[sync_ranks] データが存在する最新日付を検索中...
[sync_ranks] 取得日: 2026-06-02 (6/2)
[sync_ranks] GSC データ: 7ページ / 13クエリ
[sync_ranks] ⚠ 「記事URL」列が見つかりません。
----- [sync/ys-trend] 終了: 07:00:36 / exit=0 -----

----- [sync/kaerudoko] 開始: 07:00:41 -----
[sync_ranks] データが存在する最新日付を検索中...
[sync_ranks] 取得日: 2026-06-02 (6/2)
[sync_ranks] GSC データ: 15ページ / 23クエリ
[sync_ranks] ⚠ 「記事URL」列が見つかりません。
----- [sync/kaerudoko] 終了: 07:00:47 / exit=0 -----

----- [sync/hapipo8] 開始: 07:00:52 -----
[sync_ranks] データが存在する最新日付を検索中...
[sync_ranks] 取得日: 2026-06-02 (6/2)
[sync_ranks] GSC データ: 8ページ / 11クエリ
[sync_ranks] ⚠ 「記事URL」列が見つかりません。
----- [sync/hapipo8] 終了: 07:01:00 / exit=0 -----

----- [sync/hida-no-omoide] 開始: 07:01:05 -----
[sync_ranks] データが存在する最新日付を検索中...
[sync_ranks] ⚠ Search Console にデータがありません。
----- [sync/hida-no-omoide] 終了: 07:01:09 / exit=1 -----

----- [sync/web-study1] 開始: 07:01:15 -----
[sync_ranks] データが存在する最新日付を検索中...
[sync_ranks] 取得日: 2026-06-02 (6/2)
[sync_ranks] GSC データ: 5ページ / 10クエリ
[sync_ranks] ⚠ 「記事URL」列が見つかりません。
----- [sync/web-study1] 終了: 07:01:26 / exit=0 -----

===== 順位同期完了 / フラグチェック開始: 2026-06-07 07:01:31 =====

----- [flag/hataraku] 開始: 07:01:31 -----
[check_rank_drop] サイト: hataraku
[check_rank_drop] 比較: 4/13順位 → 4/14順位
[check_rank_drop] 「優先度スコア」列: AM列

[check_rank_drop] 要リライト: 0 件
[check_rank_drop] 更新なし
----- [flag/hataraku] 終了: 07:01:37 / exit=0 -----

----- [flag/workup-ai] 開始: 07:01:40 -----
[check_rank_drop] サイト: workup-ai
[check_rank_drop] ⚠ 「順位トラッキング」シートが見つかりません
----- [flag/workup-ai] 終了: 07:01:44 / exit=0 -----

----- [flag/ys-trend] 開始: 07:01:47 -----
[check_rank_drop] サイト: ys-trend
[check_rank_drop] 比較: 4/30順位 → 5/7順位
[check_rank_drop] 「優先度スコア」列: G列

[check_rank_drop] 要リライト: 0 件
[check_rank_drop] 更新なし
----- [flag/ys-trend] 終了: 07:01:50 / exit=0 -----

----- [flag/kaerudoko] 開始: 07:01:53 -----
[check_rank_drop] サイト: kaerudoko
[check_rank_drop] 比較: 4/30順位 → 5/7順位
[check_rank_drop] 「優先度スコア」列: G列

[check_rank_drop] 要リライト: 0 件
[check_rank_drop] 更新なし
----- [flag/kaerudoko] 終了: 07:01:55 / exit=0 -----

----- [flag/hapipo8] 開始: 07:01:58 -----
[check_rank_drop] サイト: hapipo8
[check_rank_drop] 比較: 4/30順位 → 5/7順位
[check_rank_drop] 「優先度スコア」列: G列

[check_rank_drop] 要リライト: 0 件
[check_rank_drop] 更新なし
----- [flag/hapipo8] 終了: 07:02:03 / exit=0 -----

----- [flag/hida-no-omoide] 開始: 07:02:06 -----
[check_rank_drop] サイト: hida-no-omoide
[check_rank_drop] 比較: 4/14順位 → 5/7順位
[check_rank_drop] 「優先度スコア」列: AN列

[check_rank_drop] 要リライト: 0 件
[check_rank_drop] 更新なし
----- [flag/hida-no-omoide] 終了: 07:02:09 / exit=0 -----

----- [flag/web-study1] 開始: 07:02:12 -----
[check_rank_drop] サイト: web-study1
[check_rank_drop] 比較: 4/13順位 → 4/14順位
[check_rank_drop] 「優先度スコア」列: AM列

[check_rank_drop] 要リライト: 0 件
[check_rank_drop] 更新なし
----- [flag/web-study1] 終了: 07:02:14 / exit=0 -----

===== 週次処理完了: 2026-06-07 07:02:17 =====
