===== 週次順位同期開始: 2026-06-21 07:00:00 =====

----- [sync/hataraku] 開始: 07:00:00 -----
[sync_ranks] データが存在する最新日付を検索中...
[sync_ranks] 取得日: 2026-06-18 (6/18)
[sync_ranks] GSC データ: 7ページ / 26クエリ
[sync_ranks] ⚠ 「記事URL」列が見つかりません。
----- [sync/hataraku] 終了: 07:00:06 / exit=0 -----

----- [sync/workup-ai] 開始: 07:00:11 -----
[sync_ranks] データが存在する最新日付を検索中...
[sync_ranks] 取得日: 2026-06-18 (6/18)
[sync_ranks] GSC データ: 316ページ / 908クエリ
Traceback (most recent call last):
  File "/opt/homebrew/lib/python3.12/site-packages/gspread/spreadsheet.py", line 327, in worksheet
    item = finditem(
           ^^^^^^^^^
  File "/opt/homebrew/lib/python3.12/site-packages/gspread/utils.py", line 224, in finditem
    return next(item for item in seq if func(item))
           ^^^^^^^^^^^^^^^^^^^^^^^^^^^^^^^^^^^^^^^^
StopIteration

During handling of the above exception, another exception occurred:

Traceback (most recent call last):
  File "/Users/yama/article-generator-hataraku/sync_ranks.py", line 533, in <module>
    sync_ranks(target_date=target, dry_run=args.dry_run, rebuild=args.rebuild)
  File "/Users/yama/article-generator-hataraku/sync_ranks.py", line 263, in sync_ranks
    source_ws  = ss.worksheet(_SOURCE_SHEET_NAME)
                 ^^^^^^^^^^^^^^^^^^^^^^^^^^^^^^^^
  File "/opt/homebrew/lib/python3.12/site-packages/gspread/spreadsheet.py", line 333, in worksheet
    raise WorksheetNotFound(title)
gspread.exceptions.WorksheetNotFound: キーワード
----- [sync/workup-ai] 終了: 07:00:16 / exit=1 -----

----- [sync/ys-trend] 開始: 07:00:21 -----
[sync_ranks] データが存在する最新日付を検索中...
[sync_ranks] 取得日: 2026-06-18 (6/18)
[sync_ranks] GSC データ: 5ページ / 11クエリ
[sync_ranks] ⚠ 「記事URL」列が見つかりません。
----- [sync/ys-trend] 終了: 07:00:27 / exit=0 -----

----- [sync/kaerudoko] 開始: 07:00:32 -----
[sync_ranks] データが存在する最新日付を検索中...
[sync_ranks] 取得日: 2026-06-18 (6/18)
[sync_ranks] GSC データ: 10ページ / 24クエリ
[sync_ranks] ⚠ 「記事URL」列が見つかりません。
----- [sync/kaerudoko] 終了: 07:00:38 / exit=0 -----

----- [sync/hapipo8] 開始: 07:00:43 -----
[sync_ranks] データが存在する最新日付を検索中...
[sync_ranks] 取得日: 2026-06-18 (6/18)
[sync_ranks] GSC データ: 6ページ / 9クエリ
[sync_ranks] ⚠ 「記事URL」列が見つかりません。
----- [sync/hapipo8] 終了: 07:00:47 / exit=0 -----

----- [sync/hida-no-omoide] 開始: 07:00:52 -----
[sync_ranks] データが存在する最新日付を検索中...
[sync_ranks] ⚠ Search Console にデータがありません。
----- [sync/hida-no-omoide] 終了: 07:00:55 / exit=1 -----

----- [sync/web-study1] 開始: 07:01:00 -----
[sync_ranks] データが存在する最新日付を検索中...
[sync_ranks] ⚠ Search Console にデータがありません。
----- [sync/web-study1] 終了: 07:01:03 / exit=1 -----

===== 順位同期完了 / フラグチェック開始: 2026-06-21 07:01:08 =====

----- [flag/hataraku] 開始: 07:01:08 -----
[check_rank_drop] サイト: hataraku
[check_rank_drop] 比較: 4/13順位 → 4/14順位
[check_rank_drop] 「優先度スコア」列: AM列

[check_rank_drop] 要リライト: 0 件
[check_rank_drop] 更新なし
----- [flag/hataraku] 終了: 07:01:09 / exit=0 -----

----- [flag/workup-ai] 開始: 07:01:13 -----
[check_rank_drop] サイト: workup-ai
[check_rank_drop] ⚠ 「順位トラッキング」シートが見つかりません
----- [flag/workup-ai] 終了: 07:01:14 / exit=0 -----

----- [flag/ys-trend] 開始: 07:01:17 -----
[check_rank_drop] サイト: ys-trend
[check_rank_drop] 比較: 4/30順位 → 5/7順位
[check_rank_drop] 「優先度スコア」列: G列

[check_rank_drop] 要リライト: 0 件
[check_rank_drop] 更新なし
----- [flag/ys-trend] 終了: 07:01:19 / exit=0 -----

----- [flag/kaerudoko] 開始: 07:01:23 -----
[check_rank_drop] サイト: kaerudoko
[check_rank_drop] 比較: 4/30順位 → 5/7順位
[check_rank_drop] 「優先度スコア」列: G列

[check_rank_drop] 要リライト: 0 件
[check_rank_drop] 更新なし
----- [flag/kaerudoko] 終了: 07:01:24 / exit=0 -----

----- [flag/hapipo8] 開始: 07:01:28 -----
[check_rank_drop] サイト: hapipo8
[check_rank_drop] 比較: 4/30順位 → 5/7順位
[check_rank_drop] 「優先度スコア」列: G列

[check_rank_drop] 要リライト: 0 件
[check_rank_drop] 更新なし
----- [flag/hapipo8] 終了: 07:01:30 / exit=0 -----

----- [flag/hida-no-omoide] 開始: 07:01:33 -----
[check_rank_drop] サイト: hida-no-omoide
[check_rank_drop] 比較: 4/14順位 → 5/7順位
[check_rank_drop] 「優先度スコア」列: AN列

[check_rank_drop] 要リライト: 0 件
[check_rank_drop] 更新なし
----- [flag/hida-no-omoide] 終了: 07:01:35 / exit=0 -----

----- [flag/web-study1] 開始: 07:01:38 -----
[check_rank_drop] サイト: web-study1
[check_rank_drop] 比較: 4/13順位 → 4/14順位
[check_rank_drop] 「優先度スコア」列: AM列

[check_rank_drop] 要リライト: 0 件
[check_rank_drop] 更新なし
----- [flag/web-study1] 終了: 07:01:41 / exit=0 -----

===== 週次処理完了: 2026-06-21 07:01:44 =====
